#
# There is insufficient memory for the Java Runtime Environment to continue.
# Native memory allocation (mmap) failed to map 98566144 bytes for G1 virtual space
# Possible reasons:
#   The system is out of physical RAM or swap space
#   The process is running with CompressedOops enabled, and the Java Heap may be blocking the growth of the native heap
# Possible solutions:
#   Reduce memory load on the system
#   Increase physical memory or swap space
#   Check if swap backing store is full
#   Decrease Java heap size (-Xmx/-Xms)
#   Decrease number of Java threads
#   Decrease Java thread stack sizes (-Xss)
#   Set larger code cache with -XX:ReservedCodeCacheSize=
#   JVM is running with Unscaled Compressed Oops mode in which the Java heap is
#     placed in the first 4GB address space. The Java Heap base address is the
#     maximum limit for the native heap growth. Please use -XX:HeapBaseMinAddress
#     to set the Java Heap base and to place the Java Heap above 4GB virtual address.
# This output file may be truncated or incomplete.
#
#  Out of Memory Error (os_windows.cpp:3769), pid=7956, tid=9432
#
# JRE version:  (17.0.6) (build )
# Java VM: OpenJDK 64-Bit Server VM (17.0.6+0-b2043.56-10027231, mixed mode, sharing, tiered, compressed oops, compressed class ptrs, g1 gc, windows-amd64)
# No core dump will be written. Minidumps are not enabled by default on client versions of Windows
#

---------------  S U M M A R Y ------------

Command Line: git4idea.http.GitAskPassApp Username for 'https://github.com': 

Host: Intel(R) Celeron(R) N4020 CPU @ 1.10GHz, 2 cores, 5G,  Windows 10 , 64 bit Build 19041 (10.0.19041.3155)
Time: Tue Oct 24 17:25:05 2023 South Africa Standard Time elapsed time: 0.747252 seconds (0d 0h 0m 0s)

---------------  T H R E A D  ---------------

Current thread (0x0000020a3a429f60):  JavaThread "Unknown thread" [_thread_in_vm, id=9432, stack(0x0000005c8cb00000,0x0000005c8cc00000)]

Stack: [0x0000005c8cb00000,0x0000005c8cc00000]
Native frames: (J=compiled Java code, j=interpreted, Vv=VM code, C=native code)
V  [jvm.dll+0x683c9a]
V  [jvm.dll+0x8427a4]
V  [jvm.dll+0x843f9e]
V  [jvm.dll+0x844603]
V  [jvm.dll+0x249b75]
V  [jvm.dll+0x680b69]
V  [jvm.dll+0x67505a]
V  [jvm.dll+0x309acb]
V  [jvm.dll+0x310f86]
V  [jvm.dll+0x3608ee]
V  [jvm.dll+0x360b1f]
V  [jvm.dll+0x2dfbf8]
V  [jvm.dll+0x2e0b64]
V  [jvm.dll+0x814091]
V  [jvm.dll+0x36e6a1]
V  [jvm.dll+0x7f35cc]
V  [jvm.dll+0x3f0e8f]
V  [jvm.dll+0x3f29d1]
C  [jli.dll+0x526b]
C  [ucrtbase.dll+0x21bb2]
C  [KERNEL32.DLL+0x17614]
C  [ntdll.dll+0x526b1]


---------------  P R O C E S S  ---------------

Threads class SMR info:
_java_thread_list=0x00007ffb3db8c058, length=0, elements={
}

Java Threads: ( => current thread )

Other Threads:
  0x0000020a3c4463a0 GCTaskThread "GC Thread#0" [stack: 0x0000005c8cc00000,0x0000005c8cd00000] [id=1536]
  0x0000020a3c4534c0 ConcurrentGCThread "G1 Main Marker" [stack: 0x0000005c8cd00000,0x0000005c8ce00000] [id=8716]
  0x0000020a3c453ed0 ConcurrentGCThread "G1 Conc#0" [stack: 0x0000005c8ce00000,0x0000005c8cf00000] [id=7312]

[error occurred during error reporting (printing all threads), id 0xc0000005, EXCEPTION_ACCESS_VIOLATION (0xc0000005) at pc=0x00007ffb3d340797]

VM state: not at safepoint (not fully initialized)

VM Mutex/Monitor currently owned by a thread:  ([mutex/lock_event])
[0x0000020a3c3fdcf0] Heap_lock - owner thread: 0x0000020a3a429f60

Heap address: 0x00000000a2e00000, size: 1490 MB, Compressed Oops mode: 32-bit

CDS archive(s) mapped at: [0x0000000000000000-0x0000000000000000-0x0000000000000000), size 0, SharedBaseAddress: 0x0000000800000000, ArchiveRelocationMode: 0.
Narrow klass base: 0x0000000000000000, Narrow klass shift: 0, Narrow klass range: 0x0

GC Precious Log:
<Empty>

Heap:
 garbage-first heap   total 0K, used 0K [0x00000000a2e00000, 0x0000000100000000)
  region size 1024K, 0 young (0K), 0 survivors (0K)

[error occurred during error reporting (printing heap information), id 0xc0000005, EXCEPTION_ACCESS_VIOLATION (0xc0000005) at pc=0x00007ffb3d72da89]

GC Heap History (0 events):
No events

Dll operation events (1 events):
Event: 0.498 Loaded shared library D:\Download\Compressed\android-studio\jbr\bin\java.dll

Deoptimization events (0 events):
No events

Classes unloaded (0 events):
No events

Classes redefined (0 events):
No events

Internal exceptions (0 events):
No events

VM Operations (0 events):
No events

Events (0 events):
No events


Dynamic libraries:
0x00007ff64c660000 - 0x00007ff64c66a000 	D:\Download\Compressed\android-studio\jbr\bin\java.exe
0x00007ffb80370000 - 0x00007ffb80568000 	C:\WINDOWS\SYSTEM32\ntdll.dll
0x00007ffb7e710000 - 0x00007ffb7e7cf000 	C:\WINDOWS\System32\KERNEL32.DLL
0x00007ffb7db50000 - 0x00007ffb7de46000 	C:\WINDOWS\System32\KERNELBASE.dll
0x00007ffb7da50000 - 0x00007ffb7db50000 	C:\WINDOWS\System32\ucrtbase.dll
0x00007ffb73a10000 - 0x00007ffb73a27000 	D:\Download\Compressed\android-studio\jbr\bin\jli.dll
0x00007ffb75ea0000 - 0x00007ffb75ebb000 	D:\Download\Compressed\android-studio\jbr\bin\VCRUNTIME140.dll
0x00007ffb7e7d0000 - 0x00007ffb7e96d000 	C:\WINDOWS\System32\USER32.dll
0x00007ffb7e280000 - 0x00007ffb7e2a2000 	C:\WINDOWS\System32\win32u.dll
0x00007ffb63fc0000 - 0x00007ffb6425a000 	C:\WINDOWS\WinSxS\amd64_microsoft.windows.common-controls_6595b64144ccf1df_6.0.19041.1110_none_60b5254171f9507e\COMCTL32.dll
0x00007ffb7f840000 - 0x00007ffb7f86c000 	C:\WINDOWS\System32\GDI32.dll
0x00007ffb7f1b0000 - 0x00007ffb7f24e000 	C:\WINDOWS\System32\msvcrt.dll
0x00007ffb7e2b0000 - 0x00007ffb7e3c5000 	C:\WINDOWS\System32\gdi32full.dll
0x00007ffb7e190000 - 0x00007ffb7e22d000 	C:\WINDOWS\System32\msvcp_win.dll
0x00007ffb7e970000 - 0x00007ffb7e9a0000 	C:\WINDOWS\System32\IMM32.DLL
0x00007ffb75460000 - 0x00007ffb7546c000 	D:\Download\Compressed\android-studio\jbr\bin\vcruntime140_1.dll
0x00007ffb73460000 - 0x00007ffb734ed000 	D:\Download\Compressed\android-studio\jbr\bin\msvcp140.dll
0x00007ffb3d050000 - 0x00007ffb3dcbe000 	D:\Download\Compressed\android-studio\jbr\bin\server\jvm.dll
0x00007ffb7f710000 - 0x00007ffb7f7bf000 	C:\WINDOWS\System32\ADVAPI32.dll
0x00007ffb7e440000 - 0x00007ffb7e4dc000 	C:\WINDOWS\System32\sechost.dll
0x00007ffb80200000 - 0x00007ffb80326000 	C:\WINDOWS\System32\RPCRT4.dll
0x00007ffb60480000 - 0x00007ffb604a7000 	C:\WINDOWS\SYSTEM32\WINMM.dll
0x00007ffb79a10000 - 0x00007ffb79a1a000 	C:\WINDOWS\SYSTEM32\VERSION.dll
0x00007ffb60090000 - 0x00007ffb60099000 	C:\WINDOWS\SYSTEM32\WSOCK32.dll
0x00007ffb7f270000 - 0x00007ffb7f2db000 	C:\WINDOWS\System32\WS2_32.dll
0x00007ffb7c5c0000 - 0x00007ffb7c5d2000 	C:\WINDOWS\SYSTEM32\kernel.appcore.dll
0x00007ffb79ef0000 - 0x00007ffb79efa000 	D:\Download\Compressed\android-studio\jbr\bin\jimage.dll
0x00007ffb7b7d0000 - 0x00007ffb7b9b4000 	C:\WINDOWS\SYSTEM32\DBGHELP.DLL
0x00007ffb613b0000 - 0x00007ffb613e4000 	C:\WINDOWS\SYSTEM32\dbgcore.DLL
0x00007ffb7e100000 - 0x00007ffb7e182000 	C:\WINDOWS\System32\bcryptPrimitives.dll
0x00007ffb75420000 - 0x00007ffb75445000 	D:\Download\Compressed\android-studio\jbr\bin\java.dll

dbghelp: loaded successfully - version: 4.0.5 - missing functions: none
symbol engine: initialized successfully - sym options: 0x614 - pdb path: .;D:\Download\Compressed\android-studio\jbr\bin;C:\WINDOWS\SYSTEM32;C:\WINDOWS\WinSxS\amd64_microsoft.windows.common-controls_6595b64144ccf1df_6.0.19041.1110_none_60b5254171f9507e;D:\Download\Compressed\android-studio\jbr\bin\server

VM Arguments:
java_command: git4idea.http.GitAskPassApp Username for 'https://github.com': 
java_class_path (initial): D:/Download/Compressed/android-studio/plugins/vcs-git/lib/git4idea-rt.jar;D:/Download/Compressed/android-studio/lib/externalProcess-rt.jar;D:/Download/Compressed/android-studio/lib/app.jar;D:/Download/Compressed/android-studio/lib/3rd-party-rt.jar
Launcher Type: SUN_STANDARD

[Global flags]
     intx CICompilerCount                          = 2                                         {product} {ergonomic}
     uint ConcGCThreads                            = 1                                         {product} {ergonomic}
     uint G1ConcRefinementThreads                  = 2                                         {product} {ergonomic}
   size_t G1HeapRegionSize                         = 1048576                                   {product} {ergonomic}
    uintx GCDrainStackTargetSize                   = 64                                        {product} {ergonomic}
   size_t InitialHeapSize                          = 98566144                                  {product} {ergonomic}
   size_t MarkStackSize                            = 4194304                                   {product} {ergonomic}
   size_t MaxHeapSize                              = 1562378240                                {product} {ergonomic}
   size_t MinHeapDeltaBytes                        = 1048576                                   {product} {ergonomic}
   size_t MinHeapSize                              = 8388608                                   {product} {ergonomic}
    uintx NonNMethodCodeHeapSize                   = 5826188                                {pd product} {ergonomic}
    uintx NonProfiledCodeHeapSize                  = 122916026                              {pd product} {ergonomic}
    uintx ProfiledCodeHeapSize                     = 122916026                              {pd product} {ergonomic}
    uintx ReservedCodeCacheSize                    = 251658240                              {pd product} {ergonomic}
     bool SegmentedCodeCache                       = true                                      {product} {ergonomic}
   size_t SoftMaxHeapSize                          = 1562378240                             {manageable} {ergonomic}
     bool UseCompressedClassPointers               = true                           {product lp64_product} {ergonomic}
     bool UseCompressedOops                        = true                           {product lp64_product} {ergonomic}
     bool UseG1GC                                  = true                                      {product} {ergonomic}
     bool UseLargePagesIndividualAllocation        = false                                  {pd product} {ergonomic}

Logging:
Log output configuration:
 #0: stdout all=warning uptime,level,tags
 #1: stderr all=off uptime,level,tags

Environment Variables:
PATH=C:/Program Files/Git/mingw64/libexec/git-core;C:/Program Files/Git/mingw64/libexec/git-core;C:\Program Files\Git\mingw64\bin;C:\Program Files\Git\usr\bin;C:\Users\Proffesor\bin;C:\Program Files\Common Files\Oracle\Java\javapath;C:\WINDOWS\system32;C:\WINDOWS;C:\WINDOWS\System32\Wbem;C:\WINDOWS\System32\WindowsPowerShell\v1.0\;C:\WINDOWS\System32\OpenSSH\;C:\Program Files\Microsoft SQL Server\130\Tools\Binn\;C:\Program Files\Microsoft SQL Server\Client SDK\ODBC\170\Tools\Binn\;C:\Program Files\dotnet\;C:\Program Files\Azure Data Studio\bin;C:\Program Files (x86)\NVIDIA Corporation\PhysX\Common;C:\Program Files\Git\cmd;C:\Users\Proffesor\AppData\Local\Microsoft\WindowsApps;C:\Users\Proffesor\.dotnet\tools;C:\Users\Proffesor\AppData\Local\Programs\Microsoft VS Code\bin;C:\Program Files\Azure Data Studio\bin
USERNAME=Proffesor
DISPLAY=:0.0
LC_ALL=en_US.UTF-8
TERM=xterm-256color
TMPDIR=C:\Users\PROFFE~1\AppData\Local\Temp
OS=Windows_NT
PROCESSOR_IDENTIFIER=Intel64 Family 6 Model 122 Stepping 8, GenuineIntel
TMP=C:\Users\PROFFE~1\AppData\Local\Temp
TEMP=C:\Users\PROFFE~1\AppData\Local\Temp


JNI global refs:

[error occurred during error reporting (JNI global references), id 0xc0000005, EXCEPTION_ACCESS_VIOLATION (0xc0000005) at pc=0x00007ffb3d107a10]


---------------  S Y S T E M  ---------------

OS:
 Windows 10 , 64 bit Build 19041 (10.0.19041.3155)
OS uptime: 0 days 1:57 hours

CPU: total 2 (initial active 2) (2 cores per cpu, 1 threads per core) family 6 model 122 stepping 8 microcode 0x20, cx8, cmov, fxsr, mmx, 3dnowpref, sse, sse2, sse3, ssse3, sse4.1, sse4.2, popcnt, tsc, tscinvbit, aes, erms, clmul, sha, clflush, clflushopt

Memory: 4k page, system-wide physical 5955M (698M free)
TotalPageFile size 8947M (AvailPageFile size 71M)
current process WorkingSet (physical memory assigned to process): 10M, peak: 10M
current process commit charge ("private bytes"): 47M, peak: 141M

vm_info: OpenJDK 64-Bit Server VM (17.0.6+0-b2043.56-10027231) for windows-amd64 JRE (17.0.6+0-b2043.56-10027231), built on Apr 28 2023 00:43:19 by "androidbuild" with MS VC++ 16.10 / 16.11 (VS2019)

END.
