#
# There is insufficient memory for the Java Runtime Environment to continue.
# Native memory allocation (mmap) failed to map 125829120 bytes for G1 virtual space
# Possible reasons:
#   The system is out of physical RAM or swap space
#   The process is running with CompressedOops enabled, and the Java Heap may be blocking the growth of the native heap
# Possible solutions:
#   Reduce memory load on the system
#   Increase physical memory or swap space
#   Check if swap backing store is full
#   Decrease Java heap size (-Xmx/-Xms)
#   Decrease number of Java threads
#   Decrease Java thread stack sizes (-Xss)
#   Set larger code cache with -XX:ReservedCodeCacheSize=
#   JVM is running with Unscaled Compressed Oops mode in which the Java heap is
#     placed in the first 4GB address space. The Java Heap base address is the
#     maximum limit for the native heap growth. Please use -XX:HeapBaseMinAddress
#     to set the Java Heap base and to place the Java Heap above 4GB virtual address.
# This output file may be truncated or incomplete.
#
#  Out of Memory Error (os_windows.cpp:3769), pid=9484, tid=6956
#
# JRE version: OpenJDK Runtime Environment (17.0.6) (build 17.0.6+0-b2043.56-10027231)
# Java VM: OpenJDK 64-Bit Server VM (17.0.6+0-b2043.56-10027231, mixed mode, tiered, compressed oops, compressed class ptrs, g1 gc, windows-amd64)
# No core dump will be written. Minidumps are not enabled by default on client versions of Windows
#

---------------  S U M M A R Y ------------

Command Line: --add-opens=java.base/java.util=ALL-UNNAMED --add-opens=java.base/java.lang=ALL-UNNAMED --add-opens=java.base/java.lang.invoke=ALL-UNNAMED --add-opens=java.prefs/java.util.prefs=ALL-UNNAMED --add-opens=java.base/java.nio.charset=ALL-UNNAMED --add-opens=java.base/java.net=ALL-UNNAMED --add-opens=java.base/java.util.concurrent.atomic=ALL-UNNAMED -Xmx2048m -Dfile.encoding=UTF-8 -Duser.country=US -Duser.language=en -Duser.variant org.gradle.launcher.daemon.bootstrap.GradleDaemon 8.0

Host: 11th Gen Intel(R) Core(TM) i5-1135G7 @ 2.40GHz, 8 cores, 7G,  Windows 11 , 64 bit Build 22621 (10.0.22621.2506)
Time: Mon Oct 30 16:59:40 2023 South Africa Standard Time elapsed time: 27.351615 seconds (0d 0h 0m 27s)

---------------  T H R E A D  ---------------

Current thread (0x0000013d678da930):  VMThread "VM Thread" [stack: 0x0000001770d00000,0x0000001770e00000] [id=6956]

Stack: [0x0000001770d00000,0x0000001770e00000]
Native frames: (J=compiled Java code, j=interpreted, Vv=VM code, C=native code)
V  [jvm.dll+0x683c9a]
V  [jvm.dll+0x8427a4]
V  [jvm.dll+0x843f9e]
V  [jvm.dll+0x844603]
V  [jvm.dll+0x249b75]
V  [jvm.dll+0x680b69]
V  [jvm.dll+0x67505a]
V  [jvm.dll+0x309acb]
V  [jvm.dll+0x310f86]
V  [jvm.dll+0x3608ee]
V  [jvm.dll+0x360b1f]
V  [jvm.dll+0x2dfbf8]
V  [jvm.dll+0x2ddec4]
V  [jvm.dll+0x2dd4cc]
V  [jvm.dll+0x321f3b]
V  [jvm.dll+0x848ccb]
V  [jvm.dll+0x849a04]
V  [jvm.dll+0x849f1d]
V  [jvm.dll+0x84a2f4]
V  [jvm.dll+0x84a3c0]
V  [jvm.dll+0x7f274a]
V  [jvm.dll+0x682ad5]
C  [ucrtbase.dll+0x29363]
C  [KERNEL32.DLL+0x1257d]
C  [ntdll.dll+0x5aa58]

VM_Operation (0x000000177a5fda80): G1CollectForAllocation, mode: safepoint, requested by thread 0x0000013d6b657800


---------------  P R O C E S S  ---------------

Threads class SMR info:
_java_thread_list=0x0000013d6f1ba530, length=151, elements={
0x0000013d4da772f0, 0x0000013d678f3250, 0x0000013d678f4610, 0x0000013d684293b0,
0x0000013d6842bf70, 0x0000013d6842ee40, 0x0000013d68434260, 0x0000013d68434e10,
0x0000013d68438dd0, 0x0000013d684393d0, 0x0000013d685aae60, 0x0000013d685d6010,
0x0000013d69b63260, 0x0000013d69dfb010, 0x0000013d69bfe0d0, 0x0000013d69bfc9b0,
0x0000013d69fb3450, 0x0000013d69f4e4d0, 0x0000013d69faf440, 0x0000013d690118c0,
0x0000013d690113f0, 0x0000013d69011d90, 0x0000013d690130d0, 0x0000013d69010a50,
0x0000013d69012260, 0x0000013d69012730, 0x0000013d69010580, 0x0000013d69013a70,
0x0000013d690100b0, 0x0000013d6b6bdb40, 0x0000013d6b6baff0, 0x0000013d6b6c1030,
0x0000013d6b6bc330, 0x0000013d6b6bd1a0, 0x0000013d6b6c1ea0, 0x0000013d6b6be010,
0x0000013d6b6bccd0, 0x0000013d6b6bf820, 0x0000013d6b6ba650, 0x0000013d6cd65fd0,
0x0000013d6b6bbe60, 0x0000013d6b6be9b0, 0x0000013d6b6bfcf0, 0x0000013d6b6c01c0,
0x0000013d6b6c0690, 0x0000013d6d37f4a0, 0x0000013d6d37e630, 0x0000013d6d379930,
0x0000013d6d37fe40, 0x0000013d6d37b610, 0x0000013d6d37b140, 0x0000013d6d37bae0,
0x0000013d6d378f90, 0x0000013d6d379e00, 0x0000013d6d37bfb0, 0x0000013d6d37c950,
0x0000013d6d37a2d0, 0x0000013d6d37ac70, 0x0000013d6d37c480, 0x0000013d6d379460,
0x0000013d6d3807e0, 0x0000013d6d37ce20, 0x0000013d6d37d2f0, 0x0000013d6d37d7c0,
0x0000013d6d37dc90, 0x0000013d6d37e160, 0x0000013d6d37eb00, 0x0000013d6d37efd0,
0x0000013d6d37f970, 0x0000013d6d380310, 0x0000013d6d37a7a0, 0x0000013d6cc88880,
0x0000013d6cc8b8a0, 0x0000013d6cc8af00, 0x0000013d6cc8a090, 0x0000013d6cc8e3f0,
0x0000013d6cc88d50, 0x0000013d6cc89220, 0x0000013d6cc89bc0, 0x0000013d6cc8b3d0,
0x0000013d6cc8d0b0, 0x0000013d6cc896f0, 0x0000013d6cc8df20, 0x0000013d6cc8bd70,
0x0000013d6cc8d580, 0x0000013d6cc87070, 0x0000013d6cc8a560, 0x0000013d6cc8aa30,
0x0000013d6cc8c240, 0x0000013d6cc8da50, 0x0000013d6cc8c710, 0x0000013d6cc8e8c0,
0x0000013d6cc87540, 0x0000013d6cc87a10, 0x0000013d6cc8cbe0, 0x0000013d6cc87ee0,
0x0000013d6cc883b0, 0x0000013d6cf4c190, 0x0000013d6cf4e810, 0x0000013d6cf4ae50,
0x0000013d6cf49fe0, 0x0000013d6cf4e340, 0x0000013d6cf47960, 0x0000013d6cf4d000,
0x0000013d6cf48ca0, 0x0000013d6cf46fc0, 0x0000013d6cf487d0, 0x0000013d6cf47490,
0x0000013d6cf4c660, 0x0000013d6cf49170, 0x0000013d6cf4d4d0, 0x0000013d6cf47e30,
0x0000013d6cf4cb30, 0x0000013d6cf49b10, 0x0000013d6cf4a4b0, 0x0000013d6cf4a980,
0x0000013d6cf4d9a0, 0x0000013d6cf49640, 0x0000013d6cf4b320, 0x0000013d6cf4de70,
0x0000013d6cf4b7f0, 0x0000013d6cf4bcc0, 0x0000013d6cf48300, 0x0000013d6d4ca3e0,
0x0000013d6d4cbbf0, 0x0000013d6d4cd400, 0x0000013d6b6bee80, 0x0000013d6b659010,
0x0000013d6b655650, 0x0000013d6b655ff0, 0x0000013d6b6581a0, 0x0000013d6b657330,
0x0000013d6b653e40, 0x0000013d6b6599b0, 0x0000013d6b659e80, 0x0000013d6b655180,
0x0000013d6b655b20, 0x0000013d6b65a350, 0x0000013d6b65acf0, 0x0000013d689b9040,
0x0000013d6b6564c0, 0x0000013d6b656990, 0x0000013d6b654cb0, 0x0000013d6b657800,
0x0000013d6b657cd0, 0x0000013d6b658b40, 0x0000013d6d4cad80, 0x0000013d6d4cc590,
0x0000013d6d4cd8d0, 0x0000013d6d42d010, 0x0000013d6d429b20
}

Java Threads: ( => current thread )
  0x0000013d4da772f0 JavaThread "main" [_thread_blocked, id=10716, stack(0x0000001770700000,0x0000001770800000)]
  0x0000013d678f3250 JavaThread "Reference Handler" daemon [_thread_blocked, id=13984, stack(0x0000001770e00000,0x0000001770f00000)]
  0x0000013d678f4610 JavaThread "Finalizer" daemon [_thread_blocked, id=9940, stack(0x0000001770f00000,0x0000001771000000)]
  0x0000013d684293b0 JavaThread "Signal Dispatcher" daemon [_thread_blocked, id=10192, stack(0x0000001771000000,0x0000001771100000)]
  0x0000013d6842bf70 JavaThread "Attach Listener" daemon [_thread_blocked, id=11328, stack(0x0000001771100000,0x0000001771200000)]
  0x0000013d6842ee40 JavaThread "Service Thread" daemon [_thread_blocked, id=7764, stack(0x0000001771200000,0x0000001771300000)]
  0x0000013d68434260 JavaThread "Monitor Deflation Thread" daemon [_thread_blocked, id=12972, stack(0x0000001771300000,0x0000001771400000)]
  0x0000013d68434e10 JavaThread "C2 CompilerThread0" daemon [_thread_blocked, id=10136, stack(0x0000001771400000,0x0000001771500000)]
  0x0000013d68438dd0 JavaThread "C1 CompilerThread0" daemon [_thread_blocked, id=5656, stack(0x0000001771500000,0x0000001771600000)]
  0x0000013d684393d0 JavaThread "Sweeper thread" daemon [_thread_blocked, id=6208, stack(0x0000001771600000,0x0000001771700000)]
  0x0000013d685aae60 JavaThread "Common-Cleaner" daemon [_thread_blocked, id=5496, stack(0x0000001771700000,0x0000001771800000)]
  0x0000013d685d6010 JavaThread "Notification Thread" daemon [_thread_blocked, id=7684, stack(0x0000001771800000,0x0000001771900000)]
  0x0000013d69b63260 JavaThread "Daemon health stats" [_thread_blocked, id=11744, stack(0x0000001771e00000,0x0000001771f00000)]
  0x0000013d69dfb010 JavaThread "Incoming local TCP Connector on port 54511" [_thread_in_native, id=7876, stack(0x0000001771f00000,0x0000001772000000)]
  0x0000013d69bfe0d0 JavaThread "Daemon periodic checks" [_thread_blocked, id=12984, stack(0x0000001772000000,0x0000001772100000)]
  0x0000013d69bfc9b0 JavaThread "Daemon" [_thread_blocked, id=2916, stack(0x0000001772100000,0x0000001772200000)]
  0x0000013d69fb3450 JavaThread "Handler for socket connection from /127.0.0.1:54511 to /127.0.0.1:54512" [_thread_in_native, id=6320, stack(0x0000001772200000,0x0000001772300000)]
  0x0000013d69f4e4d0 JavaThread "Cancel handler" [_thread_blocked, id=8968, stack(0x0000001772300000,0x0000001772400000)]
  0x0000013d69faf440 JavaThread "Daemon worker" [_thread_blocked, id=5668, stack(0x0000001772400000,0x0000001772500000)]
  0x0000013d690118c0 JavaThread "Asynchronous log dispatcher for DefaultDaemonConnection: socket connection from /127.0.0.1:54511 to /127.0.0.1:54512" [_thread_blocked, id=932, stack(0x0000001772500000,0x0000001772600000)]
  0x0000013d690113f0 JavaThread "Stdin handler" [_thread_blocked, id=4976, stack(0x0000001772600000,0x0000001772700000)]
  0x0000013d69011d90 JavaThread "Daemon client event forwarder" [_thread_blocked, id=6284, stack(0x0000001772700000,0x0000001772800000)]
  0x0000013d690130d0 JavaThread "Cache worker for journal cache (C:\Users\vuyom\.gradle\caches\journal-1)" [_thread_blocked, id=10724, stack(0x0000001772c00000,0x0000001772d00000)]
  0x0000013d69010a50 JavaThread "File lock request listener" [_thread_in_native, id=6716, stack(0x0000001772d00000,0x0000001772e00000)]
  0x0000013d69012260 JavaThread "Cache worker for file hash cache (C:\Users\vuyom\.gradle\caches\8.0\fileHashes)" [_thread_blocked, id=13724, stack(0x0000001772e00000,0x0000001772f00000)]
  0x0000013d69012730 JavaThread "File watcher server" daemon [_thread_blocked, id=15236, stack(0x0000001772f00000,0x0000001773000000)]
  0x0000013d69010580 JavaThread "File watcher consumer" daemon [_thread_blocked, id=2368, stack(0x0000001773000000,0x0000001773100000)]
  0x0000013d69013a70 JavaThread "Cache worker for checksums cache (C:\Users\vuyom\AndroidStudioProjects\ufs-clinic-app\.gradle\8.0\checksums)" [_thread_blocked, id=8656, stack(0x0000001773100000,0x0000001773200000)]
  0x0000013d690100b0 JavaThread "Cache worker for cache directory md-rule (C:\Users\vuyom\.gradle\caches\8.0\md-rule)" [_thread_blocked, id=11932, stack(0x0000001773200000,0x0000001773300000)]
  0x0000013d6b6bdb40 JavaThread "Cache worker for file content cache (C:\Users\vuyom\.gradle\caches\8.0\fileContent)" [_thread_blocked, id=11308, stack(0x0000001773300000,0x0000001773400000)]
  0x0000013d6b6baff0 JavaThread "Cache worker for file hash cache (C:\Users\vuyom\AndroidStudioProjects\ufs-clinic-app\.gradle\8.0\fileHashes)" [_thread_blocked, id=13352, stack(0x0000001773400000,0x0000001773500000)]
  0x0000013d6b6c1030 JavaThread "Cache worker for cache directory md-supplier (C:\Users\vuyom\.gradle\caches\8.0\md-supplier)" [_thread_blocked, id=14064, stack(0x0000001773500000,0x0000001773600000)]
  0x0000013d6b6bc330 JavaThread "Cache worker for execution history cache (C:\Users\vuyom\.gradle\caches\8.0\executionHistory)" [_thread_blocked, id=7080, stack(0x0000001773600000,0x0000001773700000)]
  0x0000013d6b6bd1a0 JavaThread "jar transforms" [_thread_blocked, id=2316, stack(0x0000001773800000,0x0000001773900000)]
  0x0000013d6b6c1ea0 JavaThread "jar transforms Thread 2" [_thread_blocked, id=14692, stack(0x0000001773900000,0x0000001773a00000)]
  0x0000013d6b6be010 JavaThread "jar transforms Thread 3" [_thread_blocked, id=9800, stack(0x0000001773a00000,0x0000001773b00000)]
  0x0000013d6b6bccd0 JavaThread "jar transforms Thread 4" [_thread_blocked, id=7784, stack(0x0000001773b00000,0x0000001773c00000)]
  0x0000013d6b6bf820 JavaThread "Cache worker for dependencies-accessors (C:\Users\vuyom\AndroidStudioProjects\ufs-clinic-app\.gradle\8.0\dependencies-accessors)" [_thread_blocked, id=12336, stack(0x0000001773c00000,0x0000001773d00000)]
  0x0000013d6b6ba650 JavaThread "jar transforms Thread 5" [_thread_blocked, id=3392, stack(0x0000001773e00000,0x0000001773f00000)]
  0x0000013d6cd65fd0 JavaThread "C2 CompilerThread1" daemon [_thread_in_native, id=4604, stack(0x0000001773700000,0x0000001773800000)]
  0x0000013d6b6bbe60 JavaThread "Cache worker for Build Output Cleanup Cache (C:\Users\vuyom\AndroidStudioProjects\ufs-clinic-app\.gradle\buildOutputCleanup)" [_thread_blocked, id=9296, stack(0x0000001773d00000,0x0000001773e00000)]
  0x0000013d6b6be9b0 JavaThread "Unconstrained build operations" [_thread_blocked, id=10172, stack(0x0000001774000000,0x0000001774100000)]
  0x0000013d6b6bfcf0 JavaThread "Unconstrained build operations Thread 2" [_thread_blocked, id=13476, stack(0x0000001774100000,0x0000001774200000)]
  0x0000013d6b6c01c0 JavaThread "Unconstrained build operations Thread 3" [_thread_blocked, id=7192, stack(0x0000001774200000,0x0000001774300000)]
  0x0000013d6b6c0690 JavaThread "Unconstrained build operations Thread 4" [_thread_blocked, id=2192, stack(0x0000001774300000,0x0000001774400000)]
  0x0000013d6d37f4a0 JavaThread "Unconstrained build operations Thread 5" [_thread_blocked, id=7552, stack(0x0000001774400000,0x0000001774500000)]
  0x0000013d6d37e630 JavaThread "Unconstrained build operations Thread 6" [_thread_blocked, id=6424, stack(0x0000001774500000,0x0000001774600000)]
  0x0000013d6d379930 JavaThread "Unconstrained build operations Thread 7" [_thread_blocked, id=7628, stack(0x0000001774600000,0x0000001774700000)]
  0x0000013d6d37fe40 JavaThread "Unconstrained build operations Thread 8" [_thread_blocked, id=13876, stack(0x0000001774700000,0x0000001774800000)]
  0x0000013d6d37b610 JavaThread "Unconstrained build operations Thread 9" [_thread_blocked, id=11948, stack(0x0000001774800000,0x0000001774900000)]
  0x0000013d6d37b140 JavaThread "Unconstrained build operations Thread 10" [_thread_blocked, id=7980, stack(0x0000001774900000,0x0000001774a00000)]
  0x0000013d6d37bae0 JavaThread "Unconstrained build operations Thread 11" [_thread_blocked, id=3664, stack(0x0000001774a00000,0x0000001774b00000)]
  0x0000013d6d378f90 JavaThread "Unconstrained build operations Thread 12" [_thread_blocked, id=8164, stack(0x0000001774b00000,0x0000001774c00000)]
  0x0000013d6d379e00 JavaThread "Unconstrained build operations Thread 13" [_thread_blocked, id=7032, stack(0x0000001774c00000,0x0000001774d00000)]
  0x0000013d6d37bfb0 JavaThread "Unconstrained build operations Thread 14" [_thread_blocked, id=12504, stack(0x0000001774d00000,0x0000001774e00000)]
  0x0000013d6d37c950 JavaThread "Unconstrained build operations Thread 15" [_thread_blocked, id=7520, stack(0x0000001774e00000,0x0000001774f00000)]
  0x0000013d6d37a2d0 JavaThread "Unconstrained build operations Thread 16" [_thread_blocked, id=9660, stack(0x0000001774f00000,0x0000001775000000)]
  0x0000013d6d37ac70 JavaThread "Unconstrained build operations Thread 17" [_thread_blocked, id=11320, stack(0x0000001775000000,0x0000001775100000)]
  0x0000013d6d37c480 JavaThread "Unconstrained build operations Thread 18" [_thread_blocked, id=12948, stack(0x0000001775100000,0x0000001775200000)]
  0x0000013d6d379460 JavaThread "Unconstrained build operations Thread 19" [_thread_blocked, id=11996, stack(0x0000001775200000,0x0000001775300000)]
  0x0000013d6d3807e0 JavaThread "Unconstrained build operations Thread 20" [_thread_blocked, id=11240, stack(0x0000001775300000,0x0000001775400000)]
  0x0000013d6d37ce20 JavaThread "Unconstrained build operations Thread 21" [_thread_blocked, id=14224, stack(0x0000001775400000,0x0000001775500000)]
  0x0000013d6d37d2f0 JavaThread "Unconstrained build operations Thread 22" [_thread_blocked, id=12884, stack(0x0000001775500000,0x0000001775600000)]
  0x0000013d6d37d7c0 JavaThread "Unconstrained build operations Thread 23" [_thread_blocked, id=8292, stack(0x0000001775600000,0x0000001775700000)]
  0x0000013d6d37dc90 JavaThread "Unconstrained build operations Thread 24" [_thread_blocked, id=13404, stack(0x0000001775700000,0x0000001775800000)]
  0x0000013d6d37e160 JavaThread "Unconstrained build operations Thread 25" [_thread_blocked, id=2684, stack(0x0000001775800000,0x0000001775900000)]
  0x0000013d6d37eb00 JavaThread "Unconstrained build operations Thread 26" [_thread_blocked, id=13544, stack(0x0000001775900000,0x0000001775a00000)]
  0x0000013d6d37efd0 JavaThread "Unconstrained build operations Thread 27" [_thread_blocked, id=14620, stack(0x0000001775a00000,0x0000001775b00000)]
  0x0000013d6d37f970 JavaThread "Unconstrained build operations Thread 28" [_thread_blocked, id=14664, stack(0x0000001775b00000,0x0000001775c00000)]
  0x0000013d6d380310 JavaThread "Unconstrained build operations Thread 29" [_thread_blocked, id=8464, stack(0x0000001775c00000,0x0000001775d00000)]
  0x0000013d6d37a7a0 JavaThread "Unconstrained build operations Thread 30" [_thread_blocked, id=10588, stack(0x0000001775d00000,0x0000001775e00000)]
  0x0000013d6cc88880 JavaThread "Unconstrained build operations Thread 31" [_thread_blocked, id=7456, stack(0x0000001775e00000,0x0000001775f00000)]
  0x0000013d6cc8b8a0 JavaThread "Unconstrained build operations Thread 32" [_thread_blocked, id=7712, stack(0x0000001775f00000,0x0000001776000000)]
  0x0000013d6cc8af00 JavaThread "Unconstrained build operations Thread 33" [_thread_blocked, id=15224, stack(0x0000001776000000,0x0000001776100000)]
  0x0000013d6cc8a090 JavaThread "Unconstrained build operations Thread 34" [_thread_blocked, id=4448, stack(0x0000001776100000,0x0000001776200000)]
  0x0000013d6cc8e3f0 JavaThread "Unconstrained build operations Thread 35" [_thread_blocked, id=9456, stack(0x0000001776200000,0x0000001776300000)]
  0x0000013d6cc88d50 JavaThread "Unconstrained build operations Thread 36" [_thread_blocked, id=12904, stack(0x0000001776300000,0x0000001776400000)]
  0x0000013d6cc89220 JavaThread "Unconstrained build operations Thread 37" [_thread_blocked, id=1128, stack(0x0000001776400000,0x0000001776500000)]
  0x0000013d6cc89bc0 JavaThread "Unconstrained build operations Thread 38" [_thread_blocked, id=5652, stack(0x0000001776500000,0x0000001776600000)]
  0x0000013d6cc8b3d0 JavaThread "Unconstrained build operations Thread 39" [_thread_blocked, id=2688, stack(0x0000001776600000,0x0000001776700000)]
  0x0000013d6cc8d0b0 JavaThread "Unconstrained build operations Thread 40" [_thread_blocked, id=1404, stack(0x0000001776700000,0x0000001776800000)]
  0x0000013d6cc896f0 JavaThread "Unconstrained build operations Thread 41" [_thread_blocked, id=11620, stack(0x0000001776800000,0x0000001776900000)]
  0x0000013d6cc8df20 JavaThread "Unconstrained build operations Thread 42" [_thread_blocked, id=1784, stack(0x0000001776900000,0x0000001776a00000)]
  0x0000013d6cc8bd70 JavaThread "Unconstrained build operations Thread 43" [_thread_blocked, id=12004, stack(0x0000001776a00000,0x0000001776b00000)]
  0x0000013d6cc8d580 JavaThread "Unconstrained build operations Thread 44" [_thread_blocked, id=15120, stack(0x0000001776b00000,0x0000001776c00000)]
  0x0000013d6cc87070 JavaThread "Unconstrained build operations Thread 45" [_thread_blocked, id=12888, stack(0x0000001776c00000,0x0000001776d00000)]
  0x0000013d6cc8a560 JavaThread "Unconstrained build operations Thread 46" [_thread_blocked, id=14228, stack(0x0000001776d00000,0x0000001776e00000)]
  0x0000013d6cc8aa30 JavaThread "Unconstrained build operations Thread 47" [_thread_blocked, id=12240, stack(0x0000001776e00000,0x0000001776f00000)]
  0x0000013d6cc8c240 JavaThread "Unconstrained build operations Thread 48" [_thread_blocked, id=8800, stack(0x0000001776f00000,0x0000001777000000)]
  0x0000013d6cc8da50 JavaThread "Unconstrained build operations Thread 49" [_thread_blocked, id=3064, stack(0x0000001777000000,0x0000001777100000)]
  0x0000013d6cc8c710 JavaThread "Unconstrained build operations Thread 50" [_thread_blocked, id=2236, stack(0x0000001777100000,0x0000001777200000)]
  0x0000013d6cc8e8c0 JavaThread "Unconstrained build operations Thread 51" [_thread_blocked, id=7036, stack(0x0000001777200000,0x0000001777300000)]
  0x0000013d6cc87540 JavaThread "Unconstrained build operations Thread 52" [_thread_blocked, id=7296, stack(0x0000001777300000,0x0000001777400000)]
  0x0000013d6cc87a10 JavaThread "Unconstrained build operations Thread 53" [_thread_blocked, id=10204, stack(0x0000001777400000,0x0000001777500000)]
  0x0000013d6cc8cbe0 JavaThread "Unconstrained build operations Thread 54" [_thread_blocked, id=6432, stack(0x0000001777500000,0x0000001777600000)]
  0x0000013d6cc87ee0 JavaThread "Unconstrained build operations Thread 55" [_thread_blocked, id=6324, stack(0x0000001777600000,0x0000001777700000)]
  0x0000013d6cc883b0 JavaThread "Unconstrained build operations Thread 56" [_thread_blocked, id=2288, stack(0x0000001777700000,0x0000001777800000)]
  0x0000013d6cf4c190 JavaThread "Unconstrained build operations Thread 57" [_thread_blocked, id=8360, stack(0x0000001777800000,0x0000001777900000)]
  0x0000013d6cf4e810 JavaThread "Unconstrained build operations Thread 58" [_thread_blocked, id=12804, stack(0x0000001777900000,0x0000001777a00000)]
  0x0000013d6cf4ae50 JavaThread "Unconstrained build operations Thread 59" [_thread_blocked, id=7948, stack(0x0000001777a00000,0x0000001777b00000)]
  0x0000013d6cf49fe0 JavaThread "Unconstrained build operations Thread 60" [_thread_blocked, id=14312, stack(0x0000001777b00000,0x0000001777c00000)]
  0x0000013d6cf4e340 JavaThread "Unconstrained build operations Thread 61" [_thread_blocked, id=5200, stack(0x0000001777c00000,0x0000001777d00000)]
  0x0000013d6cf47960 JavaThread "Unconstrained build operations Thread 62" [_thread_blocked, id=5104, stack(0x0000001777d00000,0x0000001777e00000)]
  0x0000013d6cf4d000 JavaThread "Unconstrained build operations Thread 63" [_thread_blocked, id=9260, stack(0x0000001777e00000,0x0000001777f00000)]
  0x0000013d6cf48ca0 JavaThread "Unconstrained build operations Thread 64" [_thread_blocked, id=10636, stack(0x0000001777f00000,0x0000001778000000)]
  0x0000013d6cf46fc0 JavaThread "Unconstrained build operations Thread 65" [_thread_blocked, id=3112, stack(0x0000001778000000,0x0000001778100000)]
  0x0000013d6cf487d0 JavaThread "Unconstrained build operations Thread 66" [_thread_blocked, id=13948, stack(0x0000001778100000,0x0000001778200000)]
  0x0000013d6cf47490 JavaThread "Unconstrained build operations Thread 67" [_thread_blocked, id=9596, stack(0x0000001778200000,0x0000001778300000)]
  0x0000013d6cf4c660 JavaThread "Unconstrained build operations Thread 68" [_thread_blocked, id=13764, stack(0x0000001778300000,0x0000001778400000)]
  0x0000013d6cf49170 JavaThread "Unconstrained build operations Thread 69" [_thread_blocked, id=1456, stack(0x0000001778400000,0x0000001778500000)]
  0x0000013d6cf4d4d0 JavaThread "Unconstrained build operations Thread 70" [_thread_blocked, id=14976, stack(0x0000001778500000,0x0000001778600000)]
  0x0000013d6cf47e30 JavaThread "Unconstrained build operations Thread 71" [_thread_blocked, id=13148, stack(0x0000001778600000,0x0000001778700000)]
  0x0000013d6cf4cb30 JavaThread "Unconstrained build operations Thread 72" [_thread_blocked, id=928, stack(0x0000001778700000,0x0000001778800000)]
  0x0000013d6cf49b10 JavaThread "Unconstrained build operations Thread 73" [_thread_blocked, id=4960, stack(0x0000001778800000,0x0000001778900000)]
  0x0000013d6cf4a4b0 JavaThread "Unconstrained build operations Thread 74" [_thread_blocked, id=14428, stack(0x0000001778900000,0x0000001778a00000)]
  0x0000013d6cf4a980 JavaThread "Unconstrained build operations Thread 75" [_thread_blocked, id=7024, stack(0x0000001778a00000,0x0000001778b00000)]
  0x0000013d6cf4d9a0 JavaThread "Unconstrained build operations Thread 76" [_thread_blocked, id=8952, stack(0x0000001778b00000,0x0000001778c00000)]
  0x0000013d6cf49640 JavaThread "Unconstrained build operations Thread 77" [_thread_blocked, id=7800, stack(0x0000001778c00000,0x0000001778d00000)]
  0x0000013d6cf4b320 JavaThread "Unconstrained build operations Thread 78" [_thread_blocked, id=1596, stack(0x0000001778d00000,0x0000001778e00000)]
  0x0000013d6cf4de70 JavaThread "Unconstrained build operations Thread 79" [_thread_blocked, id=14552, stack(0x0000001778e00000,0x0000001778f00000)]
  0x0000013d6cf4b7f0 JavaThread "Unconstrained build operations Thread 80" [_thread_blocked, id=11208, stack(0x0000001778f00000,0x0000001779000000)]
  0x0000013d6cf4bcc0 JavaThread "jar transforms Thread 6" [_thread_blocked, id=13728, stack(0x0000001779000000,0x0000001779100000)]
  0x0000013d6cf48300 JavaThread "jar transforms Thread 7" [_thread_blocked, id=2644, stack(0x0000001779100000,0x0000001779200000)]
  0x0000013d6d4ca3e0 JavaThread "jar transforms Thread 8" [_thread_blocked, id=1584, stack(0x0000001779200000,0x0000001779300000)]
  0x0000013d6d4cbbf0 JavaThread "build event listener" [_thread_blocked, id=13316, stack(0x0000001779300000,0x0000001779400000)]
  0x0000013d6d4cd400 JavaThread "Memory manager" [_thread_blocked, id=13660, stack(0x0000001779400000,0x0000001779500000)]
  0x0000013d6b6bee80 JavaThread "included builds" [_thread_blocked, id=2128, stack(0x0000001779500000,0x0000001779600000)]
  0x0000013d6b659010 JavaThread "Execution worker" [_thread_blocked, id=14076, stack(0x0000001779600000,0x0000001779700000)]
  0x0000013d6b655650 JavaThread "Execution worker Thread 2" [_thread_blocked, id=3480, stack(0x0000001779700000,0x0000001779800000)]
  0x0000013d6b655ff0 JavaThread "Execution worker Thread 3" [_thread_blocked, id=12384, stack(0x0000001779800000,0x0000001779900000)]
  0x0000013d6b6581a0 JavaThread "Execution worker Thread 4" [_thread_blocked, id=3808, stack(0x0000001779900000,0x0000001779a00000)]
  0x0000013d6b657330 JavaThread "Execution worker Thread 5" [_thread_blocked, id=12136, stack(0x0000001779a00000,0x0000001779b00000)]
  0x0000013d6b653e40 JavaThread "Execution worker Thread 6" [_thread_blocked, id=14044, stack(0x0000001779b00000,0x0000001779c00000)]
  0x0000013d6b6599b0 JavaThread "Execution worker Thread 7" [_thread_blocked, id=4400, stack(0x0000001779c00000,0x0000001779d00000)]
  0x0000013d6b659e80 JavaThread "Cache worker for execution history cache (C:\Users\vuyom\AndroidStudioProjects\ufs-clinic-app\.gradle\8.0\executionHistory)" [_thread_blocked, id=6444, stack(0x0000001779d00000,0x0000001779e00000)]
  0x0000013d6b655180 JavaThread "WorkerExecutor Queue" [_thread_blocked, id=8128, stack(0x0000001779e00000,0x0000001779f00000)]
  0x0000013d6b655b20 JavaThread "WorkerExecutor Queue Thread 2" [_thread_blocked, id=2580, stack(0x0000001779f00000,0x000000177a000000)]
  0x0000013d6b65a350 JavaThread "WorkerExecutor Queue Thread 3" [_thread_blocked, id=4264, stack(0x000000177a000000,0x000000177a100000)]
  0x0000013d6b65acf0 JavaThread "WorkerExecutor Queue Thread 4" [_thread_blocked, id=6948, stack(0x000000177a100000,0x000000177a200000)]
  0x0000013d689b9040 JavaThread "C2 CompilerThread2" daemon [_thread_in_native, id=10412, stack(0x0000001773f00000,0x0000001774000000)]
  0x0000013d6b6564c0 JavaThread "pool-3-thread-1" [_thread_blocked, id=10440, stack(0x000000177a200000,0x000000177a300000)]
  0x0000013d6b656990 JavaThread "stderr" [_thread_in_native, id=6952, stack(0x000000177a300000,0x000000177a400000)]
  0x0000013d6b654cb0 JavaThread "stdout" [_thread_in_native, id=14380, stack(0x000000177a400000,0x000000177a500000)]
  0x0000013d6b657800 JavaThread "ForkJoinPool-1-worker-1" daemon [_thread_blocked, id=13156, stack(0x000000177a500000,0x000000177a600000)]
  0x0000013d6b657cd0 JavaThread "ForkJoinPool-1-worker-2" daemon [_thread_blocked, id=11188, stack(0x000000177a600000,0x000000177a700000)]
  0x0000013d6b658b40 JavaThread "ForkJoinPool-1-worker-3" daemon [_thread_blocked, id=10016, stack(0x000000177a700000,0x000000177a800000)]
  0x0000013d6d4cad80 JavaThread "ForkJoinPool-1-worker-4" daemon [_thread_blocked, id=6964, stack(0x000000177a800000,0x000000177a900000)]
  0x0000013d6d4cc590 JavaThread "ForkJoinPool-1-worker-5" daemon [_thread_blocked, id=14372, stack(0x000000177a900000,0x000000177aa00000)]
  0x0000013d6d4cd8d0 JavaThread "ForkJoinPool-1-worker-6" daemon [_thread_blocked, id=8564, stack(0x000000177aa00000,0x000000177ab00000)]
  0x0000013d6d42d010 JavaThread "ForkJoinPool-1-worker-7" daemon [_thread_blocked, id=6308, stack(0x000000177ab00000,0x000000177ac00000)]
  0x0000013d6d429b20 JavaThread "ForkJoinPool-1-worker-8" daemon [_thread_blocked, id=12208, stack(0x000000177ac00000,0x000000177ad00000)]

Other Threads:
=>0x0000013d678da930 VMThread "VM Thread" [stack: 0x0000001770d00000,0x0000001770e00000] [id=6956]
  0x0000013d685d84f0 WatcherThread [stack: 0x0000001771900000,0x0000001771a00000] [id=8232]
  0x0000013d4dad3510 GCTaskThread "GC Thread#0" [stack: 0x0000001770800000,0x0000001770900000] [id=10604]
  0x0000013d6902fdd0 GCTaskThread "GC Thread#1" [stack: 0x0000001771a00000,0x0000001771b00000] [id=3332]
  0x0000013d68f9f720 GCTaskThread "GC Thread#2" [stack: 0x0000001771b00000,0x0000001771c00000] [id=3520]
  0x0000013d6907a440 GCTaskThread "GC Thread#3" [stack: 0x0000001771c00000,0x0000001771d00000] [id=4912]
  0x0000013d69518bf0 GCTaskThread "GC Thread#4" [stack: 0x0000001771d00000,0x0000001771e00000] [id=14916]
  0x0000013d6a861150 GCTaskThread "GC Thread#5" [stack: 0x0000001772800000,0x0000001772900000] [id=14528]
  0x0000013d6a861400 GCTaskThread "GC Thread#6" [stack: 0x0000001772900000,0x0000001772a00000] [id=2356]
  0x0000013d6aaaed30 GCTaskThread "GC Thread#7" [stack: 0x0000001772a00000,0x0000001772b00000] [id=1196]
  0x0000013d4dae5460 ConcurrentGCThread "G1 Main Marker" [stack: 0x0000001770900000,0x0000001770a00000] [id=15268]
  0x0000013d4dae5e70 ConcurrentGCThread "G1 Conc#0" [stack: 0x0000001770a00000,0x0000001770b00000] [id=6796]
  0x0000013d6a8dbe30 ConcurrentGCThread "G1 Conc#1" [stack: 0x0000001772b00000,0x0000001772c00000] [id=10056]
  0x0000013d677220b0 ConcurrentGCThread "G1 Refine#0" [stack: 0x0000001770b00000,0x0000001770c00000] [id=10844]
  0x0000013d6d529730 ConcurrentGCThread "G1 Refine#1" [stack: 0x000000177ad00000,0x000000177ae00000] [id=12116]
  0x0000013d6d528bb0 ConcurrentGCThread "G1 Refine#2" [stack: 0x000000177ae00000,0x000000177af00000] [id=5644]
  0x0000013d6d52ae30 ConcurrentGCThread "G1 Refine#3" [stack: 0x000000177af00000,0x000000177b000000] [id=15168]
  0x0000013d6d528e90 ConcurrentGCThread "G1 Refine#4" [stack: 0x000000177b000000,0x000000177b100000] [id=12692]
  0x0000013d6d5285f0 ConcurrentGCThread "G1 Refine#5" [stack: 0x000000177b100000,0x000000177b200000] [id=2280]
  0x0000013d67722ad0 ConcurrentGCThread "G1 Service" [stack: 0x0000001770c00000,0x0000001770d00000] [id=7320]

Threads with active compile tasks:
C2 CompilerThread0    27408 11550   !   4       org.gradle.internal.classloader.FilteringClassLoader::loadClass (62 bytes)
C1 CompilerThread0    27408 11747 %     3       com.android.tools.r8.dex.B::a @ 143 (836 bytes)
C2 CompilerThread1    27408 11564       4       java.lang.invoke.MethodType::makeImpl (109 bytes)
C2 CompilerThread2    27408 11254 %     4       com.android.tools.r8.dex.B::l @ 63 (1921 bytes)

VM state: at safepoint (normal execution)

VM Mutex/Monitor currently owned by a thread:  ([mutex/lock_event])
[0x0000013d4da64050] Threads_lock - owner thread: 0x0000013d678da930
[0x0000013d4da70b80] Heap_lock - owner thread: 0x0000013d6b657800

Heap address: 0x0000000080000000, size: 2048 MB, Compressed Oops mode: 32-bit

CDS archive(s) not mapped
Compressed class space mapped at: 0x0000000100000000-0x0000000140000000, reserved size: 1073741824
Narrow klass base: 0x0000000000000000, Narrow klass shift: 3, Narrow klass range: 0x140000000

GC Precious Log:
 CPUs: 8 total, 8 available
 Memory: 7932M
 Large Page Support: Disabled
 NUMA Support: Disabled
 Compressed Oops: Enabled (32-bit)
 Heap Region Size: 1M
 Heap Min Capacity: 8M
 Heap Initial Capacity: 124M
 Heap Max Capacity: 2G
 Pre-touch: Disabled
 Parallel Workers: 8
 Concurrent Workers: 2
 Concurrent Refinement Workers: 8
 Periodic GC: Disabled

Heap:
 garbage-first heap   total 204800K, used 119808K [0x0000000080000000, 0x0000000100000000)
  region size 1024K, 2 young (2048K), 2 survivors (2048K)
 Metaspace       used 97607K, committed 98240K, reserved 1138688K
  class space    used 13516K, committed 13824K, reserved 1048576K

Heap Regions: E=young(eden), S=young(survivor), O=old, HS=humongous(starts), HC=humongous(continues), CS=collection set, F=free, OA=open archive, CA=closed archive, TAMS=top-at-mark-start (previous, next)
|   0|0x0000000080000000, 0x0000000080100000, 0x0000000080100000|100%|HS|  |TAMS 0x0000000080100000, 0x0000000080000000| Complete 
|   1|0x0000000080100000, 0x0000000080200000, 0x0000000080200000|100%|HC|  |TAMS 0x0000000080200000, 0x0000000080100000| Complete 
|   2|0x0000000080200000, 0x0000000080300000, 0x0000000080300000|100%|HC|  |TAMS 0x0000000080300000, 0x0000000080200000| Complete 
|   3|0x0000000080300000, 0x0000000080400000, 0x0000000080400000|100%|HC|  |TAMS 0x0000000080400000, 0x0000000080300000| Complete 
|   4|0x0000000080400000, 0x0000000080500000, 0x0000000080500000|100%| O|  |TAMS 0x0000000080500000, 0x0000000080400000| Untracked 
|   5|0x0000000080500000, 0x0000000080600000, 0x0000000080600000|100%| O|  |TAMS 0x0000000080600000, 0x0000000080500000| Untracked 
|   6|0x0000000080600000, 0x0000000080700000, 0x0000000080700000|100%| O|  |TAMS 0x0000000080700000, 0x0000000080600000| Untracked 
|   7|0x0000000080700000, 0x0000000080800000, 0x0000000080800000|100%| O|  |TAMS 0x0000000080800000, 0x0000000080700000| Untracked 
|   8|0x0000000080800000, 0x0000000080900000, 0x0000000080900000|100%| O|  |TAMS 0x0000000080900000, 0x0000000080800000| Untracked 
|   9|0x0000000080900000, 0x0000000080a00000, 0x0000000080a00000|100%| O|  |TAMS 0x0000000080a00000, 0x0000000080900000| Untracked 
|  10|0x0000000080a00000, 0x0000000080b00000, 0x0000000080b00000|100%| O|  |TAMS 0x0000000080b00000, 0x0000000080a00000| Untracked 
|  11|0x0000000080b00000, 0x0000000080c00000, 0x0000000080c00000|100%| O|  |TAMS 0x0000000080c00000, 0x0000000080b00000| Untracked 
|  12|0x0000000080c00000, 0x0000000080d00000, 0x0000000080d00000|100%| O|  |TAMS 0x0000000080d00000, 0x0000000080c00000| Untracked 
|  13|0x0000000080d00000, 0x0000000080e00000, 0x0000000080e00000|100%| O|  |TAMS 0x0000000080e00000, 0x0000000080d00000| Untracked 
|  14|0x0000000080e00000, 0x0000000080f00000, 0x0000000080f00000|100%| O|  |TAMS 0x0000000080f00000, 0x0000000080e00000| Untracked 
|  15|0x0000000080f00000, 0x0000000081000000, 0x0000000081000000|100%| O|  |TAMS 0x0000000081000000, 0x0000000080f00000| Untracked 
|  16|0x0000000081000000, 0x0000000081100000, 0x0000000081100000|100%| O|  |TAMS 0x0000000081100000, 0x0000000081000000| Untracked 
|  17|0x0000000081100000, 0x0000000081200000, 0x0000000081200000|100%| O|  |TAMS 0x0000000081200000, 0x0000000081100000| Untracked 
|  18|0x0000000081200000, 0x0000000081300000, 0x0000000081300000|100%| O|  |TAMS 0x0000000081300000, 0x0000000081200000| Untracked 
|  19|0x0000000081300000, 0x0000000081400000, 0x0000000081400000|100%| O|  |TAMS 0x0000000081400000, 0x0000000081300000| Untracked 
|  20|0x0000000081400000, 0x0000000081500000, 0x0000000081500000|100%| O|  |TAMS 0x0000000081500000, 0x0000000081400000| Untracked 
|  21|0x0000000081500000, 0x0000000081600000, 0x0000000081600000|100%| O|  |TAMS 0x0000000081600000, 0x0000000081500000| Untracked 
|  22|0x0000000081600000, 0x0000000081600000, 0x0000000081700000|  0%| F|  |TAMS 0x0000000081600000, 0x0000000081600000| Untracked 
|  23|0x0000000081700000, 0x0000000081800000, 0x0000000081800000|100%|HS|  |TAMS 0x0000000081800000, 0x0000000081700000| Complete 
|  24|0x0000000081800000, 0x0000000081900000, 0x0000000081900000|100%| O|  |TAMS 0x0000000081900000, 0x0000000081800000| Untracked 
|  25|0x0000000081900000, 0x0000000081a00000, 0x0000000081a00000|100%| O|  |TAMS 0x0000000081a00000, 0x0000000081900000| Untracked 
|  26|0x0000000081a00000, 0x0000000081b00000, 0x0000000081b00000|100%| O|  |TAMS 0x0000000081b00000, 0x0000000081a00000| Untracked 
|  27|0x0000000081b00000, 0x0000000081c00000, 0x0000000081c00000|100%| O|  |TAMS 0x0000000081c00000, 0x0000000081b00000| Untracked 
|  28|0x0000000081c00000, 0x0000000081d00000, 0x0000000081d00000|100%| O|  |TAMS 0x0000000081d00000, 0x0000000081c00000| Untracked 
|  29|0x0000000081d00000, 0x0000000081e00000, 0x0000000081e00000|100%| O|  |TAMS 0x0000000081e00000, 0x0000000081d00000| Untracked 
|  30|0x0000000081e00000, 0x0000000081f00000, 0x0000000081f00000|100%| O|  |TAMS 0x0000000081f00000, 0x0000000081e00000| Untracked 
|  31|0x0000000081f00000, 0x0000000082000000, 0x0000000082000000|100%| O|  |TAMS 0x0000000082000000, 0x0000000081f00000| Untracked 
|  32|0x0000000082000000, 0x0000000082100000, 0x0000000082100000|100%|HS|  |TAMS 0x0000000082100000, 0x0000000082000000| Complete 
|  33|0x0000000082100000, 0x0000000082200000, 0x0000000082200000|100%|HS|  |TAMS 0x0000000082200000, 0x0000000082100000| Complete 
|  34|0x0000000082200000, 0x0000000082300000, 0x0000000082300000|100%|HS|  |TAMS 0x0000000082300000, 0x0000000082200000| Complete 
|  35|0x0000000082300000, 0x0000000082400000, 0x0000000082400000|100%| O|  |TAMS 0x0000000082400000, 0x0000000082300000| Untracked 
|  36|0x0000000082400000, 0x0000000082500000, 0x0000000082500000|100%| O|  |TAMS 0x0000000082500000, 0x0000000082400000| Untracked 
|  37|0x0000000082500000, 0x0000000082600000, 0x0000000082600000|100%| O|  |TAMS 0x0000000082600000, 0x0000000082500000| Untracked 
|  38|0x0000000082600000, 0x0000000082700000, 0x0000000082700000|100%| O|  |TAMS 0x0000000082700000, 0x0000000082600000| Untracked 
|  39|0x0000000082700000, 0x0000000082800000, 0x0000000082800000|100%| O|  |TAMS 0x0000000082800000, 0x0000000082700000| Untracked 
|  40|0x0000000082800000, 0x0000000082900000, 0x0000000082900000|100%| O|  |TAMS 0x0000000082900000, 0x0000000082800000| Untracked 
|  41|0x0000000082900000, 0x0000000082a00000, 0x0000000082a00000|100%| O|  |TAMS 0x0000000082a00000, 0x0000000082900000| Untracked 
|  42|0x0000000082a00000, 0x0000000082b00000, 0x0000000082b00000|100%| O|  |TAMS 0x0000000082b00000, 0x0000000082a00000| Untracked 
|  43|0x0000000082b00000, 0x0000000082c00000, 0x0000000082c00000|100%| O|  |TAMS 0x0000000082c00000, 0x0000000082b00000| Untracked 
|  44|0x0000000082c00000, 0x0000000082d00000, 0x0000000082d00000|100%| O|  |TAMS 0x0000000082d00000, 0x0000000082c00000| Untracked 
|  45|0x0000000082d00000, 0x0000000082e00000, 0x0000000082e00000|100%| O|  |TAMS 0x0000000082e00000, 0x0000000082d00000| Untracked 
|  46|0x0000000082e00000, 0x0000000082f00000, 0x0000000082f00000|100%| O|  |TAMS 0x0000000082f00000, 0x0000000082e00000| Untracked 
|  47|0x0000000082f00000, 0x0000000083000000, 0x0000000083000000|100%| O|  |TAMS 0x0000000083000000, 0x0000000082f00000| Untracked 
|  48|0x0000000083000000, 0x0000000083100000, 0x0000000083100000|100%| O|  |TAMS 0x0000000083100000, 0x0000000083000000| Untracked 
|  49|0x0000000083100000, 0x0000000083200000, 0x0000000083200000|100%| O|  |TAMS 0x0000000083200000, 0x0000000083100000| Untracked 
|  50|0x0000000083200000, 0x0000000083300000, 0x0000000083300000|100%| O|  |TAMS 0x0000000083300000, 0x0000000083200000| Untracked 
|  51|0x0000000083300000, 0x0000000083400000, 0x0000000083400000|100%| O|  |TAMS 0x0000000083400000, 0x0000000083300000| Untracked 
|  52|0x0000000083400000, 0x0000000083500000, 0x0000000083500000|100%| O|  |TAMS 0x0000000083500000, 0x0000000083400000| Untracked 
|  53|0x0000000083500000, 0x0000000083600000, 0x0000000083600000|100%| O|  |TAMS 0x0000000083600000, 0x0000000083500000| Untracked 
|  54|0x0000000083600000, 0x0000000083700000, 0x0000000083700000|100%| O|  |TAMS 0x0000000083700000, 0x0000000083600000| Untracked 
|  55|0x0000000083700000, 0x0000000083800000, 0x0000000083800000|100%| O|  |TAMS 0x0000000083800000, 0x0000000083700000| Untracked 
|  56|0x0000000083800000, 0x0000000083900000, 0x0000000083900000|100%| O|  |TAMS 0x0000000083900000, 0x0000000083800000| Untracked 
|  57|0x0000000083900000, 0x0000000083a00000, 0x0000000083a00000|100%| O|  |TAMS 0x0000000083a00000, 0x0000000083900000| Untracked 
|  58|0x0000000083a00000, 0x0000000083b00000, 0x0000000083b00000|100%| O|  |TAMS 0x0000000083b00000, 0x0000000083a00000| Untracked 
|  59|0x0000000083b00000, 0x0000000083c00000, 0x0000000083c00000|100%| O|  |TAMS 0x0000000083c00000, 0x0000000083b00000| Untracked 
|  60|0x0000000083c00000, 0x0000000083d00000, 0x0000000083d00000|100%| O|  |TAMS 0x0000000083d00000, 0x0000000083c00000| Untracked 
|  61|0x0000000083d00000, 0x0000000083e00000, 0x0000000083e00000|100%| O|  |TAMS 0x0000000083e00000, 0x0000000083d00000| Untracked 
|  62|0x0000000083e00000, 0x0000000083f00000, 0x0000000083f00000|100%| O|  |TAMS 0x0000000083f00000, 0x0000000083e00000| Untracked 
|  63|0x0000000083f00000, 0x0000000084000000, 0x0000000084000000|100%| O|  |TAMS 0x0000000084000000, 0x0000000083f00000| Untracked 
|  64|0x0000000084000000, 0x0000000084100000, 0x0000000084100000|100%| O|  |TAMS 0x0000000084100000, 0x0000000084000000| Untracked 
|  65|0x0000000084100000, 0x0000000084200000, 0x0000000084200000|100%| O|  |TAMS 0x0000000084200000, 0x0000000084100000| Untracked 
|  66|0x0000000084200000, 0x0000000084300000, 0x0000000084300000|100%| O|  |TAMS 0x0000000084300000, 0x0000000084200000| Untracked 
|  67|0x0000000084300000, 0x0000000084400000, 0x0000000084400000|100%| O|  |TAMS 0x0000000084400000, 0x0000000084300000| Untracked 
|  68|0x0000000084400000, 0x0000000084500000, 0x0000000084500000|100%| O|  |TAMS 0x0000000084500000, 0x0000000084400000| Untracked 
|  69|0x0000000084500000, 0x0000000084600000, 0x0000000084600000|100%| O|  |TAMS 0x0000000084600000, 0x0000000084500000| Untracked 
|  70|0x0000000084600000, 0x0000000084700000, 0x0000000084700000|100%| O|  |TAMS 0x0000000084700000, 0x0000000084600000| Untracked 
|  71|0x0000000084700000, 0x0000000084800000, 0x0000000084800000|100%| O|  |TAMS 0x0000000084800000, 0x0000000084700000| Untracked 
|  72|0x0000000084800000, 0x0000000084900000, 0x0000000084900000|100%| O|  |TAMS 0x0000000084900000, 0x0000000084800000| Untracked 
|  73|0x0000000084900000, 0x0000000084a00000, 0x0000000084a00000|100%| O|  |TAMS 0x0000000084900000, 0x0000000084900000| Untracked 
|  74|0x0000000084a00000, 0x0000000084b00000, 0x0000000084b00000|100%| O|  |TAMS 0x0000000084b00000, 0x0000000084a00000| Untracked 
|  75|0x0000000084b00000, 0x0000000084c00000, 0x0000000084c00000|100%| O|  |TAMS 0x0000000084c00000, 0x0000000084b00000| Untracked 
|  76|0x0000000084c00000, 0x0000000084d00000, 0x0000000084d00000|100%| O|  |TAMS 0x0000000084d00000, 0x0000000084c00000| Untracked 
|  77|0x0000000084d00000, 0x0000000084e00000, 0x0000000084e00000|100%| O|  |TAMS 0x0000000084e00000, 0x0000000084d00000| Untracked 
|  78|0x0000000084e00000, 0x0000000084f00000, 0x0000000084f00000|100%| O|  |TAMS 0x0000000084f00000, 0x0000000084e00000| Untracked 
|  79|0x0000000084f00000, 0x0000000085000000, 0x0000000085000000|100%| O|  |TAMS 0x0000000085000000, 0x0000000084f00000| Untracked 
|  80|0x0000000085000000, 0x0000000085100000, 0x0000000085100000|100%| O|  |TAMS 0x0000000085100000, 0x0000000085000000| Untracked 
|  81|0x0000000085100000, 0x0000000085200000, 0x0000000085200000|100%|HS|  |TAMS 0x0000000085200000, 0x0000000085100000| Complete 
|  82|0x0000000085200000, 0x0000000085300000, 0x0000000085300000|100%|HC|  |TAMS 0x0000000085300000, 0x0000000085200000| Complete 
|  83|0x0000000085300000, 0x0000000085400000, 0x0000000085400000|100%|HS|  |TAMS 0x0000000085400000, 0x0000000085300000| Complete 
|  84|0x0000000085400000, 0x0000000085500000, 0x0000000085500000|100%|HS|  |TAMS 0x0000000085500000, 0x0000000085400000| Complete 
|  85|0x0000000085500000, 0x0000000085600000, 0x0000000085600000|100%| O|  |TAMS 0x0000000085600000, 0x0000000085500000| Untracked 
|  86|0x0000000085600000, 0x0000000085700000, 0x0000000085700000|100%| O|  |TAMS 0x0000000085700000, 0x0000000085600000| Untracked 
|  87|0x0000000085700000, 0x0000000085800000, 0x0000000085800000|100%| O|  |TAMS 0x0000000085800000, 0x0000000085700000| Untracked 
|  88|0x0000000085800000, 0x0000000085900000, 0x0000000085900000|100%| O|  |TAMS 0x0000000085900000, 0x0000000085800000| Untracked 
|  89|0x0000000085900000, 0x0000000085a00000, 0x0000000085a00000|100%| O|  |TAMS 0x00000000859a2c00, 0x0000000085900000| Untracked 
|  90|0x0000000085a00000, 0x0000000085b00000, 0x0000000085b00000|100%| O|  |TAMS 0x0000000085a00000, 0x0000000085a00000| Untracked 
|  91|0x0000000085b00000, 0x0000000085c00000, 0x0000000085c00000|100%| O|  |TAMS 0x0000000085b00000, 0x0000000085b00000| Untracked 
|  92|0x0000000085c00000, 0x0000000085d00000, 0x0000000085d00000|100%|HS|  |TAMS 0x0000000085d00000, 0x0000000085c00000| Complete 
|  93|0x0000000085d00000, 0x0000000085e00000, 0x0000000085e00000|100%|HC|  |TAMS 0x0000000085e00000, 0x0000000085d00000| Complete 
|  94|0x0000000085e00000, 0x0000000085f00000, 0x0000000085f00000|100%| O|  |TAMS 0x0000000085e00000, 0x0000000085e00000| Untracked 
|  95|0x0000000085f00000, 0x0000000086000000, 0x0000000086000000|100%|HS|  |TAMS 0x0000000086000000, 0x0000000085f00000| Complete 
|  96|0x0000000086000000, 0x0000000086100000, 0x0000000086100000|100%| O|  |TAMS 0x0000000086000000, 0x0000000086000000| Untracked 
|  97|0x0000000086100000, 0x0000000086200000, 0x0000000086200000|100%|HS|  |TAMS 0x0000000086200000, 0x0000000086100000| Complete 
|  98|0x0000000086200000, 0x0000000086300000, 0x0000000086300000|100%| O|  |TAMS 0x0000000086200000, 0x0000000086200000| Untracked 
|  99|0x0000000086300000, 0x0000000086400000, 0x0000000086400000|100%|HS|  |TAMS 0x0000000086400000, 0x0000000086300000| Complete 
| 100|0x0000000086400000, 0x0000000086500000, 0x0000000086500000|100%| O|  |TAMS 0x0000000086400000, 0x0000000086400000| Untracked 
| 101|0x0000000086500000, 0x0000000086600000, 0x0000000086600000|100%| O|  |TAMS 0x0000000086500000, 0x0000000086500000| Untracked 
| 102|0x0000000086600000, 0x0000000086700000, 0x0000000086700000|100%| O|  |TAMS 0x0000000086600000, 0x0000000086600000| Untracked 
| 103|0x0000000086700000, 0x0000000086800000, 0x0000000086800000|100%| O|  |TAMS 0x0000000086700000, 0x0000000086700000| Untracked 
| 104|0x0000000086800000, 0x0000000086900000, 0x0000000086900000|100%| O|  |TAMS 0x0000000086800000, 0x0000000086800000| Untracked 
| 105|0x0000000086900000, 0x0000000086a00000, 0x0000000086a00000|100%| O|  |TAMS 0x0000000086900000, 0x0000000086900000| Untracked 
| 106|0x0000000086a00000, 0x0000000086b00000, 0x0000000086b00000|100%| O|  |TAMS 0x0000000086a00000, 0x0000000086a00000| Untracked 
| 107|0x0000000086b00000, 0x0000000086c00000, 0x0000000086c00000|100%| O|  |TAMS 0x0000000086b00000, 0x0000000086b00000| Untracked 
| 108|0x0000000086c00000, 0x0000000086d00000, 0x0000000086d00000|100%| O|  |TAMS 0x0000000086c00000, 0x0000000086c00000| Untracked 
| 109|0x0000000086d00000, 0x0000000086e00000, 0x0000000086e00000|100%| O|  |TAMS 0x0000000086d00000, 0x0000000086d00000| Untracked 
| 110|0x0000000086e00000, 0x0000000086f00000, 0x0000000086f00000|100%| O|  |TAMS 0x0000000086e00000, 0x0000000086e00000| Untracked 
| 111|0x0000000086f00000, 0x0000000087000000, 0x0000000087000000|100%| O|  |TAMS 0x0000000086f00000, 0x0000000086f00000| Untracked 
| 112|0x0000000087000000, 0x0000000087100000, 0x0000000087100000|100%| O|  |TAMS 0x0000000087000000, 0x0000000087000000| Untracked 
| 113|0x0000000087100000, 0x0000000087200000, 0x0000000087200000|100%| O|  |TAMS 0x0000000087100000, 0x0000000087100000| Untracked 
| 114|0x0000000087200000, 0x0000000087300000, 0x0000000087300000|100%| O|  |TAMS 0x0000000087200000, 0x0000000087200000| Untracked 
| 115|0x0000000087300000, 0x0000000087400000, 0x0000000087400000|100%| O|  |TAMS 0x0000000087300000, 0x0000000087300000| Untracked 
| 116|0x0000000087400000, 0x0000000087400000, 0x0000000087500000|  0%| F|  |TAMS 0x0000000087400000, 0x0000000087400000| Untracked 
| 117|0x0000000087500000, 0x0000000087500000, 0x0000000087600000|  0%| F|  |TAMS 0x0000000087500000, 0x0000000087500000| Untracked 
| 118|0x0000000087600000, 0x0000000087600000, 0x0000000087700000|  0%| F|  |TAMS 0x0000000087600000, 0x0000000087600000| Untracked 
| 119|0x0000000087700000, 0x0000000087700000, 0x0000000087800000|  0%| F|  |TAMS 0x0000000087700000, 0x0000000087700000| Untracked 
| 120|0x0000000087800000, 0x0000000087800000, 0x0000000087900000|  0%| F|  |TAMS 0x0000000087800000, 0x0000000087800000| Untracked 
| 121|0x0000000087900000, 0x0000000087900000, 0x0000000087a00000|  0%| F|  |TAMS 0x0000000087900000, 0x0000000087900000| Untracked 
| 122|0x0000000087a00000, 0x0000000087a00000, 0x0000000087b00000|  0%| F|  |TAMS 0x0000000087a00000, 0x0000000087a00000| Untracked 
| 123|0x0000000087b00000, 0x0000000087b00000, 0x0000000087c00000|  0%| F|  |TAMS 0x0000000087b00000, 0x0000000087b00000| Untracked 
| 124|0x0000000087c00000, 0x0000000087c00000, 0x0000000087d00000|  0%| F|  |TAMS 0x0000000087c00000, 0x0000000087c00000| Untracked 
| 125|0x0000000087d00000, 0x0000000087d00000, 0x0000000087e00000|  0%| F|  |TAMS 0x0000000087d00000, 0x0000000087d00000| Untracked 
| 126|0x0000000087e00000, 0x0000000087e00000, 0x0000000087f00000|  0%| F|  |TAMS 0x0000000087e00000, 0x0000000087e00000| Untracked 
| 127|0x0000000087f00000, 0x0000000087f00000, 0x0000000088000000|  0%| F|  |TAMS 0x0000000087f00000, 0x0000000087f00000| Untracked 
| 128|0x0000000088000000, 0x0000000088000000, 0x0000000088100000|  0%| F|  |TAMS 0x0000000088000000, 0x0000000088000000| Untracked 
| 129|0x0000000088100000, 0x0000000088100000, 0x0000000088200000|  0%| F|  |TAMS 0x0000000088100000, 0x0000000088100000| Untracked 
| 130|0x0000000088200000, 0x0000000088200000, 0x0000000088300000|  0%| F|  |TAMS 0x0000000088200000, 0x0000000088200000| Untracked 
| 131|0x0000000088300000, 0x0000000088300000, 0x0000000088400000|  0%| F|  |TAMS 0x0000000088300000, 0x0000000088300000| Untracked 
| 132|0x0000000088400000, 0x0000000088400000, 0x0000000088500000|  0%| F|  |TAMS 0x0000000088400000, 0x0000000088400000| Untracked 
| 133|0x0000000088500000, 0x0000000088500000, 0x0000000088600000|  0%| F|  |TAMS 0x0000000088500000, 0x0000000088500000| Untracked 
| 134|0x0000000088600000, 0x0000000088600000, 0x0000000088700000|  0%| F|  |TAMS 0x0000000088600000, 0x0000000088600000| Untracked 
| 135|0x0000000088700000, 0x0000000088700000, 0x0000000088800000|  0%| F|  |TAMS 0x0000000088700000, 0x0000000088700000| Untracked 
| 136|0x0000000088800000, 0x0000000088800000, 0x0000000088900000|  0%| F|  |TAMS 0x0000000088800000, 0x0000000088800000| Untracked 
| 137|0x0000000088900000, 0x0000000088900000, 0x0000000088a00000|  0%| F|  |TAMS 0x0000000088900000, 0x0000000088900000| Untracked 
| 138|0x0000000088a00000, 0x0000000088a00000, 0x0000000088b00000|  0%| F|  |TAMS 0x0000000088a00000, 0x0000000088a00000| Untracked 
| 139|0x0000000088b00000, 0x0000000088b00000, 0x0000000088c00000|  0%| F|  |TAMS 0x0000000088b00000, 0x0000000088b00000| Untracked 
| 140|0x0000000088c00000, 0x0000000088c00000, 0x0000000088d00000|  0%| F|  |TAMS 0x0000000088c00000, 0x0000000088c00000| Untracked 
| 141|0x0000000088d00000, 0x0000000088d00000, 0x0000000088e00000|  0%| F|  |TAMS 0x0000000088d00000, 0x0000000088d00000| Untracked 
| 142|0x0000000088e00000, 0x0000000088e00000, 0x0000000088f00000|  0%| F|  |TAMS 0x0000000088e00000, 0x0000000088e00000| Untracked 
| 143|0x0000000088f00000, 0x0000000088f00000, 0x0000000089000000|  0%| F|  |TAMS 0x0000000088f00000, 0x0000000088f00000| Untracked 
| 144|0x0000000089000000, 0x0000000089000000, 0x0000000089100000|  0%| F|  |TAMS 0x0000000089000000, 0x0000000089000000| Untracked 
| 145|0x0000000089100000, 0x0000000089100000, 0x0000000089200000|  0%| F|  |TAMS 0x0000000089100000, 0x0000000089100000| Untracked 
| 146|0x0000000089200000, 0x0000000089200000, 0x0000000089300000|  0%| F|  |TAMS 0x0000000089200000, 0x0000000089200000| Untracked 
| 147|0x0000000089300000, 0x0000000089300000, 0x0000000089400000|  0%| F|  |TAMS 0x0000000089300000, 0x0000000089300000| Untracked 
| 148|0x0000000089400000, 0x0000000089400000, 0x0000000089500000|  0%| F|  |TAMS 0x0000000089400000, 0x0000000089400000| Untracked 
| 149|0x0000000089500000, 0x0000000089500000, 0x0000000089600000|  0%| F|  |TAMS 0x0000000089500000, 0x0000000089500000| Untracked 
| 150|0x0000000089600000, 0x0000000089600000, 0x0000000089700000|  0%| F|  |TAMS 0x0000000089600000, 0x0000000089600000| Untracked 
| 151|0x0000000089700000, 0x0000000089700000, 0x0000000089800000|  0%| F|  |TAMS 0x0000000089700000, 0x0000000089700000| Untracked 
| 152|0x0000000089800000, 0x0000000089800000, 0x0000000089900000|  0%| F|  |TAMS 0x0000000089800000, 0x0000000089800000| Untracked 
| 153|0x0000000089900000, 0x0000000089900000, 0x0000000089a00000|  0%| F|  |TAMS 0x0000000089900000, 0x0000000089900000| Untracked 
| 154|0x0000000089a00000, 0x0000000089a00000, 0x0000000089b00000|  0%| F|  |TAMS 0x0000000089a00000, 0x0000000089a00000| Untracked 
| 155|0x0000000089b00000, 0x0000000089b00000, 0x0000000089c00000|  0%| F|  |TAMS 0x0000000089b00000, 0x0000000089b00000| Untracked 
| 156|0x0000000089c00000, 0x0000000089c00000, 0x0000000089d00000|  0%| F|  |TAMS 0x0000000089c00000, 0x0000000089c00000| Untracked 
| 157|0x0000000089d00000, 0x0000000089d00000, 0x0000000089e00000|  0%| F|  |TAMS 0x0000000089d00000, 0x0000000089d00000| Untracked 
| 158|0x0000000089e00000, 0x0000000089e00000, 0x0000000089f00000|  0%| F|  |TAMS 0x0000000089e00000, 0x0000000089e00000| Untracked 
| 159|0x0000000089f00000, 0x0000000089f00000, 0x000000008a000000|  0%| F|  |TAMS 0x0000000089f00000, 0x0000000089f00000| Untracked 
| 160|0x000000008a000000, 0x000000008a000000, 0x000000008a100000|  0%| F|  |TAMS 0x000000008a000000, 0x000000008a000000| Untracked 
| 161|0x000000008a100000, 0x000000008a100000, 0x000000008a200000|  0%| F|  |TAMS 0x000000008a100000, 0x000000008a100000| Untracked 
| 162|0x000000008a200000, 0x000000008a200000, 0x000000008a300000|  0%| F|  |TAMS 0x000000008a200000, 0x000000008a200000| Untracked 
| 163|0x000000008a300000, 0x000000008a300000, 0x000000008a400000|  0%| F|  |TAMS 0x000000008a300000, 0x000000008a300000| Untracked 
| 164|0x000000008a400000, 0x000000008a400000, 0x000000008a500000|  0%| F|  |TAMS 0x000000008a400000, 0x000000008a400000| Untracked 
| 165|0x000000008a500000, 0x000000008a500000, 0x000000008a600000|  0%| F|  |TAMS 0x000000008a500000, 0x000000008a500000| Untracked 
| 166|0x000000008a600000, 0x000000008a600000, 0x000000008a700000|  0%| F|  |TAMS 0x000000008a600000, 0x000000008a600000| Untracked 
| 167|0x000000008a700000, 0x000000008a700000, 0x000000008a800000|  0%| F|  |TAMS 0x000000008a700000, 0x000000008a700000| Untracked 
| 168|0x000000008a800000, 0x000000008a800000, 0x000000008a900000|  0%| F|  |TAMS 0x000000008a800000, 0x000000008a800000| Untracked 
| 169|0x000000008a900000, 0x000000008a900000, 0x000000008aa00000|  0%| F|  |TAMS 0x000000008a900000, 0x000000008a900000| Untracked 
| 170|0x000000008aa00000, 0x000000008aa00000, 0x000000008ab00000|  0%| F|  |TAMS 0x000000008aa00000, 0x000000008aa00000| Untracked 
| 171|0x000000008ab00000, 0x000000008ab00000, 0x000000008ac00000|  0%| F|  |TAMS 0x000000008ab00000, 0x000000008ab00000| Untracked 
| 172|0x000000008ac00000, 0x000000008ac00000, 0x000000008ad00000|  0%| F|  |TAMS 0x000000008ac00000, 0x000000008ac00000| Untracked 
| 173|0x000000008ad00000, 0x000000008ad00000, 0x000000008ae00000|  0%| F|  |TAMS 0x000000008ad00000, 0x000000008ad00000| Untracked 
| 174|0x000000008ae00000, 0x000000008ae00000, 0x000000008af00000|  0%| F|  |TAMS 0x000000008ae00000, 0x000000008ae00000| Untracked 
| 175|0x000000008af00000, 0x000000008af00000, 0x000000008b000000|  0%| F|  |TAMS 0x000000008af00000, 0x000000008af00000| Untracked 
| 176|0x000000008b000000, 0x000000008b000000, 0x000000008b100000|  0%| F|  |TAMS 0x000000008b000000, 0x000000008b000000| Untracked 
| 177|0x000000008b100000, 0x000000008b100000, 0x000000008b200000|  0%| F|  |TAMS 0x000000008b100000, 0x000000008b100000| Untracked 
| 178|0x000000008b200000, 0x000000008b200000, 0x000000008b300000|  0%| F|  |TAMS 0x000000008b200000, 0x000000008b200000| Untracked 
| 179|0x000000008b300000, 0x000000008b300000, 0x000000008b400000|  0%| F|  |TAMS 0x000000008b300000, 0x000000008b300000| Untracked 
| 180|0x000000008b400000, 0x000000008b400000, 0x000000008b500000|  0%| F|  |TAMS 0x000000008b400000, 0x000000008b400000| Untracked 
| 181|0x000000008b500000, 0x000000008b500000, 0x000000008b600000|  0%| F|  |TAMS 0x000000008b500000, 0x000000008b500000| Untracked 
| 182|0x000000008b600000, 0x000000008b600000, 0x000000008b700000|  0%| F|  |TAMS 0x000000008b600000, 0x000000008b600000| Untracked 
| 183|0x000000008b700000, 0x000000008b700000, 0x000000008b800000|  0%| F|  |TAMS 0x000000008b700000, 0x000000008b700000| Untracked 
| 184|0x000000008b800000, 0x000000008b800000, 0x000000008b900000|  0%| F|  |TAMS 0x000000008b800000, 0x000000008b800000| Untracked 
| 185|0x000000008b900000, 0x000000008b900000, 0x000000008ba00000|  0%| F|  |TAMS 0x000000008b900000, 0x000000008b900000| Untracked 
| 186|0x000000008ba00000, 0x000000008ba00000, 0x000000008bb00000|  0%| F|  |TAMS 0x000000008ba00000, 0x000000008ba00000| Untracked 
| 187|0x000000008bb00000, 0x000000008bb00000, 0x000000008bc00000|  0%| F|  |TAMS 0x000000008bb00000, 0x000000008bb00000| Untracked 
| 188|0x000000008bc00000, 0x000000008bc00000, 0x000000008bd00000|  0%| F|  |TAMS 0x000000008bc00000, 0x000000008bc00000| Untracked 
| 189|0x000000008bd00000, 0x000000008bd00000, 0x000000008be00000|  0%| F|  |TAMS 0x000000008bd00000, 0x000000008bd00000| Untracked 
| 190|0x000000008be00000, 0x000000008be00000, 0x000000008bf00000|  0%| F|  |TAMS 0x000000008be00000, 0x000000008be00000| Untracked 
| 191|0x000000008bf00000, 0x000000008bf00000, 0x000000008c000000|  0%| F|  |TAMS 0x000000008bf00000, 0x000000008bf00000| Untracked 
| 192|0x000000008c000000, 0x000000008c000000, 0x000000008c100000|  0%| F|  |TAMS 0x000000008c000000, 0x000000008c000000| Untracked 
| 193|0x000000008c100000, 0x000000008c200000, 0x000000008c200000|100%| S|CS|TAMS 0x000000008c100000, 0x000000008c100000| Complete 
| 194|0x000000008c200000, 0x000000008c300000, 0x000000008c300000|100%| S|CS|TAMS 0x000000008c200000, 0x000000008c200000| Complete 
| 195|0x000000008c300000, 0x000000008c300000, 0x000000008c400000|  0%| F|  |TAMS 0x000000008c300000, 0x000000008c300000| Untracked 
| 196|0x000000008c400000, 0x000000008c400000, 0x000000008c500000|  0%| F|  |TAMS 0x000000008c400000, 0x000000008c400000| Untracked 
| 197|0x000000008c500000, 0x000000008c500000, 0x000000008c600000|  0%| F|  |TAMS 0x000000008c500000, 0x000000008c500000| Untracked 
| 198|0x000000008c600000, 0x000000008c600000, 0x000000008c700000|  0%| F|  |TAMS 0x000000008c600000, 0x000000008c600000| Untracked 
| 199|0x000000008c700000, 0x000000008c700000, 0x000000008c800000|  0%| F|  |TAMS 0x000000008c700000, 0x000000008c700000| Untracked 

Card table byte_map: [0x0000013d60670000,0x0000013d60a70000] _byte_map_base: 0x0000013d60270000

Marking Bits (Prev, Next): (CMBitMap*) 0x0000013d4dad3b20, (CMBitMap*) 0x0000013d4dad3b60
 Prev Bits: [0x0000013d60e70000, 0x0000013d62e70000)
 Next Bits: [0x0000013d62e70000, 0x0000013d64e70000)

Polling page: 0x0000013d4d240000

Metaspace:

Usage:
  Non-class:     82.12 MB used.
      Class:     13.20 MB used.
       Both:     95.32 MB used.

Virtual space:
  Non-class space:       88.00 MB reserved,      82.44 MB ( 94%) committed,  11 nodes.
      Class space:        1.00 GB reserved,      13.50 MB (  1%) committed,  1 nodes.
             Both:        1.09 GB reserved,      95.94 MB (  9%) committed. 

Chunk freelists:
   Non-Class:  1.09 MB
       Class:  2.50 MB
        Both:  3.59 MB

MaxMetaspaceSize: unlimited
CompressedClassSpaceSize: 1.00 GB
Initial GC threshold: 21.00 MB
Current GC threshold: 155.75 MB
CDS: off
MetaspaceReclaimPolicy: balanced
 - commit_granule_bytes: 65536.
 - commit_granule_words: 8192.
 - virtual_space_node_default_size: 1048576.
 - enlarge_chunks_in_place: 1.
 - new_chunks_are_fully_committed: 0.
 - uncommit_free_chunks: 1.
 - use_allocation_guard: 0.
 - handle_deallocations: 1.


Internal statistics:

num_allocs_failed_limit: 12.
num_arena_births: 954.
num_arena_deaths: 12.
num_vsnodes_births: 12.
num_vsnodes_deaths: 0.
num_space_committed: 1534.
num_space_uncommitted: 0.
num_chunks_returned_to_freelist: 28.
num_chunks_taken_from_freelist: 4714.
num_chunk_merges: 10.
num_chunk_splits: 3012.
num_chunks_enlarged: 1897.
num_purges: 2.
num_inconsistent_stats: 0.

CodeHeap 'non-profiled nmethods': size=120000Kb used=5867Kb max_used=5867Kb free=114132Kb
 bounds [0x0000013d58a10000, 0x0000013d58fd0000, 0x0000013d5ff40000]
CodeHeap 'profiled nmethods': size=120000Kb used=19338Kb max_used=19338Kb free=100661Kb
 bounds [0x0000013d50f40000, 0x0000013d52230000, 0x0000013d58470000]
CodeHeap 'non-nmethods': size=5760Kb used=2412Kb max_used=2465Kb free=3347Kb
 bounds [0x0000013d58470000, 0x0000013d586e0000, 0x0000013d58a10000]
 total_blobs=10991 nmethods=10060 adapters=843
 compilation: enabled
              stopped_count=0, restarted_count=0
 full_count=0

Compilation events (20 events):
Event: 27.315 Thread 0x0000013d68438dd0 nmethod 11696 0x0000013d5221f010 code [0x0000013d5221f1a0, 0x0000013d5221f2f8]
Event: 27.315 Thread 0x0000013d68438dd0 11697       3       com.android.tools.r8.graph.W0$a::a (7 bytes)
Event: 27.315 Thread 0x0000013d68438dd0 nmethod 11697 0x0000013d5221f390 code [0x0000013d5221f520, 0x0000013d5221f678]
Event: 27.315 Thread 0x0000013d68438dd0 11700       3       com.android.tools.r8.graph.W0$a::<init> (98 bytes)
Event: 27.316 Thread 0x0000013d68438dd0 nmethod 11700 0x0000013d5221f710 code [0x0000013d5221f960, 0x0000013d52220318]
Event: 27.316 Thread 0x0000013d68438dd0 11734       2       com.android.tools.r8.dex.code.K0::hashCode (24 bytes)
Event: 27.316 Thread 0x0000013d68438dd0 nmethod 11734 0x0000013d52220610 code [0x0000013d522207c0, 0x0000013d52220938]
Event: 27.316 Thread 0x0000013d68438dd0 11735       2       com.android.tools.r8.dex.code.K0::<init> (22 bytes)
Event: 27.316 Thread 0x0000013d68438dd0 nmethod 11735 0x0000013d52220a10 code [0x0000013d52220bc0, 0x0000013d52220e28]
Event: 27.316 Thread 0x0000013d68438dd0 11695       3       com.android.tools.r8.graph.W0$a::a (7 bytes)
Event: 27.316 Thread 0x0000013d68438dd0 nmethod 11695 0x0000013d52221010 code [0x0000013d522211a0, 0x0000013d522212f8]
Event: 27.316 Thread 0x0000013d68438dd0 11682       3       java.nio.ShortBuffer::limit (6 bytes)
Event: 27.316 Thread 0x0000013d68438dd0 nmethod 11682 0x0000013d52221390 code [0x0000013d52221540, 0x0000013d522216e8]
Event: 27.316 Thread 0x0000013d68438dd0 11714       2       com.android.tools.r8.dex.B::a (73 bytes)
Event: 27.318 Thread 0x0000013d68438dd0 nmethod 11714 0x0000013d52221790 code [0x0000013d522219a0, 0x0000013d52221e28]
Event: 27.318 Thread 0x0000013d68438dd0 11713       2       com.android.tools.r8.graph.w0::s0 (86 bytes)
Event: 27.320 Thread 0x0000013d68438dd0 nmethod 11713 0x0000013d52222190 code [0x0000013d52222360, 0x0000013d52222578]
Event: 27.321 Thread 0x0000013d68438dd0 11704       2       com.android.tools.r8.dex.code.O::<init> (5 bytes)
Event: 27.329 Thread 0x0000013d68438dd0 nmethod 11704 0x0000013d52222690 code [0x0000013d52222820, 0x0000013d52222918]
Event: 27.330 Thread 0x0000013d68438dd0 11747 %     3       com.android.tools.r8.dex.B::a @ 143 (836 bytes)

GC Heap History (20 events):
Event: 23.003 GC heap after
{Heap after GC invocations=32 (full 0):
 garbage-first heap   total 125952K, used 75227K [0x0000000080000000, 0x0000000100000000)
  region size 1024K, 4 young (4096K), 4 survivors (4096K)
 Metaspace       used 83814K, committed 84416K, reserved 1122304K
  class space    used 11513K, committed 11776K, reserved 1048576K
}
Event: 23.562 GC heap before
{Heap before GC invocations=33 (full 0):
 garbage-first heap   total 135168K, used 100827K [0x0000000080000000, 0x0000000100000000)
  region size 1024K, 30 young (30720K), 4 survivors (4096K)
 Metaspace       used 84302K, committed 84864K, reserved 1130496K
  class space    used 11600K, committed 11840K, reserved 1048576K
}
Event: 23.569 GC heap after
{Heap after GC invocations=34 (full 0):
 garbage-first heap   total 135168K, used 77716K [0x0000000080000000, 0x0000000100000000)
  region size 1024K, 3 young (3072K), 3 survivors (3072K)
 Metaspace       used 84302K, committed 84864K, reserved 1130496K
  class space    used 11600K, committed 11840K, reserved 1048576K
}
Event: 24.261 GC heap before
{Heap before GC invocations=34 (full 0):
 garbage-first heap   total 135168K, used 108436K [0x0000000080000000, 0x0000000100000000)
  region size 1024K, 34 young (34816K), 3 survivors (3072K)
 Metaspace       used 84813K, committed 85440K, reserved 1130496K
  class space    used 11655K, committed 11968K, reserved 1048576K
}
Event: 24.269 GC heap after
{Heap after GC invocations=35 (full 0):
 garbage-first heap   total 135168K, used 79772K [0x0000000080000000, 0x0000000100000000)
  region size 1024K, 5 young (5120K), 5 survivors (5120K)
 Metaspace       used 84813K, committed 85440K, reserved 1130496K
  class space    used 11655K, committed 11968K, reserved 1048576K
}
Event: 24.905 GC heap before
{Heap before GC invocations=36 (full 0):
 garbage-first heap   total 145408K, used 109468K [0x0000000080000000, 0x0000000100000000)
  region size 1024K, 35 young (35840K), 5 survivors (5120K)
 Metaspace       used 85223K, committed 85824K, reserved 1130496K
  class space    used 11680K, committed 11968K, reserved 1048576K
}
Event: 24.913 GC heap after
{Heap after GC invocations=37 (full 0):
 garbage-first heap   total 145408K, used 81959K [0x0000000080000000, 0x0000000100000000)
  region size 1024K, 5 young (5120K), 5 survivors (5120K)
 Metaspace       used 85223K, committed 85824K, reserved 1130496K
  class space    used 11680K, committed 11968K, reserved 1048576K
}
Event: 24.999 GC heap before
{Heap before GC invocations=37 (full 0):
 garbage-first heap   total 145408K, used 84007K [0x0000000080000000, 0x0000000100000000)
  region size 1024K, 7 young (7168K), 5 survivors (5120K)
 Metaspace       used 85295K, committed 85888K, reserved 1130496K
  class space    used 11684K, committed 11968K, reserved 1048576K
}
Event: 25.007 GC heap after
{Heap after GC invocations=38 (full 0):
 garbage-first heap   total 175104K, used 81982K [0x0000000080000000, 0x0000000100000000)
  region size 1024K, 1 young (1024K), 1 survivors (1024K)
 Metaspace       used 85295K, committed 85888K, reserved 1130496K
  class space    used 11684K, committed 11968K, reserved 1048576K
}
Event: 25.039 GC heap before
{Heap before GC invocations=38 (full 0):
 garbage-first heap   total 175104K, used 81982K [0x0000000080000000, 0x0000000100000000)
  region size 1024K, 3 young (3072K), 1 survivors (1024K)
 Metaspace       used 85374K, committed 86016K, reserved 1130496K
  class space    used 11702K, committed 11968K, reserved 1048576K
}
Event: 25.042 GC heap after
{Heap after GC invocations=39 (full 0):
 garbage-first heap   total 175104K, used 82168K [0x0000000080000000, 0x0000000100000000)
  region size 1024K, 1 young (1024K), 1 survivors (1024K)
 Metaspace       used 85374K, committed 86016K, reserved 1130496K
  class space    used 11702K, committed 11968K, reserved 1048576K
}
Event: 25.916 GC heap before
{Heap before GC invocations=40 (full 0):
 garbage-first heap   total 175104K, used 144632K [0x0000000080000000, 0x0000000100000000)
  region size 1024K, 60 young (61440K), 1 survivors (1024K)
 Metaspace       used 88213K, committed 88832K, reserved 1130496K
  class space    used 12011K, committed 12288K, reserved 1048576K
}
Event: 25.925 GC heap after
{Heap after GC invocations=41 (full 0):
 garbage-first heap   total 175104K, used 87050K [0x0000000080000000, 0x0000000100000000)
  region size 1024K, 4 young (4096K), 4 survivors (4096K)
 Metaspace       used 88213K, committed 88832K, reserved 1130496K
  class space    used 12011K, committed 12288K, reserved 1048576K
}
Event: 26.048 GC heap before
{Heap before GC invocations=41 (full 0):
 garbage-first heap   total 175104K, used 93194K [0x0000000080000000, 0x0000000100000000)
  region size 1024K, 8 young (8192K), 4 survivors (4096K)
 Metaspace       used 88583K, committed 89216K, reserved 1130496K
  class space    used 12069K, committed 12352K, reserved 1048576K
}
Event: 26.056 GC heap after
{Heap after GC invocations=42 (full 0):
 garbage-first heap   total 175104K, used 91787K [0x0000000080000000, 0x0000000100000000)
  region size 1024K, 1 young (1024K), 1 survivors (1024K)
 Metaspace       used 88583K, committed 89216K, reserved 1130496K
  class space    used 12069K, committed 12352K, reserved 1048576K
}
Event: 26.721 GC heap before
{Heap before GC invocations=42 (full 0):
 garbage-first heap   total 175104K, used 153227K [0x0000000080000000, 0x0000000100000000)
  region size 1024K, 51 young (52224K), 1 survivors (1024K)
 Metaspace       used 94653K, committed 95296K, reserved 1138688K
  class space    used 12900K, committed 13184K, reserved 1048576K
}
Event: 26.732 GC heap after
{Heap after GC invocations=43 (full 0):
 garbage-first heap   total 175104K, used 107142K [0x0000000080000000, 0x0000000100000000)
  region size 1024K, 7 young (7168K), 7 survivors (7168K)
 Metaspace       used 94653K, committed 95296K, reserved 1138688K
  class space    used 12900K, committed 13184K, reserved 1048576K
}
Event: 27.251 GC heap before
{Heap before GC invocations=44 (full 0):
 garbage-first heap   total 204800K, used 138886K [0x0000000080000000, 0x0000000100000000)
  region size 1024K, 39 young (39936K), 7 survivors (7168K)
 Metaspace       used 97540K, committed 98176K, reserved 1138688K
  class space    used 13516K, committed 13824K, reserved 1048576K
}
Event: 27.276 GC heap after
{Heap after GC invocations=45 (full 0):
 garbage-first heap   total 204800K, used 117154K [0x0000000080000000, 0x0000000100000000)
  region size 1024K, 5 young (5120K), 5 survivors (5120K)
 Metaspace       used 97540K, committed 98176K, reserved 1138688K
  class space    used 13516K, committed 13824K, reserved 1048576K
}
Event: 27.331 GC heap before
{Heap before GC invocations=45 (full 0):
 garbage-first heap   total 204800K, used 122274K [0x0000000080000000, 0x0000000100000000)
  region size 1024K, 10 young (10240K), 5 survivors (5120K)
 Metaspace       used 97607K, committed 98240K, reserved 1138688K
  class space    used 13516K, committed 13824K, reserved 1048576K
}

Dll operation events (2 events):
Event: 0.022 Loaded shared library C:\Program Files\Android\Android Studio\jbr\bin\java.dll
Event: 1.223 Loaded shared library C:\Program Files\Android\Android Studio\jbr\bin\verify.dll

Deoptimization events (20 events):
Event: 26.694 Thread 0x0000013d6b65a350 DEOPT PACKING pc=0x0000013d52106912 sp=0x000000177a0fd110
Event: 26.694 Thread 0x0000013d6b65a350 DEOPT UNPACKING pc=0x0000013d584cace3 sp=0x000000177a0fc620 mode 0
Event: 26.740 Thread 0x0000013d6b65a350 DEOPT PACKING pc=0x0000013d5210a706 sp=0x000000177a0fd260
Event: 26.740 Thread 0x0000013d6b65a350 DEOPT UNPACKING pc=0x0000013d584cace3 sp=0x000000177a0fc6d8 mode 0
Event: 26.741 Thread 0x0000013d6b65a350 DEOPT PACKING pc=0x0000013d5210a706 sp=0x000000177a0fd260
Event: 26.741 Thread 0x0000013d6b65a350 DEOPT UNPACKING pc=0x0000013d584cace3 sp=0x000000177a0fc6d8 mode 0
Event: 26.743 Thread 0x0000013d6b65a350 DEOPT PACKING pc=0x0000013d5210a706 sp=0x000000177a0fd260
Event: 26.743 Thread 0x0000013d6b65a350 DEOPT UNPACKING pc=0x0000013d584cace3 sp=0x000000177a0fc6d8 mode 0
Event: 26.745 Thread 0x0000013d6b65a350 Uncommon trap: trap_request=0xffffff45 fr.pc=0x0000013d58e29384 relative=0x00000000000004e4
Event: 26.745 Thread 0x0000013d6b65a350 Uncommon trap: reason=unstable_if action=reinterpret pc=0x0000013d58e29384 method=com.android.tools.r8.utils.j1.e(I)Z @ 45 c2
Event: 26.746 Thread 0x0000013d6b65a350 DEOPT PACKING pc=0x0000013d58e29384 sp=0x000000177a0fd2f0
Event: 26.746 Thread 0x0000013d6b65a350 DEOPT UNPACKING pc=0x0000013d584ca1a3 sp=0x000000177a0fd1c0 mode 2
Event: 26.812 Thread 0x0000013d6b655180 Uncommon trap: trap_request=0xffffffde fr.pc=0x0000013d58e77574 relative=0x00000000000002b4
Event: 26.812 Thread 0x0000013d6b655180 Uncommon trap: reason=class_check action=maybe_recompile pc=0x0000013d58e77574 method=com.google.common.collect.ComparatorOrdering.compare(Ljava/lang/Object;Ljava/lang/Object;)I @ 6 c2
Event: 26.812 Thread 0x0000013d6b655180 DEOPT PACKING pc=0x0000013d58e77574 sp=0x0000001779efc870
Event: 26.812 Thread 0x0000013d6b655180 DEOPT UNPACKING pc=0x0000013d584ca1a3 sp=0x0000001779efc7e8 mode 2
Event: 27.062 Thread 0x0000013d6d4cd8d0 Uncommon trap: trap_request=0xffffff76 fr.pc=0x0000013d58fc4940 relative=0x00000000000001a0
Event: 27.062 Thread 0x0000013d6d4cd8d0 Uncommon trap: reason=predicate action=maybe_recompile pc=0x0000013d58fc4940 method=java.util.LinkedHashMap.keysToArray([Ljava/lang/Object;)[Ljava/lang/Object; @ 12 c2
Event: 27.062 Thread 0x0000013d6d4cd8d0 DEOPT PACKING pc=0x0000013d58fc4940 sp=0x000000177aafde20
Event: 27.062 Thread 0x0000013d6d4cd8d0 DEOPT UNPACKING pc=0x0000013d584ca1a3 sp=0x000000177aafddd8 mode 2

Classes unloaded (6 events):
Event: 25.175 Thread 0x0000013d678da930 Unloading class 0x0000000100b99800 'java/lang/invoke/LambdaForm$DMH+0x0000000100b99800'
Event: 25.175 Thread 0x0000013d678da930 Unloading class 0x0000000100b99400 'java/lang/invoke/LambdaForm$DMH+0x0000000100b99400'
Event: 25.175 Thread 0x0000013d678da930 Unloading class 0x0000000100b99000 'java/lang/invoke/LambdaForm$DMH+0x0000000100b99000'
Event: 25.175 Thread 0x0000013d678da930 Unloading class 0x0000000100b98c00 'java/lang/invoke/LambdaForm$DMH+0x0000000100b98c00'
Event: 25.175 Thread 0x0000013d678da930 Unloading class 0x0000000100b98800 'java/lang/invoke/LambdaForm$DMH+0x0000000100b98800'
Event: 25.175 Thread 0x0000013d678da930 Unloading class 0x0000000100b98400 'java/lang/invoke/LambdaForm$DMH+0x0000000100b98400'

Classes redefined (0 events):
No events

Internal exceptions (20 events):
Event: 25.224 Thread 0x0000013d6b659010 Exception <a 'java/lang/NoSuchMethodError'{0x000000008a4e85b8}: 'int java.lang.invoke.DirectMethodHandle$Holder.invokeSpecial(java.lang.Object, java.lang.Object, java.lang.Object, java.lang.Object, java.lang.Object)'> (0x000000008a4e85b8) 
thrown [s\src\hotspot\share\interpreter\linkResolver.cpp, line 771]
Event: 25.338 Thread 0x0000013d6b6599b0 Exception <a 'sun/nio/fs/WindowsException'{0x0000000089d9d430}> (0x0000000089d9d430) 
thrown [s\src\hotspot\share\prims\jni.cpp, line 517]
Event: 25.584 Thread 0x0000013d6b6599b0 Exception <a 'sun/nio/fs/WindowsException'{0x000000008870d808}> (0x000000008870d808) 
thrown [s\src\hotspot\share\prims\jni.cpp, line 517]
Event: 25.829 Thread 0x0000013d6b659010 Exception <a 'sun/nio/fs/WindowsException'{0x000000008a2d40c8}> (0x000000008a2d40c8) 
thrown [s\src\hotspot\share\prims\jni.cpp, line 517]
Event: 25.913 Thread 0x0000013d6b659010 Exception <a 'sun/nio/fs/WindowsException'{0x0000000086fe6ac8}> (0x0000000086fe6ac8) 
thrown [s\src\hotspot\share\prims\jni.cpp, line 517]
Event: 26.165 Thread 0x0000013d6b65a350 Exception <a 'sun/nio/fs/WindowsException'{0x000000008a5e4bf0}> (0x000000008a5e4bf0) 
thrown [s\src\hotspot\share\prims\jni.cpp, line 517]
Event: 26.541 Thread 0x0000013d6b65a350 Exception <a 'java/lang/NoSuchMethodError'{0x00000000891de690}: 'java.lang.Object java.lang.invoke.DirectMethodHandle$Holder.invokeStaticInit(java.lang.Object, java.lang.Object, java.lang.Object, java.lang.Object, java.lang.Object, java.lang.Object, java.lang.Object, java.lang.Object, java.lang.Object, java.lang.Object, java.lang.Object, java.lang.Object, java.lang.Object, java.lang.Object, java.lang.Object, java.lang.Object, java.lang.Object, java.lang.Object, java.lang.Object, java.lang.Object, int, java
Event: 26.909 Thread 0x0000013d6b655180 Exception <a 'java/lang/NoSuchMethodError'{0x0000000089fa1bc8}: 'void java.lang.invoke.DirectMethodHandle$Holder.invokeStatic(java.lang.Object, long)'> (0x0000000089fa1bc8) 
thrown [s\src\hotspot\share\interpreter\linkResolver.cpp, line 771]
Event: 26.911 Thread 0x0000013d6b655180 Exception <a 'java/lang/NoSuchMethodError'{0x0000000089fa7480}: 'java.lang.Object java.lang.invoke.DirectMethodHandle$Holder.newInvokeSpecial(java.lang.Object, long)'> (0x0000000089fa7480) 
thrown [s\src\hotspot\share\interpreter\linkResolver.cpp, line 771]
Event: 26.914 Thread 0x0000013d6b655180 Exception <a 'java/lang/NoSuchMethodError'{0x0000000089fae140}: 'java.lang.Object java.lang.invoke.DirectMethodHandle$Holder.invokeStatic(java.lang.Object, java.lang.Object, long, java.lang.Object)'> (0x0000000089fae140) 
thrown [s\src\hotspot\share\interpreter\linkResolver.cpp, line 771]
Event: 26.916 Thread 0x0000013d6b655180 Exception <a 'java/lang/NoSuchMethodError'{0x0000000089fb1bc0}: 'java.lang.Object java.lang.invoke.DirectMethodHandle$Holder.invokeStaticInit(java.lang.Object, java.lang.Object, long, java.lang.Object)'> (0x0000000089fb1bc0) 
thrown [s\src\hotspot\share\interpreter\linkResolver.cpp, line 771]
Event: 27.015 Thread 0x0000013d6b658b40 Exception <a 'java/lang/IncompatibleClassChangeError'{0x000000008c0226b0}: Found class java.lang.Object, but interface was expected> (0x000000008c0226b0) 
thrown [s\src\hotspot\share\interpreter\linkResolver.cpp, line 838]
Event: 27.061 Thread 0x0000013d6d4cd8d0 Exception <a 'java/lang/NoSuchMethodError'{0x000000008bfdea30}: 'long java.lang.invoke.DirectMethodHandle$Holder.invokeStatic(java.lang.Object, java.lang.Object, java.lang.Object)'> (0x000000008bfdea30) 
thrown [s\src\hotspot\share\interpreter\linkResolver.cpp, line 771]
Event: 27.176 Thread 0x0000013d6b657800 Exception <a 'java/lang/IncompatibleClassChangeError'{0x000000008ba03c00}: Found class java.lang.Object, but interface was expected> (0x000000008ba03c00) 
thrown [s\src\hotspot\share\interpreter\linkResolver.cpp, line 838]
Event: 27.176 Thread 0x0000013d6d42d010 Exception <a 'java/lang/IncompatibleClassChangeError'{0x000000008bbe6df0}: Found class java.lang.Object, but interface was expected> (0x000000008bbe6df0) 
thrown [s\src\hotspot\share\interpreter\linkResolver.cpp, line 838]
Event: 27.176 Thread 0x0000013d6b657cd0 Exception <a 'java/lang/IncompatibleClassChangeError'{0x000000008ba08b18}: Found class java.lang.Object, but interface was expected> (0x000000008ba08b18) 
thrown [s\src\hotspot\share\interpreter\linkResolver.cpp, line 838]
Event: 27.177 Thread 0x0000013d6d429b20 Exception <a 'java/lang/IncompatibleClassChangeError'{0x000000008bbf7a60}: Found class java.lang.Object, but interface was expected> (0x000000008bbf7a60) 
thrown [s\src\hotspot\share\interpreter\linkResolver.cpp, line 838]
Event: 27.176 Thread 0x0000013d6b658b40 Exception <a 'java/lang/IncompatibleClassChangeError'{0x000000008bbfcf10}: Found class java.lang.Object, but interface was expected> (0x000000008bbfcf10) 
thrown [s\src\hotspot\share\interpreter\linkResolver.cpp, line 838]
Event: 27.178 Thread 0x0000013d6b658b40 Exception <a 'java/lang/IncompatibleClassChangeError'{0x000000008ba30ca0}: Found class java.lang.Object, but interface was expected> (0x000000008ba30ca0) 
thrown [s\src\hotspot\share\interpreter\linkResolver.cpp, line 838]
Event: 27.178 Thread 0x0000013d6d4cc590 Exception <a 'java/lang/IncompatibleClassChangeError'{0x000000008ba34230}: Found class java.lang.Object, but interface was expected> (0x000000008ba34230) 
thrown [s\src\hotspot\share\interpreter\linkResolver.cpp, line 838]

VM Operations (20 events):
Event: 25.925 Executing VM operation: G1CollectForAllocation done
Event: 26.048 Executing VM operation: G1CollectForAllocation
Event: 26.056 Executing VM operation: G1CollectForAllocation done
Event: 26.185 Executing VM operation: HandshakeAllThreads
Event: 26.185 Executing VM operation: HandshakeAllThreads done
Event: 26.277 Executing VM operation: HandshakeAllThreads
Event: 26.278 Executing VM operation: HandshakeAllThreads done
Event: 26.283 Executing VM operation: HandshakeAllThreads
Event: 26.284 Executing VM operation: HandshakeAllThreads done
Event: 26.721 Executing VM operation: G1CollectForAllocation
Event: 26.735 Executing VM operation: G1CollectForAllocation done
Event: 26.883 Executing VM operation: G1Concurrent
Event: 26.894 Executing VM operation: G1Concurrent done
Event: 26.924 Executing VM operation: HandshakeAllThreads
Event: 26.934 Executing VM operation: HandshakeAllThreads done
Event: 26.979 Executing VM operation: G1Concurrent
Event: 26.980 Executing VM operation: G1Concurrent done
Event: 27.251 Executing VM operation: G1CollectForAllocation
Event: 27.290 Executing VM operation: G1CollectForAllocation done
Event: 27.331 Executing VM operation: G1CollectForAllocation

Events (20 events):
Event: 27.011 Thread 0x0000013d6b657800 Thread added: 0x0000013d6b657800
Event: 27.013 Thread 0x0000013d6b657cd0 Thread added: 0x0000013d6b657cd0
Event: 27.013 Thread 0x0000013d6b658b40 Thread added: 0x0000013d6b658b40
Event: 27.014 Thread 0x0000013d6d4cad80 Thread added: 0x0000013d6d4cad80
Event: 27.015 Thread 0x0000013d6d4cc590 Thread added: 0x0000013d6d4cc590
Event: 27.016 Thread 0x0000013d6d4cd8d0 Thread added: 0x0000013d6d4cd8d0
Event: 27.017 Thread 0x0000013d6d42d010 Thread added: 0x0000013d6d42d010
Event: 27.019 Thread 0x0000013d6d429b20 Thread added: 0x0000013d6d429b20
Event: 27.029 loading class java/lang/reflect/GenericSignatureFormatError
Event: 27.029 loading class java/lang/reflect/GenericSignatureFormatError done
Event: 27.062 loading class java/util/AbstractList$RandomAccessSubList
Event: 27.062 loading class java/util/AbstractList$SubList
Event: 27.063 loading class java/util/AbstractList$SubList done
Event: 27.063 loading class java/util/AbstractList$RandomAccessSubList done
Event: 27.063 loading class java/util/AbstractList$SubList$1
Event: 27.063 loading class java/util/AbstractList$SubList$1 done
Event: 27.152 loading class java/nio/ShortBuffer
Event: 27.153 loading class java/nio/ShortBuffer done
Event: 27.154 loading class java/nio/HeapShortBuffer
Event: 27.155 loading class java/nio/HeapShortBuffer done


Dynamic libraries:
0x00007ff7cc510000 - 0x00007ff7cc51a000 	C:\Program Files\Android\Android Studio\jbr\bin\java.exe
0x00007ff8478d0000 - 0x00007ff847ae7000 	C:\Windows\SYSTEM32\ntdll.dll
0x00007ff846cd0000 - 0x00007ff846d94000 	C:\Windows\System32\KERNEL32.DLL
0x00007ff8451e0000 - 0x00007ff845587000 	C:\Windows\System32\KERNELBASE.dll
0x00007ff844ea0000 - 0x00007ff844fb1000 	C:\Windows\System32\ucrtbase.dll
0x00007ff824720000 - 0x00007ff82473b000 	C:\Program Files\Android\Android Studio\jbr\bin\VCRUNTIME140.dll
0x00007ff822b90000 - 0x00007ff822ba7000 	C:\Program Files\Android\Android Studio\jbr\bin\jli.dll
0x00007ff846e40000 - 0x00007ff846fee000 	C:\Windows\System32\USER32.dll
0x00007ff8451b0000 - 0x00007ff8451d6000 	C:\Windows\System32\win32u.dll
0x00007ff846e10000 - 0x00007ff846e39000 	C:\Windows\System32\GDI32.dll
0x00007ff827920000 - 0x00007ff827bb3000 	C:\Windows\WinSxS\amd64_microsoft.windows.common-controls_6595b64144ccf1df_6.0.22621.2506_none_270c5ae97388e100\COMCTL32.dll
0x00007ff844c50000 - 0x00007ff844d69000 	C:\Windows\System32\gdi32full.dll
0x00007ff845590000 - 0x00007ff84562a000 	C:\Windows\System32\msvcp_win.dll
0x00007ff847300000 - 0x00007ff8473a7000 	C:\Windows\System32\msvcrt.dll
0x00007ff8472c0000 - 0x00007ff8472f1000 	C:\Windows\System32\IMM32.DLL
0x00007ff841020000 - 0x00007ff84102c000 	C:\Program Files\Android\Android Studio\jbr\bin\vcruntime140_1.dll
0x00007fffe6010000 - 0x00007fffe609d000 	C:\Program Files\Android\Android Studio\jbr\bin\msvcp140.dll
0x00007fffca860000 - 0x00007fffcb4ce000 	C:\Program Files\Android\Android Studio\jbr\bin\server\jvm.dll
0x00007ff8459e0000 - 0x00007ff845a90000 	C:\Windows\System32\ADVAPI32.dll
0x00007ff845930000 - 0x00007ff8459d6000 	C:\Windows\System32\sechost.dll
0x00007ff845ab0000 - 0x00007ff845bc7000 	C:\Windows\System32\RPCRT4.dll
0x00007ff81fa40000 - 0x00007ff81fa49000 	C:\Windows\SYSTEM32\WSOCK32.dll
0x00007ff83d6f0000 - 0x00007ff83d6fa000 	C:\Windows\SYSTEM32\VERSION.dll
0x00007ff83c7a0000 - 0x00007ff83c7d4000 	C:\Windows\SYSTEM32\WINMM.dll
0x00007ff846530000 - 0x00007ff8465a1000 	C:\Windows\System32\WS2_32.dll
0x00007ff843bb0000 - 0x00007ff843bc8000 	C:\Windows\SYSTEM32\kernel.appcore.dll
0x00007ff83fa90000 - 0x00007ff83fa9a000 	C:\Program Files\Android\Android Studio\jbr\bin\jimage.dll
0x00007ff842480000 - 0x00007ff8426b3000 	C:\Windows\SYSTEM32\DBGHELP.DLL
0x00007ff846750000 - 0x00007ff846ad9000 	C:\Windows\System32\combase.dll
0x00007ff846ff0000 - 0x00007ff8470c7000 	C:\Windows\System32\OLEAUT32.dll
0x00007ff81e170000 - 0x00007ff81e1a2000 	C:\Windows\SYSTEM32\dbgcore.DLL
0x00007ff844fc0000 - 0x00007ff84503a000 	C:\Windows\System32\bcryptPrimitives.dll
0x00007ff8242a0000 - 0x00007ff8242c5000 	C:\Program Files\Android\Android Studio\jbr\bin\java.dll
0x00007ff82ce70000 - 0x00007ff82ce88000 	C:\Program Files\Android\Android Studio\jbr\bin\zip.dll
0x00007ff845bd0000 - 0x00007ff846429000 	C:\Windows\System32\SHELL32.dll
0x00007ff842b20000 - 0x00007ff843414000 	C:\Windows\SYSTEM32\windows.storage.dll
0x00007ff8429e0000 - 0x00007ff842b1e000 	C:\Windows\SYSTEM32\wintypes.dll
0x00007ff846ae0000 - 0x00007ff846bd3000 	C:\Windows\System32\SHCORE.dll
0x00007ff847220000 - 0x00007ff84727e000 	C:\Windows\System32\shlwapi.dll
0x00007ff844b80000 - 0x00007ff844ba6000 	C:\Windows\SYSTEM32\profapi.dll
0x00007ff824280000 - 0x00007ff824299000 	C:\Program Files\Android\Android Studio\jbr\bin\net.dll
0x00007ff83f910000 - 0x00007ff83fa47000 	C:\Windows\SYSTEM32\WINHTTP.dll
0x00007ff844090000 - 0x00007ff8440f9000 	C:\Windows\system32\mswsock.dll
0x00007ff824260000 - 0x00007ff824276000 	C:\Program Files\Android\Android Studio\jbr\bin\nio.dll
0x00007ff83e5a0000 - 0x00007ff83e5b0000 	C:\Program Files\Android\Android Studio\jbr\bin\verify.dll
0x00007ff81e720000 - 0x00007ff81e747000 	C:\Users\vuyom\.gradle\native\68d5fa5c4cc2d200863cafc0d521ce42e7d3e7ee720ec0a83991735586a16f82\windows-amd64\native-platform.dll
0x00007fffe5ec0000 - 0x00007fffe6004000 	C:\Users\vuyom\.gradle\native\e376f236ea51e6404a007f0833ffe2c6e607c4080706a723a18a27aeea778392\windows-amd64\native-platform-file-events.dll
0x00007ff83bc00000 - 0x00007ff83bc09000 	C:\Program Files\Android\Android Studio\jbr\bin\management.dll
0x00007ff82cd00000 - 0x00007ff82cd0b000 	C:\Program Files\Android\Android Studio\jbr\bin\management_ext.dll
0x00007ff845870000 - 0x00007ff845878000 	C:\Windows\System32\PSAPI.DLL
0x00007ff8442b0000 - 0x00007ff8442cb000 	C:\Windows\SYSTEM32\CRYPTSP.dll
0x00007ff843b70000 - 0x00007ff843ba5000 	C:\Windows\system32\rsaenh.dll
0x00007ff844150000 - 0x00007ff84417c000 	C:\Windows\SYSTEM32\USERENV.dll
0x00007ff844510000 - 0x00007ff844538000 	C:\Windows\SYSTEM32\bcrypt.dll
0x00007ff8442d0000 - 0x00007ff8442dc000 	C:\Windows\SYSTEM32\CRYPTBASE.dll
0x00007ff843670000 - 0x00007ff84369d000 	C:\Windows\SYSTEM32\IPHLPAPI.DLL
0x00007ff8472a0000 - 0x00007ff8472a9000 	C:\Windows\System32\NSI.dll
0x00007ff83d700000 - 0x00007ff83d719000 	C:\Windows\SYSTEM32\dhcpcsvc6.DLL
0x00007ff83d1b0000 - 0x00007ff83d1cf000 	C:\Windows\SYSTEM32\dhcpcsvc.DLL
0x00007ff8436a0000 - 0x00007ff843799000 	C:\Windows\SYSTEM32\DNSAPI.dll
0x00007ff82b930000 - 0x00007ff82b938000 	C:\Windows\system32\wshunix.dll
0x00007ff841930000 - 0x00007ff8419c7000 	C:\Windows\system32\apphelp.dll

dbghelp: loaded successfully - version: 4.0.5 - missing functions: none
symbol engine: initialized successfully - sym options: 0x614 - pdb path: .;C:\Program Files\Android\Android Studio\jbr\bin;C:\Windows\SYSTEM32;C:\Windows\WinSxS\amd64_microsoft.windows.common-controls_6595b64144ccf1df_6.0.22621.2506_none_270c5ae97388e100;C:\Program Files\Android\Android Studio\jbr\bin\server;C:\Users\vuyom\.gradle\native\68d5fa5c4cc2d200863cafc0d521ce42e7d3e7ee720ec0a83991735586a16f82\windows-amd64;C:\Users\vuyom\.gradle\native\e376f236ea51e6404a007f0833ffe2c6e607c4080706a723a18a27aeea778392\windows-amd64

VM Arguments:
jvm_args: --add-opens=java.base/java.util=ALL-UNNAMED --add-opens=java.base/java.lang=ALL-UNNAMED --add-opens=java.base/java.lang.invoke=ALL-UNNAMED --add-opens=java.prefs/java.util.prefs=ALL-UNNAMED --add-opens=java.base/java.nio.charset=ALL-UNNAMED --add-opens=java.base/java.net=ALL-UNNAMED --add-opens=java.base/java.util.concurrent.atomic=ALL-UNNAMED -Xmx2048m -Dfile.encoding=UTF-8 -Duser.country=US -Duser.language=en -Duser.variant 
java_command: org.gradle.launcher.daemon.bootstrap.GradleDaemon 8.0
java_class_path (initial): C:\Users\vuyom\.gradle\wrapper\dists\gradle-8.0-bin\ca5e32bp14vu59qr306oxotwh\gradle-8.0\lib\gradle-launcher-8.0.jar
Launcher Type: SUN_STANDARD

[Global flags]
     intx CICompilerCount                          = 4                                         {product} {ergonomic}
     uint ConcGCThreads                            = 2                                         {product} {ergonomic}
     uint G1ConcRefinementThreads                  = 8                                         {product} {ergonomic}
   size_t G1HeapRegionSize                         = 1048576                                   {product} {ergonomic}
    uintx GCDrainStackTargetSize                   = 64                                        {product} {ergonomic}
   size_t InitialHeapSize                          = 130023424                                 {product} {ergonomic}
   size_t MarkStackSize                            = 4194304                                   {product} {ergonomic}
   size_t MaxHeapSize                              = 2147483648                                {product} {command line}
   size_t MaxNewSize                               = 1287651328                                {product} {ergonomic}
   size_t MinHeapDeltaBytes                        = 1048576                                   {product} {ergonomic}
   size_t MinHeapSize                              = 8388608                                   {product} {ergonomic}
    uintx NonNMethodCodeHeapSize                   = 5839372                                {pd product} {ergonomic}
    uintx NonProfiledCodeHeapSize                  = 122909434                              {pd product} {ergonomic}
    uintx ProfiledCodeHeapSize                     = 122909434                              {pd product} {ergonomic}
    uintx ReservedCodeCacheSize                    = 251658240                              {pd product} {ergonomic}
     bool SegmentedCodeCache                       = true                                      {product} {ergonomic}
   size_t SoftMaxHeapSize                          = 2147483648                             {manageable} {ergonomic}
     bool UseCompressedClassPointers               = true                           {product lp64_product} {ergonomic}
     bool UseCompressedOops                        = true                           {product lp64_product} {ergonomic}
     bool UseG1GC                                  = true                                      {product} {ergonomic}
     bool UseLargePagesIndividualAllocation        = false                                  {pd product} {ergonomic}

Logging:
Log output configuration:
 #0: stdout all=warning uptime,level,tags
 #1: stderr all=off uptime,level,tags

Environment Variables:
PATH=C:\Windows\system32;C:\Windows;C:\Windows\System32\Wbem;C:\Windows\System32\WindowsPowerShell\v1.0\;C:\Windows\System32\OpenSSH\;C:\Program Files\Git\cmd;C:\Users\vuyom\AppData\Local\Microsoft\WindowsApps;;C:\Users\vuyom\AppData\Local\Programs\Microsoft VS Code\bin
USERNAME=vuyom
OS=Windows_NT
PROCESSOR_IDENTIFIER=Intel64 Family 6 Model 140 Stepping 1, GenuineIntel
TMP=C:\Users\vuyom\AppData\Local\Temp
TEMP=C:\Users\vuyom\AppData\Local\Temp


JNI global refs:
JNI global refs: 28, weak refs: 66

JNI global refs memory usage: 843, weak refs: 1473


---------------  S Y S T E M  ---------------

OS:
 Windows 11 , 64 bit Build 22621 (10.0.22621.2506)
OS uptime: 0 days 6:32 hours
Hyper-V role detected

CPU: total 8 (initial active 8) (4 cores per cpu, 2 threads per core) family 6 model 140 stepping 1 microcode 0xac, cx8, cmov, fxsr, ht, mmx, 3dnowpref, sse, sse2, sse3, ssse3, sse4.1, sse4.2, popcnt, lzcnt, tsc, tscinvbit, avx, avx2, aes, erms, clmul, bmi1, bmi2, adx, avx512f, avx512dq, avx512cd, avx512bw, avx512vl, sha, fma, vzeroupper, avx512_vpopcntdq, avx512_vpclmulqdq, avx512_vaes, avx512_vnni, clflush, clflushopt, clwb, avx512_vbmi2, avx512_vbmi, hv

Memory: 4k page, system-wide physical 7932M (659M free)
TotalPageFile size 11891M (AvailPageFile size 79M)
current process WorkingSet (physical memory assigned to process): 463M, peak: 469M
current process commit charge ("private bytes"): 508M, peak: 627M

vm_info: OpenJDK 64-Bit Server VM (17.0.6+0-b2043.56-10027231) for windows-amd64 JRE (17.0.6+0-b2043.56-10027231), built on Apr 28 2023 00:43:19 by "androidbuild" with MS VC++ 16.10 / 16.11 (VS2019)

END.
