#
# There is insufficient memory for the Java Runtime Environment to continue.
# Native memory allocation (mmap) failed to map 214958080 bytes for G1 virtual space
# Possible reasons:
#   The system is out of physical RAM or swap space
#   The process is running with CompressedOops enabled, and the Java Heap may be blocking the growth of the native heap
# Possible solutions:
#   Reduce memory load on the system
#   Increase physical memory or swap space
#   Check if swap backing store is full
#   Decrease Java heap size (-Xmx/-Xms)
#   Decrease number of Java threads
#   Decrease Java thread stack sizes (-Xss)
#   Set larger code cache with -XX:ReservedCodeCacheSize=
#   JVM is running with Unscaled Compressed Oops mode in which the Java heap is
#     placed in the first 4GB address space. The Java Heap base address is the
#     maximum limit for the native heap growth. Please use -XX:HeapBaseMinAddress
#     to set the Java Heap base and to place the Java Heap above 4GB virtual address.
# This output file may be truncated or incomplete.
#
#  Out of Memory Error (os_windows.cpp:3769), pid=11072, tid=6572
#
# JRE version: OpenJDK Runtime Environment (17.0.6) (build 17.0.6+0-b2043.56-10027231)
# Java VM: OpenJDK 64-Bit Server VM (17.0.6+0-b2043.56-10027231, mixed mode, tiered, compressed oops, compressed class ptrs, g1 gc, windows-amd64)
# No core dump will be written. Minidumps are not enabled by default on client versions of Windows
#

---------------  S U M M A R Y ------------

Command Line: --add-opens=java.base/java.util=ALL-UNNAMED --add-opens=java.base/java.lang=ALL-UNNAMED --add-opens=java.base/java.lang.invoke=ALL-UNNAMED --add-opens=java.prefs/java.util.prefs=ALL-UNNAMED --add-opens=java.base/java.nio.charset=ALL-UNNAMED --add-opens=java.base/java.net=ALL-UNNAMED --add-opens=java.base/java.util.concurrent.atomic=ALL-UNNAMED -Xmx2048m -Dfile.encoding=UTF-8 -Duser.country=US -Duser.language=en -Duser.variant org.gradle.launcher.daemon.bootstrap.GradleDaemon 8.0

Host: 11th Gen Intel(R) Core(TM) i5-1135G7 @ 2.40GHz, 8 cores, 7G,  Windows 11 , 64 bit Build 22621 (10.0.22621.2506)
Time: Mon Oct 30 16:50:51 2023 South Africa Standard Time elapsed time: 31.548915 seconds (0d 0h 0m 31s)

---------------  T H R E A D  ---------------

Current thread (0x0000023ca39f4930):  VMThread "VM Thread" [stack: 0x000000df07600000,0x000000df07700000] [id=6572]

Stack: [0x000000df07600000,0x000000df07700000]
Native frames: (J=compiled Java code, j=interpreted, Vv=VM code, C=native code)
V  [jvm.dll+0x683c9a]
V  [jvm.dll+0x8427a4]
V  [jvm.dll+0x843f9e]
V  [jvm.dll+0x844603]
V  [jvm.dll+0x249b75]
V  [jvm.dll+0x680b69]
V  [jvm.dll+0x67505a]
V  [jvm.dll+0x309acb]
V  [jvm.dll+0x310f86]
V  [jvm.dll+0x3608ee]
V  [jvm.dll+0x360b1f]
V  [jvm.dll+0x2dfbf8]
V  [jvm.dll+0x2ddec4]
V  [jvm.dll+0x2dd4cc]
V  [jvm.dll+0x321f3b]
V  [jvm.dll+0x848ccb]
V  [jvm.dll+0x849a04]
V  [jvm.dll+0x849f1d]
V  [jvm.dll+0x84a2f4]
V  [jvm.dll+0x84a3c0]
V  [jvm.dll+0x7f274a]
V  [jvm.dll+0x682ad5]
C  [ucrtbase.dll+0x29363]
C  [KERNEL32.DLL+0x1257d]
C  [ntdll.dll+0x5aa58]

VM_Operation (0x000000df111fcda0): G1CollectForAllocation, mode: safepoint, requested by thread 0x0000023ca8a864b0


---------------  P R O C E S S  ---------------

Threads class SMR info:
_java_thread_list=0x0000023cac03e660, length=143, elements={
0x0000023c89b864e0, 0x0000023ca3a1b260, 0x0000023ca3a1be10, 0x0000023ca3a036c0,
0x0000023ca3a06280, 0x0000023ca3a06e30, 0x0000023ca3a07be0, 0x0000023ca3a088c0,
0x0000023ca443fad0, 0x0000023ca44404c0, 0x0000023ca45dab70, 0x0000023ca45db040,
0x0000023ca6aaa6a0, 0x0000023ca6b15d80, 0x0000023ca5e42f20, 0x0000023ca5578ed0,
0x0000023ca55793a0, 0x0000023ca7326130, 0x0000023ca5b33030, 0x0000023ca5eb33f0,
0x0000023ca4f11a40, 0x0000023ca4f0fd60, 0x0000023ca4f110a0, 0x0000023ca4f10bd0,
0x0000023ca4f10700, 0x0000023ca4f11570, 0x0000023ca4f0e080, 0x0000023ca4f0e550,
0x0000023ca4f0ea20, 0x0000023ca4f0eef0, 0x0000023ca4f0f3c0, 0x0000023ca4f0f890,
0x0000023ca4f10230, 0x0000023ca5197f20, 0x0000023ca519aa70, 0x0000023ca51983f0,
0x0000023ca519b410, 0x0000023ca519c280, 0x0000023ca51988c0, 0x0000023ca519c750,
0x0000023ca51970b0, 0x0000023ca519cc20, 0x0000023ca5199260, 0x0000023ca51958a0,
0x0000023ca519bdb0, 0x0000023ca5199c00, 0x0000023ca5196240, 0x0000023ca5195d70,
0x0000023ca5196be0, 0x0000023ca5197580, 0x0000023ca5199730, 0x0000023ca8a73890,
0x0000023ca8a6f060, 0x0000023ca8a768b0, 0x0000023ca8a733c0, 0x0000023ca8a71bb0,
0x0000023ca8a6f530, 0x0000023ca8a763e0, 0x0000023ca8a75a40, 0x0000023ca8a6fa00,
0x0000023ca8a75570, 0x0000023ca8a703a0, 0x0000023ca8a72ef0, 0x0000023ca8a6fed0,
0x0000023ca8a70870, 0x0000023ca8a73d60, 0x0000023ca8a75f10, 0x0000023ca8a70d40,
0x0000023ca8a74230, 0x0000023ca8a71210, 0x0000023ca8a716e0, 0x0000023ca8a72080,
0x0000023ca8a72a20, 0x0000023ca8a72550, 0x0000023ca8a750a0, 0x0000023ca8a74700,
0x0000023ca8a74bd0, 0x0000023ca758ef90, 0x0000023ca75967e0, 0x0000023ca7595e40,
0x0000023ca758fe00, 0x0000023ca758f460, 0x0000023ca7596310, 0x0000023ca758f930,
0x0000023ca7595970, 0x0000023ca7592950, 0x0000023ca7593c90, 0x0000023ca75932f0,
0x0000023ca75937c0, 0x0000023ca7594b00, 0x0000023ca75902d0, 0x0000023ca7594630,
0x0000023ca7594160, 0x0000023ca75907a0, 0x0000023ca7590c70, 0x0000023ca7591140,
0x0000023ca7594fd0, 0x0000023ca7591610, 0x0000023ca75954a0, 0x0000023ca7591ae0,
0x0000023ca7591fb0, 0x0000023ca7592480, 0x0000023ca7592e20, 0x0000023ca7e5f870,
0x0000023ca7e5e060, 0x0000023ca7e5f3a0, 0x0000023ca7e5cd20, 0x0000023ca7e5c380,
0x0000023ca7e5e530, 0x0000023ca7e5fd40, 0x0000023ca7e5c850, 0x0000023ca7e60210,
0x0000023ca7e61550, 0x0000023ca7e61080, 0x0000023ca7e5ea00, 0x0000023ca7e606e0,
0x0000023ca7e5db90, 0x0000023ca7e5eed0, 0x0000023ca7e60bb0, 0x0000023ca7e61a20,
0x0000023ca7e61ef0, 0x0000023ca7e5a6a0, 0x0000023ca7e5d6c0, 0x0000023ca7e5b040,
0x0000023ca7e5b510, 0x0000023ca8a8b680, 0x0000023ca8a8c9c0, 0x0000023ca8a894d0,
0x0000023ca8a8bb50, 0x0000023ca8a89e70, 0x0000023ca8a87320, 0x0000023ca8a85170,
0x0000023ca8a8ace0, 0x0000023ca8a88660, 0x0000023ca5452c70, 0x0000023ca8a8a340,
0x0000023ca8a85fe0, 0x0000023ca8a877f0, 0x0000023ca8a8a810, 0x0000023ca8a8c4f0,
0x0000023ca8a87cc0, 0x0000023ca8a85640, 0x0000023ca8a864b0
}

Java Threads: ( => current thread )
  0x0000023c89b864e0 JavaThread "main" [_thread_blocked, id=13564, stack(0x000000df07000000,0x000000df07100000)]
  0x0000023ca3a1b260 JavaThread "Reference Handler" daemon [_thread_blocked, id=12960, stack(0x000000df07700000,0x000000df07800000)]
  0x0000023ca3a1be10 JavaThread "Finalizer" daemon [_thread_blocked, id=10412, stack(0x000000df07800000,0x000000df07900000)]
  0x0000023ca3a036c0 JavaThread "Signal Dispatcher" daemon [_thread_blocked, id=12880, stack(0x000000df07900000,0x000000df07a00000)]
  0x0000023ca3a06280 JavaThread "Attach Listener" daemon [_thread_blocked, id=10700, stack(0x000000df07a00000,0x000000df07b00000)]
  0x0000023ca3a06e30 JavaThread "Service Thread" daemon [_thread_blocked, id=6604, stack(0x000000df07b00000,0x000000df07c00000)]
  0x0000023ca3a07be0 JavaThread "Monitor Deflation Thread" daemon [_thread_blocked, id=15028, stack(0x000000df07c00000,0x000000df07d00000)]
  0x0000023ca3a088c0 JavaThread "C2 CompilerThread0" daemon [_thread_blocked, id=4656, stack(0x000000df07d00000,0x000000df07e00000)]
  0x0000023ca443fad0 JavaThread "C1 CompilerThread0" daemon [_thread_blocked, id=12100, stack(0x000000df07e00000,0x000000df07f00000)]
  0x0000023ca44404c0 JavaThread "Sweeper thread" daemon [_thread_blocked, id=1792, stack(0x000000df07f00000,0x000000df08000000)]
  0x0000023ca45dab70 JavaThread "Common-Cleaner" daemon [_thread_blocked, id=2280, stack(0x000000df08000000,0x000000df08100000)]
  0x0000023ca45db040 JavaThread "Notification Thread" daemon [_thread_blocked, id=6840, stack(0x000000df08100000,0x000000df08200000)]
  0x0000023ca6aaa6a0 JavaThread "Daemon health stats" [_thread_blocked, id=3768, stack(0x000000df08800000,0x000000df08900000)]
  0x0000023ca6b15d80 JavaThread "Incoming local TCP Connector on port 53695" [_thread_in_native, id=14392, stack(0x000000df08700000,0x000000df08800000)]
  0x0000023ca5e42f20 JavaThread "Daemon periodic checks" [_thread_blocked, id=8588, stack(0x000000df08900000,0x000000df08a00000)]
  0x0000023ca5578ed0 JavaThread "Daemon" [_thread_blocked, id=9368, stack(0x000000df08b00000,0x000000df08c00000)]
  0x0000023ca55793a0 JavaThread "Handler for socket connection from /127.0.0.1:53695 to /127.0.0.1:53696" [_thread_in_native, id=14288, stack(0x000000df08c00000,0x000000df08d00000)]
  0x0000023ca7326130 JavaThread "Cancel handler" [_thread_blocked, id=9196, stack(0x000000df08a00000,0x000000df08b00000)]
  0x0000023ca5b33030 JavaThread "Daemon worker" [_thread_blocked, id=8724, stack(0x000000df08d00000,0x000000df08e00000)]
  0x0000023ca5eb33f0 JavaThread "Asynchronous log dispatcher for DefaultDaemonConnection: socket connection from /127.0.0.1:53695 to /127.0.0.1:53696" [_thread_blocked, id=2284, stack(0x000000df08e00000,0x000000df08f00000)]
  0x0000023ca4f11a40 JavaThread "Stdin handler" [_thread_blocked, id=2128, stack(0x000000df08f00000,0x000000df09000000)]
  0x0000023ca4f0fd60 JavaThread "Daemon client event forwarder" [_thread_blocked, id=14408, stack(0x000000df09000000,0x000000df09100000)]
  0x0000023ca4f110a0 JavaThread "Cache worker for journal cache (C:\Users\vuyom\.gradle\caches\journal-1)" [_thread_blocked, id=11364, stack(0x000000df09500000,0x000000df09600000)]
  0x0000023ca4f10bd0 JavaThread "File lock request listener" [_thread_in_native, id=3480, stack(0x000000df09600000,0x000000df09700000)]
  0x0000023ca4f10700 JavaThread "Cache worker for file hash cache (C:\Users\vuyom\.gradle\caches\8.0\fileHashes)" [_thread_blocked, id=12692, stack(0x000000df09700000,0x000000df09800000)]
  0x0000023ca4f11570 JavaThread "File watcher server" daemon [_thread_blocked, id=13732, stack(0x000000df09a00000,0x000000df09b00000)]
  0x0000023ca4f0e080 JavaThread "File watcher consumer" daemon [_thread_blocked, id=3232, stack(0x000000df09b00000,0x000000df09c00000)]
  0x0000023ca4f0e550 JavaThread "Cache worker for checksums cache (C:\Users\vuyom\AndroidStudioProjects\ufs-clinic-app\.gradle\8.0\checksums)" [_thread_blocked, id=1668, stack(0x000000df09c00000,0x000000df09d00000)]
  0x0000023ca4f0ea20 JavaThread "Cache worker for cache directory md-rule (C:\Users\vuyom\.gradle\caches\8.0\md-rule)" [_thread_blocked, id=14444, stack(0x000000df09d00000,0x000000df09e00000)]
  0x0000023ca4f0eef0 JavaThread "Cache worker for file content cache (C:\Users\vuyom\.gradle\caches\8.0\fileContent)" [_thread_blocked, id=7568, stack(0x000000df09e00000,0x000000df09f00000)]
  0x0000023ca4f0f3c0 JavaThread "Cache worker for file hash cache (C:\Users\vuyom\AndroidStudioProjects\ufs-clinic-app\.gradle\8.0\fileHashes)" [_thread_blocked, id=4392, stack(0x000000df09900000,0x000000df09a00000)]
  0x0000023ca4f0f890 JavaThread "Cache worker for cache directory md-supplier (C:\Users\vuyom\.gradle\caches\8.0\md-supplier)" [_thread_blocked, id=7452, stack(0x000000df09f00000,0x000000df0a000000)]
  0x0000023ca4f10230 JavaThread "Cache worker for execution history cache (C:\Users\vuyom\.gradle\caches\8.0\executionHistory)" [_thread_blocked, id=14592, stack(0x000000df0a000000,0x000000df0a100000)]
  0x0000023ca5197f20 JavaThread "jar transforms" [_thread_blocked, id=9512, stack(0x000000df0a100000,0x000000df0a200000)]
  0x0000023ca519aa70 JavaThread "jar transforms Thread 2" [_thread_blocked, id=6348, stack(0x000000df0a200000,0x000000df0a300000)]
  0x0000023ca51983f0 JavaThread "jar transforms Thread 3" [_thread_blocked, id=11760, stack(0x000000df0a300000,0x000000df0a400000)]
  0x0000023ca519b410 JavaThread "jar transforms Thread 4" [_thread_blocked, id=15332, stack(0x000000df0a400000,0x000000df0a500000)]
  0x0000023ca519c280 JavaThread "Cache worker for dependencies-accessors (C:\Users\vuyom\AndroidStudioProjects\ufs-clinic-app\.gradle\8.0\dependencies-accessors)" [_thread_blocked, id=10740, stack(0x000000df0a500000,0x000000df0a600000)]
  0x0000023ca51988c0 JavaThread "jar transforms Thread 5" [_thread_blocked, id=9584, stack(0x000000df0a600000,0x000000df0a700000)]
  0x0000023ca519c750 JavaThread "Cache worker for Build Output Cleanup Cache (C:\Users\vuyom\AndroidStudioProjects\ufs-clinic-app\.gradle\buildOutputCleanup)" [_thread_blocked, id=10660, stack(0x000000df0a700000,0x000000df0a800000)]
  0x0000023ca51970b0 JavaThread "Unconstrained build operations" [_thread_blocked, id=3500, stack(0x000000df0a800000,0x000000df0a900000)]
  0x0000023ca519cc20 JavaThread "Unconstrained build operations Thread 2" [_thread_blocked, id=4400, stack(0x000000df0a900000,0x000000df0aa00000)]
  0x0000023ca5199260 JavaThread "Unconstrained build operations Thread 3" [_thread_blocked, id=14324, stack(0x000000df0aa00000,0x000000df0ab00000)]
  0x0000023ca51958a0 JavaThread "Unconstrained build operations Thread 4" [_thread_blocked, id=2184, stack(0x000000df0ab00000,0x000000df0ac00000)]
  0x0000023ca519bdb0 JavaThread "Unconstrained build operations Thread 5" [_thread_blocked, id=2124, stack(0x000000df0ac00000,0x000000df0ad00000)]
  0x0000023ca5199c00 JavaThread "Unconstrained build operations Thread 6" [_thread_blocked, id=1308, stack(0x000000df0ad00000,0x000000df0ae00000)]
  0x0000023ca5196240 JavaThread "Unconstrained build operations Thread 7" [_thread_blocked, id=4328, stack(0x000000df0ae00000,0x000000df0af00000)]
  0x0000023ca5195d70 JavaThread "Unconstrained build operations Thread 8" [_thread_blocked, id=12136, stack(0x000000df0af00000,0x000000df0b000000)]
  0x0000023ca5196be0 JavaThread "Unconstrained build operations Thread 9" [_thread_blocked, id=5496, stack(0x000000df0b000000,0x000000df0b100000)]
  0x0000023ca5197580 JavaThread "Unconstrained build operations Thread 10" [_thread_blocked, id=6444, stack(0x000000df0b100000,0x000000df0b200000)]
  0x0000023ca5199730 JavaThread "Unconstrained build operations Thread 11" [_thread_blocked, id=2288, stack(0x000000df0b200000,0x000000df0b300000)]
  0x0000023ca8a73890 JavaThread "Unconstrained build operations Thread 12" [_thread_blocked, id=13828, stack(0x000000df0b300000,0x000000df0b400000)]
  0x0000023ca8a6f060 JavaThread "Unconstrained build operations Thread 13" [_thread_blocked, id=13308, stack(0x000000df0b400000,0x000000df0b500000)]
  0x0000023ca8a768b0 JavaThread "Unconstrained build operations Thread 14" [_thread_blocked, id=13344, stack(0x000000df0b500000,0x000000df0b600000)]
  0x0000023ca8a733c0 JavaThread "Unconstrained build operations Thread 15" [_thread_blocked, id=7472, stack(0x000000df0b600000,0x000000df0b700000)]
  0x0000023ca8a71bb0 JavaThread "Unconstrained build operations Thread 16" [_thread_blocked, id=6060, stack(0x000000df0b700000,0x000000df0b800000)]
  0x0000023ca8a6f530 JavaThread "Unconstrained build operations Thread 17" [_thread_blocked, id=11440, stack(0x000000df0b800000,0x000000df0b900000)]
  0x0000023ca8a763e0 JavaThread "Unconstrained build operations Thread 18" [_thread_blocked, id=12156, stack(0x000000df0b900000,0x000000df0ba00000)]
  0x0000023ca8a75a40 JavaThread "Unconstrained build operations Thread 19" [_thread_blocked, id=6976, stack(0x000000df0ba00000,0x000000df0bb00000)]
  0x0000023ca8a6fa00 JavaThread "Unconstrained build operations Thread 20" [_thread_blocked, id=13612, stack(0x000000df0bb00000,0x000000df0bc00000)]
  0x0000023ca8a75570 JavaThread "Unconstrained build operations Thread 21" [_thread_blocked, id=10516, stack(0x000000df0bc00000,0x000000df0bd00000)]
  0x0000023ca8a703a0 JavaThread "Unconstrained build operations Thread 22" [_thread_blocked, id=8824, stack(0x000000df0bd00000,0x000000df0be00000)]
  0x0000023ca8a72ef0 JavaThread "Unconstrained build operations Thread 23" [_thread_blocked, id=12268, stack(0x000000df0be00000,0x000000df0bf00000)]
  0x0000023ca8a6fed0 JavaThread "Unconstrained build operations Thread 24" [_thread_blocked, id=12784, stack(0x000000df0bf00000,0x000000df0c000000)]
  0x0000023ca8a70870 JavaThread "Unconstrained build operations Thread 25" [_thread_blocked, id=1140, stack(0x000000df0c000000,0x000000df0c100000)]
  0x0000023ca8a73d60 JavaThread "Unconstrained build operations Thread 26" [_thread_blocked, id=7848, stack(0x000000df0c100000,0x000000df0c200000)]
  0x0000023ca8a75f10 JavaThread "Unconstrained build operations Thread 27" [_thread_blocked, id=3808, stack(0x000000df0c200000,0x000000df0c300000)]
  0x0000023ca8a70d40 JavaThread "Unconstrained build operations Thread 28" [_thread_blocked, id=12896, stack(0x000000df0c300000,0x000000df0c400000)]
  0x0000023ca8a74230 JavaThread "Unconstrained build operations Thread 29" [_thread_blocked, id=15284, stack(0x000000df0c400000,0x000000df0c500000)]
  0x0000023ca8a71210 JavaThread "Unconstrained build operations Thread 30" [_thread_blocked, id=10160, stack(0x000000df0c500000,0x000000df0c600000)]
  0x0000023ca8a716e0 JavaThread "Unconstrained build operations Thread 31" [_thread_blocked, id=5844, stack(0x000000df0c600000,0x000000df0c700000)]
  0x0000023ca8a72080 JavaThread "Unconstrained build operations Thread 32" [_thread_blocked, id=6948, stack(0x000000df0c700000,0x000000df0c800000)]
  0x0000023ca8a72a20 JavaThread "Unconstrained build operations Thread 33" [_thread_blocked, id=14724, stack(0x000000df0c800000,0x000000df0c900000)]
  0x0000023ca8a72550 JavaThread "Unconstrained build operations Thread 34" [_thread_blocked, id=11096, stack(0x000000df0c900000,0x000000df0ca00000)]
  0x0000023ca8a750a0 JavaThread "Unconstrained build operations Thread 35" [_thread_blocked, id=848, stack(0x000000df0ca00000,0x000000df0cb00000)]
  0x0000023ca8a74700 JavaThread "Unconstrained build operations Thread 36" [_thread_blocked, id=6808, stack(0x000000df0cb00000,0x000000df0cc00000)]
  0x0000023ca8a74bd0 JavaThread "Unconstrained build operations Thread 37" [_thread_blocked, id=7184, stack(0x000000df0cc00000,0x000000df0cd00000)]
  0x0000023ca758ef90 JavaThread "Unconstrained build operations Thread 38" [_thread_blocked, id=688, stack(0x000000df0cd00000,0x000000df0ce00000)]
  0x0000023ca75967e0 JavaThread "Unconstrained build operations Thread 39" [_thread_blocked, id=14052, stack(0x000000df0ce00000,0x000000df0cf00000)]
  0x0000023ca7595e40 JavaThread "Unconstrained build operations Thread 40" [_thread_blocked, id=14068, stack(0x000000df0cf00000,0x000000df0d000000)]
  0x0000023ca758fe00 JavaThread "Unconstrained build operations Thread 41" [_thread_blocked, id=15252, stack(0x000000df0d000000,0x000000df0d100000)]
  0x0000023ca758f460 JavaThread "Unconstrained build operations Thread 42" [_thread_blocked, id=304, stack(0x000000df0d100000,0x000000df0d200000)]
  0x0000023ca7596310 JavaThread "Unconstrained build operations Thread 43" [_thread_blocked, id=4516, stack(0x000000df0d200000,0x000000df0d300000)]
  0x0000023ca758f930 JavaThread "Unconstrained build operations Thread 44" [_thread_blocked, id=3336, stack(0x000000df0d300000,0x000000df0d400000)]
  0x0000023ca7595970 JavaThread "Unconstrained build operations Thread 45" [_thread_blocked, id=5156, stack(0x000000df0d400000,0x000000df0d500000)]
  0x0000023ca7592950 JavaThread "Unconstrained build operations Thread 46" [_thread_blocked, id=6804, stack(0x000000df0d500000,0x000000df0d600000)]
  0x0000023ca7593c90 JavaThread "Unconstrained build operations Thread 47" [_thread_blocked, id=11644, stack(0x000000df0d600000,0x000000df0d700000)]
  0x0000023ca75932f0 JavaThread "Unconstrained build operations Thread 48" [_thread_blocked, id=11152, stack(0x000000df0d700000,0x000000df0d800000)]
  0x0000023ca75937c0 JavaThread "Unconstrained build operations Thread 49" [_thread_blocked, id=15296, stack(0x000000df0d800000,0x000000df0d900000)]
  0x0000023ca7594b00 JavaThread "Unconstrained build operations Thread 50" [_thread_blocked, id=9768, stack(0x000000df0d900000,0x000000df0da00000)]
  0x0000023ca75902d0 JavaThread "Unconstrained build operations Thread 51" [_thread_blocked, id=13684, stack(0x000000df0da00000,0x000000df0db00000)]
  0x0000023ca7594630 JavaThread "Unconstrained build operations Thread 52" [_thread_blocked, id=7444, stack(0x000000df0db00000,0x000000df0dc00000)]
  0x0000023ca7594160 JavaThread "Unconstrained build operations Thread 53" [_thread_blocked, id=3240, stack(0x000000df0dc00000,0x000000df0dd00000)]
  0x0000023ca75907a0 JavaThread "Unconstrained build operations Thread 54" [_thread_blocked, id=14328, stack(0x000000df0dd00000,0x000000df0de00000)]
  0x0000023ca7590c70 JavaThread "Unconstrained build operations Thread 55" [_thread_blocked, id=13976, stack(0x000000df0de00000,0x000000df0df00000)]
  0x0000023ca7591140 JavaThread "Unconstrained build operations Thread 56" [_thread_blocked, id=14216, stack(0x000000df0df00000,0x000000df0e000000)]
  0x0000023ca7594fd0 JavaThread "Unconstrained build operations Thread 57" [_thread_blocked, id=11920, stack(0x000000df0e000000,0x000000df0e100000)]
  0x0000023ca7591610 JavaThread "Unconstrained build operations Thread 58" [_thread_blocked, id=3628, stack(0x000000df0e100000,0x000000df0e200000)]
  0x0000023ca75954a0 JavaThread "Unconstrained build operations Thread 59" [_thread_blocked, id=8924, stack(0x000000df0e200000,0x000000df0e300000)]
  0x0000023ca7591ae0 JavaThread "Unconstrained build operations Thread 60" [_thread_blocked, id=7232, stack(0x000000df0e300000,0x000000df0e400000)]
  0x0000023ca7591fb0 JavaThread "Unconstrained build operations Thread 61" [_thread_blocked, id=14552, stack(0x000000df0e400000,0x000000df0e500000)]
  0x0000023ca7592480 JavaThread "Unconstrained build operations Thread 62" [_thread_blocked, id=12124, stack(0x000000df0e500000,0x000000df0e600000)]
  0x0000023ca7592e20 JavaThread "Unconstrained build operations Thread 63" [_thread_blocked, id=11236, stack(0x000000df0e600000,0x000000df0e700000)]
  0x0000023ca7e5f870 JavaThread "Unconstrained build operations Thread 64" [_thread_blocked, id=14808, stack(0x000000df0e700000,0x000000df0e800000)]
  0x0000023ca7e5e060 JavaThread "Unconstrained build operations Thread 65" [_thread_blocked, id=6956, stack(0x000000df0e800000,0x000000df0e900000)]
  0x0000023ca7e5f3a0 JavaThread "Unconstrained build operations Thread 66" [_thread_blocked, id=5288, stack(0x000000df0e900000,0x000000df0ea00000)]
  0x0000023ca7e5cd20 JavaThread "Unconstrained build operations Thread 67" [_thread_blocked, id=9800, stack(0x000000df0ea00000,0x000000df0eb00000)]
  0x0000023ca7e5c380 JavaThread "Unconstrained build operations Thread 68" [_thread_blocked, id=8620, stack(0x000000df0eb00000,0x000000df0ec00000)]
  0x0000023ca7e5e530 JavaThread "Unconstrained build operations Thread 69" [_thread_blocked, id=9928, stack(0x000000df0ec00000,0x000000df0ed00000)]
  0x0000023ca7e5fd40 JavaThread "Unconstrained build operations Thread 70" [_thread_blocked, id=4332, stack(0x000000df0ed00000,0x000000df0ee00000)]
  0x0000023ca7e5c850 JavaThread "Unconstrained build operations Thread 71" [_thread_blocked, id=13260, stack(0x000000df0ee00000,0x000000df0ef00000)]
  0x0000023ca7e60210 JavaThread "Unconstrained build operations Thread 72" [_thread_blocked, id=9432, stack(0x000000df0ef00000,0x000000df0f000000)]
  0x0000023ca7e61550 JavaThread "Unconstrained build operations Thread 73" [_thread_blocked, id=3212, stack(0x000000df0f000000,0x000000df0f100000)]
  0x0000023ca7e61080 JavaThread "Unconstrained build operations Thread 74" [_thread_blocked, id=10028, stack(0x000000df0f100000,0x000000df0f200000)]
  0x0000023ca7e5ea00 JavaThread "Unconstrained build operations Thread 75" [_thread_blocked, id=13576, stack(0x000000df0f200000,0x000000df0f300000)]
  0x0000023ca7e606e0 JavaThread "Unconstrained build operations Thread 76" [_thread_blocked, id=13824, stack(0x000000df0f300000,0x000000df0f400000)]
  0x0000023ca7e5db90 JavaThread "Unconstrained build operations Thread 77" [_thread_blocked, id=3352, stack(0x000000df0f400000,0x000000df0f500000)]
  0x0000023ca7e5eed0 JavaThread "Unconstrained build operations Thread 78" [_thread_blocked, id=13896, stack(0x000000df0f500000,0x000000df0f600000)]
  0x0000023ca7e60bb0 JavaThread "Unconstrained build operations Thread 79" [_thread_blocked, id=13168, stack(0x000000df0f600000,0x000000df0f700000)]
  0x0000023ca7e61a20 JavaThread "Unconstrained build operations Thread 80" [_thread_blocked, id=13972, stack(0x000000df0f700000,0x000000df0f800000)]
  0x0000023ca7e61ef0 JavaThread "jar transforms Thread 6" [_thread_blocked, id=9824, stack(0x000000df0f800000,0x000000df0f900000)]
  0x0000023ca7e5a6a0 JavaThread "jar transforms Thread 7" [_thread_blocked, id=13820, stack(0x000000df0f900000,0x000000df0fa00000)]
  0x0000023ca7e5d6c0 JavaThread "jar transforms Thread 8" [_thread_blocked, id=11272, stack(0x000000df0fa00000,0x000000df0fb00000)]
  0x0000023ca7e5b040 JavaThread "build event listener" [_thread_blocked, id=2788, stack(0x000000df0fb00000,0x000000df0fc00000)]
  0x0000023ca7e5b510 JavaThread "Memory manager" [_thread_blocked, id=12968, stack(0x000000df0fc00000,0x000000df0fd00000)]
  0x0000023ca8a8b680 JavaThread "included builds" [_thread_blocked, id=14276, stack(0x000000df0ff00000,0x000000df10000000)]
  0x0000023ca8a8c9c0 JavaThread "Execution worker" [_thread_blocked, id=7512, stack(0x000000df10000000,0x000000df10100000)]
  0x0000023ca8a894d0 JavaThread "Execution worker Thread 2" [_thread_blocked, id=7436, stack(0x000000df10100000,0x000000df10200000)]
  0x0000023ca8a8bb50 JavaThread "Execution worker Thread 3" [_thread_blocked, id=8624, stack(0x000000df10200000,0x000000df10300000)]
  0x0000023ca8a89e70 JavaThread "Execution worker Thread 4" [_thread_blocked, id=8292, stack(0x000000df10300000,0x000000df10400000)]
  0x0000023ca8a87320 JavaThread "Execution worker Thread 5" [_thread_blocked, id=11964, stack(0x000000df10400000,0x000000df10500000)]
  0x0000023ca8a85170 JavaThread "Execution worker Thread 6" [_thread_blocked, id=11256, stack(0x000000df10500000,0x000000df10600000)]
  0x0000023ca8a8ace0 JavaThread "Execution worker Thread 7" [_thread_blocked, id=7524, stack(0x000000df10600000,0x000000df10700000)]
  0x0000023ca8a88660 JavaThread "Cache worker for execution history cache (C:\Users\vuyom\AndroidStudioProjects\ufs-clinic-app\.gradle\8.0\executionHistory)" [_thread_blocked, id=12948, stack(0x000000df10700000,0x000000df10800000)]
  0x0000023ca5452c70 JavaThread "C2 CompilerThread1" daemon [_thread_blocked, id=11620, stack(0x000000df09800000,0x000000df09900000)]
  0x0000023ca8a8a340 JavaThread "WorkerExecutor Queue" [_thread_blocked, id=11720, stack(0x000000df10a00000,0x000000df10b00000)]
  0x0000023ca8a85fe0 JavaThread "WorkerExecutor Queue Thread 2" [_thread_blocked, id=5868, stack(0x000000df10b00000,0x000000df10c00000)]
  0x0000023ca8a877f0 JavaThread "WorkerExecutor Queue Thread 3" [_thread_blocked, id=11320, stack(0x000000df10c00000,0x000000df10d00000)]
  0x0000023ca8a8a810 JavaThread "WorkerExecutor Queue Thread 4" [_thread_blocked, id=1404, stack(0x000000df10d00000,0x000000df10e00000)]
  0x0000023ca8a8c4f0 JavaThread "WorkerExecutor Queue Thread 5" [_thread_blocked, id=5408, stack(0x000000df10e00000,0x000000df10f00000)]
  0x0000023ca8a87cc0 JavaThread "WorkerExecutor Queue Thread 6" [_thread_blocked, id=11100, stack(0x000000df10f00000,0x000000df11000000)]
  0x0000023ca8a85640 JavaThread "WorkerExecutor Queue Thread 7" [_thread_blocked, id=13388, stack(0x000000df11000000,0x000000df11100000)]
  0x0000023ca8a864b0 JavaThread "WorkerExecutor Queue Thread 8" [_thread_blocked, id=8628, stack(0x000000df11100000,0x000000df11200000)]

Other Threads:
=>0x0000023ca39f4930 VMThread "VM Thread" [stack: 0x000000df07600000,0x000000df07700000] [id=6572]
  0x0000023ca45db510 WatcherThread [stack: 0x000000df08200000,0x000000df08300000] [id=10744]
  0x0000023c89be4710 GCTaskThread "GC Thread#0" [stack: 0x000000df07100000,0x000000df07200000] [id=2992]
  0x0000023ca4a86f40 GCTaskThread "GC Thread#1" [stack: 0x000000df08300000,0x000000df08400000] [id=8424]
  0x0000023ca4a70c40 GCTaskThread "GC Thread#2" [stack: 0x000000df08400000,0x000000df08500000] [id=2508]
  0x0000023ca4eb4850 GCTaskThread "GC Thread#3" [stack: 0x000000df08500000,0x000000df08600000] [id=9988]
  0x0000023ca53029d0 GCTaskThread "GC Thread#4" [stack: 0x000000df08600000,0x000000df08700000] [id=2160]
  0x0000023ca5846e70 GCTaskThread "GC Thread#5" [stack: 0x000000df09100000,0x000000df09200000] [id=2096]
  0x0000023ca5acfae0 GCTaskThread "GC Thread#6" [stack: 0x000000df09200000,0x000000df09300000] [id=5896]
  0x0000023ca5f4a1d0 GCTaskThread "GC Thread#7" [stack: 0x000000df09300000,0x000000df09400000] [id=8732]
  0x0000023c89bf6e00 ConcurrentGCThread "G1 Main Marker" [stack: 0x000000df07200000,0x000000df07300000] [id=10416]
  0x0000023c89bf7810 ConcurrentGCThread "G1 Conc#0" [stack: 0x000000df07300000,0x000000df07400000] [id=10404]
  0x0000023ca6bde450 ConcurrentGCThread "G1 Conc#1" [stack: 0x000000df09400000,0x000000df09500000] [id=15036]
  0x0000023ca38520c0 ConcurrentGCThread "G1 Refine#0" [stack: 0x000000df07400000,0x000000df07500000] [id=10904]
  0x0000023ca6b56a90 ConcurrentGCThread "G1 Refine#1" [stack: 0x000000df0fd00000,0x000000df0fe00000] [id=2984]
  0x0000023ca6b57610 ConcurrentGCThread "G1 Refine#2" [stack: 0x000000df0fe00000,0x000000df0ff00000] [id=13900]
  0x0000023cacc13d40 ConcurrentGCThread "G1 Refine#3" [stack: 0x000000df10800000,0x000000df10900000] [id=9660]
  0x0000023cacc14ba0 ConcurrentGCThread "G1 Refine#4" [stack: 0x000000df10900000,0x000000df10a00000] [id=10588]
  0x0000023ca3852ae0 ConcurrentGCThread "G1 Service" [stack: 0x000000df07500000,0x000000df07600000] [id=10492]

Threads with active compile tasks:
C2 CompilerThread0    31616 10873       4       java.io.ObjectOutputStream$HandleTable::assign (52 bytes)
C1 CompilerThread0    31616 12383       3       org.gradle.api.internal.artifacts.PreResolvedResolvableArtifact::<init> (38 bytes)
C2 CompilerThread1    31616 10875       4       java.io.ClassCache::get (56 bytes)

VM state: at safepoint (normal execution)

VM Mutex/Monitor currently owned by a thread:  ([mutex/lock_event])
[0x0000023c89b732d0] Threads_lock - owner thread: 0x0000023ca39f4930
[0x0000023c89b81680] Heap_lock - owner thread: 0x0000023ca8a864b0

Heap address: 0x0000000080000000, size: 2048 MB, Compressed Oops mode: 32-bit

CDS archive(s) not mapped
Compressed class space mapped at: 0x0000000100000000-0x0000000140000000, reserved size: 1073741824
Narrow klass base: 0x0000000000000000, Narrow klass shift: 3, Narrow klass range: 0x140000000

GC Precious Log:
 CPUs: 8 total, 8 available
 Memory: 7932M
 Large Page Support: Disabled
 NUMA Support: Disabled
 Compressed Oops: Enabled (32-bit)
 Heap Region Size: 1M
 Heap Min Capacity: 8M
 Heap Initial Capacity: 124M
 Heap Max Capacity: 2G
 Pre-touch: Disabled
 Parallel Workers: 8
 Concurrent Workers: 2
 Concurrent Refinement Workers: 8
 Periodic GC: Disabled

Heap:
 garbage-first heap   total 209920K, used 119303K [0x0000000080000000, 0x0000000100000000)
  region size 1024K, 2 young (2048K), 2 survivors (2048K)
 Metaspace       used 95016K, committed 95680K, reserved 1138688K
  class space    used 12642K, committed 12928K, reserved 1048576K

Heap Regions: E=young(eden), S=young(survivor), O=old, HS=humongous(starts), HC=humongous(continues), CS=collection set, F=free, OA=open archive, CA=closed archive, TAMS=top-at-mark-start (previous, next)
|   0|0x0000000080000000, 0x0000000080100000, 0x0000000080100000|100%|HS|  |TAMS 0x0000000080100000, 0x0000000080000000| Complete 
|   1|0x0000000080100000, 0x0000000080200000, 0x0000000080200000|100%|HC|  |TAMS 0x0000000080200000, 0x0000000080100000| Complete 
|   2|0x0000000080200000, 0x0000000080300000, 0x0000000080300000|100%|HC|  |TAMS 0x0000000080300000, 0x0000000080200000| Complete 
|   3|0x0000000080300000, 0x0000000080400000, 0x0000000080400000|100%|HC|  |TAMS 0x0000000080400000, 0x0000000080300000| Complete 
|   4|0x0000000080400000, 0x0000000080500000, 0x0000000080500000|100%| O|  |TAMS 0x0000000080500000, 0x0000000080400000| Untracked 
|   5|0x0000000080500000, 0x0000000080600000, 0x0000000080600000|100%| O|  |TAMS 0x0000000080600000, 0x0000000080500000| Untracked 
|   6|0x0000000080600000, 0x0000000080700000, 0x0000000080700000|100%| O|  |TAMS 0x0000000080700000, 0x0000000080600000| Untracked 
|   7|0x0000000080700000, 0x0000000080800000, 0x0000000080800000|100%| O|  |TAMS 0x0000000080800000, 0x0000000080700000| Untracked 
|   8|0x0000000080800000, 0x0000000080900000, 0x0000000080900000|100%| O|  |TAMS 0x0000000080900000, 0x0000000080800000| Untracked 
|   9|0x0000000080900000, 0x0000000080a00000, 0x0000000080a00000|100%| O|  |TAMS 0x0000000080a00000, 0x0000000080900000| Untracked 
|  10|0x0000000080a00000, 0x0000000080b00000, 0x0000000080b00000|100%| O|  |TAMS 0x0000000080b00000, 0x0000000080a00000| Untracked 
|  11|0x0000000080b00000, 0x0000000080c00000, 0x0000000080c00000|100%| O|  |TAMS 0x0000000080c00000, 0x0000000080b00000| Untracked 
|  12|0x0000000080c00000, 0x0000000080d00000, 0x0000000080d00000|100%| O|  |TAMS 0x0000000080d00000, 0x0000000080c00000| Untracked 
|  13|0x0000000080d00000, 0x0000000080e00000, 0x0000000080e00000|100%| O|  |TAMS 0x0000000080e00000, 0x0000000080d00000| Untracked 
|  14|0x0000000080e00000, 0x0000000080f00000, 0x0000000080f00000|100%| O|  |TAMS 0x0000000080f00000, 0x0000000080e00000| Untracked 
|  15|0x0000000080f00000, 0x0000000081000000, 0x0000000081000000|100%| O|  |TAMS 0x0000000081000000, 0x0000000080f00000| Untracked 
|  16|0x0000000081000000, 0x0000000081100000, 0x0000000081100000|100%| O|  |TAMS 0x0000000081100000, 0x0000000081000000| Untracked 
|  17|0x0000000081100000, 0x0000000081200000, 0x0000000081200000|100%| O|  |TAMS 0x0000000081200000, 0x0000000081100000| Untracked 
|  18|0x0000000081200000, 0x0000000081300000, 0x0000000081300000|100%| O|  |TAMS 0x0000000081300000, 0x0000000081200000| Untracked 
|  19|0x0000000081300000, 0x0000000081400000, 0x0000000081400000|100%| O|  |TAMS 0x0000000081400000, 0x0000000081300000| Untracked 
|  20|0x0000000081400000, 0x0000000081500000, 0x0000000081500000|100%| O|  |TAMS 0x0000000081500000, 0x0000000081400000| Untracked 
|  21|0x0000000081500000, 0x0000000081600000, 0x0000000081600000|100%| O|  |TAMS 0x0000000081600000, 0x0000000081500000| Untracked 
|  22|0x0000000081600000, 0x0000000081700000, 0x0000000081700000|100%| O|  |TAMS 0x0000000081700000, 0x0000000081600000| Untracked 
|  23|0x0000000081700000, 0x0000000081800000, 0x0000000081800000|100%| O|  |TAMS 0x0000000081800000, 0x0000000081700000| Untracked 
|  24|0x0000000081800000, 0x0000000081900000, 0x0000000081900000|100%| O|  |TAMS 0x0000000081900000, 0x0000000081800000| Untracked 
|  25|0x0000000081900000, 0x0000000081a00000, 0x0000000081a00000|100%| O|  |TAMS 0x0000000081a00000, 0x0000000081900000| Untracked 
|  26|0x0000000081a00000, 0x0000000081b00000, 0x0000000081b00000|100%| O|  |TAMS 0x0000000081b00000, 0x0000000081a00000| Untracked 
|  27|0x0000000081b00000, 0x0000000081c00000, 0x0000000081c00000|100%| O|  |TAMS 0x0000000081c00000, 0x0000000081b00000| Untracked 
|  28|0x0000000081c00000, 0x0000000081d00000, 0x0000000081d00000|100%| O|  |TAMS 0x0000000081d00000, 0x0000000081c00000| Untracked 
|  29|0x0000000081d00000, 0x0000000081e00000, 0x0000000081e00000|100%| O|  |TAMS 0x0000000081e00000, 0x0000000081d00000| Untracked 
|  30|0x0000000081e00000, 0x0000000081f00000, 0x0000000081f00000|100%| O|  |TAMS 0x0000000081f00000, 0x0000000081e00000| Untracked 
|  31|0x0000000081f00000, 0x0000000082000000, 0x0000000082000000|100%| O|  |TAMS 0x0000000082000000, 0x0000000081f00000| Untracked 
|  32|0x0000000082000000, 0x0000000082100000, 0x0000000082100000|100%| O|  |TAMS 0x0000000082100000, 0x0000000082000000| Untracked 
|  33|0x0000000082100000, 0x0000000082200000, 0x0000000082200000|100%|HS|  |TAMS 0x0000000082200000, 0x0000000082100000| Complete 
|  34|0x0000000082200000, 0x0000000082300000, 0x0000000082300000|100%|HS|  |TAMS 0x0000000082300000, 0x0000000082200000| Complete 
|  35|0x0000000082300000, 0x0000000082400000, 0x0000000082400000|100%| O|  |TAMS 0x0000000082400000, 0x0000000082300000| Untracked 
|  36|0x0000000082400000, 0x0000000082500000, 0x0000000082500000|100%| O|  |TAMS 0x0000000082500000, 0x0000000082400000| Untracked 
|  37|0x0000000082500000, 0x0000000082600000, 0x0000000082600000|100%| O|  |TAMS 0x0000000082600000, 0x0000000082500000| Untracked 
|  38|0x0000000082600000, 0x0000000082700000, 0x0000000082700000|100%| O|  |TAMS 0x0000000082700000, 0x0000000082600000| Untracked 
|  39|0x0000000082700000, 0x0000000082800000, 0x0000000082800000|100%|HS|  |TAMS 0x0000000082800000, 0x0000000082700000| Complete 
|  40|0x0000000082800000, 0x0000000082900000, 0x0000000082900000|100%| O|  |TAMS 0x0000000082900000, 0x0000000082800000| Untracked 
|  41|0x0000000082900000, 0x0000000082a00000, 0x0000000082a00000|100%| O|  |TAMS 0x0000000082a00000, 0x0000000082900000| Untracked 
|  42|0x0000000082a00000, 0x0000000082b00000, 0x0000000082b00000|100%| O|  |TAMS 0x0000000082b00000, 0x0000000082a00000| Untracked 
|  43|0x0000000082b00000, 0x0000000082c00000, 0x0000000082c00000|100%| O|  |TAMS 0x0000000082c00000, 0x0000000082b00000| Untracked 
|  44|0x0000000082c00000, 0x0000000082d00000, 0x0000000082d00000|100%| O|  |TAMS 0x0000000082d00000, 0x0000000082c00000| Untracked 
|  45|0x0000000082d00000, 0x0000000082e00000, 0x0000000082e00000|100%| O|  |TAMS 0x0000000082e00000, 0x0000000082d00000| Untracked 
|  46|0x0000000082e00000, 0x0000000082f00000, 0x0000000082f00000|100%| O|  |TAMS 0x0000000082f00000, 0x0000000082e00000| Untracked 
|  47|0x0000000082f00000, 0x0000000083000000, 0x0000000083000000|100%| O|  |TAMS 0x0000000083000000, 0x0000000082f00000| Untracked 
|  48|0x0000000083000000, 0x0000000083100000, 0x0000000083100000|100%| O|  |TAMS 0x0000000083100000, 0x0000000083000000| Untracked 
|  49|0x0000000083100000, 0x0000000083200000, 0x0000000083200000|100%| O|  |TAMS 0x0000000083200000, 0x0000000083100000| Untracked 
|  50|0x0000000083200000, 0x0000000083300000, 0x0000000083300000|100%| O|  |TAMS 0x0000000083300000, 0x0000000083200000| Untracked 
|  51|0x0000000083300000, 0x0000000083400000, 0x0000000083400000|100%| O|  |TAMS 0x0000000083400000, 0x0000000083300000| Untracked 
|  52|0x0000000083400000, 0x0000000083500000, 0x0000000083500000|100%| O|  |TAMS 0x0000000083500000, 0x0000000083400000| Untracked 
|  53|0x0000000083500000, 0x0000000083600000, 0x0000000083600000|100%| O|  |TAMS 0x0000000083600000, 0x0000000083500000| Untracked 
|  54|0x0000000083600000, 0x0000000083700000, 0x0000000083700000|100%| O|  |TAMS 0x0000000083700000, 0x0000000083600000| Untracked 
|  55|0x0000000083700000, 0x0000000083800000, 0x0000000083800000|100%| O|  |TAMS 0x0000000083800000, 0x0000000083700000| Untracked 
|  56|0x0000000083800000, 0x0000000083900000, 0x0000000083900000|100%| O|  |TAMS 0x0000000083900000, 0x0000000083800000| Untracked 
|  57|0x0000000083900000, 0x0000000083a00000, 0x0000000083a00000|100%| O|  |TAMS 0x0000000083a00000, 0x0000000083900000| Untracked 
|  58|0x0000000083a00000, 0x0000000083b00000, 0x0000000083b00000|100%| O|  |TAMS 0x0000000083b00000, 0x0000000083a00000| Untracked 
|  59|0x0000000083b00000, 0x0000000083c00000, 0x0000000083c00000|100%| O|  |TAMS 0x0000000083c00000, 0x0000000083b00000| Untracked 
|  60|0x0000000083c00000, 0x0000000083d00000, 0x0000000083d00000|100%| O|  |TAMS 0x0000000083d00000, 0x0000000083c00000| Untracked 
|  61|0x0000000083d00000, 0x0000000083e00000, 0x0000000083e00000|100%| O|  |TAMS 0x0000000083e00000, 0x0000000083d00000| Untracked 
|  62|0x0000000083e00000, 0x0000000083f00000, 0x0000000083f00000|100%| O|  |TAMS 0x0000000083f00000, 0x0000000083e00000| Untracked 
|  63|0x0000000083f00000, 0x0000000084000000, 0x0000000084000000|100%| O|  |TAMS 0x0000000084000000, 0x0000000083f00000| Untracked 
|  64|0x0000000084000000, 0x0000000084100000, 0x0000000084100000|100%| O|  |TAMS 0x0000000084100000, 0x0000000084000000| Untracked 
|  65|0x0000000084100000, 0x0000000084200000, 0x0000000084200000|100%| O|  |TAMS 0x0000000084200000, 0x0000000084100000| Untracked 
|  66|0x0000000084200000, 0x0000000084300000, 0x0000000084300000|100%| O|  |TAMS 0x0000000084300000, 0x0000000084200000| Untracked 
|  67|0x0000000084300000, 0x0000000084400000, 0x0000000084400000|100%| O|  |TAMS 0x0000000084400000, 0x0000000084300000| Untracked 
|  68|0x0000000084400000, 0x0000000084500000, 0x0000000084500000|100%| O|  |TAMS 0x0000000084500000, 0x0000000084400000| Untracked 
|  69|0x0000000084500000, 0x0000000084600000, 0x0000000084600000|100%| O|  |TAMS 0x0000000084500000, 0x0000000084500000| Untracked 
|  70|0x0000000084600000, 0x0000000084700000, 0x0000000084700000|100%| O|  |TAMS 0x0000000084700000, 0x0000000084600000| Untracked 
|  71|0x0000000084700000, 0x0000000084800000, 0x0000000084800000|100%| O|  |TAMS 0x0000000084800000, 0x0000000084700000| Untracked 
|  72|0x0000000084800000, 0x0000000084900000, 0x0000000084900000|100%| O|  |TAMS 0x0000000084900000, 0x0000000084800000| Untracked 
|  73|0x0000000084900000, 0x0000000084a00000, 0x0000000084a00000|100%| O|  |TAMS 0x0000000084a00000, 0x0000000084900000| Untracked 
|  74|0x0000000084a00000, 0x0000000084b00000, 0x0000000084b00000|100%| O|  |TAMS 0x0000000084b00000, 0x0000000084a00000| Untracked 
|  75|0x0000000084b00000, 0x0000000084c00000, 0x0000000084c00000|100%| O|  |TAMS 0x0000000084c00000, 0x0000000084b00000| Untracked 
|  76|0x0000000084c00000, 0x0000000084d00000, 0x0000000084d00000|100%| O|  |TAMS 0x0000000084d00000, 0x0000000084c00000| Untracked 
|  77|0x0000000084d00000, 0x0000000084e00000, 0x0000000084e00000|100%| O|  |TAMS 0x0000000084d00000, 0x0000000084d00000| Untracked 
|  78|0x0000000084e00000, 0x0000000084f00000, 0x0000000084f00000|100%|HS|  |TAMS 0x0000000084f00000, 0x0000000084e00000| Complete 
|  79|0x0000000084f00000, 0x0000000085000000, 0x0000000085000000|100%| O|  |TAMS 0x0000000084f00000, 0x0000000084f00000| Untracked 
|  80|0x0000000085000000, 0x0000000085100000, 0x0000000085100000|100%| O|  |TAMS 0x0000000085000000, 0x0000000085000000| Untracked 
|  81|0x0000000085100000, 0x0000000085200000, 0x0000000085200000|100%| O|  |TAMS 0x0000000085100000, 0x0000000085100000| Untracked 
|  82|0x0000000085200000, 0x0000000085300000, 0x0000000085300000|100%| O|  |TAMS 0x0000000085200000, 0x0000000085200000| Untracked 
|  83|0x0000000085300000, 0x0000000085400000, 0x0000000085400000|100%| O|  |TAMS 0x0000000085300000, 0x0000000085300000| Untracked 
|  84|0x0000000085400000, 0x0000000085500000, 0x0000000085500000|100%| O|  |TAMS 0x0000000085400000, 0x0000000085400000| Untracked 
|  85|0x0000000085500000, 0x0000000085600000, 0x0000000085600000|100%| O|  |TAMS 0x0000000085500000, 0x0000000085500000| Untracked 
|  86|0x0000000085600000, 0x0000000085700000, 0x0000000085700000|100%| O|  |TAMS 0x0000000085600000, 0x0000000085600000| Untracked 
|  87|0x0000000085700000, 0x0000000085800000, 0x0000000085800000|100%| O|  |TAMS 0x0000000085800000, 0x0000000085700000| Untracked 
|  88|0x0000000085800000, 0x0000000085900000, 0x0000000085900000|100%| O|  |TAMS 0x0000000085900000, 0x0000000085800000| Untracked 
|  89|0x0000000085900000, 0x0000000085a00000, 0x0000000085a00000|100%| O|  |TAMS 0x0000000085a00000, 0x0000000085900000| Untracked 
|  90|0x0000000085a00000, 0x0000000085b00000, 0x0000000085b00000|100%| O|  |TAMS 0x0000000085b00000, 0x0000000085a00000| Untracked 
|  91|0x0000000085b00000, 0x0000000085c00000, 0x0000000085c00000|100%| O|  |TAMS 0x0000000085c00000, 0x0000000085b00000| Untracked 
|  92|0x0000000085c00000, 0x0000000085d00000, 0x0000000085d00000|100%| O|  |TAMS 0x0000000085d00000, 0x0000000085c00000| Untracked 
|  93|0x0000000085d00000, 0x0000000085e00000, 0x0000000085e00000|100%| O|  |TAMS 0x0000000085e00000, 0x0000000085d00000| Untracked 
|  94|0x0000000085e00000, 0x0000000085f00000, 0x0000000085f00000|100%| O|  |TAMS 0x0000000085f00000, 0x0000000085e00000| Untracked 
|  95|0x0000000085f00000, 0x0000000086000000, 0x0000000086000000|100%| O|  |TAMS 0x0000000086000000, 0x0000000085f00000| Untracked 
|  96|0x0000000086000000, 0x0000000086100000, 0x0000000086100000|100%| O|  |TAMS 0x0000000086100000, 0x0000000086000000| Untracked 
|  97|0x0000000086100000, 0x0000000086200000, 0x0000000086200000|100%| O|  |TAMS 0x0000000086100000, 0x0000000086100000| Untracked 
|  98|0x0000000086200000, 0x0000000086300000, 0x0000000086300000|100%| O|  |TAMS 0x0000000086200000, 0x0000000086200000| Untracked 
|  99|0x0000000086300000, 0x0000000086400000, 0x0000000086400000|100%| O|  |TAMS 0x0000000086400000, 0x0000000086300000| Untracked 
| 100|0x0000000086400000, 0x0000000086500000, 0x0000000086500000|100%| O|  |TAMS 0x0000000086500000, 0x0000000086400000| Untracked 
| 101|0x0000000086500000, 0x0000000086600000, 0x0000000086600000|100%| O|  |TAMS 0x0000000086600000, 0x0000000086500000| Untracked 
| 102|0x0000000086600000, 0x0000000086700000, 0x0000000086700000|100%| O|  |TAMS 0x0000000086600000, 0x0000000086600000| Untracked 
| 103|0x0000000086700000, 0x0000000086800000, 0x0000000086800000|100%| O|  |TAMS 0x0000000086800000, 0x0000000086700000| Untracked 
| 104|0x0000000086800000, 0x0000000086900000, 0x0000000086900000|100%| O|  |TAMS 0x0000000086900000, 0x0000000086800000| Untracked 
| 105|0x0000000086900000, 0x0000000086a00000, 0x0000000086a00000|100%| O|  |TAMS 0x0000000086a00000, 0x0000000086900000| Untracked 
| 106|0x0000000086a00000, 0x0000000086b00000, 0x0000000086b00000|100%| O|  |TAMS 0x0000000086a00000, 0x0000000086a00000| Untracked 
| 107|0x0000000086b00000, 0x0000000086b00000, 0x0000000086c00000|  0%| F|  |TAMS 0x0000000086b00000, 0x0000000086b00000| Untracked 
| 108|0x0000000086c00000, 0x0000000086c00000, 0x0000000086d00000|  0%| F|  |TAMS 0x0000000086c00000, 0x0000000086c00000| Untracked 
| 109|0x0000000086d00000, 0x0000000086d00000, 0x0000000086e00000|  0%| F|  |TAMS 0x0000000086d00000, 0x0000000086d00000| Untracked 
| 110|0x0000000086e00000, 0x0000000086e00000, 0x0000000086f00000|  0%| F|  |TAMS 0x0000000086e00000, 0x0000000086e00000| Untracked 
| 111|0x0000000086f00000, 0x0000000086f00000, 0x0000000087000000|  0%| F|  |TAMS 0x0000000086f00000, 0x0000000086f00000| Untracked 
| 112|0x0000000087000000, 0x0000000087000000, 0x0000000087100000|  0%| F|  |TAMS 0x0000000087000000, 0x0000000087000000| Untracked 
| 113|0x0000000087100000, 0x0000000087200000, 0x0000000087200000|100%| O|  |TAMS 0x0000000087100000, 0x0000000087100000| Untracked 
| 114|0x0000000087200000, 0x0000000087200000, 0x0000000087300000|  0%| F|  |TAMS 0x0000000087200000, 0x0000000087200000| Untracked 
| 115|0x0000000087300000, 0x0000000087300000, 0x0000000087400000|  0%| F|  |TAMS 0x0000000087300000, 0x0000000087300000| Untracked 
| 116|0x0000000087400000, 0x0000000087500000, 0x0000000087500000|100%| O|  |TAMS 0x0000000087400000, 0x0000000087400000| Untracked 
| 117|0x0000000087500000, 0x00000000875eea00, 0x0000000087600000| 93%| O|  |TAMS 0x0000000087500000, 0x0000000087500000| Untracked 
| 118|0x0000000087600000, 0x0000000087600000, 0x0000000087700000|  0%| F|  |TAMS 0x0000000087600000, 0x0000000087600000| Untracked 
| 119|0x0000000087700000, 0x0000000087700000, 0x0000000087800000|  0%| F|  |TAMS 0x0000000087700000, 0x0000000087700000| Untracked 
| 120|0x0000000087800000, 0x0000000087800000, 0x0000000087900000|  0%| F|  |TAMS 0x0000000087800000, 0x0000000087800000| Untracked 
| 121|0x0000000087900000, 0x0000000087900000, 0x0000000087a00000|  0%| F|  |TAMS 0x0000000087900000, 0x0000000087900000| Untracked 
| 122|0x0000000087a00000, 0x0000000087b00000, 0x0000000087b00000|100%| O|  |TAMS 0x0000000087a00000, 0x0000000087a00000| Untracked 
| 123|0x0000000087b00000, 0x0000000087c00000, 0x0000000087c00000|100%| O|  |TAMS 0x0000000087b00000, 0x0000000087b00000| Untracked 
| 124|0x0000000087c00000, 0x0000000087d00000, 0x0000000087d00000|100%| O|  |TAMS 0x0000000087c00000, 0x0000000087c00000| Untracked 
| 125|0x0000000087d00000, 0x0000000087e00000, 0x0000000087e00000|100%| O|  |TAMS 0x0000000087d00000, 0x0000000087d00000| Untracked 
| 126|0x0000000087e00000, 0x0000000087f00000, 0x0000000087f00000|100%| O|  |TAMS 0x0000000087e00000, 0x0000000087e00000| Untracked 
| 127|0x0000000087f00000, 0x0000000087f00000, 0x0000000088000000|  0%| F|  |TAMS 0x0000000087f00000, 0x0000000087f00000| Untracked 
| 128|0x0000000088000000, 0x0000000088000000, 0x0000000088100000|  0%| F|  |TAMS 0x0000000088000000, 0x0000000088000000| Untracked 
| 129|0x0000000088100000, 0x0000000088100000, 0x0000000088200000|  0%| F|  |TAMS 0x0000000088100000, 0x0000000088100000| Untracked 
| 130|0x0000000088200000, 0x0000000088200000, 0x0000000088300000|  0%| F|  |TAMS 0x0000000088200000, 0x0000000088200000| Untracked 
| 131|0x0000000088300000, 0x0000000088300000, 0x0000000088400000|  0%| F|  |TAMS 0x0000000088300000, 0x0000000088300000| Untracked 
| 132|0x0000000088400000, 0x0000000088400000, 0x0000000088500000|  0%| F|  |TAMS 0x0000000088400000, 0x0000000088400000| Untracked 
| 133|0x0000000088500000, 0x0000000088500000, 0x0000000088600000|  0%| F|  |TAMS 0x0000000088500000, 0x0000000088500000| Untracked 
| 134|0x0000000088600000, 0x0000000088600000, 0x0000000088700000|  0%| F|  |TAMS 0x0000000088600000, 0x0000000088600000| Untracked 
| 135|0x0000000088700000, 0x0000000088700000, 0x0000000088800000|  0%| F|  |TAMS 0x0000000088700000, 0x0000000088700000| Untracked 
| 136|0x0000000088800000, 0x0000000088800000, 0x0000000088900000|  0%| F|  |TAMS 0x0000000088800000, 0x0000000088800000| Untracked 
| 137|0x0000000088900000, 0x0000000088900000, 0x0000000088a00000|  0%| F|  |TAMS 0x0000000088900000, 0x0000000088900000| Untracked 
| 138|0x0000000088a00000, 0x0000000088a00000, 0x0000000088b00000|  0%| F|  |TAMS 0x0000000088a00000, 0x0000000088a00000| Untracked 
| 139|0x0000000088b00000, 0x0000000088b00000, 0x0000000088c00000|  0%| F|  |TAMS 0x0000000088b00000, 0x0000000088b00000| Untracked 
| 140|0x0000000088c00000, 0x0000000088c00000, 0x0000000088d00000|  0%| F|  |TAMS 0x0000000088c00000, 0x0000000088c00000| Untracked 
| 141|0x0000000088d00000, 0x0000000088d00000, 0x0000000088e00000|  0%| F|  |TAMS 0x0000000088d00000, 0x0000000088d00000| Untracked 
| 142|0x0000000088e00000, 0x0000000088e00000, 0x0000000088f00000|  0%| F|  |TAMS 0x0000000088e00000, 0x0000000088e00000| Untracked 
| 143|0x0000000088f00000, 0x0000000088f00000, 0x0000000089000000|  0%| F|  |TAMS 0x0000000088f00000, 0x0000000088f00000| Untracked 
| 144|0x0000000089000000, 0x0000000089000000, 0x0000000089100000|  0%| F|  |TAMS 0x0000000089000000, 0x0000000089000000| Untracked 
| 145|0x0000000089100000, 0x0000000089100000, 0x0000000089200000|  0%| F|  |TAMS 0x0000000089100000, 0x0000000089100000| Untracked 
| 146|0x0000000089200000, 0x0000000089200000, 0x0000000089300000|  0%| F|  |TAMS 0x0000000089200000, 0x0000000089200000| Untracked 
| 147|0x0000000089300000, 0x0000000089300000, 0x0000000089400000|  0%| F|  |TAMS 0x0000000089300000, 0x0000000089300000| Untracked 
| 148|0x0000000089400000, 0x0000000089400000, 0x0000000089500000|  0%| F|  |TAMS 0x0000000089400000, 0x0000000089400000| Untracked 
| 149|0x0000000089500000, 0x0000000089500000, 0x0000000089600000|  0%| F|  |TAMS 0x0000000089500000, 0x0000000089500000| Untracked 
| 150|0x0000000089600000, 0x0000000089600000, 0x0000000089700000|  0%| F|  |TAMS 0x0000000089600000, 0x0000000089600000| Untracked 
| 151|0x0000000089700000, 0x0000000089700000, 0x0000000089800000|  0%| F|  |TAMS 0x0000000089700000, 0x0000000089700000| Untracked 
| 152|0x0000000089800000, 0x0000000089800000, 0x0000000089900000|  0%| F|  |TAMS 0x0000000089800000, 0x0000000089800000| Untracked 
| 153|0x0000000089900000, 0x0000000089900000, 0x0000000089a00000|  0%| F|  |TAMS 0x0000000089900000, 0x0000000089900000| Untracked 
| 154|0x0000000089a00000, 0x0000000089a00000, 0x0000000089b00000|  0%| F|  |TAMS 0x0000000089a00000, 0x0000000089a00000| Untracked 
| 155|0x0000000089b00000, 0x0000000089b00000, 0x0000000089c00000|  0%| F|  |TAMS 0x0000000089b00000, 0x0000000089b00000| Untracked 
| 156|0x0000000089c00000, 0x0000000089c00000, 0x0000000089d00000|  0%| F|  |TAMS 0x0000000089c00000, 0x0000000089c00000| Untracked 
| 157|0x0000000089d00000, 0x0000000089d00000, 0x0000000089e00000|  0%| F|  |TAMS 0x0000000089d00000, 0x0000000089d00000| Untracked 
| 158|0x0000000089e00000, 0x0000000089e00000, 0x0000000089f00000|  0%| F|  |TAMS 0x0000000089e00000, 0x0000000089e00000| Untracked 
| 159|0x0000000089f00000, 0x0000000089f00000, 0x000000008a000000|  0%| F|  |TAMS 0x0000000089f00000, 0x0000000089f00000| Untracked 
| 160|0x000000008a000000, 0x000000008a093210, 0x000000008a100000| 57%| S|CS|TAMS 0x000000008a000000, 0x000000008a000000| Complete 
| 161|0x000000008a100000, 0x000000008a200000, 0x000000008a200000|100%| S|CS|TAMS 0x000000008a100000, 0x000000008a100000| Complete 
| 162|0x000000008a200000, 0x000000008a200000, 0x000000008a300000|  0%| F|  |TAMS 0x000000008a200000, 0x000000008a200000| Untracked 
| 163|0x000000008a300000, 0x000000008a300000, 0x000000008a400000|  0%| F|  |TAMS 0x000000008a300000, 0x000000008a300000| Untracked 
| 164|0x000000008a400000, 0x000000008a400000, 0x000000008a500000|  0%| F|  |TAMS 0x000000008a400000, 0x000000008a400000| Untracked 
| 165|0x000000008a500000, 0x000000008a500000, 0x000000008a600000|  0%| F|  |TAMS 0x000000008a500000, 0x000000008a500000| Untracked 
| 166|0x000000008a600000, 0x000000008a600000, 0x000000008a700000|  0%| F|  |TAMS 0x000000008a600000, 0x000000008a600000| Untracked 
| 167|0x000000008a700000, 0x000000008a700000, 0x000000008a800000|  0%| F|  |TAMS 0x000000008a700000, 0x000000008a700000| Untracked 
| 168|0x000000008a800000, 0x000000008a800000, 0x000000008a900000|  0%| F|  |TAMS 0x000000008a800000, 0x000000008a800000| Untracked 
| 169|0x000000008a900000, 0x000000008a900000, 0x000000008aa00000|  0%| F|  |TAMS 0x000000008a900000, 0x000000008a900000| Untracked 
| 170|0x000000008aa00000, 0x000000008aa00000, 0x000000008ab00000|  0%| F|  |TAMS 0x000000008aa00000, 0x000000008aa00000| Untracked 
| 171|0x000000008ab00000, 0x000000008ab00000, 0x000000008ac00000|  0%| F|  |TAMS 0x000000008ab00000, 0x000000008ab00000| Untracked 
| 172|0x000000008ac00000, 0x000000008ac00000, 0x000000008ad00000|  0%| F|  |TAMS 0x000000008ac00000, 0x000000008ac00000| Untracked 
| 173|0x000000008ad00000, 0x000000008ad00000, 0x000000008ae00000|  0%| F|  |TAMS 0x000000008ad00000, 0x000000008ad00000| Untracked 
| 174|0x000000008ae00000, 0x000000008ae00000, 0x000000008af00000|  0%| F|  |TAMS 0x000000008ae00000, 0x000000008ae00000| Untracked 
| 175|0x000000008af00000, 0x000000008af00000, 0x000000008b000000|  0%| F|  |TAMS 0x000000008af00000, 0x000000008af00000| Untracked 
| 176|0x000000008b000000, 0x000000008b000000, 0x000000008b100000|  0%| F|  |TAMS 0x000000008b000000, 0x000000008b000000| Untracked 
| 177|0x000000008b100000, 0x000000008b100000, 0x000000008b200000|  0%| F|  |TAMS 0x000000008b100000, 0x000000008b100000| Untracked 
| 178|0x000000008b200000, 0x000000008b200000, 0x000000008b300000|  0%| F|  |TAMS 0x000000008b200000, 0x000000008b200000| Untracked 
| 179|0x000000008b300000, 0x000000008b300000, 0x000000008b400000|  0%| F|  |TAMS 0x000000008b300000, 0x000000008b300000| Untracked 
| 180|0x000000008b400000, 0x000000008b400000, 0x000000008b500000|  0%| F|  |TAMS 0x000000008b400000, 0x000000008b400000| Untracked 
| 181|0x000000008b500000, 0x000000008b500000, 0x000000008b600000|  0%| F|  |TAMS 0x000000008b500000, 0x000000008b500000| Untracked 
| 182|0x000000008b600000, 0x000000008b600000, 0x000000008b700000|  0%| F|  |TAMS 0x000000008b600000, 0x000000008b600000| Untracked 
| 183|0x000000008b700000, 0x000000008b700000, 0x000000008b800000|  0%| F|  |TAMS 0x000000008b700000, 0x000000008b700000| Untracked 
| 184|0x000000008b800000, 0x000000008b800000, 0x000000008b900000|  0%| F|  |TAMS 0x000000008b800000, 0x000000008b800000| Untracked 
| 185|0x000000008b900000, 0x000000008b900000, 0x000000008ba00000|  0%| F|  |TAMS 0x000000008b900000, 0x000000008b900000| Untracked 
| 186|0x000000008ba00000, 0x000000008ba00000, 0x000000008bb00000|  0%| F|  |TAMS 0x000000008ba00000, 0x000000008ba00000| Untracked 
| 187|0x000000008bb00000, 0x000000008bb00000, 0x000000008bc00000|  0%| F|  |TAMS 0x000000008bb00000, 0x000000008bb00000| Untracked 
| 188|0x000000008bc00000, 0x000000008bc00000, 0x000000008bd00000|  0%| F|  |TAMS 0x000000008bc00000, 0x000000008bc00000| Untracked 
| 189|0x000000008bd00000, 0x000000008bd00000, 0x000000008be00000|  0%| F|  |TAMS 0x000000008bd00000, 0x000000008bd00000| Untracked 
| 190|0x000000008be00000, 0x000000008be00000, 0x000000008bf00000|  0%| F|  |TAMS 0x000000008be00000, 0x000000008be00000| Untracked 
| 191|0x000000008bf00000, 0x000000008bf00000, 0x000000008c000000|  0%| F|  |TAMS 0x000000008bf00000, 0x000000008bf00000| Untracked 
| 192|0x000000008c000000, 0x000000008c000000, 0x000000008c100000|  0%| F|  |TAMS 0x000000008c000000, 0x000000008c000000| Untracked 
| 193|0x000000008c100000, 0x000000008c100000, 0x000000008c200000|  0%| F|  |TAMS 0x000000008c100000, 0x000000008c100000| Untracked 
| 194|0x000000008c200000, 0x000000008c200000, 0x000000008c300000|  0%| F|  |TAMS 0x000000008c200000, 0x000000008c200000| Untracked 
| 195|0x000000008c300000, 0x000000008c300000, 0x000000008c400000|  0%| F|  |TAMS 0x000000008c300000, 0x000000008c300000| Untracked 
| 196|0x000000008c400000, 0x000000008c400000, 0x000000008c500000|  0%| F|  |TAMS 0x000000008c400000, 0x000000008c400000| Untracked 
| 197|0x000000008c500000, 0x000000008c500000, 0x000000008c600000|  0%| F|  |TAMS 0x000000008c500000, 0x000000008c500000| Untracked 
| 198|0x000000008c600000, 0x000000008c600000, 0x000000008c700000|  0%| F|  |TAMS 0x000000008c600000, 0x000000008c600000| Untracked 
| 199|0x000000008c700000, 0x000000008c700000, 0x000000008c800000|  0%| F|  |TAMS 0x000000008c700000, 0x000000008c700000| Untracked 
| 200|0x000000008c800000, 0x000000008c800000, 0x000000008c900000|  0%| F|  |TAMS 0x000000008c800000, 0x000000008c800000| Untracked 
| 201|0x000000008c900000, 0x000000008c900000, 0x000000008ca00000|  0%| F|  |TAMS 0x000000008c900000, 0x000000008c900000| Untracked 
| 202|0x000000008ca00000, 0x000000008ca00000, 0x000000008cb00000|  0%| F|  |TAMS 0x000000008ca00000, 0x000000008ca00000| Untracked 
| 203|0x000000008cb00000, 0x000000008cb00000, 0x000000008cc00000|  0%| F|  |TAMS 0x000000008cb00000, 0x000000008cb00000| Untracked 
| 204|0x000000008cc00000, 0x000000008cc00000, 0x000000008cd00000|  0%| F|  |TAMS 0x000000008cc00000, 0x000000008cc00000| Untracked 

Card table byte_map: [0x0000023c9c7a0000,0x0000023c9cba0000] _byte_map_base: 0x0000023c9c3a0000

Marking Bits (Prev, Next): (CMBitMap*) 0x0000023c89be4d20, (CMBitMap*) 0x0000023c89be4d60
 Prev Bits: [0x0000023c9cfa0000, 0x0000023c9efa0000)
 Next Bits: [0x0000023c9efa0000, 0x0000023ca0fa0000)

Polling page: 0x0000023c87b60000

Metaspace:

Usage:
  Non-class:     80.44 MB used.
      Class:     12.35 MB used.
       Both:     92.79 MB used.

Virtual space:
  Non-class space:       88.00 MB reserved,      80.81 MB ( 92%) committed,  11 nodes.
      Class space:        1.00 GB reserved,      12.62 MB (  1%) committed,  1 nodes.
             Both:        1.09 GB reserved,      93.44 MB (  8%) committed. 

Chunk freelists:
   Non-Class:  2.59 MB
       Class:  3.38 MB
        Both:  5.97 MB

MaxMetaspaceSize: unlimited
CompressedClassSpaceSize: 1.00 GB
Initial GC threshold: 21.00 MB
Current GC threshold: 148.25 MB
CDS: off
MetaspaceReclaimPolicy: balanced
 - commit_granule_bytes: 65536.
 - commit_granule_words: 8192.
 - virtual_space_node_default_size: 1048576.
 - enlarge_chunks_in_place: 1.
 - new_chunks_are_fully_committed: 0.
 - uncommit_free_chunks: 1.
 - use_allocation_guard: 0.
 - handle_deallocations: 1.


Internal statistics:

num_allocs_failed_limit: 6.
num_arena_births: 948.
num_arena_deaths: 14.
num_vsnodes_births: 12.
num_vsnodes_deaths: 0.
num_space_committed: 1493.
num_space_uncommitted: 0.
num_chunks_returned_to_freelist: 26.
num_chunks_taken_from_freelist: 4417.
num_chunk_merges: 15.
num_chunk_splits: 2908.
num_chunks_enlarged: 1948.
num_purges: 2.
num_inconsistent_stats: 0.

CodeHeap 'non-profiled nmethods': size=120000Kb used=6008Kb max_used=6008Kb free=113992Kb
 bounds [0x0000023c94b20000, 0x0000023c95100000, 0x0000023c9c050000]
CodeHeap 'profiled nmethods': size=120000Kb used=20670Kb max_used=20670Kb free=99329Kb
 bounds [0x0000023c8d050000, 0x0000023c8e480000, 0x0000023c94580000]
CodeHeap 'non-nmethods': size=5760Kb used=2394Kb max_used=2463Kb free=3365Kb
 bounds [0x0000023c94580000, 0x0000023c94800000, 0x0000023c94b20000]
 total_blobs=11562 nmethods=10646 adapters=828
 compilation: enabled
              stopped_count=0, restarted_count=0
 full_count=0

Compilation events (20 events):
Event: 31.522 Thread 0x0000023ca3a088c0 nmethod 10963 0x0000023c950f8c10 code [0x0000023c950f8f60, 0x0000023c950fbd78]
Event: 31.522 Thread 0x0000023ca443fad0 nmethod 12375 0x0000023c8e47c490 code [0x0000023c8e47c640, 0x0000023c8e47c848]
Event: 31.523 Thread 0x0000023ca443fad0 12376   !   2       java.io.FileOutputStream::close (69 bytes)
Event: 31.523 Thread 0x0000023ca3a088c0 10873       4       java.io.ObjectOutputStream$HandleTable::assign (52 bytes)
Event: 31.523 Thread 0x0000023ca443fad0 nmethod 12376 0x0000023c8e47c990 code [0x0000023c8e47cb60, 0x0000023c8e47cf18]
Event: 31.523 Thread 0x0000023ca443fad0 12377       2       java.io.FileOutputStream$1::<init> (10 bytes)
Event: 31.523 Thread 0x0000023ca443fad0 nmethod 12377 0x0000023c8e47d090 code [0x0000023c8e47d220, 0x0000023c8e47d378]
Event: 31.523 Thread 0x0000023ca443fad0 12378       2       java.io.FileOutputStream$1::close (11 bytes)
Event: 31.524 Thread 0x0000023ca443fad0 nmethod 12378 0x0000023c8e47d410 code [0x0000023c8e47d5e0, 0x0000023c8e47d938]
Event: 31.524 Thread 0x0000023ca443fad0 12374       2       com.sun.org.apache.xerces.internal.impl.XMLEntityScanner::setCurrentEntity (24 bytes)
Event: 31.524 Thread 0x0000023ca5452c70 nmethod 10876 0x0000023c950fdd10 code [0x0000023c950fde80, 0x0000023c950fdf58]
Event: 31.524 Thread 0x0000023ca5452c70 10875       4       java.io.ClassCache::get (56 bytes)
Event: 31.524 Thread 0x0000023ca443fad0 nmethod 12374 0x0000023c8e47db10 code [0x0000023c8e47dca0, 0x0000023c8e47de18]
Event: 31.529 Thread 0x0000023ca443fad0 12379   !   3       org.gradle.internal.vfs.impl.AbstractVirtualFileSystem::underLock (34 bytes)
Event: 31.530 Thread 0x0000023ca443fad0 nmethod 12379 0x0000023c8e47df10 code [0x0000023c8e47e140, 0x0000023c8e47eb08]
Event: 31.536 Thread 0x0000023ca443fad0 12380       3       org.gradle.api.internal.artifacts.ivyservice.ResolvedFileCollectionVisitor::endVisitCollection (24 bytes)
Event: 31.536 Thread 0x0000023ca443fad0 nmethod 12380 0x0000023c8e47ee90 code [0x0000023c8e47f040, 0x0000023c8e47f3f8]
Event: 31.536 Thread 0x0000023ca443fad0 12381       3       com.sun.org.apache.xerces.internal.utils.XMLSecurityPropertyManager::getValue (10 bytes)
Event: 31.536 Thread 0x0000023ca443fad0 nmethod 12381 0x0000023c8e47f510 code [0x0000023c8e47f6a0, 0x0000023c8e47f7f8]
Event: 31.536 Thread 0x0000023ca443fad0 12383       3       org.gradle.api.internal.artifacts.PreResolvedResolvableArtifact::<init> (38 bytes)

GC Heap History (20 events):
Event: 19.207 GC heap after
{Heap after GC invocations=36 (full 0):
 garbage-first heap   total 178176K, used 59388K [0x0000000080000000, 0x0000000100000000)
  region size 1024K, 1 young (1024K), 1 survivors (1024K)
 Metaspace       used 67960K, committed 68480K, reserved 1114112K
  class space    used 8970K, committed 9152K, reserved 1048576K
}
Event: 21.362 GC heap before
{Heap before GC invocations=36 (full 0):
 garbage-first heap   total 178176K, used 133116K [0x0000000080000000, 0x0000000100000000)
  region size 1024K, 72 young (73728K), 1 survivors (1024K)
 Metaspace       used 75711K, committed 76288K, reserved 1122304K
  class space    used 10249K, committed 10560K, reserved 1048576K
}
Event: 21.370 GC heap after
{Heap after GC invocations=37 (full 0):
 garbage-first heap   total 178176K, used 63264K [0x0000000080000000, 0x0000000100000000)
  region size 1024K, 5 young (5120K), 5 survivors (5120K)
 Metaspace       used 75711K, committed 76288K, reserved 1122304K
  class space    used 10249K, committed 10560K, reserved 1048576K
}
Event: 23.419 GC heap before
{Heap before GC invocations=37 (full 0):
 garbage-first heap   total 178176K, used 135968K [0x0000000080000000, 0x0000000100000000)
  region size 1024K, 76 young (77824K), 5 survivors (5120K)
 Metaspace       used 81924K, committed 82560K, reserved 1122304K
  class space    used 11139K, committed 11456K, reserved 1048576K
}
Event: 23.436 GC heap after
{Heap after GC invocations=38 (full 0):
 garbage-first heap   total 178176K, used 70294K [0x0000000080000000, 0x0000000100000000)
  region size 1024K, 10 young (10240K), 10 survivors (10240K)
 Metaspace       used 81924K, committed 82560K, reserved 1122304K
  class space    used 11139K, committed 11456K, reserved 1048576K
}
Event: 24.972 GC heap before
{Heap before GC invocations=38 (full 0):
 garbage-first heap   total 178176K, used 137878K [0x0000000080000000, 0x0000000100000000)
  region size 1024K, 76 young (77824K), 10 survivors (10240K)
 Metaspace       used 84434K, committed 85056K, reserved 1122304K
  class space    used 11649K, committed 11968K, reserved 1048576K
}
Event: 24.989 GC heap after
{Heap after GC invocations=39 (full 0):
 garbage-first heap   total 178176K, used 77974K [0x0000000080000000, 0x0000000100000000)
  region size 1024K, 8 young (8192K), 8 survivors (8192K)
 Metaspace       used 84434K, committed 85056K, reserved 1122304K
  class space    used 11649K, committed 11968K, reserved 1048576K
}
Event: 26.759 GC heap before
{Heap before GC invocations=39 (full 0):
 garbage-first heap   total 178176K, used 139414K [0x0000000080000000, 0x0000000100000000)
  region size 1024K, 68 young (69632K), 8 survivors (8192K)
 Metaspace       used 88414K, committed 89024K, reserved 1130496K
  class space    used 12073K, committed 12352K, reserved 1048576K
}
Event: 26.770 GC heap after
{Heap after GC invocations=40 (full 0):
 garbage-first heap   total 178176K, used 86754K [0x0000000080000000, 0x0000000100000000)
  region size 1024K, 9 young (9216K), 9 survivors (9216K)
 Metaspace       used 88414K, committed 89024K, reserved 1130496K
  class space    used 12073K, committed 12352K, reserved 1048576K
}
Event: 28.603 GC heap before
{Heap before GC invocations=40 (full 0):
 garbage-first heap   total 178176K, used 150242K [0x0000000080000000, 0x0000000100000000)
  region size 1024K, 61 young (62464K), 9 survivors (9216K)
 Metaspace       used 89055K, committed 89664K, reserved 1130496K
  class space    used 12119K, committed 12416K, reserved 1048576K
}
Event: 28.622 GC heap after
{Heap after GC invocations=41 (full 0):
 garbage-first heap   total 178176K, used 104448K [0x0000000080000000, 0x0000000100000000)
  region size 1024K, 8 young (8192K), 8 survivors (8192K)
 Metaspace       used 89055K, committed 89664K, reserved 1130496K
  class space    used 12119K, committed 12416K, reserved 1048576K
}
Event: 29.654 GC heap before
{Heap before GC invocations=41 (full 0):
 garbage-first heap   total 178176K, used 154624K [0x0000000080000000, 0x0000000100000000)
  region size 1024K, 43 young (44032K), 8 survivors (8192K)
 Metaspace       used 89748K, committed 90368K, reserved 1130496K
  class space    used 12190K, committed 12480K, reserved 1048576K
}
Event: 29.667 GC heap after
{Heap after GC invocations=42 (full 0):
 garbage-first heap   total 178176K, used 109499K [0x0000000080000000, 0x0000000100000000)
  region size 1024K, 4 young (4096K), 4 survivors (4096K)
 Metaspace       used 89748K, committed 90368K, reserved 1130496K
  class space    used 12190K, committed 12480K, reserved 1048576K
}
Event: 30.320 GC heap before
{Heap before GC invocations=43 (full 0):
 garbage-first heap   total 209920K, used 142267K [0x0000000080000000, 0x0000000100000000)
  region size 1024K, 37 young (37888K), 4 survivors (4096K)
 Metaspace       used 93125K, committed 93760K, reserved 1130496K
  class space    used 12487K, committed 12800K, reserved 1048576K
}
Event: 30.332 GC heap after
{Heap after GC invocations=44 (full 0):
 garbage-first heap   total 209920K, used 114298K [0x0000000080000000, 0x0000000100000000)
  region size 1024K, 5 young (5120K), 5 survivors (5120K)
 Metaspace       used 93125K, committed 93760K, reserved 1130496K
  class space    used 12487K, committed 12800K, reserved 1048576K
}
Event: 30.411 GC heap before
{Heap before GC invocations=44 (full 0):
 garbage-first heap   total 209920K, used 119418K [0x0000000080000000, 0x0000000100000000)
  region size 1024K, 10 young (10240K), 5 survivors (5120K)
 Metaspace       used 93200K, committed 93824K, reserved 1130496K
  class space    used 12487K, committed 12800K, reserved 1048576K
}
Event: 30.418 GC heap after
{Heap after GC invocations=45 (full 0):
 garbage-first heap   total 209920K, used 114536K [0x0000000080000000, 0x0000000100000000)
  region size 1024K, 2 young (2048K), 2 survivors (2048K)
 Metaspace       used 93200K, committed 93824K, reserved 1130496K
  class space    used 12487K, committed 12800K, reserved 1048576K
}
Event: 30.961 GC heap before
{Heap before GC invocations=45 (full 0):
 garbage-first heap   total 209920K, used 162664K [0x0000000080000000, 0x0000000100000000)
  region size 1024K, 49 young (50176K), 2 survivors (2048K)
 Metaspace       used 93826K, committed 94528K, reserved 1138688K
  class space    used 12525K, committed 12864K, reserved 1048576K
}
Event: 30.972 GC heap after
{Heap after GC invocations=46 (full 0):
 garbage-first heap   total 209920K, used 121962K [0x0000000080000000, 0x0000000100000000)
  region size 1024K, 7 young (7168K), 7 survivors (7168K)
 Metaspace       used 93826K, committed 94528K, reserved 1138688K
  class space    used 12525K, committed 12864K, reserved 1048576K
}
Event: 31.537 GC heap before
{Heap before GC invocations=46 (full 0):
 garbage-first heap   total 209920K, used 173162K [0x0000000080000000, 0x0000000100000000)
  region size 1024K, 50 young (51200K), 7 survivors (7168K)
 Metaspace       used 95016K, committed 95680K, reserved 1138688K
  class space    used 12642K, committed 12928K, reserved 1048576K
}

Dll operation events (2 events):
Event: 0.029 Loaded shared library C:\Program Files\Android\Android Studio\jbr\bin\java.dll
Event: 1.011 Loaded shared library C:\Program Files\Android\Android Studio\jbr\bin\verify.dll

Deoptimization events (20 events):
Event: 31.280 Thread 0x0000023ca8a85fe0 DEOPT UNPACKING pc=0x0000023c945da1a3 sp=0x000000df10bfd548 mode 2
Event: 31.280 Thread 0x0000023ca8a8c4f0 DEOPT UNPACKING pc=0x0000023c945da1a3 sp=0x000000df10efd2c8 mode 2
Event: 31.281 Thread 0x0000023ca8a8c4f0 Uncommon trap: trap_request=0xffffff45 fr.pc=0x0000023c94fbde24 relative=0x00000000000014e4
Event: 31.281 Thread 0x0000023ca8a8c4f0 Uncommon trap: reason=unstable_if action=reinterpret pc=0x0000023c94fbde24 method=java.util.concurrent.ConcurrentHashMap.putVal(Ljava/lang/Object;Ljava/lang/Object;Z)Ljava/lang/Object; @ 245 c2
Event: 31.281 Thread 0x0000023ca8a8c4f0 DEOPT PACKING pc=0x0000023c94fbde24 sp=0x000000df10efc9e0
Event: 31.281 Thread 0x0000023ca8a8c4f0 DEOPT UNPACKING pc=0x0000023c945da1a3 sp=0x000000df10efc968 mode 2
Event: 31.281 Thread 0x0000023ca8a85fe0 Uncommon trap: trap_request=0xffffff45 fr.pc=0x0000023c94fbde24 relative=0x00000000000014e4
Event: 31.281 Thread 0x0000023ca8a85fe0 Uncommon trap: reason=unstable_if action=reinterpret pc=0x0000023c94fbde24 method=java.util.concurrent.ConcurrentHashMap.putVal(Ljava/lang/Object;Ljava/lang/Object;Z)Ljava/lang/Object; @ 245 c2
Event: 31.281 Thread 0x0000023ca8a85fe0 DEOPT PACKING pc=0x0000023c94fbde24 sp=0x000000df10bfcc60
Event: 31.281 Thread 0x0000023ca8a85fe0 DEOPT UNPACKING pc=0x0000023c945da1a3 sp=0x000000df10bfcbe8 mode 2
Event: 31.289 Thread 0x0000023ca8a85fe0 Uncommon trap: trap_request=0xffffff45 fr.pc=0x0000023c95054148 relative=0x0000000000000d28
Event: 31.289 Thread 0x0000023ca8a85fe0 Uncommon trap: reason=unstable_if action=reinterpret pc=0x0000023c95054148 method=com.sun.org.apache.xerces.internal.util.SymbolTable.addSymbol([CII)Ljava/lang/String; @ 64 c2
Event: 31.289 Thread 0x0000023ca8a85fe0 DEOPT PACKING pc=0x0000023c95054148 sp=0x000000df10bfd320
Event: 31.289 Thread 0x0000023ca8a85fe0 DEOPT UNPACKING pc=0x0000023c945da1a3 sp=0x000000df10bfd2e8 mode 2
Event: 31.400 Thread 0x0000023ca8a8c4f0 Uncommon trap: trap_request=0xffffff45 fr.pc=0x0000023c94ba2210 relative=0x0000000000000d10
Event: 31.400 Thread 0x0000023ca8a8c4f0 Uncommon trap: reason=unstable_if action=reinterpret pc=0x0000023c94ba2210 method=java.io.BufferedReader.readLine(Z[Z)Ljava/lang/String; @ 209 c2
Event: 31.400 Thread 0x0000023ca8a8c4f0 DEOPT PACKING pc=0x0000023c94ba2210 sp=0x000000df10efd790
Event: 31.400 Thread 0x0000023ca8a8c4f0 DEOPT UNPACKING pc=0x0000023c945da1a3 sp=0x000000df10efd730 mode 2
Event: 31.417 Thread 0x0000023ca8a8c4f0 DEOPT PACKING pc=0x0000023c8e44d566 sp=0x000000df10efd7e0
Event: 31.417 Thread 0x0000023ca8a8c4f0 DEOPT UNPACKING pc=0x0000023c945dace3 sp=0x000000df10efccc8 mode 0

Classes unloaded (7 events):
Event: 29.848 Thread 0x0000023ca39f4930 Unloading class 0x0000000100ba5c00 'java/lang/invoke/LambdaForm$DMH+0x0000000100ba5c00'
Event: 29.848 Thread 0x0000023ca39f4930 Unloading class 0x0000000100ba5800 'java/lang/invoke/LambdaForm$DMH+0x0000000100ba5800'
Event: 29.848 Thread 0x0000023ca39f4930 Unloading class 0x0000000100ba5400 'java/lang/invoke/LambdaForm$DMH+0x0000000100ba5400'
Event: 29.848 Thread 0x0000023ca39f4930 Unloading class 0x0000000100ba5000 'java/lang/invoke/LambdaForm$DMH+0x0000000100ba5000'
Event: 29.848 Thread 0x0000023ca39f4930 Unloading class 0x0000000100ba4800 'java/lang/invoke/LambdaForm$DMH+0x0000000100ba4800'
Event: 29.848 Thread 0x0000023ca39f4930 Unloading class 0x0000000100ba4c00 'java/lang/invoke/LambdaForm$DMH+0x0000000100ba4c00'
Event: 29.848 Thread 0x0000023ca39f4930 Unloading class 0x0000000100ba4400 'java/lang/invoke/LambdaForm$DMH+0x0000000100ba4400'

Classes redefined (0 events):
No events

Internal exceptions (20 events):
Event: 30.183 Thread 0x0000023ca8a8b680 Exception <a 'sun/nio/fs/WindowsException'{0x000000008c76e978}> (0x000000008c76e978) 
thrown [s\src\hotspot\share\prims\jni.cpp, line 517]
Event: 30.194 Thread 0x0000023ca8a8b680 Exception <a 'sun/nio/fs/WindowsException'{0x000000008c76fc00}> (0x000000008c76fc00) 
thrown [s\src\hotspot\share\prims\jni.cpp, line 517]
Event: 30.200 Thread 0x0000023ca8a8b680 Exception <a 'sun/nio/fs/WindowsException'{0x000000008c771078}> (0x000000008c771078) 
thrown [s\src\hotspot\share\prims\jni.cpp, line 517]
Event: 30.206 Thread 0x0000023ca8a8b680 Exception <a 'sun/nio/fs/WindowsException'{0x000000008c7722f8}> (0x000000008c7722f8) 
thrown [s\src\hotspot\share\prims\jni.cpp, line 517]
Event: 30.209 Thread 0x0000023ca8a8b680 Exception <a 'sun/nio/fs/WindowsException'{0x000000008c773548}> (0x000000008c773548) 
thrown [s\src\hotspot\share\prims\jni.cpp, line 517]
Event: 30.219 Thread 0x0000023ca8a8b680 Exception <a 'sun/nio/fs/WindowsException'{0x000000008c7747f8}> (0x000000008c7747f8) 
thrown [s\src\hotspot\share\prims\jni.cpp, line 517]
Event: 30.226 Thread 0x0000023ca8a8b680 Exception <a 'sun/nio/fs/WindowsException'{0x000000008c775a88}> (0x000000008c775a88) 
thrown [s\src\hotspot\share\prims\jni.cpp, line 517]
Event: 30.363 Thread 0x0000023ca8a8b680 Exception <a 'sun/nio/fs/WindowsException'{0x000000008caa43b0}> (0x000000008caa43b0) 
thrown [s\src\hotspot\share\prims\jni.cpp, line 517]
Event: 30.368 Thread 0x0000023ca8a8b680 Exception <a 'sun/nio/fs/WindowsException'{0x000000008caa5718}> (0x000000008caa5718) 
thrown [s\src\hotspot\share\prims\jni.cpp, line 517]
Event: 30.375 Thread 0x0000023ca8a8b680 Exception <a 'sun/nio/fs/WindowsException'{0x000000008c917480}> (0x000000008c917480) 
thrown [s\src\hotspot\share\prims\jni.cpp, line 517]
Event: 30.385 Thread 0x0000023ca8a8b680 Exception <a 'sun/nio/fs/WindowsException'{0x000000008c918610}> (0x000000008c918610) 
thrown [s\src\hotspot\share\prims\jni.cpp, line 517]
Event: 30.393 Thread 0x0000023ca8a8b680 Exception <a 'sun/nio/fs/WindowsException'{0x000000008c831270}> (0x000000008c831270) 
thrown [s\src\hotspot\share\prims\jni.cpp, line 517]
Event: 30.523 Thread 0x0000023ca8a8b680 Exception <a 'sun/nio/fs/WindowsException'{0x000000008c824b38}> (0x000000008c824b38) 
thrown [s\src\hotspot\share\prims\jni.cpp, line 517]
Event: 30.567 Thread 0x0000023ca8a8b680 Exception <a 'sun/nio/fs/WindowsException'{0x000000008c3e58f8}> (0x000000008c3e58f8) 
thrown [s\src\hotspot\share\prims\jni.cpp, line 517]
Event: 30.567 Thread 0x0000023ca8a8b680 Exception <a 'sun/nio/fs/WindowsException'{0x000000008c260248}> (0x000000008c260248) 
thrown [s\src\hotspot\share\prims\jni.cpp, line 517]
Event: 30.567 Thread 0x0000023ca8a8b680 Exception <a 'sun/nio/fs/WindowsException'{0x000000008c2602b8}> (0x000000008c2602b8) 
thrown [s\src\hotspot\share\prims\jni.cpp, line 517]
Event: 30.567 Thread 0x0000023ca8a8b680 Exception <a 'sun/nio/fs/WindowsException'{0x000000008c260698}> (0x000000008c260698) 
thrown [s\src\hotspot\share\prims\jni.cpp, line 517]
Event: 30.614 Thread 0x0000023ca8a8c9c0 Exception <a 'sun/nio/fs/WindowsException'{0x000000008bf39918}> (0x000000008bf39918) 
thrown [s\src\hotspot\share\prims\jni.cpp, line 517]
Event: 30.617 Thread 0x0000023ca8a8c9c0 Exception <a 'sun/nio/fs/WindowsException'{0x000000008bf3b9a8}> (0x000000008bf3b9a8) 
thrown [s\src\hotspot\share\prims\jni.cpp, line 517]
Event: 30.617 Thread 0x0000023ca8a8c9c0 Exception <a 'sun/nio/fs/WindowsException'{0x000000008bf3d620}> (0x000000008bf3d620) 
thrown [s\src\hotspot\share\prims\jni.cpp, line 517]

VM Operations (20 events):
Event: 28.622 Executing VM operation: G1CollectForAllocation done
Event: 29.627 Executing VM operation: Cleanup
Event: 29.629 Executing VM operation: Cleanup done
Event: 29.653 Executing VM operation: G1CollectForAllocation
Event: 29.673 Executing VM operation: G1CollectForAllocation done
Event: 29.847 Executing VM operation: G1Concurrent
Event: 29.870 Executing VM operation: G1Concurrent done
Event: 29.980 Executing VM operation: G1Concurrent
Event: 29.998 Executing VM operation: G1Concurrent done
Event: 30.319 Executing VM operation: G1CollectForAllocation
Event: 30.337 Executing VM operation: G1CollectForAllocation done
Event: 30.402 Executing VM operation: G1CollectForAllocation
Event: 30.427 Executing VM operation: G1CollectForAllocation done
Event: 30.961 Executing VM operation: G1CollectForAllocation
Event: 30.973 Executing VM operation: G1CollectForAllocation done
Event: 31.298 Executing VM operation: HandshakeAllThreads
Event: 31.301 Executing VM operation: HandshakeAllThreads done
Event: 31.470 Executing VM operation: HandshakeAllThreads
Event: 31.473 Executing VM operation: HandshakeAllThreads done
Event: 31.537 Executing VM operation: G1CollectForAllocation

Events (20 events):
Event: 30.674 loading class javax/xml/stream/events/Comment done
Event: 30.674 loading class com/sun/xml/internal/stream/events/CommentEvent done
Event: 31.256 loading class com/sun/xml/internal/stream/util/ReadOnlyIterator
Event: 31.256 loading class com/sun/xml/internal/stream/util/ReadOnlyIterator done
Event: 31.327 loading class java/util/zip/ZipInputStream
Event: 31.330 loading class java/util/zip/ZipInputStream done
Event: 31.365 loading class java/nio/file/FileChannelLinesSpliterator
Event: 31.365 loading class java/nio/file/FileChannelLinesSpliterator done
Event: 31.366 loading class java/util/stream/Streams$1
Event: 31.366 loading class java/util/stream/Streams$1 done
Event: 31.381 loading class java/nio/file/FileChannelLinesSpliterator$1
Event: 31.381 loading class java/nio/file/FileChannelLinesSpliterator$1 done
Event: 31.479 loading class java/net/HttpURLConnection
Event: 31.501 loading class java/net/HttpURLConnection done
Event: 31.502 loading class sun/net/ProgressMonitor
Event: 31.522 loading class sun/net/ProgressMonitor done
Event: 31.522 loading class sun/net/DefaultProgressMeteringPolicy
Event: 31.534 loading class sun/net/ProgressMeteringPolicy
Event: 31.534 loading class sun/net/ProgressMeteringPolicy done
Event: 31.534 loading class sun/net/DefaultProgressMeteringPolicy done


Dynamic libraries:
0x00007ff7152c0000 - 0x00007ff7152ca000 	C:\Program Files\Android\Android Studio\jbr\bin\java.exe
0x00007ff8478d0000 - 0x00007ff847ae7000 	C:\Windows\SYSTEM32\ntdll.dll
0x00007ff846cd0000 - 0x00007ff846d94000 	C:\Windows\System32\KERNEL32.DLL
0x00007ff8451e0000 - 0x00007ff845587000 	C:\Windows\System32\KERNELBASE.dll
0x00007ff844ea0000 - 0x00007ff844fb1000 	C:\Windows\System32\ucrtbase.dll
0x00007ff824720000 - 0x00007ff82473b000 	C:\Program Files\Android\Android Studio\jbr\bin\VCRUNTIME140.dll
0x00007ff822b90000 - 0x00007ff822ba7000 	C:\Program Files\Android\Android Studio\jbr\bin\jli.dll
0x00007ff846e40000 - 0x00007ff846fee000 	C:\Windows\System32\USER32.dll
0x00007ff8451b0000 - 0x00007ff8451d6000 	C:\Windows\System32\win32u.dll
0x00007ff846e10000 - 0x00007ff846e39000 	C:\Windows\System32\GDI32.dll
0x00007ff844c50000 - 0x00007ff844d69000 	C:\Windows\System32\gdi32full.dll
0x00007ff845590000 - 0x00007ff84562a000 	C:\Windows\System32\msvcp_win.dll
0x00007ff827920000 - 0x00007ff827bb3000 	C:\Windows\WinSxS\amd64_microsoft.windows.common-controls_6595b64144ccf1df_6.0.22621.2506_none_270c5ae97388e100\COMCTL32.dll
0x00007ff847300000 - 0x00007ff8473a7000 	C:\Windows\System32\msvcrt.dll
0x00007ff8472c0000 - 0x00007ff8472f1000 	C:\Windows\System32\IMM32.DLL
0x00007ff841020000 - 0x00007ff84102c000 	C:\Program Files\Android\Android Studio\jbr\bin\vcruntime140_1.dll
0x00007ff800670000 - 0x00007ff8006fd000 	C:\Program Files\Android\Android Studio\jbr\bin\msvcp140.dll
0x00007fffca860000 - 0x00007fffcb4ce000 	C:\Program Files\Android\Android Studio\jbr\bin\server\jvm.dll
0x00007ff8459e0000 - 0x00007ff845a90000 	C:\Windows\System32\ADVAPI32.dll
0x00007ff845930000 - 0x00007ff8459d6000 	C:\Windows\System32\sechost.dll
0x00007ff845ab0000 - 0x00007ff845bc7000 	C:\Windows\System32\RPCRT4.dll
0x00007ff83d6f0000 - 0x00007ff83d6fa000 	C:\Windows\SYSTEM32\VERSION.dll
0x00007ff83c7a0000 - 0x00007ff83c7d4000 	C:\Windows\SYSTEM32\WINMM.dll
0x00007ff81fa40000 - 0x00007ff81fa49000 	C:\Windows\SYSTEM32\WSOCK32.dll
0x00007ff846530000 - 0x00007ff8465a1000 	C:\Windows\System32\ws2_32.DLL
0x00007ff843bb0000 - 0x00007ff843bc8000 	C:\Windows\SYSTEM32\kernel.appcore.dll
0x00007ff83fa90000 - 0x00007ff83fa9a000 	C:\Program Files\Android\Android Studio\jbr\bin\jimage.dll
0x00007ff842480000 - 0x00007ff8426b3000 	C:\Windows\SYSTEM32\DBGHELP.DLL
0x00007ff846750000 - 0x00007ff846ad9000 	C:\Windows\System32\combase.dll
0x00007ff846ff0000 - 0x00007ff8470c7000 	C:\Windows\System32\OLEAUT32.dll
0x00007ff81e170000 - 0x00007ff81e1a2000 	C:\Windows\SYSTEM32\dbgcore.DLL
0x00007ff844fc0000 - 0x00007ff84503a000 	C:\Windows\System32\bcryptPrimitives.dll
0x00007ff8242a0000 - 0x00007ff8242c5000 	C:\Program Files\Android\Android Studio\jbr\bin\java.dll
0x00007ff82ce70000 - 0x00007ff82ce88000 	C:\Program Files\Android\Android Studio\jbr\bin\zip.dll
0x00007ff845bd0000 - 0x00007ff846429000 	C:\Windows\System32\SHELL32.dll
0x00007ff842b20000 - 0x00007ff843414000 	C:\Windows\SYSTEM32\windows.storage.dll
0x00007ff8429e0000 - 0x00007ff842b1e000 	C:\Windows\SYSTEM32\wintypes.dll
0x00007ff846ae0000 - 0x00007ff846bd3000 	C:\Windows\System32\SHCORE.dll
0x00007ff847220000 - 0x00007ff84727e000 	C:\Windows\System32\shlwapi.dll
0x00007ff844b80000 - 0x00007ff844ba6000 	C:\Windows\SYSTEM32\profapi.dll
0x00007ff824280000 - 0x00007ff824299000 	C:\Program Files\Android\Android Studio\jbr\bin\net.dll
0x00007ff83f910000 - 0x00007ff83fa47000 	C:\Windows\SYSTEM32\WINHTTP.dll
0x00007ff844090000 - 0x00007ff8440f9000 	C:\Windows\system32\mswsock.dll
0x00007ff824260000 - 0x00007ff824276000 	C:\Program Files\Android\Android Studio\jbr\bin\nio.dll
0x00007ff83e5a0000 - 0x00007ff83e5b0000 	C:\Program Files\Android\Android Studio\jbr\bin\verify.dll
0x00007ff81e720000 - 0x00007ff81e747000 	C:\Users\vuyom\.gradle\native\68d5fa5c4cc2d200863cafc0d521ce42e7d3e7ee720ec0a83991735586a16f82\windows-amd64\native-platform.dll
0x00007fffe5f50000 - 0x00007fffe6094000 	C:\Users\vuyom\.gradle\native\e376f236ea51e6404a007f0833ffe2c6e607c4080706a723a18a27aeea778392\windows-amd64\native-platform-file-events.dll
0x00007ff83bc00000 - 0x00007ff83bc09000 	C:\Program Files\Android\Android Studio\jbr\bin\management.dll
0x00007ff82cd00000 - 0x00007ff82cd0b000 	C:\Program Files\Android\Android Studio\jbr\bin\management_ext.dll
0x00007ff845870000 - 0x00007ff845878000 	C:\Windows\System32\PSAPI.DLL
0x00007ff8442b0000 - 0x00007ff8442cb000 	C:\Windows\SYSTEM32\CRYPTSP.dll
0x00007ff843b70000 - 0x00007ff843ba5000 	C:\Windows\system32\rsaenh.dll
0x00007ff844150000 - 0x00007ff84417c000 	C:\Windows\SYSTEM32\USERENV.dll
0x00007ff844510000 - 0x00007ff844538000 	C:\Windows\SYSTEM32\bcrypt.dll
0x00007ff8442d0000 - 0x00007ff8442dc000 	C:\Windows\SYSTEM32\CRYPTBASE.dll
0x00007ff843670000 - 0x00007ff84369d000 	C:\Windows\SYSTEM32\IPHLPAPI.DLL
0x00007ff8472a0000 - 0x00007ff8472a9000 	C:\Windows\System32\NSI.dll
0x00007ff83d700000 - 0x00007ff83d719000 	C:\Windows\SYSTEM32\dhcpcsvc6.DLL
0x00007ff83d1b0000 - 0x00007ff83d1cf000 	C:\Windows\SYSTEM32\dhcpcsvc.DLL
0x00007ff8436a0000 - 0x00007ff843799000 	C:\Windows\SYSTEM32\DNSAPI.dll
0x00007ff82b930000 - 0x00007ff82b938000 	C:\Windows\system32\wshunix.dll
0x00007ff843c30000 - 0x00007ff843c64000 	C:\Windows\SYSTEM32\ntmarta.dll

dbghelp: loaded successfully - version: 4.0.5 - missing functions: none
symbol engine: initialized successfully - sym options: 0x614 - pdb path: .;C:\Program Files\Android\Android Studio\jbr\bin;C:\Windows\SYSTEM32;C:\Windows\WinSxS\amd64_microsoft.windows.common-controls_6595b64144ccf1df_6.0.22621.2506_none_270c5ae97388e100;C:\Program Files\Android\Android Studio\jbr\bin\server;C:\Users\vuyom\.gradle\native\68d5fa5c4cc2d200863cafc0d521ce42e7d3e7ee720ec0a83991735586a16f82\windows-amd64;C:\Users\vuyom\.gradle\native\e376f236ea51e6404a007f0833ffe2c6e607c4080706a723a18a27aeea778392\windows-amd64

VM Arguments:
jvm_args: --add-opens=java.base/java.util=ALL-UNNAMED --add-opens=java.base/java.lang=ALL-UNNAMED --add-opens=java.base/java.lang.invoke=ALL-UNNAMED --add-opens=java.prefs/java.util.prefs=ALL-UNNAMED --add-opens=java.base/java.nio.charset=ALL-UNNAMED --add-opens=java.base/java.net=ALL-UNNAMED --add-opens=java.base/java.util.concurrent.atomic=ALL-UNNAMED -Xmx2048m -Dfile.encoding=UTF-8 -Duser.country=US -Duser.language=en -Duser.variant 
java_command: org.gradle.launcher.daemon.bootstrap.GradleDaemon 8.0
java_class_path (initial): C:\Users\vuyom\.gradle\wrapper\dists\gradle-8.0-bin\ca5e32bp14vu59qr306oxotwh\gradle-8.0\lib\gradle-launcher-8.0.jar
Launcher Type: SUN_STANDARD

[Global flags]
     intx CICompilerCount                          = 4                                         {product} {ergonomic}
     uint ConcGCThreads                            = 2                                         {product} {ergonomic}
     uint G1ConcRefinementThreads                  = 8                                         {product} {ergonomic}
   size_t G1HeapRegionSize                         = 1048576                                   {product} {ergonomic}
    uintx GCDrainStackTargetSize                   = 64                                        {product} {ergonomic}
   size_t InitialHeapSize                          = 130023424                                 {product} {ergonomic}
   size_t MarkStackSize                            = 4194304                                   {product} {ergonomic}
   size_t MaxHeapSize                              = 2147483648                                {product} {command line}
   size_t MaxNewSize                               = 1287651328                                {product} {ergonomic}
   size_t MinHeapDeltaBytes                        = 1048576                                   {product} {ergonomic}
   size_t MinHeapSize                              = 8388608                                   {product} {ergonomic}
    uintx NonNMethodCodeHeapSize                   = 5839372                                {pd product} {ergonomic}
    uintx NonProfiledCodeHeapSize                  = 122909434                              {pd product} {ergonomic}
    uintx ProfiledCodeHeapSize                     = 122909434                              {pd product} {ergonomic}
    uintx ReservedCodeCacheSize                    = 251658240                              {pd product} {ergonomic}
     bool SegmentedCodeCache                       = true                                      {product} {ergonomic}
   size_t SoftMaxHeapSize                          = 2147483648                             {manageable} {ergonomic}
     bool UseCompressedClassPointers               = true                           {product lp64_product} {ergonomic}
     bool UseCompressedOops                        = true                           {product lp64_product} {ergonomic}
     bool UseG1GC                                  = true                                      {product} {ergonomic}
     bool UseLargePagesIndividualAllocation        = false                                  {pd product} {ergonomic}

Logging:
Log output configuration:
 #0: stdout all=warning uptime,level,tags
 #1: stderr all=off uptime,level,tags

Environment Variables:
PATH=C:\Windows\system32;C:\Windows;C:\Windows\System32\Wbem;C:\Windows\System32\WindowsPowerShell\v1.0\;C:\Windows\System32\OpenSSH\;C:\Program Files\Git\cmd;C:\Users\vuyom\AppData\Local\Microsoft\WindowsApps;;C:\Users\vuyom\AppData\Local\Programs\Microsoft VS Code\bin
USERNAME=vuyom
OS=Windows_NT
PROCESSOR_IDENTIFIER=Intel64 Family 6 Model 140 Stepping 1, GenuineIntel
TMP=C:\Users\vuyom\AppData\Local\Temp
TEMP=C:\Users\vuyom\AppData\Local\Temp


JNI global refs:
JNI global refs: 26, weak refs: 4

JNI global refs memory usage: 843, weak refs: 841


---------------  S Y S T E M  ---------------

OS:
 Windows 11 , 64 bit Build 22621 (10.0.22621.2506)
OS uptime: 0 days 6:24 hours
Hyper-V role detected

CPU: total 8 (initial active 8) (4 cores per cpu, 2 threads per core) family 6 model 140 stepping 1 microcode 0xac, cx8, cmov, fxsr, ht, mmx, 3dnowpref, sse, sse2, sse3, ssse3, sse4.1, sse4.2, popcnt, lzcnt, tsc, tscinvbit, avx, avx2, aes, erms, clmul, bmi1, bmi2, adx, avx512f, avx512dq, avx512cd, avx512bw, avx512vl, sha, fma, vzeroupper, avx512_vpopcntdq, avx512_vpclmulqdq, avx512_vaes, avx512_vnni, clflush, clflushopt, clwb, avx512_vbmi2, avx512_vbmi, hv

Memory: 4k page, system-wide physical 7932M (364M free)
TotalPageFile size 11891M (AvailPageFile size 152M)
current process WorkingSet (physical memory assigned to process): 472M, peak: 476M
current process commit charge ("private bytes"): 508M, peak: 713M

vm_info: OpenJDK 64-Bit Server VM (17.0.6+0-b2043.56-10027231) for windows-amd64 JRE (17.0.6+0-b2043.56-10027231), built on Apr 28 2023 00:43:19 by "androidbuild" with MS VC++ 16.10 / 16.11 (VS2019)

END.
