#
# There is insufficient memory for the Java Runtime Environment to continue.
# Native memory allocation (malloc) failed to allocate 1543888 bytes for Chunk::new
# Possible reasons:
#   The system is out of physical RAM or swap space
#   The process is running with CompressedOops enabled, and the Java Heap may be blocking the growth of the native heap
# Possible solutions:
#   Reduce memory load on the system
#   Increase physical memory or swap space
#   Check if swap backing store is full
#   Decrease Java heap size (-Xmx/-Xms)
#   Decrease number of Java threads
#   Decrease Java thread stack sizes (-Xss)
#   Set larger code cache with -XX:ReservedCodeCacheSize=
#   JVM is running with Unscaled Compressed Oops mode in which the Java heap is
#     placed in the first 4GB address space. The Java Heap base address is the
#     maximum limit for the native heap growth. Please use -XX:HeapBaseMinAddress
#     to set the Java Heap base and to place the Java Heap above 4GB virtual address.
# This output file may be truncated or incomplete.
#
#  Out of Memory Error (arena.cpp:189), pid=13504, tid=4972
#
# JRE version: OpenJDK Runtime Environment (17.0.6) (build 17.0.6+0-b2043.56-10027231)
# Java VM: OpenJDK 64-Bit Server VM (17.0.6+0-b2043.56-10027231, mixed mode, tiered, compressed oops, compressed class ptrs, g1 gc, windows-amd64)
# No core dump will be written. Minidumps are not enabled by default on client versions of Windows
#

---------------  S U M M A R Y ------------

Command Line: --add-opens=java.base/java.util=ALL-UNNAMED --add-opens=java.base/java.lang=ALL-UNNAMED --add-opens=java.base/java.lang.invoke=ALL-UNNAMED --add-opens=java.prefs/java.util.prefs=ALL-UNNAMED --add-opens=java.base/java.nio.charset=ALL-UNNAMED --add-opens=java.base/java.net=ALL-UNNAMED --add-opens=java.base/java.util.concurrent.atomic=ALL-UNNAMED -Xmx2048m -Dfile.encoding=UTF-8 -Duser.country=US -Duser.language=en -Duser.variant org.gradle.launcher.daemon.bootstrap.GradleDaemon 8.0

Host: 11th Gen Intel(R) Core(TM) i5-1135G7 @ 2.40GHz, 8 cores, 7G,  Windows 11 , 64 bit Build 22621 (10.0.22621.2506)
Time: Mon Oct 30 16:49:35 2023 South Africa Standard Time elapsed time: 28.856888 seconds (0d 0h 0m 28s)

---------------  T H R E A D  ---------------

Current thread (0x000002e9ff839610):  JavaThread "C2 CompilerThread0" daemon [_thread_in_native, id=4972, stack(0x000000ef49200000,0x000000ef49300000)]


Current CompileTask:
C2:  28857 11204       4       org.gradle.internal.service.DefaultServiceRegistry$SingletonService::get (5 bytes)

Stack: [0x000000ef49200000,0x000000ef49300000]
Native frames: (J=compiled Java code, j=interpreted, Vv=VM code, C=native code)
V  [jvm.dll+0x683c9a]
V  [jvm.dll+0x8427a4]
V  [jvm.dll+0x843f9e]
V  [jvm.dll+0x844603]
V  [jvm.dll+0x249b75]
V  [jvm.dll+0xabcac]
V  [jvm.dll+0xac27c]
V  [jvm.dll+0x368857]
V  [jvm.dll+0x1bced2]
V  [jvm.dll+0x21c359]
V  [jvm.dll+0x21b621]
V  [jvm.dll+0x1a4fdd]
V  [jvm.dll+0x22b098]
V  [jvm.dll+0x229159]
V  [jvm.dll+0x7f81ec]
V  [jvm.dll+0x7f274a]
V  [jvm.dll+0x682ad5]
C  [ucrtbase.dll+0x29363]
C  [KERNEL32.DLL+0x1257d]
C  [ntdll.dll+0x5aa58]


---------------  P R O C E S S  ---------------

Threads class SMR info:
_java_thread_list=0x000002e98e6f5310, length=137, elements={
0x000002e9eaf79880, 0x000002e9ff813260, 0x000002e9ff813e10, 0x000002e9fee017b0,
0x000002e9ff833400, 0x000002e9ff835ec0, 0x000002e9ff838880, 0x000002e9ff839610,
0x000002e9ff83a0b0, 0x000002e9ff83aaa0, 0x000002e9ff9b77f0, 0x000002e9ff9b9cd0,
0x000002e988779450, 0x000002e9887785e0, 0x000002e98877a790, 0x000002e988778110,
0x000002e988779920, 0x000002e98877b600, 0x000002e988779df0, 0x000002e988778f80,
0x000002e98877a2c0, 0x000002e98877bad0, 0x000002e98877ac60, 0x000002e98877b130,
0x000002e988778ab0, 0x000002e98a6444d0, 0x000002e98a641e50, 0x000002e98a641980,
0x000002e98a642320, 0x000002e98a6414b0, 0x000002e98a6427f0, 0x000002e98a642cc0,
0x000002e98a643190, 0x000002e98a643660, 0x000002e98a644e70, 0x000002e98a292580,
0x000002e98a292a50, 0x000002e98a2920b0, 0x000002e98a28f560, 0x000002e98a28f090,
0x000002e98a291be0, 0x000002e98a2908a0, 0x000002e98a290d70, 0x000002e98a291240,
0x000002e98a291710, 0x000002e988b9aa40, 0x000002e988b983c0, 0x000002e988b96bb0,
0x000002e988b95d40, 0x000002e988b9b8b0, 0x000002e988b97ef0, 0x000002e988b953a0,
0x000002e988b97a20, 0x000002e988b9a0a0, 0x000002e988b99bd0, 0x000002e988b97550,
0x000002e988b9bd80, 0x000002e988b99230, 0x000002e988b9b3e0, 0x000002e988b9c250,
0x000002e988b9a570, 0x000002e988b98890, 0x000002e988b966e0, 0x000002e988b97080,
0x000002e988b98d60, 0x000002e988b95870, 0x000002e988b99700, 0x000002e988b9af10,
0x000002e988b9c720, 0x000002e988b94ed0, 0x000002e988b96210, 0x000002e98a7eec10,
0x000002e98a7f55f0, 0x000002e98a7f2100, 0x000002e98a7eff50, 0x000002e98a7f2f70,
0x000002e98a7f25d0, 0x000002e98a7efa80, 0x000002e98a7f4c50, 0x000002e98a7f0dc0,
0x000002e98a7f2aa0, 0x000002e98a7f3910, 0x000002e98a7f1c30, 0x000002e98a7f3de0,
0x000002e98a7f0420, 0x000002e98a7f1760, 0x000002e98a7f3440, 0x000002e98a7f42b0,
0x000002e98a7f4780, 0x000002e98a7ef0e0, 0x000002e98a7f5120, 0x000002e98a7f6460,
0x000002e98a7f5ac0, 0x000002e98a7f08f0, 0x000002e98a7f1290, 0x000002e98a7f5f90,
0x000002e98a7ef5b0, 0x000002e98aa32890, 0x000002e98aa353e0, 0x000002e98aa2f3a0,
0x000002e98aa2e060, 0x000002e98aa2eed0, 0x000002e98aa2e530, 0x000002e98aa2f870,
0x000002e98aa33bd0, 0x000002e98aa31ef0, 0x000002e98aa2fd40, 0x000002e98aa358b0,
0x000002e98aa340a0, 0x000002e98aa306e0, 0x000002e98aa30210, 0x000002e98aa2ea00,
0x000002e98aa31a20, 0x000002e98aa323c0, 0x000002e98aa32d60, 0x000002e98aa30bb0,
0x000002e98aa31080, 0x000002e98aa31550, 0x000002e98aa33230, 0x000002e98aa33700,
0x000002e98aa34570, 0x000002e98aa34a40, 0x000002e98aa34f10, 0x000002e9887650e0,
0x000002e988765a80, 0x000002e988769910, 0x000002e988768f70, 0x000002e988763400,
0x000002e9887655b0, 0x000002e988765f50, 0x000002e9887668f0, 0x000002e988767c30,
0x000002e988769440, 0x000002e988764270, 0x000002e9887638d0, 0x000002e988764c10,
0x000002e98adb5e70
}

Java Threads: ( => current thread )
  0x000002e9eaf79880 JavaThread "main" [_thread_blocked, id=14200, stack(0x000000ef48500000,0x000000ef48600000)]
  0x000002e9ff813260 JavaThread "Reference Handler" daemon [_thread_blocked, id=2340, stack(0x000000ef48c00000,0x000000ef48d00000)]
  0x000002e9ff813e10 JavaThread "Finalizer" daemon [_thread_blocked, id=3736, stack(0x000000ef48d00000,0x000000ef48e00000)]
  0x000002e9fee017b0 JavaThread "Signal Dispatcher" daemon [_thread_blocked, id=952, stack(0x000000ef48e00000,0x000000ef48f00000)]
  0x000002e9ff833400 JavaThread "Attach Listener" daemon [_thread_blocked, id=1116, stack(0x000000ef48f00000,0x000000ef49000000)]
  0x000002e9ff835ec0 JavaThread "Service Thread" daemon [_thread_blocked, id=3104, stack(0x000000ef49000000,0x000000ef49100000)]
  0x000002e9ff838880 JavaThread "Monitor Deflation Thread" daemon [_thread_blocked, id=2580, stack(0x000000ef49100000,0x000000ef49200000)]
=>0x000002e9ff839610 JavaThread "C2 CompilerThread0" daemon [_thread_in_native, id=4972, stack(0x000000ef49200000,0x000000ef49300000)]
  0x000002e9ff83a0b0 JavaThread "C1 CompilerThread0" daemon [_thread_in_vm, id=6432, stack(0x000000ef49300000,0x000000ef49400000)]
  0x000002e9ff83aaa0 JavaThread "Sweeper thread" daemon [_thread_blocked, id=14580, stack(0x000000ef49400000,0x000000ef49500000)]
  0x000002e9ff9b77f0 JavaThread "Common-Cleaner" daemon [_thread_blocked, id=10204, stack(0x000000ef49500000,0x000000ef49600000)]
  0x000002e9ff9b9cd0 JavaThread "Notification Thread" daemon [_thread_blocked, id=1584, stack(0x000000ef49600000,0x000000ef49700000)]
  0x000002e988779450 JavaThread "Daemon health stats" [_thread_blocked, id=4224, stack(0x000000ef49800000,0x000000ef49900000)]
  0x000002e9887785e0 JavaThread "Incoming local TCP Connector on port 53502" [_thread_in_native, id=13900, stack(0x000000ef49d00000,0x000000ef49e00000)]
  0x000002e98877a790 JavaThread "Daemon periodic checks" [_thread_blocked, id=2984, stack(0x000000ef49e00000,0x000000ef49f00000)]
  0x000002e988778110 JavaThread "Daemon" [_thread_blocked, id=9732, stack(0x000000ef49f00000,0x000000ef4a000000)]
  0x000002e988779920 JavaThread "Handler for socket connection from /127.0.0.1:53502 to /127.0.0.1:53505" [_thread_in_native, id=8008, stack(0x000000ef4a000000,0x000000ef4a100000)]
  0x000002e98877b600 JavaThread "Cancel handler" [_thread_blocked, id=300, stack(0x000000ef4a100000,0x000000ef4a200000)]
  0x000002e988779df0 JavaThread "Daemon worker" [_thread_blocked, id=14380, stack(0x000000ef4a200000,0x000000ef4a300000)]
  0x000002e988778f80 JavaThread "Asynchronous log dispatcher for DefaultDaemonConnection: socket connection from /127.0.0.1:53502 to /127.0.0.1:53505" [_thread_blocked, id=8552, stack(0x000000ef4a300000,0x000000ef4a400000)]
  0x000002e98877a2c0 JavaThread "Stdin handler" [_thread_blocked, id=6332, stack(0x000000ef4a400000,0x000000ef4a500000)]
  0x000002e98877bad0 JavaThread "Daemon client event forwarder" [_thread_blocked, id=12472, stack(0x000000ef4a500000,0x000000ef4a600000)]
  0x000002e98877ac60 JavaThread "Cache worker for journal cache (C:\Users\vuyom\.gradle\caches\journal-1)" [_thread_blocked, id=2516, stack(0x000000ef4aa00000,0x000000ef4ab00000)]
  0x000002e98877b130 JavaThread "File lock request listener" [_thread_in_native, id=8564, stack(0x000000ef4ab00000,0x000000ef4ac00000)]
  0x000002e988778ab0 JavaThread "Cache worker for file hash cache (C:\Users\vuyom\.gradle\caches\8.0\fileHashes)" [_thread_blocked, id=11172, stack(0x000000ef4ac00000,0x000000ef4ad00000)]
  0x000002e98a6444d0 JavaThread "File watcher server" daemon [_thread_in_native, id=7892, stack(0x000000ef4ae00000,0x000000ef4af00000)]
  0x000002e98a641e50 JavaThread "File watcher consumer" daemon [_thread_blocked, id=14276, stack(0x000000ef4af00000,0x000000ef4b000000)]
  0x000002e98a641980 JavaThread "Cache worker for checksums cache (C:\Users\vuyom\AndroidStudioProjects\ufs-clinic-app\.gradle\8.0\checksums)" [_thread_blocked, id=11868, stack(0x000000ef4b000000,0x000000ef4b100000)]
  0x000002e98a642320 JavaThread "Cache worker for cache directory md-rule (C:\Users\vuyom\.gradle\caches\8.0\md-rule)" [_thread_blocked, id=7436, stack(0x000000ef4b100000,0x000000ef4b200000)]
  0x000002e98a6414b0 JavaThread "Cache worker for file content cache (C:\Users\vuyom\.gradle\caches\8.0\fileContent)" [_thread_blocked, id=8624, stack(0x000000ef4b200000,0x000000ef4b300000)]
  0x000002e98a6427f0 JavaThread "Cache worker for file hash cache (C:\Users\vuyom\AndroidStudioProjects\ufs-clinic-app\.gradle\8.0\fileHashes)" [_thread_blocked, id=8292, stack(0x000000ef4b300000,0x000000ef4b400000)]
  0x000002e98a642cc0 JavaThread "Cache worker for cache directory md-supplier (C:\Users\vuyom\.gradle\caches\8.0\md-supplier)" [_thread_blocked, id=11964, stack(0x000000ef4b400000,0x000000ef4b500000)]
  0x000002e98a643190 JavaThread "Cache worker for execution history cache (C:\Users\vuyom\.gradle\caches\8.0\executionHistory)" [_thread_in_native, id=7524, stack(0x000000ef4b500000,0x000000ef4b600000)]
  0x000002e98a643660 JavaThread "jar transforms" [_thread_blocked, id=8028, stack(0x000000ef4ad00000,0x000000ef4ae00000)]
  0x000002e98a644e70 JavaThread "jar transforms Thread 2" [_thread_blocked, id=12948, stack(0x000000ef4b600000,0x000000ef4b700000)]
  0x000002e98a292580 JavaThread "jar transforms Thread 3" [_thread_blocked, id=9844, stack(0x000000ef4b900000,0x000000ef4ba00000)]
  0x000002e98a292a50 JavaThread "jar transforms Thread 4" [_thread_blocked, id=9248, stack(0x000000ef4ba00000,0x000000ef4bb00000)]
  0x000002e98a2920b0 JavaThread "Cache worker for dependencies-accessors (C:\Users\vuyom\AndroidStudioProjects\ufs-clinic-app\.gradle\8.0\dependencies-accessors)" [_thread_blocked, id=4528, stack(0x000000ef4bb00000,0x000000ef4bc00000)]
  0x000002e98a28f560 JavaThread "jar transforms Thread 5" [_thread_blocked, id=15304, stack(0x000000ef4bc00000,0x000000ef4bd00000)]
  0x000002e98a28f090 JavaThread "Cache worker for Build Output Cleanup Cache (C:\Users\vuyom\AndroidStudioProjects\ufs-clinic-app\.gradle\buildOutputCleanup)" [_thread_blocked, id=8324, stack(0x000000ef4bd00000,0x000000ef4be00000)]
  0x000002e98a291be0 JavaThread "Unconstrained build operations" [_thread_in_native, id=3344, stack(0x000000ef4b800000,0x000000ef4b900000)]
  0x000002e98a2908a0 JavaThread "Unconstrained build operations Thread 2" [_thread_blocked, id=7740, stack(0x000000ef4bf00000,0x000000ef4c000000)]
  0x000002e98a290d70 JavaThread "Unconstrained build operations Thread 3" [_thread_blocked, id=2412, stack(0x000000ef4c000000,0x000000ef4c100000)]
  0x000002e98a291240 JavaThread "Unconstrained build operations Thread 4" [_thread_blocked, id=14792, stack(0x000000ef4c100000,0x000000ef4c200000)]
  0x000002e98a291710 JavaThread "Unconstrained build operations Thread 5" [_thread_blocked, id=1564, stack(0x000000ef4c200000,0x000000ef4c300000)]
  0x000002e988b9aa40 JavaThread "Unconstrained build operations Thread 6" [_thread_blocked, id=7508, stack(0x000000ef4c300000,0x000000ef4c400000)]
  0x000002e988b983c0 JavaThread "Unconstrained build operations Thread 7" [_thread_blocked, id=5148, stack(0x000000ef4c400000,0x000000ef4c500000)]
  0x000002e988b96bb0 JavaThread "Unconstrained build operations Thread 8" [_thread_blocked, id=13868, stack(0x000000ef4c500000,0x000000ef4c600000)]
  0x000002e988b95d40 JavaThread "Unconstrained build operations Thread 9" [_thread_blocked, id=8172, stack(0x000000ef4c600000,0x000000ef4c700000)]
  0x000002e988b9b8b0 JavaThread "Unconstrained build operations Thread 10" [_thread_blocked, id=4220, stack(0x000000ef4c700000,0x000000ef4c800000)]
  0x000002e988b97ef0 JavaThread "Unconstrained build operations Thread 11" [_thread_blocked, id=9020, stack(0x000000ef4c800000,0x000000ef4c900000)]
  0x000002e988b953a0 JavaThread "Unconstrained build operations Thread 12" [_thread_blocked, id=7860, stack(0x000000ef4c900000,0x000000ef4ca00000)]
  0x000002e988b97a20 JavaThread "Unconstrained build operations Thread 13" [_thread_blocked, id=8088, stack(0x000000ef4ca00000,0x000000ef4cb00000)]
  0x000002e988b9a0a0 JavaThread "Unconstrained build operations Thread 14" [_thread_blocked, id=932, stack(0x000000ef4cb00000,0x000000ef4cc00000)]
  0x000002e988b99bd0 JavaThread "Unconstrained build operations Thread 15" [_thread_blocked, id=13736, stack(0x000000ef4cc00000,0x000000ef4cd00000)]
  0x000002e988b97550 JavaThread "Unconstrained build operations Thread 16" [_thread_blocked, id=6484, stack(0x000000ef4cd00000,0x000000ef4ce00000)]
  0x000002e988b9bd80 JavaThread "Unconstrained build operations Thread 17" [_thread_blocked, id=8252, stack(0x000000ef4ce00000,0x000000ef4cf00000)]
  0x000002e988b99230 JavaThread "Unconstrained build operations Thread 18" [_thread_blocked, id=15104, stack(0x000000ef4cf00000,0x000000ef4d000000)]
  0x000002e988b9b3e0 JavaThread "Unconstrained build operations Thread 19" [_thread_blocked, id=12236, stack(0x000000ef4d000000,0x000000ef4d100000)]
  0x000002e988b9c250 JavaThread "Unconstrained build operations Thread 20" [_thread_blocked, id=11760, stack(0x000000ef4d100000,0x000000ef4d200000)]
  0x000002e988b9a570 JavaThread "Unconstrained build operations Thread 21" [_thread_blocked, id=5696, stack(0x000000ef4d200000,0x000000ef4d300000)]
  0x000002e988b98890 JavaThread "Unconstrained build operations Thread 22" [_thread_blocked, id=8568, stack(0x000000ef4d300000,0x000000ef4d400000)]
  0x000002e988b966e0 JavaThread "Unconstrained build operations Thread 23" [_thread_blocked, id=10336, stack(0x000000ef4d400000,0x000000ef4d500000)]
  0x000002e988b97080 JavaThread "Unconstrained build operations Thread 24" [_thread_blocked, id=6248, stack(0x000000ef4d500000,0x000000ef4d600000)]
  0x000002e988b98d60 JavaThread "Unconstrained build operations Thread 25" [_thread_blocked, id=13396, stack(0x000000ef4d600000,0x000000ef4d700000)]
  0x000002e988b95870 JavaThread "Unconstrained build operations Thread 26" [_thread_blocked, id=7044, stack(0x000000ef4d700000,0x000000ef4d800000)]
  0x000002e988b99700 JavaThread "Unconstrained build operations Thread 27" [_thread_blocked, id=5880, stack(0x000000ef4d800000,0x000000ef4d900000)]
  0x000002e988b9af10 JavaThread "Unconstrained build operations Thread 28" [_thread_blocked, id=3604, stack(0x000000ef4d900000,0x000000ef4da00000)]
  0x000002e988b9c720 JavaThread "Unconstrained build operations Thread 29" [_thread_blocked, id=15332, stack(0x000000ef4da00000,0x000000ef4db00000)]
  0x000002e988b94ed0 JavaThread "Unconstrained build operations Thread 30" [_thread_blocked, id=12940, stack(0x000000ef4db00000,0x000000ef4dc00000)]
  0x000002e988b96210 JavaThread "Unconstrained build operations Thread 31" [_thread_blocked, id=12852, stack(0x000000ef4dc00000,0x000000ef4dd00000)]
  0x000002e98a7eec10 JavaThread "Unconstrained build operations Thread 32" [_thread_blocked, id=10680, stack(0x000000ef4dd00000,0x000000ef4de00000)]
  0x000002e98a7f55f0 JavaThread "Unconstrained build operations Thread 33" [_thread_blocked, id=2940, stack(0x000000ef4de00000,0x000000ef4df00000)]
  0x000002e98a7f2100 JavaThread "Unconstrained build operations Thread 34" [_thread_blocked, id=11416, stack(0x000000ef4df00000,0x000000ef4e000000)]
  0x000002e98a7eff50 JavaThread "Unconstrained build operations Thread 35" [_thread_blocked, id=2708, stack(0x000000ef4e000000,0x000000ef4e100000)]
  0x000002e98a7f2f70 JavaThread "Unconstrained build operations Thread 36" [_thread_blocked, id=6964, stack(0x000000ef4e100000,0x000000ef4e200000)]
  0x000002e98a7f25d0 JavaThread "Unconstrained build operations Thread 37" [_thread_blocked, id=3288, stack(0x000000ef4e200000,0x000000ef4e300000)]
  0x000002e98a7efa80 JavaThread "Unconstrained build operations Thread 38" [_thread_blocked, id=13580, stack(0x000000ef4e300000,0x000000ef4e400000)]
  0x000002e98a7f4c50 JavaThread "Unconstrained build operations Thread 39" [_thread_blocked, id=6428, stack(0x000000ef4e400000,0x000000ef4e500000)]
  0x000002e98a7f0dc0 JavaThread "Unconstrained build operations Thread 40" [_thread_blocked, id=13904, stack(0x000000ef4e500000,0x000000ef4e600000)]
  0x000002e98a7f2aa0 JavaThread "Unconstrained build operations Thread 41" [_thread_blocked, id=13352, stack(0x000000ef4e600000,0x000000ef4e700000)]
  0x000002e98a7f3910 JavaThread "Unconstrained build operations Thread 42" [_thread_blocked, id=15180, stack(0x000000ef4e700000,0x000000ef4e800000)]
  0x000002e98a7f1c30 JavaThread "Unconstrained build operations Thread 43" [_thread_blocked, id=1632, stack(0x000000ef4e800000,0x000000ef4e900000)]
  0x000002e98a7f3de0 JavaThread "Unconstrained build operations Thread 44" [_thread_blocked, id=3408, stack(0x000000ef4e900000,0x000000ef4ea00000)]
  0x000002e98a7f0420 JavaThread "Unconstrained build operations Thread 45" [_thread_blocked, id=14992, stack(0x000000ef4ea00000,0x000000ef4eb00000)]
  0x000002e98a7f1760 JavaThread "Unconstrained build operations Thread 46" [_thread_blocked, id=644, stack(0x000000ef4eb00000,0x000000ef4ec00000)]
  0x000002e98a7f3440 JavaThread "Unconstrained build operations Thread 47" [_thread_blocked, id=4904, stack(0x000000ef4ec00000,0x000000ef4ed00000)]
  0x000002e98a7f42b0 JavaThread "Unconstrained build operations Thread 48" [_thread_blocked, id=15268, stack(0x000000ef4ed00000,0x000000ef4ee00000)]
  0x000002e98a7f4780 JavaThread "Unconstrained build operations Thread 49" [_thread_blocked, id=11556, stack(0x000000ef4ee00000,0x000000ef4ef00000)]
  0x000002e98a7ef0e0 JavaThread "Unconstrained build operations Thread 50" [_thread_blocked, id=7880, stack(0x000000ef4ef00000,0x000000ef4f000000)]
  0x000002e98a7f5120 JavaThread "Unconstrained build operations Thread 51" [_thread_blocked, id=3932, stack(0x000000ef4f000000,0x000000ef4f100000)]
  0x000002e98a7f6460 JavaThread "Unconstrained build operations Thread 52" [_thread_blocked, id=4672, stack(0x000000ef4f100000,0x000000ef4f200000)]
  0x000002e98a7f5ac0 JavaThread "Unconstrained build operations Thread 53" [_thread_blocked, id=11540, stack(0x000000ef4f200000,0x000000ef4f300000)]
  0x000002e98a7f08f0 JavaThread "Unconstrained build operations Thread 54" [_thread_blocked, id=3092, stack(0x000000ef4f300000,0x000000ef4f400000)]
  0x000002e98a7f1290 JavaThread "Unconstrained build operations Thread 55" [_thread_blocked, id=3016, stack(0x000000ef4f400000,0x000000ef4f500000)]
  0x000002e98a7f5f90 JavaThread "Unconstrained build operations Thread 56" [_thread_blocked, id=9252, stack(0x000000ef4f500000,0x000000ef4f600000)]
  0x000002e98a7ef5b0 JavaThread "Unconstrained build operations Thread 57" [_thread_blocked, id=14844, stack(0x000000ef4f600000,0x000000ef4f700000)]
  0x000002e98aa32890 JavaThread "Unconstrained build operations Thread 58" [_thread_blocked, id=10604, stack(0x000000ef4f700000,0x000000ef4f800000)]
  0x000002e98aa353e0 JavaThread "Unconstrained build operations Thread 59" [_thread_blocked, id=10372, stack(0x000000ef4f800000,0x000000ef4f900000)]
  0x000002e98aa2f3a0 JavaThread "Unconstrained build operations Thread 60" [_thread_in_native, id=788, stack(0x000000ef4f900000,0x000000ef4fa00000)]
  0x000002e98aa2e060 JavaThread "Unconstrained build operations Thread 61" [_thread_blocked, id=13496, stack(0x000000ef4fa00000,0x000000ef4fb00000)]
  0x000002e98aa2eed0 JavaThread "Unconstrained build operations Thread 62" [_thread_blocked, id=9324, stack(0x000000ef4fb00000,0x000000ef4fc00000)]
  0x000002e98aa2e530 JavaThread "Unconstrained build operations Thread 63" [_thread_blocked, id=11516, stack(0x000000ef4fc00000,0x000000ef4fd00000)]
  0x000002e98aa2f870 JavaThread "Unconstrained build operations Thread 64" [_thread_blocked, id=14680, stack(0x000000ef4fd00000,0x000000ef4fe00000)]
  0x000002e98aa33bd0 JavaThread "Unconstrained build operations Thread 65" [_thread_blocked, id=15048, stack(0x000000ef4fe00000,0x000000ef4ff00000)]
  0x000002e98aa31ef0 JavaThread "Unconstrained build operations Thread 66" [_thread_blocked, id=9996, stack(0x000000ef4ff00000,0x000000ef50000000)]
  0x000002e98aa2fd40 JavaThread "Unconstrained build operations Thread 67" [_thread_blocked, id=8544, stack(0x000000ef50000000,0x000000ef50100000)]
  0x000002e98aa358b0 JavaThread "Unconstrained build operations Thread 68" [_thread_blocked, id=8508, stack(0x000000ef50100000,0x000000ef50200000)]
  0x000002e98aa340a0 JavaThread "Unconstrained build operations Thread 69" [_thread_blocked, id=14768, stack(0x000000ef50200000,0x000000ef50300000)]
  0x000002e98aa306e0 JavaThread "Unconstrained build operations Thread 70" [_thread_blocked, id=1444, stack(0x000000ef50300000,0x000000ef50400000)]
  0x000002e98aa30210 JavaThread "Unconstrained build operations Thread 71" [_thread_blocked, id=2812, stack(0x000000ef50400000,0x000000ef50500000)]
  0x000002e98aa2ea00 JavaThread "Unconstrained build operations Thread 72" [_thread_blocked, id=15264, stack(0x000000ef50500000,0x000000ef50600000)]
  0x000002e98aa31a20 JavaThread "Unconstrained build operations Thread 73" [_thread_blocked, id=15212, stack(0x000000ef50600000,0x000000ef50700000)]
  0x000002e98aa323c0 JavaThread "Unconstrained build operations Thread 74" [_thread_blocked, id=11092, stack(0x000000ef50700000,0x000000ef50800000)]
  0x000002e98aa32d60 JavaThread "Unconstrained build operations Thread 75" [_thread_blocked, id=10172, stack(0x000000ef50800000,0x000000ef50900000)]
  0x000002e98aa30bb0 JavaThread "Unconstrained build operations Thread 76" [_thread_blocked, id=2024, stack(0x000000ef50900000,0x000000ef50a00000)]
  0x000002e98aa31080 JavaThread "Unconstrained build operations Thread 77" [_thread_blocked, id=12200, stack(0x000000ef50a00000,0x000000ef50b00000)]
  0x000002e98aa31550 JavaThread "Unconstrained build operations Thread 78" [_thread_blocked, id=11104, stack(0x000000ef50b00000,0x000000ef50c00000)]
  0x000002e98aa33230 JavaThread "Unconstrained build operations Thread 79" [_thread_blocked, id=1776, stack(0x000000ef50c00000,0x000000ef50d00000)]
  0x000002e98aa33700 JavaThread "Unconstrained build operations Thread 80" [_thread_blocked, id=15108, stack(0x000000ef50d00000,0x000000ef50e00000)]
  0x000002e98aa34570 JavaThread "jar transforms Thread 6" [_thread_blocked, id=14468, stack(0x000000ef50e00000,0x000000ef50f00000)]
  0x000002e98aa34a40 JavaThread "jar transforms Thread 7" [_thread_blocked, id=3324, stack(0x000000ef50f00000,0x000000ef51000000)]
  0x000002e98aa34f10 JavaThread "jar transforms Thread 8" [_thread_blocked, id=13812, stack(0x000000ef51000000,0x000000ef51100000)]
  0x000002e9887650e0 JavaThread "build event listener" [_thread_blocked, id=4968, stack(0x000000ef51100000,0x000000ef51200000)]
  0x000002e988765a80 JavaThread "Memory manager" [_thread_blocked, id=13552, stack(0x000000ef51200000,0x000000ef51300000)]
  0x000002e988769910 JavaThread "included builds" [_thread_blocked, id=9420, stack(0x000000ef51600000,0x000000ef51700000)]
  0x000002e988768f70 JavaThread "Execution worker" [_thread_blocked, id=6704, stack(0x000000ef51700000,0x000000ef51800000)]
  0x000002e988763400 JavaThread "Execution worker Thread 2" [_thread_blocked, id=13024, stack(0x000000ef51800000,0x000000ef51900000)]
  0x000002e9887655b0 JavaThread "Execution worker Thread 3" [_thread_in_native, id=11816, stack(0x000000ef51900000,0x000000ef51a00000)]
  0x000002e988765f50 JavaThread "Execution worker Thread 4" [_thread_blocked, id=4288, stack(0x000000ef51a00000,0x000000ef51b00000)]
  0x000002e9887668f0 JavaThread "Execution worker Thread 5" [_thread_blocked, id=9584, stack(0x000000ef51b00000,0x000000ef51c00000)]
  0x000002e988767c30 JavaThread "Execution worker Thread 6" [_thread_blocked, id=4616, stack(0x000000ef51c00000,0x000000ef51d00000)]
  0x000002e988769440 JavaThread "Execution worker Thread 7" [_thread_blocked, id=11248, stack(0x000000ef51d00000,0x000000ef51e00000)]
  0x000002e988764270 JavaThread "Cache worker for execution history cache (C:\Users\vuyom\AndroidStudioProjects\ufs-clinic-app\.gradle\8.0\executionHistory)" [_thread_blocked, id=2900, stack(0x000000ef51e00000,0x000000ef51f00000)]
  0x000002e9887638d0 JavaThread "WorkerExecutor Queue" [_thread_blocked, id=5532, stack(0x000000ef51f00000,0x000000ef52000000)]
  0x000002e988764c10 JavaThread "WorkerExecutor Queue Thread 2" [_thread_blocked, id=11428, stack(0x000000ef51400000,0x000000ef51500000)]
  0x000002e98adb5e70 JavaThread "C2 CompilerThread1" daemon [_thread_in_native, id=14944, stack(0x000000ef51300000,0x000000ef51400000)]

Other Threads:
  0x000002e9fedea930 VMThread "VM Thread" [stack: 0x000000ef48b00000,0x000000ef48c00000] [id=3064]
  0x000002e9eaff7460 WatcherThread [stack: 0x000000ef49700000,0x000000ef49800000] [id=7560]
  0x000002e9eafd5810 GCTaskThread "GC Thread#0" [stack: 0x000000ef48600000,0x000000ef48700000] [id=13720]
  0x000002e9862d0ec0 GCTaskThread "GC Thread#1" [stack: 0x000000ef49900000,0x000000ef49a00000] [id=8908]
  0x000002e986241380 GCTaskThread "GC Thread#2" [stack: 0x000000ef49a00000,0x000000ef49b00000] [id=13928]
  0x000002e986c33290 GCTaskThread "GC Thread#3" [stack: 0x000000ef49b00000,0x000000ef49c00000] [id=11000]
  0x000002e9873d6ec0 GCTaskThread "GC Thread#4" [stack: 0x000000ef49c00000,0x000000ef49d00000] [id=11176]
  0x000002e986d63510 GCTaskThread "GC Thread#5" [stack: 0x000000ef4a600000,0x000000ef4a700000] [id=11496]
  0x000002e98752e190 GCTaskThread "GC Thread#6" [stack: 0x000000ef4a700000,0x000000ef4a800000] [id=2244]
  0x000002e9868b7bb0 GCTaskThread "GC Thread#7" [stack: 0x000000ef4a800000,0x000000ef4a900000] [id=5800]
  0x000002e9eafe7760 ConcurrentGCThread "G1 Main Marker" [stack: 0x000000ef48700000,0x000000ef48800000] [id=13480]
  0x000002e9eafe8170 ConcurrentGCThread "G1 Conc#0" [stack: 0x000000ef48800000,0x000000ef48900000] [id=4132]
  0x000002e986ffee70 ConcurrentGCThread "G1 Conc#1" [stack: 0x000000ef4a900000,0x000000ef4aa00000] [id=5820]
  0x000002e9eb03dd30 ConcurrentGCThread "G1 Refine#0" [stack: 0x000000ef48900000,0x000000ef48a00000] [id=10056]
  0x000002e98abf4770 ConcurrentGCThread "G1 Refine#1" [stack: 0x000000ef4b700000,0x000000ef4b800000] [id=3896]
  0x000002e98bd5f5f0 ConcurrentGCThread "G1 Refine#2" [stack: 0x000000ef51500000,0x000000ef51600000] [id=1596]
  0x000002e98bd60730 ConcurrentGCThread "G1 Refine#3" [stack: 0x000000ef52000000,0x000000ef52100000] [id=2232]
  0x000002e9eb03e750 ConcurrentGCThread "G1 Service" [stack: 0x000000ef48a00000,0x000000ef48b00000] [id=13708]

Threads with active compile tasks:
C2 CompilerThread0    28927 11204       4       org.gradle.internal.service.DefaultServiceRegistry$SingletonService::get (5 bytes)
C1 CompilerThread0    28927 11379       3       org.gradle.internal.snapshot.SnapshotUtil$$Lambda$708/0x00000001007ca810::visitEntry (9 bytes)
C2 CompilerThread1    28927 11205   !   4       org.gradle.internal.service.DefaultServiceRegistry$ManagedObjectServiceProvider::getInstance (47 bytes)

VM state: not at safepoint (normal execution)

VM Mutex/Monitor currently owned by a thread: None

Heap address: 0x0000000080000000, size: 2048 MB, Compressed Oops mode: 32-bit

CDS archive(s) not mapped
Compressed class space mapped at: 0x0000000100000000-0x0000000140000000, reserved size: 1073741824
Narrow klass base: 0x0000000000000000, Narrow klass shift: 3, Narrow klass range: 0x140000000

GC Precious Log:
 CPUs: 8 total, 8 available
 Memory: 7932M
 Large Page Support: Disabled
 NUMA Support: Disabled
 Compressed Oops: Enabled (32-bit)
 Heap Region Size: 1M
 Heap Min Capacity: 8M
 Heap Initial Capacity: 124M
 Heap Max Capacity: 2G
 Pre-touch: Disabled
 Parallel Workers: 8
 Concurrent Workers: 2
 Concurrent Refinement Workers: 8
 Periodic GC: Disabled

Heap:
 garbage-first heap   total 179200K, used 114952K [0x0000000080000000, 0x0000000100000000)
  region size 1024K, 15 young (15360K), 2 survivors (2048K)
 Metaspace       used 95983K, committed 96640K, reserved 1138688K
  class space    used 12984K, committed 13248K, reserved 1048576K

Heap Regions: E=young(eden), S=young(survivor), O=old, HS=humongous(starts), HC=humongous(continues), CS=collection set, F=free, OA=open archive, CA=closed archive, TAMS=top-at-mark-start (previous, next)
|   0|0x0000000080000000, 0x0000000080100000, 0x0000000080100000|100%|HS|  |TAMS 0x0000000080100000, 0x0000000080000000| Complete 
|   1|0x0000000080100000, 0x0000000080200000, 0x0000000080200000|100%|HC|  |TAMS 0x0000000080200000, 0x0000000080100000| Complete 
|   2|0x0000000080200000, 0x0000000080300000, 0x0000000080300000|100%|HC|  |TAMS 0x0000000080300000, 0x0000000080200000| Complete 
|   3|0x0000000080300000, 0x0000000080400000, 0x0000000080400000|100%|HC|  |TAMS 0x0000000080400000, 0x0000000080300000| Complete 
|   4|0x0000000080400000, 0x0000000080500000, 0x0000000080500000|100%| O|  |TAMS 0x0000000080500000, 0x0000000080400000| Untracked 
|   5|0x0000000080500000, 0x0000000080600000, 0x0000000080600000|100%| O|  |TAMS 0x0000000080600000, 0x0000000080500000| Untracked 
|   6|0x0000000080600000, 0x0000000080700000, 0x0000000080700000|100%| O|  |TAMS 0x0000000080700000, 0x0000000080600000| Untracked 
|   7|0x0000000080700000, 0x0000000080800000, 0x0000000080800000|100%| O|  |TAMS 0x0000000080800000, 0x0000000080700000| Untracked 
|   8|0x0000000080800000, 0x0000000080900000, 0x0000000080900000|100%| O|  |TAMS 0x0000000080900000, 0x0000000080800000| Untracked 
|   9|0x0000000080900000, 0x0000000080a00000, 0x0000000080a00000|100%| O|  |TAMS 0x0000000080a00000, 0x0000000080900000| Untracked 
|  10|0x0000000080a00000, 0x0000000080b00000, 0x0000000080b00000|100%| O|  |TAMS 0x0000000080b00000, 0x0000000080a00000| Untracked 
|  11|0x0000000080b00000, 0x0000000080c00000, 0x0000000080c00000|100%| O|  |TAMS 0x0000000080c00000, 0x0000000080b00000| Untracked 
|  12|0x0000000080c00000, 0x0000000080d00000, 0x0000000080d00000|100%| O|  |TAMS 0x0000000080d00000, 0x0000000080c00000| Untracked 
|  13|0x0000000080d00000, 0x0000000080e00000, 0x0000000080e00000|100%| O|  |TAMS 0x0000000080e00000, 0x0000000080d00000| Untracked 
|  14|0x0000000080e00000, 0x0000000080f00000, 0x0000000080f00000|100%| O|  |TAMS 0x0000000080f00000, 0x0000000080e00000| Untracked 
|  15|0x0000000080f00000, 0x0000000081000000, 0x0000000081000000|100%| O|  |TAMS 0x0000000081000000, 0x0000000080f00000| Untracked 
|  16|0x0000000081000000, 0x0000000081100000, 0x0000000081100000|100%| O|  |TAMS 0x0000000081100000, 0x0000000081000000| Untracked 
|  17|0x0000000081100000, 0x0000000081200000, 0x0000000081200000|100%| O|  |TAMS 0x0000000081200000, 0x0000000081100000| Untracked 
|  18|0x0000000081200000, 0x0000000081300000, 0x0000000081300000|100%| O|  |TAMS 0x0000000081300000, 0x0000000081200000| Untracked 
|  19|0x0000000081300000, 0x0000000081400000, 0x0000000081400000|100%| O|  |TAMS 0x0000000081400000, 0x0000000081300000| Untracked 
|  20|0x0000000081400000, 0x0000000081500000, 0x0000000081500000|100%| O|  |TAMS 0x0000000081500000, 0x0000000081400000| Untracked 
|  21|0x0000000081500000, 0x0000000081600000, 0x0000000081600000|100%| O|  |TAMS 0x0000000081600000, 0x0000000081500000| Untracked 
|  22|0x0000000081600000, 0x0000000081700000, 0x0000000081700000|100%| O|  |TAMS 0x0000000081700000, 0x0000000081600000| Untracked 
|  23|0x0000000081700000, 0x0000000081800000, 0x0000000081800000|100%| O|  |TAMS 0x0000000081800000, 0x0000000081700000| Untracked 
|  24|0x0000000081800000, 0x0000000081900000, 0x0000000081900000|100%| O|  |TAMS 0x0000000081900000, 0x0000000081800000| Untracked 
|  25|0x0000000081900000, 0x0000000081a00000, 0x0000000081a00000|100%| O|  |TAMS 0x0000000081a00000, 0x0000000081900000| Untracked 
|  26|0x0000000081a00000, 0x0000000081b00000, 0x0000000081b00000|100%| O|  |TAMS 0x0000000081b00000, 0x0000000081a00000| Untracked 
|  27|0x0000000081b00000, 0x0000000081c00000, 0x0000000081c00000|100%| O|  |TAMS 0x0000000081c00000, 0x0000000081b00000| Untracked 
|  28|0x0000000081c00000, 0x0000000081d00000, 0x0000000081d00000|100%| O|  |TAMS 0x0000000081d00000, 0x0000000081c00000| Untracked 
|  29|0x0000000081d00000, 0x0000000081e00000, 0x0000000081e00000|100%| O|  |TAMS 0x0000000081e00000, 0x0000000081d00000| Untracked 
|  30|0x0000000081e00000, 0x0000000081f00000, 0x0000000081f00000|100%| O|  |TAMS 0x0000000081f00000, 0x0000000081e00000| Untracked 
|  31|0x0000000081f00000, 0x0000000082000000, 0x0000000082000000|100%| O|  |TAMS 0x0000000082000000, 0x0000000081f00000| Untracked 
|  32|0x0000000082000000, 0x0000000082100000, 0x0000000082100000|100%| O|  |TAMS 0x0000000082100000, 0x0000000082000000| Untracked 
|  33|0x0000000082100000, 0x0000000082200000, 0x0000000082200000|100%| O|  |TAMS 0x0000000082200000, 0x0000000082100000| Untracked 
|  34|0x0000000082200000, 0x0000000082300000, 0x0000000082300000|100%| O|  |TAMS 0x0000000082300000, 0x0000000082200000| Untracked 
|  35|0x0000000082300000, 0x0000000082400000, 0x0000000082400000|100%| O|  |TAMS 0x0000000082400000, 0x0000000082300000| Untracked 
|  36|0x0000000082400000, 0x0000000082500000, 0x0000000082500000|100%| O|  |TAMS 0x0000000082500000, 0x0000000082400000| Untracked 
|  37|0x0000000082500000, 0x0000000082600000, 0x0000000082600000|100%| O|  |TAMS 0x0000000082600000, 0x0000000082500000| Untracked 
|  38|0x0000000082600000, 0x0000000082700000, 0x0000000082700000|100%| O|  |TAMS 0x0000000082700000, 0x0000000082600000| Untracked 
|  39|0x0000000082700000, 0x0000000082800000, 0x0000000082800000|100%|HS|  |TAMS 0x0000000082800000, 0x0000000082700000| Complete 
|  40|0x0000000082800000, 0x0000000082900000, 0x0000000082900000|100%|HS|  |TAMS 0x0000000082900000, 0x0000000082800000| Complete 
|  41|0x0000000082900000, 0x0000000082a00000, 0x0000000082a00000|100%|HS|  |TAMS 0x0000000082a00000, 0x0000000082900000| Complete 
|  42|0x0000000082a00000, 0x0000000082b00000, 0x0000000082b00000|100%| O|  |TAMS 0x0000000082b00000, 0x0000000082a00000| Untracked 
|  43|0x0000000082b00000, 0x0000000082c00000, 0x0000000082c00000|100%| O|  |TAMS 0x0000000082c00000, 0x0000000082b00000| Untracked 
|  44|0x0000000082c00000, 0x0000000082d00000, 0x0000000082d00000|100%| O|  |TAMS 0x0000000082d00000, 0x0000000082c00000| Untracked 
|  45|0x0000000082d00000, 0x0000000082e00000, 0x0000000082e00000|100%| O|  |TAMS 0x0000000082e00000, 0x0000000082d00000| Untracked 
|  46|0x0000000082e00000, 0x0000000082f00000, 0x0000000082f00000|100%| O|  |TAMS 0x0000000082f00000, 0x0000000082e00000| Untracked 
|  47|0x0000000082f00000, 0x0000000083000000, 0x0000000083000000|100%| O|  |TAMS 0x0000000083000000, 0x0000000082f00000| Untracked 
|  48|0x0000000083000000, 0x0000000083100000, 0x0000000083100000|100%| O|  |TAMS 0x0000000083100000, 0x0000000083000000| Untracked 
|  49|0x0000000083100000, 0x0000000083200000, 0x0000000083200000|100%| O|  |TAMS 0x0000000083200000, 0x0000000083100000| Untracked 
|  50|0x0000000083200000, 0x0000000083300000, 0x0000000083300000|100%| O|  |TAMS 0x0000000083300000, 0x0000000083200000| Untracked 
|  51|0x0000000083300000, 0x0000000083400000, 0x0000000083400000|100%| O|  |TAMS 0x0000000083400000, 0x0000000083300000| Untracked 
|  52|0x0000000083400000, 0x0000000083500000, 0x0000000083500000|100%| O|  |TAMS 0x0000000083500000, 0x0000000083400000| Untracked 
|  53|0x0000000083500000, 0x0000000083600000, 0x0000000083600000|100%| O|  |TAMS 0x0000000083600000, 0x0000000083500000| Untracked 
|  54|0x0000000083600000, 0x0000000083700000, 0x0000000083700000|100%| O|  |TAMS 0x0000000083700000, 0x0000000083600000| Untracked 
|  55|0x0000000083700000, 0x0000000083800000, 0x0000000083800000|100%| O|  |TAMS 0x0000000083800000, 0x0000000083700000| Untracked 
|  56|0x0000000083800000, 0x0000000083900000, 0x0000000083900000|100%| O|  |TAMS 0x0000000083900000, 0x0000000083800000| Untracked 
|  57|0x0000000083900000, 0x0000000083a00000, 0x0000000083a00000|100%| O|  |TAMS 0x0000000083a00000, 0x0000000083900000| Untracked 
|  58|0x0000000083a00000, 0x0000000083b00000, 0x0000000083b00000|100%| O|  |TAMS 0x0000000083b00000, 0x0000000083a00000| Untracked 
|  59|0x0000000083b00000, 0x0000000083c00000, 0x0000000083c00000|100%| O|  |TAMS 0x0000000083c00000, 0x0000000083b00000| Untracked 
|  60|0x0000000083c00000, 0x0000000083d00000, 0x0000000083d00000|100%| O|  |TAMS 0x0000000083d00000, 0x0000000083c00000| Untracked 
|  61|0x0000000083d00000, 0x0000000083e00000, 0x0000000083e00000|100%| O|  |TAMS 0x0000000083e00000, 0x0000000083d00000| Untracked 
|  62|0x0000000083e00000, 0x0000000083f00000, 0x0000000083f00000|100%| O|  |TAMS 0x0000000083f00000, 0x0000000083e00000| Untracked 
|  63|0x0000000083f00000, 0x0000000084000000, 0x0000000084000000|100%| O|  |TAMS 0x0000000084000000, 0x0000000083f00000| Untracked 
|  64|0x0000000084000000, 0x0000000084100000, 0x0000000084100000|100%| O|  |TAMS 0x0000000084100000, 0x0000000084000000| Untracked 
|  65|0x0000000084100000, 0x0000000084200000, 0x0000000084200000|100%| O|  |TAMS 0x0000000084200000, 0x0000000084100000| Untracked 
|  66|0x0000000084200000, 0x0000000084300000, 0x0000000084300000|100%| O|  |TAMS 0x0000000084300000, 0x0000000084200000| Untracked 
|  67|0x0000000084300000, 0x0000000084400000, 0x0000000084400000|100%| O|  |TAMS 0x0000000084400000, 0x0000000084300000| Untracked 
|  68|0x0000000084400000, 0x0000000084500000, 0x0000000084500000|100%| O|  |TAMS 0x0000000084500000, 0x0000000084400000| Untracked 
|  69|0x0000000084500000, 0x0000000084600000, 0x0000000084600000|100%| O|  |TAMS 0x0000000084600000, 0x0000000084500000| Untracked 
|  70|0x0000000084600000, 0x0000000084700000, 0x0000000084700000|100%| O|  |TAMS 0x0000000084700000, 0x0000000084600000| Untracked 
|  71|0x0000000084700000, 0x0000000084800000, 0x0000000084800000|100%| O|  |TAMS 0x0000000084800000, 0x0000000084700000| Untracked 
|  72|0x0000000084800000, 0x0000000084900000, 0x0000000084900000|100%| O|  |TAMS 0x0000000084900000, 0x0000000084800000| Untracked 
|  73|0x0000000084900000, 0x0000000084a00000, 0x0000000084a00000|100%| O|  |TAMS 0x0000000084a00000, 0x0000000084900000| Untracked 
|  74|0x0000000084a00000, 0x0000000084b00000, 0x0000000084b00000|100%| O|  |TAMS 0x0000000084b00000, 0x0000000084a00000| Untracked 
|  75|0x0000000084b00000, 0x0000000084c00000, 0x0000000084c00000|100%| O|  |TAMS 0x0000000084c00000, 0x0000000084b00000| Untracked 
|  76|0x0000000084c00000, 0x0000000084d00000, 0x0000000084d00000|100%| O|  |TAMS 0x0000000084d00000, 0x0000000084c00000| Untracked 
|  77|0x0000000084d00000, 0x0000000084e00000, 0x0000000084e00000|100%| O|  |TAMS 0x0000000084e00000, 0x0000000084d00000| Untracked 
|  78|0x0000000084e00000, 0x0000000084f00000, 0x0000000084f00000|100%| O|  |TAMS 0x0000000084f00000, 0x0000000084e00000| Untracked 
|  79|0x0000000084f00000, 0x0000000085000000, 0x0000000085000000|100%| O|  |TAMS 0x0000000085000000, 0x0000000084f00000| Untracked 
|  80|0x0000000085000000, 0x0000000085100000, 0x0000000085100000|100%| O|  |TAMS 0x0000000085000000, 0x0000000085000000| Untracked 
|  81|0x0000000085100000, 0x0000000085200000, 0x0000000085200000|100%| O|  |TAMS 0x0000000085100000, 0x0000000085100000| Untracked 
|  82|0x0000000085200000, 0x0000000085300000, 0x0000000085300000|100%|HS|  |TAMS 0x0000000085300000, 0x0000000085200000| Complete 
|  83|0x0000000085300000, 0x0000000085400000, 0x0000000085400000|100%| O|  |TAMS 0x0000000085400000, 0x0000000085300000| Untracked 
|  84|0x0000000085400000, 0x0000000085500000, 0x0000000085500000|100%| O|  |TAMS 0x0000000085500000, 0x0000000085400000| Untracked 
|  85|0x0000000085500000, 0x0000000085600000, 0x0000000085600000|100%| O|  |TAMS 0x0000000085600000, 0x0000000085500000| Untracked 
|  86|0x0000000085600000, 0x0000000085700000, 0x0000000085700000|100%| O|  |TAMS 0x0000000085700000, 0x0000000085600000| Untracked 
|  87|0x0000000085700000, 0x0000000085800000, 0x0000000085800000|100%| O|  |TAMS 0x0000000085800000, 0x0000000085700000| Untracked 
|  88|0x0000000085800000, 0x0000000085900000, 0x0000000085900000|100%| O|  |TAMS 0x0000000085900000, 0x0000000085800000| Untracked 
|  89|0x0000000085900000, 0x0000000085a00000, 0x0000000085a00000|100%| O|  |TAMS 0x0000000085a00000, 0x0000000085900000| Untracked 
|  90|0x0000000085a00000, 0x0000000085b00000, 0x0000000085b00000|100%| O|  |TAMS 0x0000000085b00000, 0x0000000085a00000| Untracked 
|  91|0x0000000085b00000, 0x0000000085c00000, 0x0000000085c00000|100%| O|  |TAMS 0x0000000085c00000, 0x0000000085b00000| Untracked 
|  92|0x0000000085c00000, 0x0000000085d00000, 0x0000000085d00000|100%| O|  |TAMS 0x0000000085d00000, 0x0000000085c00000| Untracked 
|  93|0x0000000085d00000, 0x0000000085e00000, 0x0000000085e00000|100%| O|  |TAMS 0x0000000085e00000, 0x0000000085d00000| Complete 
|  94|0x0000000085e00000, 0x0000000085f00000, 0x0000000085f00000|100%| O|  |TAMS 0x0000000085e00000, 0x0000000085e00000| Untracked 
|  95|0x0000000085f00000, 0x0000000086000000, 0x0000000086000000|100%| O|  |TAMS 0x0000000086000000, 0x0000000085f00000| Untracked 
|  96|0x0000000086000000, 0x0000000086100000, 0x0000000086100000|100%| O|  |TAMS 0x00000000860c7400, 0x0000000086000000| Untracked 
|  97|0x0000000086100000, 0x0000000086200000, 0x0000000086200000|100%| O|  |TAMS 0x0000000086100000, 0x0000000086100000| Untracked 
|  98|0x0000000086200000, 0x0000000086300000, 0x0000000086300000|100%| O|  |TAMS 0x0000000086200000, 0x0000000086200000| Untracked 
|  99|0x0000000086300000, 0x0000000086342000, 0x0000000086400000| 25%| O|  |TAMS 0x0000000086300000, 0x0000000086300000| Untracked 
| 100|0x0000000086400000, 0x0000000086400000, 0x0000000086500000|  0%| F|  |TAMS 0x0000000086400000, 0x0000000086400000| Untracked 
| 101|0x0000000086500000, 0x0000000086500000, 0x0000000086600000|  0%| F|  |TAMS 0x0000000086500000, 0x0000000086500000| Untracked 
| 102|0x0000000086600000, 0x0000000086600000, 0x0000000086700000|  0%| F|  |TAMS 0x0000000086600000, 0x0000000086600000| Untracked 
| 103|0x0000000086700000, 0x0000000086700000, 0x0000000086800000|  0%| F|  |TAMS 0x0000000086700000, 0x0000000086700000| Untracked 
| 104|0x0000000086800000, 0x0000000086800000, 0x0000000086900000|  0%| F|  |TAMS 0x0000000086800000, 0x0000000086800000| Untracked 
| 105|0x0000000086900000, 0x0000000086900000, 0x0000000086a00000|  0%| F|  |TAMS 0x0000000086900000, 0x0000000086900000| Untracked 
| 106|0x0000000086a00000, 0x0000000086a00000, 0x0000000086b00000|  0%| F|  |TAMS 0x0000000086a00000, 0x0000000086a00000| Untracked 
| 107|0x0000000086b00000, 0x0000000086b00000, 0x0000000086c00000|  0%| F|  |TAMS 0x0000000086b00000, 0x0000000086b00000| Untracked 
| 108|0x0000000086c00000, 0x0000000086c00000, 0x0000000086d00000|  0%| F|  |TAMS 0x0000000086c00000, 0x0000000086c00000| Untracked 
| 109|0x0000000086d00000, 0x0000000086d00000, 0x0000000086e00000|  0%| F|  |TAMS 0x0000000086d00000, 0x0000000086d00000| Untracked 
| 110|0x0000000086e00000, 0x0000000086e00000, 0x0000000086f00000|  0%| F|  |TAMS 0x0000000086e00000, 0x0000000086e00000| Untracked 
| 111|0x0000000086f00000, 0x0000000086f00000, 0x0000000087000000|  0%| F|  |TAMS 0x0000000086f00000, 0x0000000086f00000| Untracked 
| 112|0x0000000087000000, 0x0000000087000000, 0x0000000087100000|  0%| F|  |TAMS 0x0000000087000000, 0x0000000087000000| Untracked 
| 113|0x0000000087100000, 0x0000000087100000, 0x0000000087200000|  0%| F|  |TAMS 0x0000000087100000, 0x0000000087100000| Untracked 
| 114|0x0000000087200000, 0x0000000087200000, 0x0000000087300000|  0%| F|  |TAMS 0x0000000087200000, 0x0000000087200000| Untracked 
| 115|0x0000000087300000, 0x0000000087300000, 0x0000000087400000|  0%| F|  |TAMS 0x0000000087300000, 0x0000000087300000| Untracked 
| 116|0x0000000087400000, 0x0000000087400000, 0x0000000087500000|  0%| F|  |TAMS 0x0000000087400000, 0x0000000087400000| Untracked 
| 117|0x0000000087500000, 0x0000000087500000, 0x0000000087600000|  0%| F|  |TAMS 0x0000000087500000, 0x0000000087500000| Untracked 
| 118|0x0000000087600000, 0x0000000087600000, 0x0000000087700000|  0%| F|  |TAMS 0x0000000087600000, 0x0000000087600000| Untracked 
| 119|0x0000000087700000, 0x0000000087700000, 0x0000000087800000|  0%| F|  |TAMS 0x0000000087700000, 0x0000000087700000| Untracked 
| 120|0x0000000087800000, 0x0000000087800000, 0x0000000087900000|  0%| F|  |TAMS 0x0000000087800000, 0x0000000087800000| Untracked 
| 121|0x0000000087900000, 0x0000000087a00000, 0x0000000087a00000|100%| S|CS|TAMS 0x0000000087900000, 0x0000000087900000| Complete 
| 122|0x0000000087a00000, 0x0000000087b00000, 0x0000000087b00000|100%| S|CS|TAMS 0x0000000087a00000, 0x0000000087a00000| Complete 
| 123|0x0000000087b00000, 0x0000000087b00000, 0x0000000087c00000|  0%| F|  |TAMS 0x0000000087b00000, 0x0000000087b00000| Untracked 
| 124|0x0000000087c00000, 0x0000000087c00000, 0x0000000087d00000|  0%| F|  |TAMS 0x0000000087c00000, 0x0000000087c00000| Untracked 
| 125|0x0000000087d00000, 0x0000000087d00000, 0x0000000087e00000|  0%| F|  |TAMS 0x0000000087d00000, 0x0000000087d00000| Untracked 
| 126|0x0000000087e00000, 0x0000000087e00000, 0x0000000087f00000|  0%| F|  |TAMS 0x0000000087e00000, 0x0000000087e00000| Untracked 
| 127|0x0000000087f00000, 0x0000000087f00000, 0x0000000088000000|  0%| F|  |TAMS 0x0000000087f00000, 0x0000000087f00000| Untracked 
| 128|0x0000000088000000, 0x0000000088000000, 0x0000000088100000|  0%| F|  |TAMS 0x0000000088000000, 0x0000000088000000| Untracked 
| 129|0x0000000088100000, 0x0000000088100000, 0x0000000088200000|  0%| F|  |TAMS 0x0000000088100000, 0x0000000088100000| Untracked 
| 130|0x0000000088200000, 0x0000000088200000, 0x0000000088300000|  0%| F|  |TAMS 0x0000000088200000, 0x0000000088200000| Untracked 
| 131|0x0000000088300000, 0x0000000088300000, 0x0000000088400000|  0%| F|  |TAMS 0x0000000088300000, 0x0000000088300000| Untracked 
| 132|0x0000000088400000, 0x0000000088400000, 0x0000000088500000|  0%| F|  |TAMS 0x0000000088400000, 0x0000000088400000| Untracked 
| 133|0x0000000088500000, 0x0000000088500000, 0x0000000088600000|  0%| F|  |TAMS 0x0000000088500000, 0x0000000088500000| Untracked 
| 134|0x0000000088600000, 0x0000000088600000, 0x0000000088700000|  0%| F|  |TAMS 0x0000000088600000, 0x0000000088600000| Untracked 
| 135|0x0000000088700000, 0x0000000088700000, 0x0000000088800000|  0%| F|  |TAMS 0x0000000088700000, 0x0000000088700000| Untracked 
| 136|0x0000000088800000, 0x0000000088800000, 0x0000000088900000|  0%| F|  |TAMS 0x0000000088800000, 0x0000000088800000| Untracked 
| 137|0x0000000088900000, 0x0000000088900000, 0x0000000088a00000|  0%| F|  |TAMS 0x0000000088900000, 0x0000000088900000| Untracked 
| 138|0x0000000088a00000, 0x0000000088a00000, 0x0000000088b00000|  0%| F|  |TAMS 0x0000000088a00000, 0x0000000088a00000| Untracked 
| 139|0x0000000088b00000, 0x0000000088b00000, 0x0000000088c00000|  0%| F|  |TAMS 0x0000000088b00000, 0x0000000088b00000| Untracked 
| 140|0x0000000088c00000, 0x0000000088c00000, 0x0000000088d00000|  0%| F|  |TAMS 0x0000000088c00000, 0x0000000088c00000| Untracked 
| 141|0x0000000088d00000, 0x0000000088d00000, 0x0000000088e00000|  0%| F|  |TAMS 0x0000000088d00000, 0x0000000088d00000| Untracked 
| 142|0x0000000088e00000, 0x0000000088e00000, 0x0000000088f00000|  0%| F|  |TAMS 0x0000000088e00000, 0x0000000088e00000| Untracked 
| 143|0x0000000088f00000, 0x0000000088f00000, 0x0000000089000000|  0%| F|  |TAMS 0x0000000088f00000, 0x0000000088f00000| Untracked 
| 144|0x0000000089000000, 0x0000000089000000, 0x0000000089100000|  0%| F|  |TAMS 0x0000000089000000, 0x0000000089000000| Untracked 
| 145|0x0000000089100000, 0x0000000089100000, 0x0000000089200000|  0%| F|  |TAMS 0x0000000089100000, 0x0000000089100000| Untracked 
| 146|0x0000000089200000, 0x0000000089200000, 0x0000000089300000|  0%| F|  |TAMS 0x0000000089200000, 0x0000000089200000| Untracked 
| 147|0x0000000089300000, 0x0000000089300000, 0x0000000089400000|  0%| F|  |TAMS 0x0000000089300000, 0x0000000089300000| Untracked 
| 148|0x0000000089400000, 0x0000000089400000, 0x0000000089500000|  0%| F|  |TAMS 0x0000000089400000, 0x0000000089400000| Untracked 
| 149|0x0000000089500000, 0x0000000089500000, 0x0000000089600000|  0%| F|  |TAMS 0x0000000089500000, 0x0000000089500000| Untracked 
| 150|0x0000000089600000, 0x0000000089600000, 0x0000000089700000|  0%| F|  |TAMS 0x0000000089600000, 0x0000000089600000| Untracked 
| 151|0x0000000089700000, 0x0000000089700000, 0x0000000089800000|  0%| F|  |TAMS 0x0000000089700000, 0x0000000089700000| Untracked 
| 152|0x0000000089800000, 0x0000000089800000, 0x0000000089900000|  0%| F|  |TAMS 0x0000000089800000, 0x0000000089800000| Untracked 
| 153|0x0000000089900000, 0x0000000089900000, 0x0000000089a00000|  0%| F|  |TAMS 0x0000000089900000, 0x0000000089900000| Untracked 
| 154|0x0000000089a00000, 0x0000000089a00000, 0x0000000089b00000|  0%| F|  |TAMS 0x0000000089a00000, 0x0000000089a00000| Untracked 
| 155|0x0000000089b00000, 0x0000000089b00000, 0x0000000089c00000|  0%| F|  |TAMS 0x0000000089b00000, 0x0000000089b00000| Untracked 
| 156|0x0000000089c00000, 0x0000000089c00000, 0x0000000089d00000|  0%| F|  |TAMS 0x0000000089c00000, 0x0000000089c00000| Untracked 
| 157|0x0000000089d00000, 0x0000000089d00000, 0x0000000089e00000|  0%| F|  |TAMS 0x0000000089d00000, 0x0000000089d00000| Untracked 
| 158|0x0000000089e00000, 0x0000000089f00000, 0x0000000089f00000|100%| E|CS|TAMS 0x0000000089e00000, 0x0000000089e00000| Complete 
| 159|0x0000000089f00000, 0x000000008a000000, 0x000000008a000000|100%| E|CS|TAMS 0x0000000089f00000, 0x0000000089f00000| Complete 
| 160|0x000000008a000000, 0x000000008a100000, 0x000000008a100000|100%| E|CS|TAMS 0x000000008a000000, 0x000000008a000000| Complete 
| 161|0x000000008a100000, 0x000000008a100000, 0x000000008a200000|  0%| F|  |TAMS 0x000000008a100000, 0x000000008a100000| Untracked 
| 162|0x000000008a200000, 0x000000008a200000, 0x000000008a300000|  0%| F|  |TAMS 0x000000008a200000, 0x000000008a200000| Untracked 
| 163|0x000000008a300000, 0x000000008a300000, 0x000000008a400000|  0%| F|  |TAMS 0x000000008a300000, 0x000000008a300000| Untracked 
| 164|0x000000008a400000, 0x000000008a400000, 0x000000008a500000|  0%| F|  |TAMS 0x000000008a400000, 0x000000008a400000| Untracked 
| 165|0x000000008a500000, 0x000000008a5f68e0, 0x000000008a600000| 96%| E|  |TAMS 0x000000008a500000, 0x000000008a500000| Complete 
| 166|0x000000008a600000, 0x000000008a700000, 0x000000008a700000|100%| E|CS|TAMS 0x000000008a600000, 0x000000008a600000| Complete 
| 167|0x000000008a700000, 0x000000008a800000, 0x000000008a800000|100%| E|CS|TAMS 0x000000008a700000, 0x000000008a700000| Complete 
| 168|0x000000008a800000, 0x000000008a900000, 0x000000008a900000|100%| E|CS|TAMS 0x000000008a800000, 0x000000008a800000| Complete 
| 169|0x000000008a900000, 0x000000008aa00000, 0x000000008aa00000|100%| E|CS|TAMS 0x000000008a900000, 0x000000008a900000| Complete 
| 170|0x000000008aa00000, 0x000000008ab00000, 0x000000008ab00000|100%| E|  |TAMS 0x000000008aa00000, 0x000000008aa00000| Complete 
| 171|0x000000008ab00000, 0x000000008ac00000, 0x000000008ac00000|100%| E|CS|TAMS 0x000000008ab00000, 0x000000008ab00000| Complete 
| 172|0x000000008ac00000, 0x000000008ad00000, 0x000000008ad00000|100%| E|CS|TAMS 0x000000008ac00000, 0x000000008ac00000| Complete 
| 173|0x000000008ad00000, 0x000000008ae00000, 0x000000008ae00000|100%| E|CS|TAMS 0x000000008ad00000, 0x000000008ad00000| Complete 
| 174|0x000000008ae00000, 0x000000008af00000, 0x000000008af00000|100%| E|CS|TAMS 0x000000008ae00000, 0x000000008ae00000| Complete 

Card table byte_map: [0x000002e9fdb80000,0x000002e9fdf80000] _byte_map_base: 0x000002e9fd780000

Marking Bits (Prev, Next): (CMBitMap*) 0x000002e9eafd5e60, (CMBitMap*) 0x000002e9eafd5e20
 Prev Bits: [0x000002e982000000, 0x000002e984000000)
 Next Bits: [0x000002e980000000, 0x000002e982000000)

Polling page: 0x000002e9e8f00000

Metaspace:

Usage:
  Non-class:     81.06 MB used.
      Class:     12.68 MB used.
       Both:     93.74 MB used.

Virtual space:
  Non-class space:       88.00 MB reserved,      81.44 MB ( 93%) committed,  11 nodes.
      Class space:        1.00 GB reserved,      12.94 MB (  1%) committed,  1 nodes.
             Both:        1.09 GB reserved,      94.38 MB (  8%) committed. 

Chunk freelists:
   Non-Class:  2.53 MB
       Class:  3.00 MB
        Both:  5.53 MB

MaxMetaspaceSize: unlimited
CompressedClassSpaceSize: 1.00 GB
Initial GC threshold: 21.00 MB
Current GC threshold: 156.56 MB
CDS: off
MetaspaceReclaimPolicy: balanced
 - commit_granule_bytes: 65536.
 - commit_granule_words: 8192.
 - virtual_space_node_default_size: 1048576.
 - enlarge_chunks_in_place: 1.
 - new_chunks_are_fully_committed: 0.
 - uncommit_free_chunks: 1.
 - use_allocation_guard: 0.
 - handle_deallocations: 1.


Internal statistics:

num_allocs_failed_limit: 6.
num_arena_births: 938.
num_arena_deaths: 14.
num_vsnodes_births: 12.
num_vsnodes_deaths: 0.
num_space_committed: 1509.
num_space_uncommitted: 0.
num_chunks_returned_to_freelist: 25.
num_chunks_taken_from_freelist: 4343.
num_chunk_merges: 14.
num_chunk_splits: 2837.
num_chunks_enlarged: 1895.
num_purges: 2.
num_inconsistent_stats: 0.

CodeHeap 'non-profiled nmethods': size=120000Kb used=5819Kb max_used=5879Kb free=114181Kb
 bounds [0x000002e9f5f10000, 0x000002e9f64d0000, 0x000002e9fd440000]
CodeHeap 'profiled nmethods': size=120000Kb used=18911Kb max_used=18911Kb free=101088Kb
 bounds [0x000002e9ee440000, 0x000002e9ef6c0000, 0x000002e9f5970000]
CodeHeap 'non-nmethods': size=5760Kb used=2418Kb max_used=2489Kb free=3341Kb
 bounds [0x000002e9f5970000, 0x000002e9f5be0000, 0x000002e9f5f10000]
 total_blobs=10620 nmethods=9676 adapters=856
 compilation: enabled
              stopped_count=0, restarted_count=0
 full_count=0

Compilation events (20 events):
Event: 28.808 Thread 0x000002e9ff83a0b0 11309       3       org.gradle.internal.execution.history.changes.PropertyChanges::<init> (26 bytes)
Event: 28.809 Thread 0x000002e9ff83a0b0 nmethod 11309 0x000002e9ee60ac90 code [0x000002e9ee60ae40, 0x000002e9ee60b118]
Event: 28.809 Thread 0x000002e9ff83a0b0 11308       3       org.gradle.internal.execution.steps.Result::<init> (15 bytes)
Event: 28.809 Thread 0x000002e9ff83a0b0 nmethod 11308 0x000002e9ee60a810 code [0x000002e9ee60a9c0, 0x000002e9ee60abd8]
Event: 28.809 Thread 0x000002e9ff83a0b0 11305       3       com.google.common.collect.ImmutableListMultimap::<init> (7 bytes)
Event: 28.809 Thread 0x000002e9ff83a0b0 nmethod 11305 0x000002e9ee60a010 code [0x000002e9ee60a1c0, 0x000002e9ee60a498]
Event: 28.809 Thread 0x000002e9ff83a0b0 11306       3       com.google.common.collect.ImmutableMultimap::<init> (15 bytes)
Event: 28.810 Thread 0x000002e9ff83a0b0 nmethod 11306 0x000002e9eec3a010 code [0x000002e9eec3a1c0, 0x000002e9eec3a458]
Event: 28.811 Thread 0x000002e9ff83a0b0 11310       3       java.nio.MappedByteBuffer::rewind (7 bytes)
Event: 28.811 Thread 0x000002e9ff83a0b0 nmethod 11310 0x000002e9eec39b90 code [0x000002e9eec39d40, 0x000002e9eec39f18]
Event: 28.812 Thread 0x000002e9ff83a0b0 11311       3       java.nio.MappedByteBuffer::rewind (5 bytes)
Event: 28.812 Thread 0x000002e9ff83a0b0 nmethod 11311 0x000002e9eec39690 code [0x000002e9eec39840, 0x000002e9eec39a78]
Event: 28.823 Thread 0x000002e9ff83a0b0 11312       3       java.util.RegularEnumSet$EnumSetIterator::hasNext (15 bytes)
Event: 28.824 Thread 0x000002e9ff83a0b0 nmethod 11312 0x000002e9eef38810 code [0x000002e9eef389a0, 0x000002e9eef38b18]
Event: 28.841 Thread 0x000002e9ff83a0b0 11315       3       org.gradle.internal.execution.impl.DefaultInputFingerprinter$InputFingerprints::union (33 bytes)
Event: 28.842 Thread 0x000002e9ff83a0b0 nmethod 11315 0x000002e9eef68d10 code [0x000002e9eef69000, 0x000002e9eef6a188]
Event: 28.844 Thread 0x000002e9ff83a0b0 11316       3       org.gradle.api.internal.artifacts.transform.TransformationResult$Builder$FilteredTransformationResult::resolveOutputsForInputArtifact (30 bytes)
Event: 28.845 Thread 0x000002e9ff83a0b0 nmethod 11316 0x000002e9eec38490 code [0x000002e9eec38700, 0x000002e9eec39248]
Event: 28.845 Thread 0x000002e9ff83a0b0 11317       3       org.gradle.api.internal.artifacts.transform.TransformationResult$Builder$FilteredTransformationResult$$Lambda$1214/0x0000000100c954d0::accept (16 bytes)
Event: 28.846 Thread 0x000002e9ff83a0b0 nmethod 11317 0x000002e9eef68690 code [0x000002e9eef68860, 0x000002e9eef68bd8]

GC Heap History (20 events):
Event: 19.446 GC heap before
{Heap before GC invocations=34 (full 0):
 garbage-first heap   total 111616K, used 87194K [0x0000000080000000, 0x0000000100000000)
  region size 1024K, 30 young (30720K), 3 survivors (3072K)
 Metaspace       used 75171K, committed 75712K, reserved 1122304K
  class space    used 9931K, committed 10176K, reserved 1048576K
}
Event: 19.453 GC heap after
{Heap after GC invocations=35 (full 0):
 garbage-first heap   total 137216K, used 61389K [0x0000000080000000, 0x0000000100000000)
  region size 1024K, 2 young (2048K), 2 survivors (2048K)
 Metaspace       used 75171K, committed 75712K, reserved 1122304K
  class space    used 9931K, committed 10176K, reserved 1048576K
}
Event: 21.317 GC heap before
{Heap before GC invocations=35 (full 0):
 garbage-first heap   total 137216K, used 102349K [0x0000000080000000, 0x0000000100000000)
  region size 1024K, 42 young (43008K), 2 survivors (2048K)
 Metaspace       used 79885K, committed 80448K, reserved 1122304K
  class space    used 10774K, committed 11008K, reserved 1048576K
}
Event: 21.325 GC heap after
{Heap after GC invocations=36 (full 0):
 garbage-first heap   total 137216K, used 64245K [0x0000000080000000, 0x0000000100000000)
  region size 1024K, 5 young (5120K), 5 survivors (5120K)
 Metaspace       used 79885K, committed 80448K, reserved 1122304K
  class space    used 10774K, committed 11008K, reserved 1048576K
}
Event: 22.414 GC heap before
{Heap before GC invocations=36 (full 0):
 garbage-first heap   total 137216K, used 105205K [0x0000000080000000, 0x0000000100000000)
  region size 1024K, 45 young (46080K), 5 survivors (5120K)
 Metaspace       used 84322K, committed 84992K, reserved 1122304K
  class space    used 11462K, committed 11776K, reserved 1048576K
}
Event: 22.424 GC heap after
{Heap after GC invocations=37 (full 0):
 garbage-first heap   total 137216K, used 67010K [0x0000000080000000, 0x0000000100000000)
  region size 1024K, 6 young (6144K), 6 survivors (6144K)
 Metaspace       used 84322K, committed 84992K, reserved 1122304K
  class space    used 11462K, committed 11776K, reserved 1048576K
}
Event: 23.232 GC heap before
{Heap before GC invocations=37 (full 0):
 garbage-first heap   total 137216K, used 107970K [0x0000000080000000, 0x0000000100000000)
  region size 1024K, 46 young (47104K), 6 survivors (6144K)
 Metaspace       used 87415K, committed 87936K, reserved 1130496K
  class space    used 11853K, committed 12096K, reserved 1048576K
}
Event: 23.245 GC heap after
{Heap after GC invocations=38 (full 0):
 garbage-first heap   total 137216K, used 71406K [0x0000000080000000, 0x0000000100000000)
  region size 1024K, 6 young (6144K), 6 survivors (6144K)
 Metaspace       used 87415K, committed 87936K, reserved 1130496K
  class space    used 11853K, committed 12096K, reserved 1048576K
}
Event: 23.827 GC heap before
{Heap before GC invocations=38 (full 0):
 garbage-first heap   total 137216K, used 109294K [0x0000000080000000, 0x0000000100000000)
  region size 1024K, 43 young (44032K), 6 survivors (6144K)
 Metaspace       used 88467K, committed 89088K, reserved 1130496K
  class space    used 12072K, committed 12352K, reserved 1048576K
}
Event: 23.838 GC heap after
{Heap after GC invocations=39 (full 0):
 garbage-first heap   total 137216K, used 77638K [0x0000000080000000, 0x0000000100000000)
  region size 1024K, 6 young (6144K), 6 survivors (6144K)
 Metaspace       used 88467K, committed 89088K, reserved 1130496K
  class space    used 12072K, committed 12352K, reserved 1048576K
}
Event: 24.871 GC heap before
{Heap before GC invocations=39 (full 0):
 garbage-first heap   total 137216K, used 110406K [0x0000000080000000, 0x0000000100000000)
  region size 1024K, 38 young (38912K), 6 survivors (6144K)
 Metaspace       used 92044K, committed 92672K, reserved 1130496K
  class space    used 12569K, committed 12864K, reserved 1048576K
}
Event: 24.882 GC heap after
{Heap after GC invocations=40 (full 0):
 garbage-first heap   total 137216K, used 80620K [0x0000000080000000, 0x0000000100000000)
  region size 1024K, 3 young (3072K), 3 survivors (3072K)
 Metaspace       used 92044K, committed 92672K, reserved 1130496K
  class space    used 12569K, committed 12864K, reserved 1048576K
}
Event: 25.554 GC heap before
{Heap before GC invocations=40 (full 0):
 garbage-first heap   total 137216K, used 111340K [0x0000000080000000, 0x0000000100000000)
  region size 1024K, 34 young (34816K), 3 survivors (3072K)
 Metaspace       used 92420K, committed 93120K, reserved 1130496K
  class space    used 12588K, committed 12928K, reserved 1048576K
}
Event: 25.560 GC heap after
{Heap after GC invocations=41 (full 0):
 garbage-first heap   total 137216K, used 81764K [0x0000000080000000, 0x0000000100000000)
  region size 1024K, 5 young (5120K), 5 survivors (5120K)
 Metaspace       used 92420K, committed 93120K, reserved 1130496K
  class space    used 12588K, committed 12928K, reserved 1048576K
}
Event: 26.768 GC heap before
{Heap before GC invocations=41 (full 0):
 garbage-first heap   total 137216K, used 111460K [0x0000000080000000, 0x0000000100000000)
  region size 1024K, 35 young (35840K), 5 survivors (5120K)
 Metaspace       used 95148K, committed 95872K, reserved 1138688K
  class space    used 12900K, committed 13248K, reserved 1048576K
}
Event: 26.777 GC heap after
{Heap after GC invocations=42 (full 0):
 garbage-first heap   total 137216K, used 86648K [0x0000000080000000, 0x0000000100000000)
  region size 1024K, 5 young (5120K), 5 survivors (5120K)
 Metaspace       used 95148K, committed 95872K, reserved 1138688K
  class space    used 12900K, committed 13248K, reserved 1048576K
}
Event: 27.611 GC heap before
{Heap before GC invocations=42 (full 0):
 garbage-first heap   total 137216K, used 114296K [0x0000000080000000, 0x0000000100000000)
  region size 1024K, 30 young (30720K), 5 survivors (5120K)
 Metaspace       used 95271K, committed 95936K, reserved 1138688K
  class space    used 12900K, committed 13248K, reserved 1048576K
}
Event: 27.626 GC heap after
{Heap after GC invocations=43 (full 0):
 garbage-first heap   total 137216K, used 100125K [0x0000000080000000, 0x0000000100000000)
  region size 1024K, 4 young (4096K), 4 survivors (4096K)
 Metaspace       used 95271K, committed 95936K, reserved 1138688K
  class space    used 12900K, committed 13248K, reserved 1048576K
}
Event: 27.972 GC heap before
{Heap before GC invocations=43 (full 0):
 garbage-first heap   total 137216K, used 111389K [0x0000000080000000, 0x0000000100000000)
  region size 1024K, 15 young (15360K), 4 survivors (4096K)
 Metaspace       used 95474K, committed 96128K, reserved 1138688K
  class space    used 12932K, committed 13248K, reserved 1048576K
}
Event: 27.982 GC heap after
{Heap after GC invocations=44 (full 0):
 garbage-first heap   total 164864K, used 103688K [0x0000000080000000, 0x0000000100000000)
  region size 1024K, 2 young (2048K), 2 survivors (2048K)
 Metaspace       used 95474K, committed 96128K, reserved 1138688K
  class space    used 12932K, committed 13248K, reserved 1048576K
}

Dll operation events (2 events):
Event: 0.006 Loaded shared library C:\Program Files\Android\Android Studio\jbr\bin\java.dll
Event: 0.303 Loaded shared library C:\Program Files\Android\Android Studio\jbr\bin\verify.dll

Deoptimization events (20 events):
Event: 27.880 Thread 0x000002e988767c30 DEOPT PACKING pc=0x000002e9f6427114 sp=0x000000ef51cfa910
Event: 27.880 Thread 0x000002e988767c30 DEOPT UNPACKING pc=0x000002e9f59ca1a3 sp=0x000000ef51cfa8b0 mode 2
Event: 27.896 Thread 0x000002e988778f80 Uncommon trap: trap_request=0xffffff45 fr.pc=0x000002e9f64cabc4 relative=0x0000000000000764
Event: 27.896 Thread 0x000002e988778f80 Uncommon trap: reason=unstable_if action=reinterpret pc=0x000002e9f64cabc4 method=com.esotericsoftware.kryo.io.Output.writeUtf8Length(I)V @ 42 c2
Event: 27.896 Thread 0x000002e988778f80 DEOPT PACKING pc=0x000002e9f64cabc4 sp=0x000000ef4a3fefc0
Event: 27.897 Thread 0x000002e988778f80 DEOPT UNPACKING pc=0x000002e9f59ca1a3 sp=0x000000ef4a3fef88 mode 2
Event: 27.925 Thread 0x000002e98877bad0 Uncommon trap: trap_request=0xffffff45 fr.pc=0x000002e9f642d5d4 relative=0x00000000000004b4
Event: 27.925 Thread 0x000002e98877bad0 Uncommon trap: reason=unstable_if action=reinterpret pc=0x000002e9f642d5d4 method=java.io.ObjectOutputStream$BlockDataOutputStream.writeBytes(Ljava/lang/String;)V @ 22 c2
Event: 27.925 Thread 0x000002e98877bad0 DEOPT PACKING pc=0x000002e9f642d5d4 sp=0x000000ef4a5fd9b0
Event: 27.925 Thread 0x000002e98877bad0 DEOPT UNPACKING pc=0x000002e9f59ca1a3 sp=0x000000ef4a5fd938 mode 2
Event: 27.966 Thread 0x000002e988767c30 DEOPT PACKING pc=0x000002e9ef093b65 sp=0x000000ef51cf9bb0
Event: 27.966 Thread 0x000002e988767c30 DEOPT UNPACKING pc=0x000002e9f59cace3 sp=0x000000ef51cf9038 mode 0
Event: 28.064 Thread 0x000002e98877bad0 DEOPT PACKING pc=0x000002e9eeb60f64 sp=0x000000ef4a5fd4f0
Event: 28.064 Thread 0x000002e98877bad0 DEOPT UNPACKING pc=0x000002e9f59cace3 sp=0x000000ef4a5fc9b8 mode 0
Event: 28.399 Thread 0x000002e98877bad0 DEOPT PACKING pc=0x000002e9ee909a80 sp=0x000000ef4a5fcdf0
Event: 28.399 Thread 0x000002e98877bad0 DEOPT UNPACKING pc=0x000002e9f59cace3 sp=0x000000ef4a5fc2b8 mode 0
Event: 28.729 Thread 0x000002e988b983c0 Uncommon trap: trap_request=0xfffffff4 fr.pc=0x000002e9f6189350 relative=0x0000000000000af0
Event: 28.729 Thread 0x000002e988b983c0 Uncommon trap: reason=null_check action=make_not_entrant pc=0x000002e9f6189350 method=org.gradle.tooling.internal.provider.runner.ClientBuildEventGenerator$Disabled.accept(Lorg/gradle/internal/operations/BuildOperationDescriptor;)Lorg/gradle/tooling/inter
Event: 28.729 Thread 0x000002e988b983c0 DEOPT PACKING pc=0x000002e9f6189350 sp=0x000000ef4c4fe5f0
Event: 28.729 Thread 0x000002e988b983c0 DEOPT UNPACKING pc=0x000002e9f59ca1a3 sp=0x000000ef4c4fe538 mode 2

Classes unloaded (7 events):
Event: 28.173 Thread 0x000002e9fedea930 Unloading class 0x0000000100c89c00 'java/lang/invoke/LambdaForm$DMH+0x0000000100c89c00'
Event: 28.173 Thread 0x000002e9fedea930 Unloading class 0x0000000100c89800 'java/lang/invoke/LambdaForm$DMH+0x0000000100c89800'
Event: 28.173 Thread 0x000002e9fedea930 Unloading class 0x0000000100c89400 'java/lang/invoke/LambdaForm$DMH+0x0000000100c89400'
Event: 28.173 Thread 0x000002e9fedea930 Unloading class 0x0000000100c88c00 'java/lang/invoke/LambdaForm$DMH+0x0000000100c88c00'
Event: 28.173 Thread 0x000002e9fedea930 Unloading class 0x0000000100c89000 'java/lang/invoke/LambdaForm$DMH+0x0000000100c89000'
Event: 28.173 Thread 0x000002e9fedea930 Unloading class 0x0000000100c88000 'java/lang/invoke/LambdaForm$DMH+0x0000000100c88000'
Event: 28.173 Thread 0x000002e9fedea930 Unloading class 0x0000000100c88800 'java/lang/invoke/LambdaForm$DMH+0x0000000100c88800'

Classes redefined (0 events):
No events

Internal exceptions (20 events):
Event: 25.724 Thread 0x000002e988767c30 Exception <a 'sun/nio/fs/WindowsException'{0x00000000882fa2f0}> (0x00000000882fa2f0) 
thrown [s\src\hotspot\share\prims\jni.cpp, line 517]
Event: 25.724 Thread 0x000002e988767c30 Exception <a 'sun/nio/fs/WindowsException'{0x00000000882fc1c0}> (0x00000000882fc1c0) 
thrown [s\src\hotspot\share\prims\jni.cpp, line 517]
Event: 27.868 Thread 0x000002e988767c30 Exception <a 'java/lang/ClassNotFoundException'{0x0000000087eaba48}: sun/misc/SharedSecrets> (0x0000000087eaba48) 
thrown [s\src\hotspot\share\classfile\systemDictionary.cpp, line 256]
Event: 27.891 Thread 0x000002e988767c30 Exception <a 'java/lang/reflect/InvocationTargetException'{0x0000000087d153e8}> (0x0000000087d153e8) 
thrown [s\src\hotspot\share\runtime\reflection.cpp, line 1127]
Event: 27.918 Thread 0x000002e98877bad0 Exception <a 'java/lang/NoSuchMethodError'{0x0000000087b59978}: static Lorg/gradle/internal/build/event/types/DefaultTaskFailureResult;.<clinit>()V> (0x0000000087b59978) 
thrown [s\src\hotspot\share\prims\jni.cpp, line 1108]
Event: 27.922 Thread 0x000002e988767c30 Exception <a 'sun/nio/fs/WindowsException'{0x0000000087b316c0}> (0x0000000087b316c0) 
thrown [s\src\hotspot\share\prims\jni.cpp, line 517]
Event: 27.923 Thread 0x000002e988767c30 Exception <a 'sun/nio/fs/WindowsException'{0x0000000087b33458}> (0x0000000087b33458) 
thrown [s\src\hotspot\share\prims\jni.cpp, line 517]
Event: 27.925 Thread 0x000002e98877bad0 Exception <a 'java/lang/NoSuchMethodError'{0x0000000087b85c00}: static Lorg/gradle/internal/build/event/types/DefaultFailure;.<clinit>()V> (0x0000000087b85c00) 
thrown [s\src\hotspot\share\prims\jni.cpp, line 1108]
Event: 27.925 Thread 0x000002e988767c30 Exception <a 'sun/nio/fs/WindowsException'{0x0000000087b351d8}> (0x0000000087b351d8) 
thrown [s\src\hotspot\share\prims\jni.cpp, line 517]
Event: 28.047 Thread 0x000002e988767c30 Exception <a 'java/lang/reflect/InvocationTargetException'{0x000000008a062320}> (0x000000008a062320) 
thrown [s\src\hotspot\share\runtime\reflection.cpp, line 1127]
Event: 28.059 Thread 0x000002e9887668f0 Exception <a 'sun/nio/fs/WindowsException'{0x0000000089ffd0a8}> (0x0000000089ffd0a8) 
thrown [s\src\hotspot\share\prims\jni.cpp, line 517]
Event: 28.384 Thread 0x000002e9887668f0 Exception <a 'sun/nio/fs/WindowsException'{0x000000008ad63490}> (0x000000008ad63490) 
thrown [s\src\hotspot\share\prims\jni.cpp, line 517]
Event: 28.395 Thread 0x000002e9887668f0 Exception <a 'sun/nio/fs/WindowsException'{0x000000008ad7c3b8}> (0x000000008ad7c3b8) 
thrown [s\src\hotspot\share\prims\jni.cpp, line 517]
Event: 28.396 Thread 0x000002e9887668f0 Exception <a 'sun/nio/fs/WindowsException'{0x000000008ad7d508}> (0x000000008ad7d508) 
thrown [s\src\hotspot\share\prims\jni.cpp, line 517]
Event: 28.396 Thread 0x000002e9887668f0 Exception <a 'sun/nio/fs/WindowsException'{0x000000008ad7d578}> (0x000000008ad7d578) 
thrown [s\src\hotspot\share\prims\jni.cpp, line 517]
Event: 28.396 Thread 0x000002e9887668f0 Exception <a 'sun/nio/fs/WindowsException'{0x000000008ad7d958}> (0x000000008ad7d958) 
thrown [s\src\hotspot\share\prims\jni.cpp, line 517]
Event: 28.496 Thread 0x000002e9887655b0 Exception <a 'sun/nio/fs/WindowsException'{0x000000008adeeea0}> (0x000000008adeeea0) 
thrown [s\src\hotspot\share\prims\jni.cpp, line 517]
Event: 28.519 Thread 0x000002e9887655b0 Exception <a 'sun/nio/fs/WindowsException'{0x000000008adf10b0}> (0x000000008adf10b0) 
thrown [s\src\hotspot\share\prims\jni.cpp, line 517]
Event: 28.536 Thread 0x000002e9887655b0 Exception <a 'sun/nio/fs/WindowsException'{0x000000008adf2f70}> (0x000000008adf2f70) 
thrown [s\src\hotspot\share\prims\jni.cpp, line 517]
Event: 28.729 Thread 0x000002e988b983c0 Implicit null exception at 0x000002e9f6188cb9 to 0x000002e9f6189324

VM Operations (20 events):
Event: 26.768 Executing VM operation: G1CollectForAllocation
Event: 26.779 Executing VM operation: G1CollectForAllocation done
Event: 26.994 Executing VM operation: HandshakeAllThreads
Event: 26.994 Executing VM operation: HandshakeAllThreads done
Event: 27.611 Executing VM operation: G1CollectForAllocation
Event: 27.627 Executing VM operation: G1CollectForAllocation done
Event: 27.860 Executing VM operation: HandshakeAllThreads
Event: 27.860 Executing VM operation: HandshakeAllThreads done
Event: 27.863 Executing VM operation: HandshakeAllThreads
Event: 27.863 Executing VM operation: HandshakeAllThreads done
Event: 27.903 Executing VM operation: HandshakeAllThreads
Event: 27.904 Executing VM operation: HandshakeAllThreads done
Event: 27.907 Executing VM operation: HandshakeAllThreads
Event: 27.908 Executing VM operation: HandshakeAllThreads done
Event: 27.972 Executing VM operation: G1CollectForAllocation
Event: 27.988 Executing VM operation: G1CollectForAllocation done
Event: 28.171 Executing VM operation: G1Concurrent
Event: 28.200 Executing VM operation: G1Concurrent done
Event: 28.282 Executing VM operation: G1Concurrent
Event: 28.282 Executing VM operation: G1Concurrent done

Events (20 events):
Event: 27.846 loading class java/util/ResourceBundle$CacheKeyReference done
Event: 27.846 loading class java/util/ResourceBundle$KeyElementReference done
Event: 27.847 loading class java/util/ResourceBundle$Control$2
Event: 27.847 loading class java/util/ResourceBundle$Control$2 done
Event: 27.848 loading class java/util/PropertyResourceBundle
Event: 27.848 loading class java/util/PropertyResourceBundle done
Event: 27.848 loading class sun/util/PropertyResourceBundleCharset
Event: 27.848 loading class sun/util/PropertyResourceBundleCharset done
Event: 27.848 loading class sun/util/PropertyResourceBundleCharset$PropertiesFileDecoder
Event: 27.849 loading class sun/util/PropertyResourceBundleCharset$PropertiesFileDecoder done
Event: 27.853 loading class java/util/ResourceBundle$BundleReference
Event: 27.854 loading class java/util/ResourceBundle$BundleReference done
Event: 27.868 loading class sun/misc/SharedSecrets
Event: 27.868 loading class sun/misc/SharedSecrets done
Event: 27.868 loading class java/lang/Throwable$WrappedPrintWriter
Event: 27.868 loading class java/lang/Throwable$PrintStreamOrWriter
Event: 27.868 loading class java/lang/Throwable$PrintStreamOrWriter done
Event: 27.868 loading class java/lang/Throwable$WrappedPrintWriter done
Event: 28.268 Thread 0x000002e98adb5e70 Thread exited: 0x000002e98adb5e70
Event: 28.681 Thread 0x000002e98adb5e70 Thread added: 0x000002e98adb5e70


Dynamic libraries:
0x00007ff639710000 - 0x00007ff63971a000 	C:\Program Files\Android\Android Studio\jbr\bin\java.exe
0x00007ff8478d0000 - 0x00007ff847ae7000 	C:\Windows\SYSTEM32\ntdll.dll
0x00007ff846cd0000 - 0x00007ff846d94000 	C:\Windows\System32\KERNEL32.DLL
0x00007ff8451e0000 - 0x00007ff845587000 	C:\Windows\System32\KERNELBASE.dll
0x00007ff844ea0000 - 0x00007ff844fb1000 	C:\Windows\System32\ucrtbase.dll
0x00007ff822b90000 - 0x00007ff822ba7000 	C:\Program Files\Android\Android Studio\jbr\bin\jli.dll
0x00007ff824720000 - 0x00007ff82473b000 	C:\Program Files\Android\Android Studio\jbr\bin\VCRUNTIME140.dll
0x00007ff846e40000 - 0x00007ff846fee000 	C:\Windows\System32\USER32.dll
0x00007ff8451b0000 - 0x00007ff8451d6000 	C:\Windows\System32\win32u.dll
0x00007ff846e10000 - 0x00007ff846e39000 	C:\Windows\System32\GDI32.dll
0x00007ff844c50000 - 0x00007ff844d69000 	C:\Windows\System32\gdi32full.dll
0x00007ff827920000 - 0x00007ff827bb3000 	C:\Windows\WinSxS\amd64_microsoft.windows.common-controls_6595b64144ccf1df_6.0.22621.2506_none_270c5ae97388e100\COMCTL32.dll
0x00007ff845590000 - 0x00007ff84562a000 	C:\Windows\System32\msvcp_win.dll
0x00007ff847300000 - 0x00007ff8473a7000 	C:\Windows\System32\msvcrt.dll
0x00007ff8472c0000 - 0x00007ff8472f1000 	C:\Windows\System32\IMM32.DLL
0x00007ff841020000 - 0x00007ff84102c000 	C:\Program Files\Android\Android Studio\jbr\bin\vcruntime140_1.dll
0x00007ff8116b0000 - 0x00007ff81173d000 	C:\Program Files\Android\Android Studio\jbr\bin\msvcp140.dll
0x00007fffca860000 - 0x00007fffcb4ce000 	C:\Program Files\Android\Android Studio\jbr\bin\server\jvm.dll
0x00007ff8459e0000 - 0x00007ff845a90000 	C:\Windows\System32\ADVAPI32.dll
0x00007ff845930000 - 0x00007ff8459d6000 	C:\Windows\System32\sechost.dll
0x00007ff845ab0000 - 0x00007ff845bc7000 	C:\Windows\System32\RPCRT4.dll
0x00007ff81fa40000 - 0x00007ff81fa49000 	C:\Windows\SYSTEM32\WSOCK32.dll
0x00007ff83c7a0000 - 0x00007ff83c7d4000 	C:\Windows\SYSTEM32\WINMM.dll
0x00007ff83d6f0000 - 0x00007ff83d6fa000 	C:\Windows\SYSTEM32\VERSION.dll
0x00007ff846530000 - 0x00007ff8465a1000 	C:\Windows\System32\WS2_32.dll
0x00007ff843bb0000 - 0x00007ff843bc8000 	C:\Windows\SYSTEM32\kernel.appcore.dll
0x00007ff83fa90000 - 0x00007ff83fa9a000 	C:\Program Files\Android\Android Studio\jbr\bin\jimage.dll
0x00007ff842480000 - 0x00007ff8426b3000 	C:\Windows\SYSTEM32\DBGHELP.DLL
0x00007ff846750000 - 0x00007ff846ad9000 	C:\Windows\System32\combase.dll
0x00007ff846ff0000 - 0x00007ff8470c7000 	C:\Windows\System32\OLEAUT32.dll
0x00007ff81e170000 - 0x00007ff81e1a2000 	C:\Windows\SYSTEM32\dbgcore.DLL
0x00007ff844fc0000 - 0x00007ff84503a000 	C:\Windows\System32\bcryptPrimitives.dll
0x00007ff8242a0000 - 0x00007ff8242c5000 	C:\Program Files\Android\Android Studio\jbr\bin\java.dll
0x00007ff82ce70000 - 0x00007ff82ce88000 	C:\Program Files\Android\Android Studio\jbr\bin\zip.dll
0x00007ff845bd0000 - 0x00007ff846429000 	C:\Windows\System32\SHELL32.dll
0x00007ff842b20000 - 0x00007ff843414000 	C:\Windows\SYSTEM32\windows.storage.dll
0x00007ff8429e0000 - 0x00007ff842b1e000 	C:\Windows\SYSTEM32\wintypes.dll
0x00007ff846ae0000 - 0x00007ff846bd3000 	C:\Windows\System32\SHCORE.dll
0x00007ff847220000 - 0x00007ff84727e000 	C:\Windows\System32\shlwapi.dll
0x00007ff844b80000 - 0x00007ff844ba6000 	C:\Windows\SYSTEM32\profapi.dll
0x00007ff824280000 - 0x00007ff824299000 	C:\Program Files\Android\Android Studio\jbr\bin\net.dll
0x00007ff83f910000 - 0x00007ff83fa47000 	C:\Windows\SYSTEM32\WINHTTP.dll
0x00007ff844090000 - 0x00007ff8440f9000 	C:\Windows\system32\mswsock.dll
0x00007ff824260000 - 0x00007ff824276000 	C:\Program Files\Android\Android Studio\jbr\bin\nio.dll
0x00007ff83e5a0000 - 0x00007ff83e5b0000 	C:\Program Files\Android\Android Studio\jbr\bin\verify.dll
0x00007ff81e720000 - 0x00007ff81e747000 	C:\Users\vuyom\.gradle\native\68d5fa5c4cc2d200863cafc0d521ce42e7d3e7ee720ec0a83991735586a16f82\windows-amd64\native-platform.dll
0x00007fffe5f50000 - 0x00007fffe6094000 	C:\Users\vuyom\.gradle\native\e376f236ea51e6404a007f0833ffe2c6e607c4080706a723a18a27aeea778392\windows-amd64\native-platform-file-events.dll
0x00007ff83bc00000 - 0x00007ff83bc09000 	C:\Program Files\Android\Android Studio\jbr\bin\management.dll
0x00007ff82cd00000 - 0x00007ff82cd0b000 	C:\Program Files\Android\Android Studio\jbr\bin\management_ext.dll
0x00007ff845870000 - 0x00007ff845878000 	C:\Windows\System32\PSAPI.DLL
0x00007ff8442b0000 - 0x00007ff8442cb000 	C:\Windows\SYSTEM32\CRYPTSP.dll
0x00007ff843b70000 - 0x00007ff843ba5000 	C:\Windows\system32\rsaenh.dll
0x00007ff844150000 - 0x00007ff84417c000 	C:\Windows\SYSTEM32\USERENV.dll
0x00007ff844510000 - 0x00007ff844538000 	C:\Windows\SYSTEM32\bcrypt.dll
0x00007ff8442d0000 - 0x00007ff8442dc000 	C:\Windows\SYSTEM32\CRYPTBASE.dll
0x00007ff843670000 - 0x00007ff84369d000 	C:\Windows\SYSTEM32\IPHLPAPI.DLL
0x00007ff8472a0000 - 0x00007ff8472a9000 	C:\Windows\System32\NSI.dll
0x00007ff83d700000 - 0x00007ff83d719000 	C:\Windows\SYSTEM32\dhcpcsvc6.DLL
0x00007ff83d1b0000 - 0x00007ff83d1cf000 	C:\Windows\SYSTEM32\dhcpcsvc.DLL
0x00007ff8436a0000 - 0x00007ff843799000 	C:\Windows\SYSTEM32\DNSAPI.dll
0x00007ff82b930000 - 0x00007ff82b938000 	C:\Windows\system32\wshunix.dll
0x00007ff83e530000 - 0x00007ff83e53a000 	C:\Windows\System32\rasadhlp.dll
0x00007ff83bde0000 - 0x00007ff83be63000 	C:\Windows\System32\fwpuclnt.dll

dbghelp: loaded successfully - version: 4.0.5 - missing functions: none
symbol engine: initialized successfully - sym options: 0x614 - pdb path: .;C:\Program Files\Android\Android Studio\jbr\bin;C:\Windows\SYSTEM32;C:\Windows\WinSxS\amd64_microsoft.windows.common-controls_6595b64144ccf1df_6.0.22621.2506_none_270c5ae97388e100;C:\Program Files\Android\Android Studio\jbr\bin\server;C:\Users\vuyom\.gradle\native\68d5fa5c4cc2d200863cafc0d521ce42e7d3e7ee720ec0a83991735586a16f82\windows-amd64;C:\Users\vuyom\.gradle\native\e376f236ea51e6404a007f0833ffe2c6e607c4080706a723a18a27aeea778392\windows-amd64

VM Arguments:
jvm_args: --add-opens=java.base/java.util=ALL-UNNAMED --add-opens=java.base/java.lang=ALL-UNNAMED --add-opens=java.base/java.lang.invoke=ALL-UNNAMED --add-opens=java.prefs/java.util.prefs=ALL-UNNAMED --add-opens=java.base/java.nio.charset=ALL-UNNAMED --add-opens=java.base/java.net=ALL-UNNAMED --add-opens=java.base/java.util.concurrent.atomic=ALL-UNNAMED -Xmx2048m -Dfile.encoding=UTF-8 -Duser.country=US -Duser.language=en -Duser.variant 
java_command: org.gradle.launcher.daemon.bootstrap.GradleDaemon 8.0
java_class_path (initial): C:\Users\vuyom\.gradle\wrapper\dists\gradle-8.0-bin\ca5e32bp14vu59qr306oxotwh\gradle-8.0\lib\gradle-launcher-8.0.jar
Launcher Type: SUN_STANDARD

[Global flags]
     intx CICompilerCount                          = 4                                         {product} {ergonomic}
     uint ConcGCThreads                            = 2                                         {product} {ergonomic}
     uint G1ConcRefinementThreads                  = 8                                         {product} {ergonomic}
   size_t G1HeapRegionSize                         = 1048576                                   {product} {ergonomic}
    uintx GCDrainStackTargetSize                   = 64                                        {product} {ergonomic}
   size_t InitialHeapSize                          = 130023424                                 {product} {ergonomic}
   size_t MarkStackSize                            = 4194304                                   {product} {ergonomic}
   size_t MaxHeapSize                              = 2147483648                                {product} {command line}
   size_t MaxNewSize                               = 1287651328                                {product} {ergonomic}
   size_t MinHeapDeltaBytes                        = 1048576                                   {product} {ergonomic}
   size_t MinHeapSize                              = 8388608                                   {product} {ergonomic}
    uintx NonNMethodCodeHeapSize                   = 5839372                                {pd product} {ergonomic}
    uintx NonProfiledCodeHeapSize                  = 122909434                              {pd product} {ergonomic}
    uintx ProfiledCodeHeapSize                     = 122909434                              {pd product} {ergonomic}
    uintx ReservedCodeCacheSize                    = 251658240                              {pd product} {ergonomic}
     bool SegmentedCodeCache                       = true                                      {product} {ergonomic}
   size_t SoftMaxHeapSize                          = 2147483648                             {manageable} {ergonomic}
     bool UseCompressedClassPointers               = true                           {product lp64_product} {ergonomic}
     bool UseCompressedOops                        = true                           {product lp64_product} {ergonomic}
     bool UseG1GC                                  = true                                      {product} {ergonomic}
     bool UseLargePagesIndividualAllocation        = false                                  {pd product} {ergonomic}

Logging:
Log output configuration:
 #0: stdout all=warning uptime,level,tags
 #1: stderr all=off uptime,level,tags

Environment Variables:
PATH=C:\Windows\system32;C:\Windows;C:\Windows\System32\Wbem;C:\Windows\System32\WindowsPowerShell\v1.0\;C:\Windows\System32\OpenSSH\;C:\Program Files\Git\cmd;C:\Users\vuyom\AppData\Local\Microsoft\WindowsApps;;C:\Users\vuyom\AppData\Local\Programs\Microsoft VS Code\bin
USERNAME=vuyom
OS=Windows_NT
PROCESSOR_IDENTIFIER=Intel64 Family 6 Model 140 Stepping 1, GenuineIntel
TMP=C:\Users\vuyom\AppData\Local\Temp
TEMP=C:\Users\vuyom\AppData\Local\Temp


JNI global refs:
JNI global refs: 27, weak refs: 6

JNI global refs memory usage: 843, weak refs: 841


---------------  S Y S T E M  ---------------

OS:
 Windows 11 , 64 bit Build 22621 (10.0.22621.2506)
OS uptime: 0 days 6:22 hours
Hyper-V role detected

CPU: total 8 (initial active 8) (4 cores per cpu, 2 threads per core) family 6 model 140 stepping 1 microcode 0xac, cx8, cmov, fxsr, ht, mmx, 3dnowpref, sse, sse2, sse3, ssse3, sse4.1, sse4.2, popcnt, lzcnt, tsc, tscinvbit, avx, avx2, aes, erms, clmul, bmi1, bmi2, adx, avx512f, avx512dq, avx512cd, avx512bw, avx512vl, sha, fma, vzeroupper, avx512_vpopcntdq, avx512_vpclmulqdq, avx512_vaes, avx512_vnni, clflush, clflushopt, clwb, avx512_vbmi2, avx512_vbmi, hv

Memory: 4k page, system-wide physical 7932M (497M free)
TotalPageFile size 11891M (AvailPageFile size 2M)
current process WorkingSet (physical memory assigned to process): 398M, peak: 398M
current process commit charge ("private bytes"): 475M, peak: 476M

vm_info: OpenJDK 64-Bit Server VM (17.0.6+0-b2043.56-10027231) for windows-amd64 JRE (17.0.6+0-b2043.56-10027231), built on Apr 28 2023 00:43:19 by "androidbuild" with MS VC++ 16.10 / 16.11 (VS2019)

END.
