#
# There is insufficient memory for the Java Runtime Environment to continue.
# Native memory allocation (malloc) failed to allocate 1067536 bytes for Chunk::new
# Possible reasons:
#   The system is out of physical RAM or swap space
#   The process is running with CompressedOops enabled, and the Java Heap may be blocking the growth of the native heap
# Possible solutions:
#   Reduce memory load on the system
#   Increase physical memory or swap space
#   Check if swap backing store is full
#   Decrease Java heap size (-Xmx/-Xms)
#   Decrease number of Java threads
#   Decrease Java thread stack sizes (-Xss)
#   Set larger code cache with -XX:ReservedCodeCacheSize=
#   JVM is running with Unscaled Compressed Oops mode in which the Java heap is
#     placed in the first 4GB address space. The Java Heap base address is the
#     maximum limit for the native heap growth. Please use -XX:HeapBaseMinAddress
#     to set the Java Heap base and to place the Java Heap above 4GB virtual address.
# This output file may be truncated or incomplete.
#
#  Out of Memory Error (arena.cpp:189), pid=11984, tid=5696
#
# JRE version: OpenJDK Runtime Environment (17.0.6) (build 17.0.6+0-b2043.56-10027231)
# Java VM: OpenJDK 64-Bit Server VM (17.0.6+0-b2043.56-10027231, mixed mode, tiered, compressed oops, compressed class ptrs, g1 gc, windows-amd64)
# No core dump will be written. Minidumps are not enabled by default on client versions of Windows
#

---------------  S U M M A R Y ------------

Command Line: --add-opens=java.base/java.util=ALL-UNNAMED --add-opens=java.base/java.lang=ALL-UNNAMED --add-opens=java.base/java.lang.invoke=ALL-UNNAMED --add-opens=java.prefs/java.util.prefs=ALL-UNNAMED --add-opens=java.base/java.nio.charset=ALL-UNNAMED --add-opens=java.base/java.net=ALL-UNNAMED --add-opens=java.base/java.util.concurrent.atomic=ALL-UNNAMED -Xmx2048m -Dfile.encoding=UTF-8 -Duser.country=US -Duser.language=en -Duser.variant org.gradle.launcher.daemon.bootstrap.GradleDaemon 8.0

Host: 11th Gen Intel(R) Core(TM) i5-1135G7 @ 2.40GHz, 8 cores, 7G,  Windows 11 , 64 bit Build 22621 (10.0.22621.2506)
Time: Mon Oct 30 16:54:37 2023 South Africa Standard Time elapsed time: 52.356524 seconds (0d 0h 0m 52s)

---------------  T H R E A D  ---------------

Current thread (0x0000016a53826130):  JavaThread "C2 CompilerThread0" daemon [_thread_in_native, id=5696, stack(0x00000023d0800000,0x00000023d0900000)]


Current CompileTask:
C2:  52356 15345       4       com.android.tools.r8.dex.B::l (1921 bytes)

Stack: [0x00000023d0800000,0x00000023d0900000]
Native frames: (J=compiled Java code, j=interpreted, Vv=VM code, C=native code)
V  [jvm.dll+0x683c9a]
V  [jvm.dll+0x8427a4]
V  [jvm.dll+0x843f9e]
V  [jvm.dll+0x844603]
V  [jvm.dll+0x249b75]
V  [jvm.dll+0xabcac]
V  [jvm.dll+0xac27c]
V  [jvm.dll+0x2b0eef]
V  [jvm.dll+0x58a267]
V  [jvm.dll+0x2243b2]
V  [jvm.dll+0x22478f]
V  [jvm.dll+0x21e055]
V  [jvm.dll+0x21b51b]
V  [jvm.dll+0x1a4fdd]
V  [jvm.dll+0x22b098]
V  [jvm.dll+0x229159]
V  [jvm.dll+0x7f81ec]
V  [jvm.dll+0x7f274a]
V  [jvm.dll+0x682ad5]
C  [ucrtbase.dll+0x29363]
C  [KERNEL32.DLL+0x1257d]
C  [ntdll.dll+0x5aa58]


---------------  P R O C E S S  ---------------

Threads class SMR info:
_java_thread_list=0x0000016a5e4332f0, length=146, elements={
0x0000016a390f6d90, 0x0000016a52f8ab60, 0x0000016a52f8bac0, 0x0000016a53811120,
0x0000016a53813ce0, 0x0000016a53814790, 0x0000016a53815140, 0x0000016a53826130,
0x0000016a538271d0, 0x0000016a538a31f0, 0x0000016a539ab420, 0x0000016a539b1910,
0x0000016a54d9d3e0, 0x0000016a54d9ebf0, 0x0000016a54d9fa60, 0x0000016a54d9d8b0,
0x0000016a54d9e250, 0x0000016a54d9ca40, 0x0000016a54d9c0a0, 0x0000016a54d9e720,
0x0000016a54d9c570, 0x0000016a54d9f0c0, 0x0000016a54d9cf10, 0x0000016a54d9f590,
0x0000016a54d9dd80, 0x0000016a56a8e140, 0x0000016a56a8eae0, 0x0000016a56a8dc70,
0x0000016a56a8e610, 0x0000016a56a8fe20, 0x0000016a56a8efb0, 0x0000016a56a8d7a0,
0x0000016a56a8d2d0, 0x0000016a56a8f950, 0x0000016a56a8ce00, 0x0000016a576b18a0,
0x0000016a576b0090, 0x0000016a576b3580, 0x0000016a576b1d70, 0x0000016a576b0f00,
0x0000016a576b2be0, 0x0000016a576b30b0, 0x0000016a576b13d0, 0x0000016a576b3a50,
0x0000016a576b0560, 0x0000016a576b2240, 0x0000016a576b2710, 0x0000016a576b0a30,
0x0000016a573f7480, 0x0000016a573efc30, 0x0000016a573f1910, 0x0000016a573f6ae0,
0x0000016a573f4e00, 0x0000016a573f52d0, 0x0000016a573f4460, 0x0000016a573f57a0,
0x0000016a573f0100, 0x0000016a573f5c70, 0x0000016a573f6610, 0x0000016a573f05d0,
0x0000016a573f0aa0, 0x0000016a573f6fb0, 0x0000016a573f4930, 0x0000016a573f3f90,
0x0000016a573f0f70, 0x0000016a573f6140, 0x0000016a573f1440, 0x0000016a573f1de0,
0x0000016a573f35f0, 0x0000016a573f22b0, 0x0000016a573f3ac0, 0x0000016a573f2780,
0x0000016a573f2c50, 0x0000016a573f3120, 0x0000016a579dbbd0, 0x0000016a579dc570,
0x0000016a579db700, 0x0000016a579dc0a0, 0x0000016a579dca40, 0x0000016a579da3c0,
0x0000016a579d6060, 0x0000016a579d6530, 0x0000016a579dad60, 0x0000016a579d6ed0,
0x0000016a579d9a20, 0x0000016a579da890, 0x0000016a579d86e0, 0x0000016a579db230,
0x0000016a579dcf10, 0x0000016a579dd3e0, 0x0000016a579d9ef0, 0x0000016a579dd8b0,
0x0000016a579d6a00, 0x0000016a579d9080, 0x0000016a579d73a0, 0x0000016a579d7870,
0x0000016a579d9550, 0x0000016a579d7d40, 0x0000016a579d8210, 0x0000016a579d8bb0,
0x0000016a56d9f870, 0x0000016a56d9ea00, 0x0000016a56d9f3a0, 0x0000016a56da06e0,
0x0000016a56da0210, 0x0000016a56d9e530, 0x0000016a56da1550, 0x0000016a56d9fd40,
0x0000016a56d9e060, 0x0000016a56da0bb0, 0x0000016a56da1080, 0x0000016a56da1a20,
0x0000016a56d9eed0, 0x0000016a599235d0, 0x0000016a5991fc10, 0x0000016a59922760,
0x0000016a59922c30, 0x0000016a5991f270, 0x0000016a5991d590, 0x0000016a5991df30,
0x0000016a5991f740, 0x0000016a59923aa0, 0x0000016a59923f70, 0x0000016a5991d0c0,
0x0000016a59920a80, 0x0000016a5991e400, 0x0000016a5991e8d0, 0x0000016a5991eda0,
0x0000016a599205b0, 0x0000016a59920f50, 0x0000016a599218f0, 0x0000016a59921420,
0x0000016a59921dc0, 0x0000016a59922290, 0x0000016a5c78ae10, 0x0000016a5c785c40,
0x0000016a5c783f60, 0x0000016a5c787df0, 0x0000016a5c788c60, 0x0000016a5c784900,
0x0000016a5c784dd0, 0x0000016a5c789130, 0x0000016a56e59250, 0x0000016a5c789fa0,
0x0000016a56e59760, 0x0000016a5c7852a0
}

Java Threads: ( => current thread )
  0x0000016a390f6d90 JavaThread "main" [_thread_blocked, id=8800, stack(0x00000023cfb00000,0x00000023cfc00000)]
  0x0000016a52f8ab60 JavaThread "Reference Handler" daemon [_thread_blocked, id=13088, stack(0x00000023d0200000,0x00000023d0300000)]
  0x0000016a52f8bac0 JavaThread "Finalizer" daemon [_thread_blocked, id=7660, stack(0x00000023d0300000,0x00000023d0400000)]
  0x0000016a53811120 JavaThread "Signal Dispatcher" daemon [_thread_blocked, id=7412, stack(0x00000023d0400000,0x00000023d0500000)]
  0x0000016a53813ce0 JavaThread "Attach Listener" daemon [_thread_blocked, id=1088, stack(0x00000023d0500000,0x00000023d0600000)]
  0x0000016a53814790 JavaThread "Service Thread" daemon [_thread_blocked, id=3492, stack(0x00000023d0600000,0x00000023d0700000)]
  0x0000016a53815140 JavaThread "Monitor Deflation Thread" daemon [_thread_blocked, id=7860, stack(0x00000023d0700000,0x00000023d0800000)]
=>0x0000016a53826130 JavaThread "C2 CompilerThread0" daemon [_thread_in_native, id=5696, stack(0x00000023d0800000,0x00000023d0900000)]
  0x0000016a538271d0 JavaThread "C1 CompilerThread0" daemon [_thread_blocked, id=14796, stack(0x00000023d0900000,0x00000023d0a00000)]
  0x0000016a538a31f0 JavaThread "Sweeper thread" daemon [_thread_blocked, id=6464, stack(0x00000023d0a00000,0x00000023d0b00000)]
  0x0000016a539ab420 JavaThread "Common-Cleaner" daemon [_thread_blocked, id=8360, stack(0x00000023d0b00000,0x00000023d0c00000)]
  0x0000016a539b1910 JavaThread "Notification Thread" daemon [_thread_blocked, id=3112, stack(0x00000023d0c00000,0x00000023d0d00000)]
  0x0000016a54d9d3e0 JavaThread "Daemon health stats" [_thread_blocked, id=7500, stack(0x00000023d1200000,0x00000023d1300000)]
  0x0000016a54d9ebf0 JavaThread "Incoming local TCP Connector on port 54173" [_thread_in_native, id=14228, stack(0x00000023d1300000,0x00000023d1400000)]
  0x0000016a54d9fa60 JavaThread "Daemon periodic checks" [_thread_blocked, id=12240, stack(0x00000023d1400000,0x00000023d1500000)]
  0x0000016a54d9d8b0 JavaThread "Daemon" [_thread_blocked, id=14312, stack(0x00000023d1500000,0x00000023d1600000)]
  0x0000016a54d9e250 JavaThread "Handler for socket connection from /127.0.0.1:54173 to /127.0.0.1:54174" [_thread_in_native, id=12804, stack(0x00000023d1600000,0x00000023d1700000)]
  0x0000016a54d9ca40 JavaThread "Cancel handler" [_thread_blocked, id=7948, stack(0x00000023d1700000,0x00000023d1800000)]
  0x0000016a54d9c0a0 JavaThread "Daemon worker" [_thread_blocked, id=12508, stack(0x00000023d1800000,0x00000023d1900000)]
  0x0000016a54d9e720 JavaThread "Asynchronous log dispatcher for DefaultDaemonConnection: socket connection from /127.0.0.1:54173 to /127.0.0.1:54174" [_thread_blocked, id=10904, stack(0x00000023d1900000,0x00000023d1a00000)]
  0x0000016a54d9c570 JavaThread "Stdin handler" [_thread_blocked, id=10492, stack(0x00000023d1a00000,0x00000023d1b00000)]
  0x0000016a54d9f0c0 JavaThread "Daemon client event forwarder" [_thread_blocked, id=14044, stack(0x00000023d1b00000,0x00000023d1c00000)]
  0x0000016a54d9cf10 JavaThread "Cache worker for journal cache (C:\Users\vuyom\.gradle\caches\journal-1)" [_thread_blocked, id=13280, stack(0x00000023d2000000,0x00000023d2100000)]
  0x0000016a54d9f590 JavaThread "File lock request listener" [_thread_in_native, id=7732, stack(0x00000023d2100000,0x00000023d2200000)]
  0x0000016a54d9dd80 JavaThread "Cache worker for file hash cache (C:\Users\vuyom\.gradle\caches\8.0\fileHashes)" [_thread_blocked, id=5460, stack(0x00000023d2200000,0x00000023d2300000)]
  0x0000016a56a8e140 JavaThread "File watcher server" daemon [_thread_in_native, id=8424, stack(0x00000023d2300000,0x00000023d2400000)]
  0x0000016a56a8eae0 JavaThread "File watcher consumer" daemon [_thread_blocked, id=2508, stack(0x00000023d2400000,0x00000023d2500000)]
  0x0000016a56a8dc70 JavaThread "Cache worker for checksums cache (C:\Users\vuyom\AndroidStudioProjects\ufs-clinic-app\.gradle\8.0\checksums)" [_thread_blocked, id=9988, stack(0x00000023d2500000,0x00000023d2600000)]
  0x0000016a56a8e610 JavaThread "Cache worker for cache directory md-rule (C:\Users\vuyom\.gradle\caches\8.0\md-rule)" [_thread_blocked, id=2160, stack(0x00000023d2600000,0x00000023d2700000)]
  0x0000016a56a8fe20 JavaThread "Cache worker for file content cache (C:\Users\vuyom\.gradle\caches\8.0\fileContent)" [_thread_blocked, id=3768, stack(0x00000023d2700000,0x00000023d2800000)]
  0x0000016a56a8efb0 JavaThread "Cache worker for file hash cache (C:\Users\vuyom\AndroidStudioProjects\ufs-clinic-app\.gradle\8.0\fileHashes)" [_thread_blocked, id=8588, stack(0x00000023d2800000,0x00000023d2900000)]
  0x0000016a56a8d7a0 JavaThread "Cache worker for cache directory md-supplier (C:\Users\vuyom\.gradle\caches\8.0\md-supplier)" [_thread_blocked, id=14392, stack(0x00000023d2900000,0x00000023d2a00000)]
  0x0000016a56a8d2d0 JavaThread "Cache worker for execution history cache (C:\Users\vuyom\.gradle\caches\8.0\executionHistory)" [_thread_blocked, id=13564, stack(0x00000023d2a00000,0x00000023d2b00000)]
  0x0000016a56a8f950 JavaThread "jar transforms" [_thread_blocked, id=2128, stack(0x00000023d2c00000,0x00000023d2d00000)]
  0x0000016a56a8ce00 JavaThread "jar transforms Thread 2" [_thread_blocked, id=14076, stack(0x00000023d2d00000,0x00000023d2e00000)]
  0x0000016a576b18a0 JavaThread "jar transforms Thread 3" [_thread_blocked, id=12384, stack(0x00000023d2f00000,0x00000023d3000000)]
  0x0000016a576b0090 JavaThread "jar transforms Thread 4" [_thread_blocked, id=3808, stack(0x00000023d3000000,0x00000023d3100000)]
  0x0000016a576b3580 JavaThread "Cache worker for dependencies-accessors (C:\Users\vuyom\AndroidStudioProjects\ufs-clinic-app\.gradle\8.0\dependencies-accessors)" [_thread_blocked, id=12136, stack(0x00000023d3100000,0x00000023d3200000)]
  0x0000016a576b1d70 JavaThread "jar transforms Thread 5" [_thread_blocked, id=1308, stack(0x00000023d3200000,0x00000023d3300000)]
  0x0000016a576b0f00 JavaThread "Cache worker for Build Output Cleanup Cache (C:\Users\vuyom\AndroidStudioProjects\ufs-clinic-app\.gradle\buildOutputCleanup)" [_thread_blocked, id=4400, stack(0x00000023d3300000,0x00000023d3400000)]
  0x0000016a576b2be0 JavaThread "Unconstrained build operations" [_thread_blocked, id=10740, stack(0x00000023d2b00000,0x00000023d2c00000)]
  0x0000016a576b30b0 JavaThread "Unconstrained build operations Thread 2" [_thread_blocked, id=11616, stack(0x00000023d3400000,0x00000023d3500000)]
  0x0000016a576b13d0 JavaThread "Unconstrained build operations Thread 3" [_thread_blocked, id=10424, stack(0x00000023d3500000,0x00000023d3600000)]
  0x0000016a576b3a50 JavaThread "Unconstrained build operations Thread 4" [_thread_blocked, id=6444, stack(0x00000023d3600000,0x00000023d3700000)]
  0x0000016a576b0560 JavaThread "Unconstrained build operations Thread 5" [_thread_blocked, id=2288, stack(0x00000023d3700000,0x00000023d3800000)]
  0x0000016a576b2240 JavaThread "Unconstrained build operations Thread 6" [_thread_blocked, id=13828, stack(0x00000023d3800000,0x00000023d3900000)]
  0x0000016a576b2710 JavaThread "Unconstrained build operations Thread 7" [_thread_blocked, id=13784, stack(0x00000023d3900000,0x00000023d3a00000)]
  0x0000016a576b0a30 JavaThread "Unconstrained build operations Thread 8" [_thread_blocked, id=13308, stack(0x00000023d3a00000,0x00000023d3b00000)]
  0x0000016a573f7480 JavaThread "Unconstrained build operations Thread 9" [_thread_blocked, id=13344, stack(0x00000023d3b00000,0x00000023d3c00000)]
  0x0000016a573efc30 JavaThread "Unconstrained build operations Thread 10" [_thread_blocked, id=5160, stack(0x00000023d3c00000,0x00000023d3d00000)]
  0x0000016a573f1910 JavaThread "Unconstrained build operations Thread 11" [_thread_blocked, id=13612, stack(0x00000023d3d00000,0x00000023d3e00000)]
  0x0000016a573f6ae0 JavaThread "Unconstrained build operations Thread 12" [_thread_blocked, id=10516, stack(0x00000023d3e00000,0x00000023d3f00000)]
  0x0000016a573f4e00 JavaThread "Unconstrained build operations Thread 13" [_thread_blocked, id=3056, stack(0x00000023d3f00000,0x00000023d4000000)]
  0x0000016a573f52d0 JavaThread "Unconstrained build operations Thread 14" [_thread_blocked, id=1812, stack(0x00000023d4000000,0x00000023d4100000)]
  0x0000016a573f4460 JavaThread "Unconstrained build operations Thread 15" [_thread_blocked, id=10016, stack(0x00000023d4100000,0x00000023d4200000)]
  0x0000016a573f57a0 JavaThread "Unconstrained build operations Thread 16" [_thread_blocked, id=12692, stack(0x00000023d4200000,0x00000023d4300000)]
  0x0000016a573f0100 JavaThread "Unconstrained build operations Thread 17" [_thread_blocked, id=10440, stack(0x00000023d4300000,0x00000023d4400000)]
  0x0000016a573f5c70 JavaThread "Unconstrained build operations Thread 18" [_thread_blocked, id=13152, stack(0x00000023d4400000,0x00000023d4500000)]
  0x0000016a573f6610 JavaThread "Unconstrained build operations Thread 19" [_thread_blocked, id=14348, stack(0x00000023d4500000,0x00000023d4600000)]
  0x0000016a573f05d0 JavaThread "Unconstrained build operations Thread 20" [_thread_blocked, id=6472, stack(0x00000023d4600000,0x00000023d4700000)]
  0x0000016a573f0aa0 JavaThread "Unconstrained build operations Thread 21" [_thread_blocked, id=8128, stack(0x00000023d4700000,0x00000023d4800000)]
  0x0000016a573f6fb0 JavaThread "Unconstrained build operations Thread 22" [_thread_blocked, id=2580, stack(0x00000023d4800000,0x00000023d4900000)]
  0x0000016a573f4930 JavaThread "Unconstrained build operations Thread 23" [_thread_blocked, id=4264, stack(0x00000023d4900000,0x00000023d4a00000)]
  0x0000016a573f3f90 JavaThread "Unconstrained build operations Thread 24" [_thread_blocked, id=6948, stack(0x00000023d4a00000,0x00000023d4b00000)]
  0x0000016a573f0f70 JavaThread "Unconstrained build operations Thread 25" [_thread_blocked, id=10412, stack(0x00000023d4b00000,0x00000023d4c00000)]
  0x0000016a573f6140 JavaThread "Unconstrained build operations Thread 26" [_thread_blocked, id=12960, stack(0x00000023d4c00000,0x00000023d4d00000)]
  0x0000016a573f1440 JavaThread "Unconstrained build operations Thread 27" [_thread_blocked, id=12108, stack(0x00000023d4d00000,0x00000023d4e00000)]
  0x0000016a573f1de0 JavaThread "Unconstrained build operations Thread 28" [_thread_blocked, id=7652, stack(0x00000023d4e00000,0x00000023d4f00000)]
  0x0000016a573f35f0 JavaThread "Unconstrained build operations Thread 29" [_thread_blocked, id=3448, stack(0x00000023d4f00000,0x00000023d5000000)]
  0x0000016a573f22b0 JavaThread "Unconstrained build operations Thread 30" [_thread_blocked, id=6952, stack(0x00000023d5000000,0x00000023d5100000)]
  0x0000016a573f3ac0 JavaThread "Unconstrained build operations Thread 31" [_thread_blocked, id=1988, stack(0x00000023d5100000,0x00000023d5200000)]
  0x0000016a573f2780 JavaThread "Unconstrained build operations Thread 32" [_thread_blocked, id=14380, stack(0x00000023d5200000,0x00000023d5300000)]
  0x0000016a573f2c50 JavaThread "Unconstrained build operations Thread 33" [_thread_blocked, id=5488, stack(0x00000023d5300000,0x00000023d5400000)]
  0x0000016a573f3120 JavaThread "Unconstrained build operations Thread 34" [_thread_blocked, id=14716, stack(0x00000023d5400000,0x00000023d5500000)]
  0x0000016a579dbbd0 JavaThread "Unconstrained build operations Thread 35" [_thread_blocked, id=13156, stack(0x00000023d5500000,0x00000023d5600000)]
  0x0000016a579dc570 JavaThread "Unconstrained build operations Thread 36" [_thread_blocked, id=11188, stack(0x00000023d5600000,0x00000023d5700000)]
  0x0000016a579db700 JavaThread "Unconstrained build operations Thread 37" [_thread_blocked, id=10700, stack(0x00000023d5700000,0x00000023d5800000)]
  0x0000016a579dc0a0 JavaThread "Unconstrained build operations Thread 38" [_thread_blocked, id=6964, stack(0x00000023d5800000,0x00000023d5900000)]
  0x0000016a579dca40 JavaThread "Unconstrained build operations Thread 39" [_thread_blocked, id=14372, stack(0x00000023d5900000,0x00000023d5a00000)]
  0x0000016a579da3c0 JavaThread "Unconstrained build operations Thread 40" [_thread_blocked, id=8564, stack(0x00000023d5a00000,0x00000023d5b00000)]
  0x0000016a579d6060 JavaThread "Unconstrained build operations Thread 41" [_thread_blocked, id=1824, stack(0x00000023d5b00000,0x00000023d5c00000)]
  0x0000016a579d6530 JavaThread "Unconstrained build operations Thread 42" [_thread_blocked, id=13316, stack(0x00000023d5c00000,0x00000023d5d00000)]
  0x0000016a579dad60 JavaThread "Unconstrained build operations Thread 43" [_thread_blocked, id=6976, stack(0x00000023d5d00000,0x00000023d5e00000)]
  0x0000016a579d6ed0 JavaThread "Unconstrained build operations Thread 44" [_thread_blocked, id=6308, stack(0x00000023d5e00000,0x00000023d5f00000)]
  0x0000016a579d9a20 JavaThread "Unconstrained build operations Thread 45" [_thread_blocked, id=448, stack(0x00000023d5f00000,0x00000023d6000000)]
  0x0000016a579da890 JavaThread "Unconstrained build operations Thread 46" [_thread_blocked, id=12208, stack(0x00000023d6000000,0x00000023d6100000)]
  0x0000016a579d86e0 JavaThread "Unconstrained build operations Thread 47" [_thread_blocked, id=5532, stack(0x00000023d6100000,0x00000023d6200000)]
  0x0000016a579db230 JavaThread "Unconstrained build operations Thread 48" [_thread_blocked, id=13024, stack(0x00000023d6200000,0x00000023d6300000)]
  0x0000016a579dcf10 JavaThread "Unconstrained build operations Thread 49" [_thread_blocked, id=13504, stack(0x00000023d6300000,0x00000023d6400000)]
  0x0000016a579dd3e0 JavaThread "Unconstrained build operations Thread 50" [_thread_blocked, id=2708, stack(0x00000023d6400000,0x00000023d6500000)]
  0x0000016a579d9ef0 JavaThread "Unconstrained build operations Thread 51" [_thread_blocked, id=816, stack(0x00000023d6500000,0x00000023d6600000)]
  0x0000016a579dd8b0 JavaThread "Unconstrained build operations Thread 52" [_thread_blocked, id=1884, stack(0x00000023d6600000,0x00000023d6700000)]
  0x0000016a579d6a00 JavaThread "Unconstrained build operations Thread 53" [_thread_blocked, id=9424, stack(0x00000023d6700000,0x00000023d6800000)]
  0x0000016a579d9080 JavaThread "Unconstrained build operations Thread 54" [_thread_blocked, id=12116, stack(0x00000023d6800000,0x00000023d6900000)]
  0x0000016a579d73a0 JavaThread "Unconstrained build operations Thread 55" [_thread_blocked, id=5644, stack(0x00000023d6900000,0x00000023d6a00000)]
  0x0000016a579d7870 JavaThread "Unconstrained build operations Thread 56" [_thread_blocked, id=8484, stack(0x00000023d6a00000,0x00000023d6b00000)]
  0x0000016a579d9550 JavaThread "Unconstrained build operations Thread 57" [_thread_blocked, id=15168, stack(0x00000023d6b00000,0x00000023d6c00000)]
  0x0000016a579d7d40 JavaThread "Unconstrained build operations Thread 58" [_thread_blocked, id=2280, stack(0x00000023d6c00000,0x00000023d6d00000)]
  0x0000016a579d8210 JavaThread "Unconstrained build operations Thread 59" [_thread_blocked, id=2308, stack(0x00000023d6d00000,0x00000023d6e00000)]
  0x0000016a579d8bb0 JavaThread "Unconstrained build operations Thread 60" [_thread_blocked, id=2096, stack(0x00000023d6e00000,0x00000023d6f00000)]
  0x0000016a56d9f870 JavaThread "Unconstrained build operations Thread 61" [_thread_blocked, id=8724, stack(0x00000023d6f00000,0x00000023d7000000)]
  0x0000016a56d9ea00 JavaThread "Unconstrained build operations Thread 62" [_thread_blocked, id=8732, stack(0x00000023d7000000,0x00000023d7100000)]
  0x0000016a56d9f3a0 JavaThread "Unconstrained build operations Thread 63" [_thread_blocked, id=6500, stack(0x00000023d7100000,0x00000023d7200000)]
  0x0000016a56da06e0 JavaThread "Unconstrained build operations Thread 64" [_thread_blocked, id=10416, stack(0x00000023d7200000,0x00000023d7300000)]
  0x0000016a56da0210 JavaThread "Unconstrained build operations Thread 65" [_thread_blocked, id=11076, stack(0x00000023d7300000,0x00000023d7400000)]
  0x0000016a56d9e530 JavaThread "Unconstrained build operations Thread 66" [_thread_blocked, id=1724, stack(0x00000023d7400000,0x00000023d7500000)]
  0x0000016a56da1550 JavaThread "Unconstrained build operations Thread 67" [_thread_blocked, id=14800, stack(0x00000023d7500000,0x00000023d7600000)]
  0x0000016a56d9fd40 JavaThread "Unconstrained build operations Thread 68" [_thread_blocked, id=11676, stack(0x00000023d7600000,0x00000023d7700000)]
  0x0000016a56d9e060 JavaThread "Unconstrained build operations Thread 69" [_thread_blocked, id=2408, stack(0x00000023d7700000,0x00000023d7800000)]
  0x0000016a56da0bb0 JavaThread "Unconstrained build operations Thread 70" [_thread_blocked, id=3960, stack(0x00000023d7800000,0x00000023d7900000)]
  0x0000016a56da1080 JavaThread "Unconstrained build operations Thread 71" [_thread_blocked, id=7472, stack(0x00000023d7900000,0x00000023d7a00000)]
  0x0000016a56da1a20 JavaThread "Unconstrained build operations Thread 72" [_thread_blocked, id=9460, stack(0x00000023d7a00000,0x00000023d7b00000)]
  0x0000016a56d9eed0 JavaThread "Unconstrained build operations Thread 73" [_thread_blocked, id=2908, stack(0x00000023d7b00000,0x00000023d7c00000)]
  0x0000016a599235d0 JavaThread "Unconstrained build operations Thread 74" [_thread_blocked, id=7240, stack(0x00000023d7c00000,0x00000023d7d00000)]
  0x0000016a5991fc10 JavaThread "Unconstrained build operations Thread 75" [_thread_blocked, id=14520, stack(0x00000023d7d00000,0x00000023d7e00000)]
  0x0000016a59922760 JavaThread "Unconstrained build operations Thread 76" [_thread_blocked, id=12160, stack(0x00000023d7e00000,0x00000023d7f00000)]
  0x0000016a59922c30 JavaThread "Unconstrained build operations Thread 77" [_thread_blocked, id=14068, stack(0x00000023d7f00000,0x00000023d8000000)]
  0x0000016a5991f270 JavaThread "Unconstrained build operations Thread 78" [_thread_blocked, id=304, stack(0x00000023d8000000,0x00000023d8100000)]
  0x0000016a5991d590 JavaThread "Unconstrained build operations Thread 79" [_thread_blocked, id=2284, stack(0x00000023d8100000,0x00000023d8200000)]
  0x0000016a5991df30 JavaThread "Unconstrained build operations Thread 80" [_thread_blocked, id=3336, stack(0x00000023d8200000,0x00000023d8300000)]
  0x0000016a5991f740 JavaThread "jar transforms Thread 6" [_thread_blocked, id=11152, stack(0x00000023d8400000,0x00000023d8500000)]
  0x0000016a59923aa0 JavaThread "jar transforms Thread 7" [_thread_blocked, id=15296, stack(0x00000023d8500000,0x00000023d8600000)]
  0x0000016a59923f70 JavaThread "jar transforms Thread 8" [_thread_blocked, id=12156, stack(0x00000023d8600000,0x00000023d8700000)]
  0x0000016a5991d0c0 JavaThread "build event listener" [_thread_blocked, id=4032, stack(0x00000023d8700000,0x00000023d8800000)]
  0x0000016a59920a80 JavaThread "Memory manager" [_thread_blocked, id=14908, stack(0x00000023d8800000,0x00000023d8900000)]
  0x0000016a5991e400 JavaThread "included builds" [_thread_blocked, id=2592, stack(0x00000023d8900000,0x00000023d8a00000)]
  0x0000016a5991e8d0 JavaThread "Execution worker" [_thread_blocked, id=15176, stack(0x00000023d8a00000,0x00000023d8b00000)]
  0x0000016a5991eda0 JavaThread "Execution worker Thread 2" [_thread_blocked, id=12332, stack(0x00000023d8b00000,0x00000023d8c00000)]
  0x0000016a599205b0 JavaThread "Execution worker Thread 3" [_thread_blocked, id=11128, stack(0x00000023d8c00000,0x00000023d8d00000)]
  0x0000016a59920f50 JavaThread "Execution worker Thread 4" [_thread_blocked, id=8596, stack(0x00000023d8d00000,0x00000023d8e00000)]
  0x0000016a599218f0 JavaThread "Execution worker Thread 5" [_thread_blocked, id=11564, stack(0x00000023d8e00000,0x00000023d8f00000)]
  0x0000016a59921420 JavaThread "Execution worker Thread 6" [_thread_blocked, id=6196, stack(0x00000023d8f00000,0x00000023d9000000)]
  0x0000016a59921dc0 JavaThread "Execution worker Thread 7" [_thread_blocked, id=6572, stack(0x00000023d9000000,0x00000023d9100000)]
  0x0000016a59922290 JavaThread "Cache worker for execution history cache (C:\Users\vuyom\AndroidStudioProjects\ufs-clinic-app\.gradle\8.0\executionHistory)" [_thread_blocked, id=9196, stack(0x00000023d9100000,0x00000023d9200000)]
  0x0000016a5c78ae10 JavaThread "WorkerExecutor Queue" [_thread_blocked, id=8300, stack(0x00000023d9400000,0x00000023d9500000)]
  0x0000016a5c785c40 JavaThread "WorkerExecutor Queue Thread 2" [_thread_blocked, id=15312, stack(0x00000023d9a00000,0x00000023d9b00000)]
  0x0000016a5c783f60 JavaThread "WorkerExecutor Queue Thread 3" [_thread_blocked, id=11256, stack(0x00000023d9b00000,0x00000023d9c00000)]
  0x0000016a5c787df0 JavaThread "WorkerExecutor Queue Thread 4" [_thread_in_Java, id=13028, stack(0x00000023d9c00000,0x00000023d9d00000)]
  0x0000016a5c788c60 JavaThread "WorkerExecutor Queue Thread 5" [_thread_blocked, id=13960, stack(0x00000023d9d00000,0x00000023d9e00000)]
  0x0000016a5c784900 JavaThread "WorkerExecutor Queue Thread 6" [_thread_in_native, id=4656, stack(0x00000023d9e00000,0x00000023d9f00000)]
  0x0000016a5c784dd0 JavaThread "WorkerExecutor Queue Thread 7" [_thread_blocked, id=10668, stack(0x00000023d9f00000,0x00000023da000000)]
  0x0000016a5c789130 JavaThread "WorkerExecutor Queue Thread 8" [_thread_blocked, id=8580, stack(0x00000023da000000,0x00000023da100000)]
  0x0000016a56e59250 JavaThread "C2 CompilerThread1" daemon [_thread_in_native, id=4964, stack(0x00000023d9300000,0x00000023d9400000)]
  0x0000016a5c789fa0 JavaThread "WorkerExecutor Queue Thread 9" [_thread_blocked, id=9904, stack(0x00000023da100000,0x00000023da200000)]
  0x0000016a56e59760 JavaThread "C2 CompilerThread2" daemon [_thread_in_native, id=8996, stack(0x00000023da200000,0x00000023da300000)]
  0x0000016a5c7852a0 JavaThread "pool-3-thread-1" [_thread_blocked, id=14996, stack(0x00000023da300000,0x00000023da400000)]

Other Threads:
  0x0000016a52f0ea20 VMThread "VM Thread" [stack: 0x00000023d0100000,0x00000023d0200000] [id=10856]
  0x0000016a539b3df0 WatcherThread [stack: 0x00000023d0d00000,0x00000023d0e00000] [id=12732]
  0x0000016a39152fb0 GCTaskThread "GC Thread#0" [stack: 0x00000023cfc00000,0x00000023cfd00000] [id=1320]
  0x0000016a53bbc300 GCTaskThread "GC Thread#1" [stack: 0x00000023d0e00000,0x00000023d0f00000] [id=12360]
  0x0000016a53f87e50 GCTaskThread "GC Thread#2" [stack: 0x00000023d0f00000,0x00000023d1000000] [id=9260]
  0x0000016a53ed76c0 GCTaskThread "GC Thread#3" [stack: 0x00000023d1000000,0x00000023d1100000] [id=10636]
  0x0000016a55276420 GCTaskThread "GC Thread#4" [stack: 0x00000023d1100000,0x00000023d1200000] [id=15220]
  0x0000016a548a7f60 GCTaskThread "GC Thread#5" [stack: 0x00000023d1c00000,0x00000023d1d00000] [id=13096]
  0x0000016a57485490 GCTaskThread "GC Thread#6" [stack: 0x00000023d1d00000,0x00000023d1e00000] [id=14216]
  0x0000016a57485740 GCTaskThread "GC Thread#7" [stack: 0x00000023d1e00000,0x00000023d1f00000] [id=13648]
  0x0000016a39164f00 ConcurrentGCThread "G1 Main Marker" [stack: 0x00000023cfd00000,0x00000023cfe00000] [id=7728]
  0x0000016a39165910 ConcurrentGCThread "G1 Conc#0" [stack: 0x00000023cfe00000,0x00000023cff00000] [id=13524]
  0x0000016a55164830 ConcurrentGCThread "G1 Conc#1" [stack: 0x00000023d1f00000,0x00000023d2000000] [id=10520]
  0x0000016a391b75f0 ConcurrentGCThread "G1 Refine#0" [stack: 0x00000023cff00000,0x00000023d0000000] [id=14184]
  0x0000016a54971fe0 ConcurrentGCThread "G1 Refine#1" [stack: 0x00000023d2e00000,0x00000023d2f00000] [id=3480]
  0x0000016a57c4e5c0 ConcurrentGCThread "G1 Refine#2" [stack: 0x00000023d9500000,0x00000023d9600000] [id=4380]
  0x0000016a57c4f420 ConcurrentGCThread "G1 Refine#3" [stack: 0x00000023d9600000,0x00000023d9700000] [id=7884]
  0x0000016a57c4d760 ConcurrentGCThread "G1 Refine#4" [stack: 0x00000023d9700000,0x00000023d9800000] [id=15032]
  0x0000016a57c4f9e0 ConcurrentGCThread "G1 Refine#5" [stack: 0x00000023d9800000,0x00000023d9900000] [id=13112]
  0x0000016a57c4dd20 ConcurrentGCThread "G1 Refine#6" [stack: 0x00000023d9900000,0x00000023d9a00000] [id=7004]
  0x0000016a52dc2620 ConcurrentGCThread "G1 Service" [stack: 0x00000023d0000000,0x00000023d0100000] [id=15120]

Threads with active compile tasks:
C2 CompilerThread0    52439 15345       4       com.android.tools.r8.dex.B::l (1921 bytes)
C2 CompilerThread1    52439 15393   !   4       java.io.ObjectOutputStream::writeOrdinaryObject (196 bytes)
C2 CompilerThread2    52439 15411       4       com.android.tools.r8.graph.r2::s0 (37 bytes)

VM state: not at safepoint (normal execution)

VM Mutex/Monitor currently owned by a thread: None

Heap address: 0x0000000080000000, size: 2048 MB, Compressed Oops mode: 32-bit

CDS archive(s) not mapped
Compressed class space mapped at: 0x0000000100000000-0x0000000140000000, reserved size: 1073741824
Narrow klass base: 0x0000000000000000, Narrow klass shift: 3, Narrow klass range: 0x140000000

GC Precious Log:
 CPUs: 8 total, 8 available
 Memory: 7932M
 Large Page Support: Disabled
 NUMA Support: Disabled
 Compressed Oops: Enabled (32-bit)
 Heap Region Size: 1M
 Heap Min Capacity: 8M
 Heap Initial Capacity: 124M
 Heap Max Capacity: 2G
 Pre-touch: Disabled
 Parallel Workers: 8
 Concurrent Workers: 2
 Concurrent Refinement Workers: 8
 Periodic GC: Disabled

Heap:
 garbage-first heap   total 220160K, used 160673K [0x0000000080000000, 0x0000000100000000)
  region size 1024K, 9 young (9216K), 6 survivors (6144K)
 Metaspace       used 107480K, committed 108288K, reserved 1146880K
  class space    used 14262K, committed 14656K, reserved 1048576K

Heap Regions: E=young(eden), S=young(survivor), O=old, HS=humongous(starts), HC=humongous(continues), CS=collection set, F=free, OA=open archive, CA=closed archive, TAMS=top-at-mark-start (previous, next)
|   0|0x0000000080000000, 0x0000000080100000, 0x0000000080100000|100%|HS|  |TAMS 0x0000000080100000, 0x0000000080100000| Complete 
|   1|0x0000000080100000, 0x0000000080200000, 0x0000000080200000|100%|HC|  |TAMS 0x0000000080200000, 0x0000000080200000| Complete 
|   2|0x0000000080200000, 0x0000000080300000, 0x0000000080300000|100%|HC|  |TAMS 0x0000000080300000, 0x0000000080300000| Complete 
|   3|0x0000000080300000, 0x0000000080400000, 0x0000000080400000|100%|HC|  |TAMS 0x0000000080400000, 0x0000000080400000| Complete 
|   4|0x0000000080400000, 0x0000000080500000, 0x0000000080500000|100%| O|  |TAMS 0x0000000080500000, 0x0000000080500000| Untracked 
|   5|0x0000000080500000, 0x0000000080600000, 0x0000000080600000|100%| O|  |TAMS 0x0000000080600000, 0x0000000080600000| Untracked 
|   6|0x0000000080600000, 0x0000000080700000, 0x0000000080700000|100%| O|  |TAMS 0x0000000080700000, 0x0000000080700000| Untracked 
|   7|0x0000000080700000, 0x0000000080800000, 0x0000000080800000|100%| O|  |TAMS 0x0000000080800000, 0x0000000080800000| Untracked 
|   8|0x0000000080800000, 0x0000000080900000, 0x0000000080900000|100%| O|  |TAMS 0x0000000080900000, 0x0000000080900000| Untracked 
|   9|0x0000000080900000, 0x0000000080a00000, 0x0000000080a00000|100%| O|  |TAMS 0x0000000080a00000, 0x0000000080a00000| Untracked 
|  10|0x0000000080a00000, 0x0000000080b00000, 0x0000000080b00000|100%| O|  |TAMS 0x0000000080b00000, 0x0000000080b00000| Untracked 
|  11|0x0000000080b00000, 0x0000000080c00000, 0x0000000080c00000|100%| O|  |TAMS 0x0000000080c00000, 0x0000000080c00000| Untracked 
|  12|0x0000000080c00000, 0x0000000080d00000, 0x0000000080d00000|100%| O|  |TAMS 0x0000000080d00000, 0x0000000080d00000| Untracked 
|  13|0x0000000080d00000, 0x0000000080e00000, 0x0000000080e00000|100%| O|  |TAMS 0x0000000080e00000, 0x0000000080e00000| Untracked 
|  14|0x0000000080e00000, 0x0000000080f00000, 0x0000000080f00000|100%| O|  |TAMS 0x0000000080f00000, 0x0000000080f00000| Untracked 
|  15|0x0000000080f00000, 0x0000000081000000, 0x0000000081000000|100%| O|  |TAMS 0x0000000081000000, 0x0000000081000000| Untracked 
|  16|0x0000000081000000, 0x0000000081100000, 0x0000000081100000|100%| O|  |TAMS 0x0000000081100000, 0x0000000081100000| Untracked 
|  17|0x0000000081100000, 0x0000000081200000, 0x0000000081200000|100%| O|  |TAMS 0x0000000081200000, 0x0000000081200000| Untracked 
|  18|0x0000000081200000, 0x0000000081300000, 0x0000000081300000|100%| O|  |TAMS 0x0000000081300000, 0x0000000081300000| Untracked 
|  19|0x0000000081300000, 0x0000000081400000, 0x0000000081400000|100%| O|  |TAMS 0x0000000081400000, 0x0000000081400000| Untracked 
|  20|0x0000000081400000, 0x0000000081500000, 0x0000000081500000|100%| O|  |TAMS 0x0000000081500000, 0x0000000081500000| Untracked 
|  21|0x0000000081500000, 0x0000000081600000, 0x0000000081600000|100%| O|  |TAMS 0x0000000081600000, 0x0000000081600000| Untracked 
|  22|0x0000000081600000, 0x0000000081700000, 0x0000000081700000|100%| O|  |TAMS 0x0000000081700000, 0x0000000081700000| Untracked 
|  23|0x0000000081700000, 0x0000000081800000, 0x0000000081800000|100%| O|  |TAMS 0x0000000081800000, 0x0000000081800000| Untracked 
|  24|0x0000000081800000, 0x0000000081900000, 0x0000000081900000|100%| O|  |TAMS 0x0000000081900000, 0x0000000081900000| Untracked 
|  25|0x0000000081900000, 0x0000000081a00000, 0x0000000081a00000|100%| O|  |TAMS 0x0000000081a00000, 0x0000000081a00000| Untracked 
|  26|0x0000000081a00000, 0x0000000081b00000, 0x0000000081b00000|100%| O|  |TAMS 0x0000000081b00000, 0x0000000081b00000| Untracked 
|  27|0x0000000081b00000, 0x0000000081c00000, 0x0000000081c00000|100%| O|  |TAMS 0x0000000081c00000, 0x0000000081c00000| Untracked 
|  28|0x0000000081c00000, 0x0000000081d00000, 0x0000000081d00000|100%| O|  |TAMS 0x0000000081d00000, 0x0000000081d00000| Untracked 
|  29|0x0000000081d00000, 0x0000000081e00000, 0x0000000081e00000|100%| O|  |TAMS 0x0000000081e00000, 0x0000000081e00000| Untracked 
|  30|0x0000000081e00000, 0x0000000081f00000, 0x0000000081f00000|100%| O|  |TAMS 0x0000000081f00000, 0x0000000081f00000| Untracked 
|  31|0x0000000081f00000, 0x0000000082000000, 0x0000000082000000|100%| O|  |TAMS 0x0000000082000000, 0x0000000082000000| Untracked 
|  32|0x0000000082000000, 0x0000000082100000, 0x0000000082100000|100%| O|  |TAMS 0x0000000082100000, 0x0000000082100000| Untracked 
|  33|0x0000000082100000, 0x0000000082200000, 0x0000000082200000|100%| O|  |TAMS 0x0000000082200000, 0x0000000082200000| Untracked 
|  34|0x0000000082200000, 0x0000000082300000, 0x0000000082300000|100%| O|  |TAMS 0x0000000082200000, 0x0000000082300000| Untracked 
|  35|0x0000000082300000, 0x0000000082400000, 0x0000000082400000|100%| O|  |TAMS 0x0000000082400000, 0x0000000082400000| Untracked 
|  36|0x0000000082400000, 0x0000000082500000, 0x0000000082500000|100%| O|  |TAMS 0x0000000082500000, 0x0000000082500000| Untracked 
|  37|0x0000000082500000, 0x0000000082600000, 0x0000000082600000|100%| O|  |TAMS 0x0000000082600000, 0x0000000082600000| Untracked 
|  38|0x0000000082600000, 0x0000000082700000, 0x0000000082700000|100%|HS|  |TAMS 0x0000000082700000, 0x0000000082700000| Complete 
|  39|0x0000000082700000, 0x0000000082800000, 0x0000000082800000|100%|HS|  |TAMS 0x0000000082800000, 0x0000000082800000| Complete 
|  40|0x0000000082800000, 0x0000000082900000, 0x0000000082900000|100%|HS|  |TAMS 0x0000000082900000, 0x0000000082900000| Complete 
|  41|0x0000000082900000, 0x0000000082a00000, 0x0000000082a00000|100%| O|  |TAMS 0x0000000082a00000, 0x0000000082a00000| Untracked 
|  42|0x0000000082a00000, 0x0000000082b00000, 0x0000000082b00000|100%| O|  |TAMS 0x0000000082b00000, 0x0000000082b00000| Untracked 
|  43|0x0000000082b00000, 0x0000000082c00000, 0x0000000082c00000|100%| O|  |TAMS 0x0000000082c00000, 0x0000000082c00000| Untracked 
|  44|0x0000000082c00000, 0x0000000082d00000, 0x0000000082d00000|100%| O|  |TAMS 0x0000000082d00000, 0x0000000082d00000| Untracked 
|  45|0x0000000082d00000, 0x0000000082e00000, 0x0000000082e00000|100%| O|  |TAMS 0x0000000082e00000, 0x0000000082e00000| Untracked 
|  46|0x0000000082e00000, 0x0000000082f00000, 0x0000000082f00000|100%| O|  |TAMS 0x0000000082f00000, 0x0000000082f00000| Untracked 
|  47|0x0000000082f00000, 0x0000000083000000, 0x0000000083000000|100%| O|  |TAMS 0x0000000082f00000, 0x0000000083000000| Untracked 
|  48|0x0000000083000000, 0x0000000083100000, 0x0000000083100000|100%| O|  |TAMS 0x0000000083100000, 0x0000000083100000| Untracked 
|  49|0x0000000083100000, 0x0000000083200000, 0x0000000083200000|100%| O|  |TAMS 0x0000000083200000, 0x0000000083200000| Untracked 
|  50|0x0000000083200000, 0x0000000083300000, 0x0000000083300000|100%| O|  |TAMS 0x0000000083300000, 0x0000000083300000| Untracked 
|  51|0x0000000083300000, 0x0000000083400000, 0x0000000083400000|100%| O|  |TAMS 0x0000000083400000, 0x0000000083400000| Untracked 
|  52|0x0000000083400000, 0x0000000083500000, 0x0000000083500000|100%| O|  |TAMS 0x0000000083500000, 0x0000000083500000| Untracked 
|  53|0x0000000083500000, 0x0000000083600000, 0x0000000083600000|100%| O|  |TAMS 0x0000000083600000, 0x0000000083600000| Untracked 
|  54|0x0000000083600000, 0x0000000083700000, 0x0000000083700000|100%| O|  |TAMS 0x0000000083700000, 0x0000000083700000| Untracked 
|  55|0x0000000083700000, 0x0000000083800000, 0x0000000083800000|100%| O|  |TAMS 0x0000000083778400, 0x0000000083800000| Untracked 
|  56|0x0000000083800000, 0x0000000083900000, 0x0000000083900000|100%| O|  |TAMS 0x0000000083800000, 0x0000000083900000| Untracked 
|  57|0x0000000083900000, 0x0000000083a00000, 0x0000000083a00000|100%| O|  |TAMS 0x0000000083900000, 0x0000000083a00000| Untracked 
|  58|0x0000000083a00000, 0x0000000083b00000, 0x0000000083b00000|100%| O|  |TAMS 0x0000000083a00000, 0x0000000083b00000| Untracked 
|  59|0x0000000083b00000, 0x0000000083c00000, 0x0000000083c00000|100%| O|  |TAMS 0x0000000083b00000, 0x0000000083c00000| Untracked 
|  60|0x0000000083c00000, 0x0000000083d00000, 0x0000000083d00000|100%| O|  |TAMS 0x0000000083c00000, 0x0000000083d00000| Untracked 
|  61|0x0000000083d00000, 0x0000000083e00000, 0x0000000083e00000|100%| O|  |TAMS 0x0000000083d00000, 0x0000000083e00000| Untracked 
|  62|0x0000000083e00000, 0x0000000083f00000, 0x0000000083f00000|100%| O|  |TAMS 0x0000000083e00000, 0x0000000083f00000| Untracked 
|  63|0x0000000083f00000, 0x0000000084000000, 0x0000000084000000|100%| O|  |TAMS 0x0000000083f00000, 0x0000000084000000| Untracked 
|  64|0x0000000084000000, 0x0000000084100000, 0x0000000084100000|100%| O|  |TAMS 0x0000000084000000, 0x0000000084100000| Untracked 
|  65|0x0000000084100000, 0x0000000084200000, 0x0000000084200000|100%| O|  |TAMS 0x0000000084100000, 0x0000000084200000| Untracked 
|  66|0x0000000084200000, 0x0000000084300000, 0x0000000084300000|100%| O|  |TAMS 0x0000000084200000, 0x0000000084300000| Untracked 
|  67|0x0000000084300000, 0x0000000084400000, 0x0000000084400000|100%| O|  |TAMS 0x0000000084300000, 0x0000000084400000| Untracked 
|  68|0x0000000084400000, 0x0000000084500000, 0x0000000084500000|100%| O|  |TAMS 0x0000000084400000, 0x0000000084500000| Untracked 
|  69|0x0000000084500000, 0x0000000084600000, 0x0000000084600000|100%| O|  |TAMS 0x0000000084500000, 0x0000000084600000| Untracked 
|  70|0x0000000084600000, 0x0000000084700000, 0x0000000084700000|100%| O|  |TAMS 0x0000000084600000, 0x0000000084700000| Untracked 
|  71|0x0000000084700000, 0x0000000084800000, 0x0000000084800000|100%| O|  |TAMS 0x0000000084700000, 0x0000000084800000| Untracked 
|  72|0x0000000084800000, 0x0000000084900000, 0x0000000084900000|100%| O|  |TAMS 0x0000000084800000, 0x0000000084900000| Untracked 
|  73|0x0000000084900000, 0x0000000084a00000, 0x0000000084a00000|100%| O|  |TAMS 0x0000000084900000, 0x0000000084a00000| Untracked 
|  74|0x0000000084a00000, 0x0000000084b00000, 0x0000000084b00000|100%| O|  |TAMS 0x0000000084a00000, 0x0000000084b00000| Untracked 
|  75|0x0000000084b00000, 0x0000000084c00000, 0x0000000084c00000|100%| O|  |TAMS 0x0000000084b00000, 0x0000000084c00000| Untracked 
|  76|0x0000000084c00000, 0x0000000084d00000, 0x0000000084d00000|100%| O|  |TAMS 0x0000000084c00000, 0x0000000084d00000| Untracked 
|  77|0x0000000084d00000, 0x0000000084e00000, 0x0000000084e00000|100%|HS|  |TAMS 0x0000000084d00000, 0x0000000084e00000| Complete 
|  78|0x0000000084e00000, 0x0000000084f00000, 0x0000000084f00000|100%| O|  |TAMS 0x0000000084e00000, 0x0000000084f00000| Untracked 
|  79|0x0000000084f00000, 0x0000000085000000, 0x0000000085000000|100%| O|  |TAMS 0x0000000084f00000, 0x0000000085000000| Untracked 
|  80|0x0000000085000000, 0x0000000085100000, 0x0000000085100000|100%| O|  |TAMS 0x0000000085000000, 0x0000000085100000| Untracked 
|  81|0x0000000085100000, 0x0000000085200000, 0x0000000085200000|100%| O|  |TAMS 0x0000000085100000, 0x0000000085200000| Untracked 
|  82|0x0000000085200000, 0x0000000085300000, 0x0000000085300000|100%| O|  |TAMS 0x0000000085200000, 0x0000000085300000| Untracked 
|  83|0x0000000085300000, 0x0000000085400000, 0x0000000085400000|100%| O|  |TAMS 0x0000000085300000, 0x0000000085400000| Untracked 
|  84|0x0000000085400000, 0x0000000085500000, 0x0000000085500000|100%| O|  |TAMS 0x0000000085400000, 0x0000000085500000| Untracked 
|  85|0x0000000085500000, 0x0000000085600000, 0x0000000085600000|100%| O|  |TAMS 0x0000000085500000, 0x0000000085600000| Untracked 
|  86|0x0000000085600000, 0x0000000085700000, 0x0000000085700000|100%| O|  |TAMS 0x0000000085600000, 0x0000000085700000| Untracked 
|  87|0x0000000085700000, 0x0000000085800000, 0x0000000085800000|100%| O|  |TAMS 0x0000000085700000, 0x0000000085800000| Untracked 
|  88|0x0000000085800000, 0x0000000085900000, 0x0000000085900000|100%| O|  |TAMS 0x0000000085800000, 0x0000000085900000| Untracked 
|  89|0x0000000085900000, 0x0000000085a00000, 0x0000000085a00000|100%| O|  |TAMS 0x0000000085900000, 0x0000000085a00000| Untracked 
|  90|0x0000000085a00000, 0x0000000085b00000, 0x0000000085b00000|100%| O|  |TAMS 0x0000000085a00000, 0x0000000085b00000| Untracked 
|  91|0x0000000085b00000, 0x0000000085c00000, 0x0000000085c00000|100%| O|  |TAMS 0x0000000085b00000, 0x0000000085c00000| Untracked 
|  92|0x0000000085c00000, 0x0000000085d00000, 0x0000000085d00000|100%| O|  |TAMS 0x0000000085c00000, 0x0000000085d00000| Untracked 
|  93|0x0000000085d00000, 0x0000000085e00000, 0x0000000085e00000|100%| O|  |TAMS 0x0000000085d00000, 0x0000000085e00000| Untracked 
|  94|0x0000000085e00000, 0x0000000085f00000, 0x0000000085f00000|100%| O|  |TAMS 0x0000000085e00000, 0x0000000085f00000| Untracked 
|  95|0x0000000085f00000, 0x0000000086000000, 0x0000000086000000|100%| O|  |TAMS 0x0000000085f00000, 0x0000000085f00000| Untracked 
|  96|0x0000000086000000, 0x0000000086100000, 0x0000000086100000|100%| O|  |TAMS 0x0000000086000000, 0x0000000086000000| Untracked 
|  97|0x0000000086100000, 0x0000000086200000, 0x0000000086200000|100%| O|  |TAMS 0x0000000086100000, 0x0000000086100000| Untracked 
|  98|0x0000000086200000, 0x0000000086300000, 0x0000000086300000|100%| O|  |TAMS 0x0000000086200000, 0x0000000086200000| Untracked 
|  99|0x0000000086300000, 0x0000000086400000, 0x0000000086400000|100%| O|  |TAMS 0x0000000086300000, 0x0000000086300000| Untracked 
| 100|0x0000000086400000, 0x0000000086500000, 0x0000000086500000|100%| O|  |TAMS 0x0000000086400000, 0x0000000086400000| Untracked 
| 101|0x0000000086500000, 0x0000000086600000, 0x0000000086600000|100%| O|  |TAMS 0x0000000086500000, 0x0000000086500000| Untracked 
| 102|0x0000000086600000, 0x0000000086700000, 0x0000000086700000|100%| O|  |TAMS 0x0000000086600000, 0x0000000086600000| Untracked 
| 103|0x0000000086700000, 0x0000000086800000, 0x0000000086800000|100%| O|  |TAMS 0x0000000086700000, 0x0000000086800000| Untracked 
| 104|0x0000000086800000, 0x0000000086900000, 0x0000000086900000|100%| O|  |TAMS 0x0000000086800000, 0x0000000086900000| Untracked 
| 105|0x0000000086900000, 0x0000000086a00000, 0x0000000086a00000|100%| O|  |TAMS 0x0000000086900000, 0x0000000086a00000| Untracked 
| 106|0x0000000086a00000, 0x0000000086b00000, 0x0000000086b00000|100%| O|  |TAMS 0x0000000086a00000, 0x0000000086b00000| Untracked 
| 107|0x0000000086b00000, 0x0000000086c00000, 0x0000000086c00000|100%| O|  |TAMS 0x0000000086b00000, 0x0000000086c00000| Untracked 
| 108|0x0000000086c00000, 0x0000000086d00000, 0x0000000086d00000|100%| O|  |TAMS 0x0000000086c00000, 0x0000000086c00000| Untracked 
| 109|0x0000000086d00000, 0x0000000086e00000, 0x0000000086e00000|100%| O|  |TAMS 0x0000000086d00000, 0x0000000086d00000| Untracked 
| 110|0x0000000086e00000, 0x0000000086f00000, 0x0000000086f00000|100%| O|  |TAMS 0x0000000086e00000, 0x0000000086e00000| Untracked 
| 111|0x0000000086f00000, 0x0000000087000000, 0x0000000087000000|100%| O|  |TAMS 0x0000000086f00000, 0x0000000086f00000| Untracked 
| 112|0x0000000087000000, 0x0000000087100000, 0x0000000087100000|100%| O|  |TAMS 0x0000000087000000, 0x0000000087000000| Untracked 
| 113|0x0000000087100000, 0x0000000087200000, 0x0000000087200000|100%| O|  |TAMS 0x0000000087100000, 0x0000000087100000| Untracked 
| 114|0x0000000087200000, 0x0000000087300000, 0x0000000087300000|100%| O|  |TAMS 0x0000000087200000, 0x0000000087200000| Untracked 
| 115|0x0000000087300000, 0x0000000087400000, 0x0000000087400000|100%| O|  |TAMS 0x0000000087300000, 0x0000000087300000| Untracked 
| 116|0x0000000087400000, 0x0000000087500000, 0x0000000087500000|100%| O|  |TAMS 0x0000000087400000, 0x0000000087400000| Untracked 
| 117|0x0000000087500000, 0x0000000087600000, 0x0000000087600000|100%| O|  |TAMS 0x0000000087500000, 0x0000000087500000| Untracked 
| 118|0x0000000087600000, 0x0000000087700000, 0x0000000087700000|100%| O|  |TAMS 0x0000000087600000, 0x0000000087600000| Untracked 
| 119|0x0000000087700000, 0x0000000087800000, 0x0000000087800000|100%| O|  |TAMS 0x0000000087700000, 0x0000000087700000| Untracked 
| 120|0x0000000087800000, 0x0000000087900000, 0x0000000087900000|100%| O|  |TAMS 0x0000000087800000, 0x0000000087800000| Untracked 
| 121|0x0000000087900000, 0x0000000087a00000, 0x0000000087a00000|100%| O|  |TAMS 0x0000000087900000, 0x0000000087900000| Untracked 
| 122|0x0000000087a00000, 0x0000000087b00000, 0x0000000087b00000|100%| O|  |TAMS 0x0000000087a00000, 0x0000000087a00000| Untracked 
| 123|0x0000000087b00000, 0x0000000087c00000, 0x0000000087c00000|100%|HS|  |TAMS 0x0000000087b00000, 0x0000000087b00000| Complete 
| 124|0x0000000087c00000, 0x0000000087d00000, 0x0000000087d00000|100%|HC|  |TAMS 0x0000000087c00000, 0x0000000087c00000| Complete 
| 125|0x0000000087d00000, 0x0000000087e00000, 0x0000000087e00000|100%|HS|  |TAMS 0x0000000087d00000, 0x0000000087d00000| Complete 
| 126|0x0000000087e00000, 0x0000000087f00000, 0x0000000087f00000|100%|HS|  |TAMS 0x0000000087e00000, 0x0000000087e00000| Complete 
| 127|0x0000000087f00000, 0x0000000088000000, 0x0000000088000000|100%| O|  |TAMS 0x0000000087f00000, 0x0000000087f00000| Untracked 
| 128|0x0000000088000000, 0x0000000088100000, 0x0000000088100000|100%| O|  |TAMS 0x0000000088000000, 0x0000000088000000| Untracked 
| 129|0x0000000088100000, 0x0000000088200000, 0x0000000088200000|100%| O|  |TAMS 0x0000000088100000, 0x0000000088100000| Untracked 
| 130|0x0000000088200000, 0x0000000088300000, 0x0000000088300000|100%| O|  |TAMS 0x0000000088200000, 0x0000000088200000| Untracked 
| 131|0x0000000088300000, 0x0000000088400000, 0x0000000088400000|100%|HS|  |TAMS 0x0000000088300000, 0x0000000088300000| Complete 
| 132|0x0000000088400000, 0x0000000088500000, 0x0000000088500000|100%| O|  |TAMS 0x0000000088400000, 0x0000000088400000| Untracked 
| 133|0x0000000088500000, 0x0000000088600000, 0x0000000088600000|100%| O|  |TAMS 0x0000000088500000, 0x0000000088500000| Untracked 
| 134|0x0000000088600000, 0x0000000088700000, 0x0000000088700000|100%| O|  |TAMS 0x0000000088600000, 0x0000000088600000| Untracked 
| 135|0x0000000088700000, 0x0000000088800000, 0x0000000088800000|100%| O|  |TAMS 0x0000000088700000, 0x0000000088700000| Untracked 
| 136|0x0000000088800000, 0x0000000088800000, 0x0000000088900000|  0%| F|  |TAMS 0x0000000088800000, 0x0000000088800000| Untracked 
| 137|0x0000000088900000, 0x0000000088900000, 0x0000000088a00000|  0%| F|  |TAMS 0x0000000088900000, 0x0000000088900000| Untracked 
| 138|0x0000000088a00000, 0x0000000088a00000, 0x0000000088b00000|  0%| F|  |TAMS 0x0000000088a00000, 0x0000000088a00000| Untracked 
| 139|0x0000000088b00000, 0x0000000088b00000, 0x0000000088c00000|  0%| F|  |TAMS 0x0000000088b00000, 0x0000000088b00000| Untracked 
| 140|0x0000000088c00000, 0x0000000088c00000, 0x0000000088d00000|  0%| F|  |TAMS 0x0000000088c00000, 0x0000000088c00000| Untracked 
| 141|0x0000000088d00000, 0x0000000088e00000, 0x0000000088e00000|100%|HS|  |TAMS 0x0000000088d00000, 0x0000000088d00000| Complete 
| 142|0x0000000088e00000, 0x0000000088f00000, 0x0000000088f00000|100%|HC|  |TAMS 0x0000000088e00000, 0x0000000088e00000| Complete 
| 143|0x0000000088f00000, 0x0000000088f00000, 0x0000000089000000|  0%| F|  |TAMS 0x0000000088f00000, 0x0000000088f00000| Untracked 
| 144|0x0000000089000000, 0x0000000089100000, 0x0000000089100000|100%|HS|  |TAMS 0x0000000089000000, 0x0000000089000000| Complete 
| 145|0x0000000089100000, 0x0000000089100000, 0x0000000089200000|  0%| F|  |TAMS 0x0000000089100000, 0x0000000089100000| Untracked 
| 146|0x0000000089200000, 0x0000000089300000, 0x0000000089300000|100%|HS|  |TAMS 0x0000000089200000, 0x0000000089200000| Complete 
| 147|0x0000000089300000, 0x0000000089300000, 0x0000000089400000|  0%| F|  |TAMS 0x0000000089300000, 0x0000000089300000| Untracked 
| 148|0x0000000089400000, 0x0000000089500000, 0x0000000089500000|100%|HS|  |TAMS 0x0000000089400000, 0x0000000089400000| Complete 
| 149|0x0000000089500000, 0x0000000089600000, 0x0000000089600000|100%| O|  |TAMS 0x0000000089500000, 0x0000000089500000| Untracked 
| 150|0x0000000089600000, 0x0000000089700000, 0x0000000089700000|100%| O|  |TAMS 0x0000000089600000, 0x0000000089600000| Untracked 
| 151|0x0000000089700000, 0x0000000089800000, 0x0000000089800000|100%| O|  |TAMS 0x0000000089700000, 0x0000000089700000| Untracked 
| 152|0x0000000089800000, 0x0000000089900000, 0x0000000089900000|100%| O|  |TAMS 0x0000000089800000, 0x0000000089800000| Untracked 
| 153|0x0000000089900000, 0x0000000089a00000, 0x0000000089a00000|100%| O|  |TAMS 0x0000000089900000, 0x0000000089900000| Untracked 
| 154|0x0000000089a00000, 0x0000000089b00000, 0x0000000089b00000|100%| O|  |TAMS 0x0000000089a00000, 0x0000000089a00000| Untracked 
| 155|0x0000000089b00000, 0x0000000089c00000, 0x0000000089c00000|100%| O|  |TAMS 0x0000000089b00000, 0x0000000089b00000| Untracked 
| 156|0x0000000089c00000, 0x0000000089ce8400, 0x0000000089d00000| 90%| O|  |TAMS 0x0000000089c00000, 0x0000000089c00000| Untracked 
| 157|0x0000000089d00000, 0x0000000089d00000, 0x0000000089e00000|  0%| F|  |TAMS 0x0000000089d00000, 0x0000000089d00000| Untracked 
| 158|0x0000000089e00000, 0x0000000089e00000, 0x0000000089f00000|  0%| F|  |TAMS 0x0000000089e00000, 0x0000000089e00000| Untracked 
| 159|0x0000000089f00000, 0x0000000089f00000, 0x000000008a000000|  0%| F|  |TAMS 0x0000000089f00000, 0x0000000089f00000| Untracked 
| 160|0x000000008a000000, 0x000000008a000000, 0x000000008a100000|  0%| F|  |TAMS 0x000000008a000000, 0x000000008a000000| Untracked 
| 161|0x000000008a100000, 0x000000008a100000, 0x000000008a200000|  0%| F|  |TAMS 0x000000008a100000, 0x000000008a100000| Untracked 
| 162|0x000000008a200000, 0x000000008a200000, 0x000000008a300000|  0%| F|  |TAMS 0x000000008a200000, 0x000000008a200000| Untracked 
| 163|0x000000008a300000, 0x000000008a300000, 0x000000008a400000|  0%| F|  |TAMS 0x000000008a300000, 0x000000008a300000| Untracked 
| 164|0x000000008a400000, 0x000000008a400000, 0x000000008a500000|  0%| F|  |TAMS 0x000000008a400000, 0x000000008a400000| Untracked 
| 165|0x000000008a500000, 0x000000008a600000, 0x000000008a600000|100%| S|CS|TAMS 0x000000008a500000, 0x000000008a500000| Complete 
| 166|0x000000008a600000, 0x000000008a700000, 0x000000008a700000|100%| S|CS|TAMS 0x000000008a600000, 0x000000008a600000| Complete 
| 167|0x000000008a700000, 0x000000008a800000, 0x000000008a800000|100%| S|CS|TAMS 0x000000008a700000, 0x000000008a700000| Complete 
| 168|0x000000008a800000, 0x000000008a900000, 0x000000008a900000|100%| S|CS|TAMS 0x000000008a800000, 0x000000008a800000| Complete 
| 169|0x000000008a900000, 0x000000008aa00000, 0x000000008aa00000|100%| S|CS|TAMS 0x000000008a900000, 0x000000008a900000| Complete 
| 170|0x000000008aa00000, 0x000000008ab00000, 0x000000008ab00000|100%| S|CS|TAMS 0x000000008aa00000, 0x000000008aa00000| Complete 
| 171|0x000000008ab00000, 0x000000008ab00000, 0x000000008ac00000|  0%| F|  |TAMS 0x000000008ab00000, 0x000000008ab00000| Untracked 
| 172|0x000000008ac00000, 0x000000008ac00000, 0x000000008ad00000|  0%| F|  |TAMS 0x000000008ac00000, 0x000000008ac00000| Untracked 
| 173|0x000000008ad00000, 0x000000008ad00000, 0x000000008ae00000|  0%| F|  |TAMS 0x000000008ad00000, 0x000000008ad00000| Untracked 
| 174|0x000000008ae00000, 0x000000008ae00000, 0x000000008af00000|  0%| F|  |TAMS 0x000000008ae00000, 0x000000008ae00000| Untracked 
| 175|0x000000008af00000, 0x000000008af00000, 0x000000008b000000|  0%| F|  |TAMS 0x000000008af00000, 0x000000008af00000| Untracked 
| 176|0x000000008b000000, 0x000000008b000000, 0x000000008b100000|  0%| F|  |TAMS 0x000000008b000000, 0x000000008b000000| Untracked 
| 177|0x000000008b100000, 0x000000008b100000, 0x000000008b200000|  0%| F|  |TAMS 0x000000008b100000, 0x000000008b100000| Untracked 
| 178|0x000000008b200000, 0x000000008b200000, 0x000000008b300000|  0%| F|  |TAMS 0x000000008b200000, 0x000000008b200000| Untracked 
| 179|0x000000008b300000, 0x000000008b300000, 0x000000008b400000|  0%| F|  |TAMS 0x000000008b300000, 0x000000008b300000| Untracked 
| 180|0x000000008b400000, 0x000000008b400000, 0x000000008b500000|  0%| F|  |TAMS 0x000000008b400000, 0x000000008b400000| Untracked 
| 181|0x000000008b500000, 0x000000008b500000, 0x000000008b600000|  0%| F|  |TAMS 0x000000008b500000, 0x000000008b500000| Untracked 
| 182|0x000000008b600000, 0x000000008b600000, 0x000000008b700000|  0%| F|  |TAMS 0x000000008b600000, 0x000000008b600000| Untracked 
| 183|0x000000008b700000, 0x000000008b700000, 0x000000008b800000|  0%| F|  |TAMS 0x000000008b700000, 0x000000008b700000| Untracked 
| 184|0x000000008b800000, 0x000000008b800000, 0x000000008b900000|  0%| F|  |TAMS 0x000000008b800000, 0x000000008b800000| Untracked 
| 185|0x000000008b900000, 0x000000008b900000, 0x000000008ba00000|  0%| F|  |TAMS 0x000000008b900000, 0x000000008b900000| Untracked 
| 186|0x000000008ba00000, 0x000000008ba00000, 0x000000008bb00000|  0%| F|  |TAMS 0x000000008ba00000, 0x000000008ba00000| Untracked 
| 187|0x000000008bb00000, 0x000000008bb00000, 0x000000008bc00000|  0%| F|  |TAMS 0x000000008bb00000, 0x000000008bb00000| Untracked 
| 188|0x000000008bc00000, 0x000000008bc00000, 0x000000008bd00000|  0%| F|  |TAMS 0x000000008bc00000, 0x000000008bc00000| Untracked 
| 189|0x000000008bd00000, 0x000000008bd00000, 0x000000008be00000|  0%| F|  |TAMS 0x000000008bd00000, 0x000000008bd00000| Untracked 
| 190|0x000000008be00000, 0x000000008be00000, 0x000000008bf00000|  0%| F|  |TAMS 0x000000008be00000, 0x000000008be00000| Untracked 
| 191|0x000000008bf00000, 0x000000008bf00000, 0x000000008c000000|  0%| F|  |TAMS 0x000000008bf00000, 0x000000008bf00000| Untracked 
| 192|0x000000008c000000, 0x000000008c000000, 0x000000008c100000|  0%| F|  |TAMS 0x000000008c000000, 0x000000008c000000| Untracked 
| 193|0x000000008c100000, 0x000000008c100000, 0x000000008c200000|  0%| F|  |TAMS 0x000000008c100000, 0x000000008c100000| Untracked 
| 194|0x000000008c200000, 0x000000008c200000, 0x000000008c300000|  0%| F|  |TAMS 0x000000008c200000, 0x000000008c200000| Untracked 
| 195|0x000000008c300000, 0x000000008c300000, 0x000000008c400000|  0%| F|  |TAMS 0x000000008c300000, 0x000000008c300000| Untracked 
| 196|0x000000008c400000, 0x000000008c400000, 0x000000008c500000|  0%| F|  |TAMS 0x000000008c400000, 0x000000008c400000| Untracked 
| 197|0x000000008c500000, 0x000000008c500000, 0x000000008c600000|  0%| F|  |TAMS 0x000000008c500000, 0x000000008c500000| Untracked 
| 198|0x000000008c600000, 0x000000008c600000, 0x000000008c700000|  0%| F|  |TAMS 0x000000008c600000, 0x000000008c600000| Untracked 
| 199|0x000000008c700000, 0x000000008c700000, 0x000000008c800000|  0%| F|  |TAMS 0x000000008c700000, 0x000000008c700000| Untracked 
| 200|0x000000008c800000, 0x000000008c800000, 0x000000008c900000|  0%| F|  |TAMS 0x000000008c800000, 0x000000008c800000| Untracked 
| 201|0x000000008c900000, 0x000000008c900000, 0x000000008ca00000|  0%| F|  |TAMS 0x000000008c900000, 0x000000008c900000| Untracked 
| 202|0x000000008ca00000, 0x000000008ca00000, 0x000000008cb00000|  0%| F|  |TAMS 0x000000008ca00000, 0x000000008ca00000| Untracked 
| 203|0x000000008cb00000, 0x000000008cb00000, 0x000000008cc00000|  0%| F|  |TAMS 0x000000008cb00000, 0x000000008cb00000| Untracked 
| 204|0x000000008cc00000, 0x000000008cc00000, 0x000000008cd00000|  0%| F|  |TAMS 0x000000008cc00000, 0x000000008cc00000| Untracked 
| 205|0x000000008cd00000, 0x000000008cd00000, 0x000000008ce00000|  0%| F|  |TAMS 0x000000008cd00000, 0x000000008cd00000| Untracked 
| 206|0x000000008ce00000, 0x000000008ce00000, 0x000000008cf00000|  0%| F|  |TAMS 0x000000008ce00000, 0x000000008ce00000| Untracked 
| 207|0x000000008cf00000, 0x000000008cf00000, 0x000000008d000000|  0%| F|  |TAMS 0x000000008cf00000, 0x000000008cf00000| Untracked 
| 208|0x000000008d000000, 0x000000008d000000, 0x000000008d100000|  0%| F|  |TAMS 0x000000008d000000, 0x000000008d000000| Untracked 
| 209|0x000000008d100000, 0x000000008d100000, 0x000000008d200000|  0%| F|  |TAMS 0x000000008d100000, 0x000000008d100000| Untracked 
| 210|0x000000008d200000, 0x000000008d200000, 0x000000008d300000|  0%| F|  |TAMS 0x000000008d200000, 0x000000008d200000| Untracked 
| 211|0x000000008d300000, 0x000000008d3e8480, 0x000000008d400000| 90%| E|  |TAMS 0x000000008d300000, 0x000000008d300000| Complete 
| 212|0x000000008d400000, 0x000000008d500000, 0x000000008d500000|100%| E|CS|TAMS 0x000000008d400000, 0x000000008d400000| Complete 
| 213|0x000000008d500000, 0x000000008d600000, 0x000000008d600000|100%| E|CS|TAMS 0x000000008d500000, 0x000000008d500000| Complete 
| 214|0x000000008d600000, 0x000000008d700000, 0x000000008d700000|100%| E|CS|TAMS 0x000000008d600000, 0x000000008d600000| Complete 

Card table byte_map: [0x0000016a4bcf0000,0x0000016a4c0f0000] _byte_map_base: 0x0000016a4b8f0000

Marking Bits (Prev, Next): (CMBitMap*) 0x0000016a391535c0, (CMBitMap*) 0x0000016a39153600
 Prev Bits: [0x0000016a4c4f0000, 0x0000016a4e4f0000)
 Next Bits: [0x0000016a4e4f0000, 0x0000016a504f0000)

Polling page: 0x0000016a37060000

Metaspace:

Usage:
  Non-class:     91.03 MB used.
      Class:     13.93 MB used.
       Both:    104.96 MB used.

Virtual space:
  Non-class space:       96.00 MB reserved,      91.44 MB ( 95%) committed,  12 nodes.
      Class space:        1.00 GB reserved,      14.31 MB (  1%) committed,  1 nodes.
             Both:        1.09 GB reserved,     105.75 MB (  9%) committed. 

Chunk freelists:
   Non-Class:  240.00 KB
       Class:  1.67 MB
        Both:  1.91 MB

MaxMetaspaceSize: unlimited
CompressedClassSpaceSize: 1.00 GB
Initial GC threshold: 21.00 MB
Current GC threshold: 112.19 MB
CDS: off
MetaspaceReclaimPolicy: balanced
 - commit_granule_bytes: 65536.
 - commit_granule_words: 8192.
 - virtual_space_node_default_size: 1048576.
 - enlarge_chunks_in_place: 1.
 - new_chunks_are_fully_committed: 0.
 - uncommit_free_chunks: 1.
 - use_allocation_guard: 0.
 - handle_deallocations: 1.


Internal statistics:

num_allocs_failed_limit: 6.
num_arena_births: 1068.
num_arena_deaths: 0.
num_vsnodes_births: 13.
num_vsnodes_deaths: 0.
num_space_committed: 1690.
num_space_uncommitted: 0.
num_chunks_returned_to_freelist: 6.
num_chunks_taken_from_freelist: 5102.
num_chunk_merges: 6.
num_chunk_splits: 3367.
num_chunks_enlarged: 2267.
num_purges: 0.
num_inconsistent_stats: 0.

CodeHeap 'non-profiled nmethods': size=120000Kb used=8013Kb max_used=8013Kb free=111987Kb
 bounds [0x0000016a44090000, 0x0000016a44870000, 0x0000016a4b5c0000]
CodeHeap 'profiled nmethods': size=120000Kb used=25010Kb max_used=25010Kb free=94989Kb
 bounds [0x0000016a3c5c0000, 0x0000016a3de30000, 0x0000016a43af0000]
CodeHeap 'non-nmethods': size=5760Kb used=2430Kb max_used=2481Kb free=3329Kb
 bounds [0x0000016a43af0000, 0x0000016a43d70000, 0x0000016a44090000]
 total_blobs=13933 nmethods=12977 adapters=868
 compilation: enabled
              stopped_count=0, restarted_count=0
 full_count=0

Compilation events (20 events):
Event: 52.255 Thread 0x0000016a538271d0 15395       3       com.android.tools.r8.graph.x2::equals (37 bytes)
Event: 52.256 Thread 0x0000016a538271d0 nmethod 15395 0x0000016a3de2c490 code [0x0000016a3de2c660, 0x0000016a3de2ca68]
Event: 52.267 Thread 0x0000016a56e59250 nmethod 15391 0x0000016a44859610 code [0x0000016a44859800, 0x0000016a4485ab90]
Event: 52.267 Thread 0x0000016a56e59250 15393   !   4       java.io.ObjectOutputStream::writeOrdinaryObject (196 bytes)
Event: 52.270 Thread 0x0000016a56e59760 nmethod 15394 0x0000016a4485b190 code [0x0000016a4485b320, 0x0000016a4485b9b8]
Event: 52.270 Thread 0x0000016a56e59760 15396       4       com.android.tools.r8.graph.p1::a (31 bytes)
Event: 52.302 Thread 0x0000016a56e59760 nmethod 15396 0x0000016a4485be10 code [0x0000016a4485bfe0, 0x0000016a4485ccd8]
Event: 52.302 Thread 0x0000016a56e59760 15397       4       com.android.tools.r8.graph.j2::<init> (45 bytes)
Event: 52.314 Thread 0x0000016a538271d0 15400       3       java.lang.StrictMath::ceil (10 bytes)
Event: 52.315 Thread 0x0000016a538271d0 nmethod 15400 0x0000016a3de2cb90 code [0x0000016a3de2cd60, 0x0000016a3de2ce88]
Event: 52.330 Thread 0x0000016a56e59760 nmethod 15397 0x0000016a4485d210 code [0x0000016a4485d3c0, 0x0000016a4485de88]
Event: 52.330 Thread 0x0000016a56e59760 15399       4       com.android.tools.r8.dex.U::a (28 bytes)
Event: 52.332 Thread 0x0000016a56e59760 nmethod 15399 0x0000016a4485e210 code [0x0000016a4485e380, 0x0000016a4485e418]
Event: 52.332 Thread 0x0000016a56e59760 15398       4       com.android.tools.r8.graph.u2::c (45 bytes)
Event: 52.333 Thread 0x0000016a56e59760 nmethod 15398 0x0000016a4485e510 code [0x0000016a4485e680, 0x0000016a4485e858]
Event: 52.333 Thread 0x0000016a56e59760 15401       4       com.android.tools.r8.internal.Xt::a (584 bytes)
Event: 52.336 Thread 0x0000016a56e59760 nmethod 15401 0x0000016a4485e910 code [0x0000016a4485eaa0, 0x0000016a4485ecc8]
Event: 52.336 Thread 0x0000016a56e59760 15402  s    4       java.io.ByteArrayOutputStream::toByteArray (12 bytes)
Event: 52.341 Thread 0x0000016a56e59760 nmethod 15402 0x0000016a4485ef10 code [0x0000016a4485f0a0, 0x0000016a4485f5d8]
Event: 52.341 Thread 0x0000016a56e59760 15403       4       com.android.tools.r8.dex.B::a (77 bytes)

GC Heap History (20 events):
Event: 46.519 GC heap before
{Heap before GC invocations=58 (full 0):
 garbage-first heap   total 183296K, used 148704K [0x0000000080000000, 0x0000000100000000)
  region size 1024K, 33 young (33792K), 2 survivors (2048K)
 Metaspace       used 93465K, committed 94080K, reserved 1130496K
  class space    used 12444K, committed 12736K, reserved 1048576K
}
Event: 46.524 GC heap after
{Heap after GC invocations=59 (full 0):
 garbage-first heap   total 183296K, used 119148K [0x0000000080000000, 0x0000000100000000)
  region size 1024K, 3 young (3072K), 3 survivors (3072K)
 Metaspace       used 93465K, committed 94080K, reserved 1130496K
  class space    used 12444K, committed 12736K, reserved 1048576K
}
Event: 46.970 GC heap before
{Heap before GC invocations=59 (full 0):
 garbage-first heap   total 183296K, used 151916K [0x0000000080000000, 0x0000000100000000)
  region size 1024K, 35 young (35840K), 3 survivors (3072K)
 Metaspace       used 94713K, committed 95360K, reserved 1138688K
  class space    used 12600K, committed 12928K, reserved 1048576K
}
Event: 46.977 GC heap after
{Heap after GC invocations=60 (full 0):
 garbage-first heap   total 183296K, used 120761K [0x0000000080000000, 0x0000000100000000)
  region size 1024K, 4 young (4096K), 4 survivors (4096K)
 Metaspace       used 94713K, committed 95360K, reserved 1138688K
  class space    used 12600K, committed 12928K, reserved 1048576K
}
Event: 47.336 GC heap before
{Heap before GC invocations=60 (full 0):
 garbage-first heap   total 183296K, used 157625K [0x0000000080000000, 0x0000000100000000)
  region size 1024K, 35 young (35840K), 4 survivors (4096K)
 Metaspace       used 95597K, committed 96320K, reserved 1138688K
  class space    used 12699K, committed 13056K, reserved 1048576K
}
Event: 47.345 GC heap after
{Heap after GC invocations=61 (full 0):
 garbage-first heap   total 183296K, used 124871K [0x0000000080000000, 0x0000000100000000)
  region size 1024K, 5 young (5120K), 5 survivors (5120K)
 Metaspace       used 95597K, committed 96320K, reserved 1138688K
  class space    used 12699K, committed 13056K, reserved 1048576K
}
Event: 47.941 GC heap before
{Heap before GC invocations=61 (full 0):
 garbage-first heap   total 183296K, used 154567K [0x0000000080000000, 0x0000000100000000)
  region size 1024K, 33 young (33792K), 5 survivors (5120K)
 Metaspace       used 96693K, committed 97344K, reserved 1138688K
  class space    used 12827K, committed 13120K, reserved 1048576K
}
Event: 47.946 GC heap after
{Heap after GC invocations=62 (full 0):
 garbage-first heap   total 183296K, used 123141K [0x0000000080000000, 0x0000000100000000)
  region size 1024K, 1 young (1024K), 1 survivors (1024K)
 Metaspace       used 96693K, committed 97344K, reserved 1138688K
  class space    used 12827K, committed 13120K, reserved 1048576K
}
Event: 48.887 GC heap before
{Heap before GC invocations=62 (full 0):
 garbage-first heap   total 183296K, used 153861K [0x0000000080000000, 0x0000000100000000)
  region size 1024K, 32 young (32768K), 1 survivors (1024K)
 Metaspace       used 100458K, committed 101056K, reserved 1138688K
  class space    used 13340K, committed 13632K, reserved 1048576K
}
Event: 48.892 GC heap after
{Heap after GC invocations=63 (full 0):
 garbage-first heap   total 183296K, used 125539K [0x0000000080000000, 0x0000000100000000)
  region size 1024K, 4 young (4096K), 4 survivors (4096K)
 Metaspace       used 100458K, committed 101056K, reserved 1138688K
  class space    used 13340K, committed 13632K, reserved 1048576K
}
Event: 49.729 GC heap before
{Heap before GC invocations=63 (full 0):
 garbage-first heap   total 183296K, used 153187K [0x0000000080000000, 0x0000000100000000)
  region size 1024K, 32 young (32768K), 4 survivors (4096K)
 Metaspace       used 101267K, committed 101952K, reserved 1138688K
  class space    used 13434K, committed 13760K, reserved 1048576K
}
Event: 49.737 GC heap after
{Heap after GC invocations=64 (full 0):
 garbage-first heap   total 183296K, used 127746K [0x0000000080000000, 0x0000000100000000)
  region size 1024K, 3 young (3072K), 3 survivors (3072K)
 Metaspace       used 101267K, committed 101952K, reserved 1138688K
  class space    used 13434K, committed 13760K, reserved 1048576K
}
Event: 50.248 GC heap before
{Heap before GC invocations=64 (full 0):
 garbage-first heap   total 183296K, used 154370K [0x0000000080000000, 0x0000000100000000)
  region size 1024K, 30 young (30720K), 3 survivors (3072K)
 Metaspace       used 102044K, committed 102656K, reserved 1138688K
  class space    used 13527K, committed 13824K, reserved 1048576K
}
Event: 50.254 GC heap after
{Heap after GC invocations=65 (full 0):
 garbage-first heap   total 183296K, used 129365K [0x0000000080000000, 0x0000000100000000)
  region size 1024K, 4 young (4096K), 4 survivors (4096K)
 Metaspace       used 102044K, committed 102656K, reserved 1138688K
  class space    used 13527K, committed 13824K, reserved 1048576K
}
Event: 50.742 GC heap before
{Heap before GC invocations=65 (full 0):
 garbage-first heap   total 183296K, used 160085K [0x0000000080000000, 0x0000000100000000)
  region size 1024K, 31 young (31744K), 4 survivors (4096K)
 Metaspace       used 102666K, committed 103360K, reserved 1138688K
  class space    used 13605K, committed 13888K, reserved 1048576K
}
Event: 50.749 GC heap after
{Heap after GC invocations=66 (full 0):
 garbage-first heap   total 183296K, used 137913K [0x0000000080000000, 0x0000000100000000)
  region size 1024K, 4 young (4096K), 4 survivors (4096K)
 Metaspace       used 102666K, committed 103360K, reserved 1138688K
  class space    used 13605K, committed 13888K, reserved 1048576K
}
Event: 51.141 GC heap before
{Heap before GC invocations=66 (full 0):
 garbage-first heap   total 183296K, used 157369K [0x0000000080000000, 0x0000000100000000)
  region size 1024K, 23 young (23552K), 4 survivors (4096K)
 Metaspace       used 104047K, committed 104640K, reserved 1146880K
  class space    used 13795K, committed 14080K, reserved 1048576K
}
Event: 51.149 GC heap after
{Heap after GC invocations=67 (full 0):
 garbage-first heap   total 220160K, used 141830K [0x0000000080000000, 0x0000000100000000)
  region size 1024K, 3 young (3072K), 3 survivors (3072K)
 Metaspace       used 104047K, committed 104640K, reserved 1146880K
  class space    used 13795K, committed 14080K, reserved 1048576K
}
Event: 51.639 GC heap before
{Heap before GC invocations=67 (full 0):
 garbage-first heap   total 220160K, used 179718K [0x0000000080000000, 0x0000000100000000)
  region size 1024K, 41 young (41984K), 3 survivors (3072K)
 Metaspace       used 105932K, committed 106688K, reserved 1146880K
  class space    used 14049K, committed 14400K, reserved 1048576K
}
Event: 51.646 GC heap after
{Heap after GC invocations=68 (full 0):
 garbage-first heap   total 220160K, used 143616K [0x0000000080000000, 0x0000000100000000)
  region size 1024K, 5 young (5120K), 5 survivors (5120K)
 Metaspace       used 105932K, committed 106688K, reserved 1146880K
  class space    used 14049K, committed 14400K, reserved 1048576K
}

Dll operation events (2 events):
Event: 0.036 Loaded shared library C:\Program Files\Android\Android Studio\jbr\bin\java.dll
Event: 3.044 Loaded shared library C:\Program Files\Android\Android Studio\jbr\bin\verify.dll

Deoptimization events (20 events):
Event: 52.184 Thread 0x0000016a5c787df0 DEOPT PACKING pc=0x0000016a3ddea48d sp=0x00000023d9cfd430
Event: 52.185 Thread 0x0000016a5c787df0 DEOPT UNPACKING pc=0x0000016a43b4ace3 sp=0x00000023d9cfca70 mode 0
Event: 52.276 Thread 0x0000016a5c787df0 DEOPT PACKING pc=0x0000016a3ddea48d sp=0x00000023d9cfd430
Event: 52.276 Thread 0x0000016a5c787df0 DEOPT UNPACKING pc=0x0000016a43b4ace3 sp=0x00000023d9cfca70 mode 0
Event: 52.291 Thread 0x0000016a5c787df0 DEOPT PACKING pc=0x0000016a3ddea48d sp=0x00000023d9cfd430
Event: 52.291 Thread 0x0000016a5c787df0 DEOPT UNPACKING pc=0x0000016a43b4ace3 sp=0x00000023d9cfca70 mode 0
Event: 52.307 Thread 0x0000016a5c787df0 DEOPT PACKING pc=0x0000016a3ddea48d sp=0x00000023d9cfd430
Event: 52.307 Thread 0x0000016a5c787df0 DEOPT UNPACKING pc=0x0000016a43b4ace3 sp=0x00000023d9cfca70 mode 0
Event: 52.309 Thread 0x0000016a5c787df0 DEOPT PACKING pc=0x0000016a3ddea48d sp=0x00000023d9cfd430
Event: 52.309 Thread 0x0000016a5c787df0 DEOPT UNPACKING pc=0x0000016a43b4ace3 sp=0x00000023d9cfca70 mode 0
Event: 52.324 Thread 0x0000016a5c787df0 DEOPT PACKING pc=0x0000016a3ddea48d sp=0x00000023d9cfd430
Event: 52.324 Thread 0x0000016a5c787df0 DEOPT UNPACKING pc=0x0000016a43b4ace3 sp=0x00000023d9cfca70 mode 0
Event: 52.333 Thread 0x0000016a5c787df0 DEOPT PACKING pc=0x0000016a3ddea48d sp=0x00000023d9cfd430
Event: 52.333 Thread 0x0000016a5c787df0 DEOPT UNPACKING pc=0x0000016a43b4ace3 sp=0x00000023d9cfca70 mode 0
Event: 52.336 Thread 0x0000016a5c787df0 DEOPT PACKING pc=0x0000016a3ddea48d sp=0x00000023d9cfd430
Event: 52.336 Thread 0x0000016a5c787df0 DEOPT UNPACKING pc=0x0000016a43b4ace3 sp=0x00000023d9cfca70 mode 0
Event: 52.340 Thread 0x0000016a5c787df0 DEOPT PACKING pc=0x0000016a3ddea48d sp=0x00000023d9cfd430
Event: 52.340 Thread 0x0000016a5c787df0 DEOPT UNPACKING pc=0x0000016a43b4ace3 sp=0x00000023d9cfca70 mode 0
Event: 52.341 Thread 0x0000016a5c787df0 DEOPT PACKING pc=0x0000016a3ddea48d sp=0x00000023d9cfd430
Event: 52.341 Thread 0x0000016a5c787df0 DEOPT UNPACKING pc=0x0000016a43b4ace3 sp=0x00000023d9cfca70 mode 0

Classes unloaded (0 events):
No events

Classes redefined (0 events):
No events

Internal exceptions (20 events):
Event: 51.726 Thread 0x0000016a59921420 Exception <a 'sun/nio/fs/WindowsException'{0x000000008d304c30}> (0x000000008d304c30) 
thrown [s\src\hotspot\share\prims\jni.cpp, line 517]
Event: 51.727 Thread 0x0000016a59921420 Exception <a 'sun/nio/fs/WindowsException'{0x000000008d306ab8}> (0x000000008d306ab8) 
thrown [s\src\hotspot\share\prims\jni.cpp, line 517]
Event: 51.727 Thread 0x0000016a59921420 Exception <a 'sun/nio/fs/WindowsException'{0x000000008d307960}> (0x000000008d307960) 
thrown [s\src\hotspot\share\prims\jni.cpp, line 517]
Event: 51.727 Thread 0x0000016a59921420 Exception <a 'sun/nio/fs/WindowsException'{0x000000008d3079d0}> (0x000000008d3079d0) 
thrown [s\src\hotspot\share\prims\jni.cpp, line 517]
Event: 51.727 Thread 0x0000016a59921420 Exception <a 'sun/nio/fs/WindowsException'{0x000000008d307dd8}> (0x000000008d307dd8) 
thrown [s\src\hotspot\share\prims\jni.cpp, line 517]
Event: 51.727 Thread 0x0000016a59921420 Exception <a 'sun/nio/fs/WindowsException'{0x000000008d309c28}> (0x000000008d309c28) 
thrown [s\src\hotspot\share\prims\jni.cpp, line 517]
Event: 51.728 Thread 0x0000016a59921420 Exception <a 'sun/nio/fs/WindowsException'{0x000000008d30aae8}> (0x000000008d30aae8) 
thrown [s\src\hotspot\share\prims\jni.cpp, line 517]
Event: 51.728 Thread 0x0000016a59921420 Exception <a 'sun/nio/fs/WindowsException'{0x000000008d30ab58}> (0x000000008d30ab58) 
thrown [s\src\hotspot\share\prims\jni.cpp, line 517]
Event: 51.728 Thread 0x0000016a59921420 Exception <a 'sun/nio/fs/WindowsException'{0x000000008d30afa0}> (0x000000008d30afa0) 
thrown [s\src\hotspot\share\prims\jni.cpp, line 517]
Event: 51.728 Thread 0x0000016a59921420 Exception <a 'sun/nio/fs/WindowsException'{0x000000008d30cd90}> (0x000000008d30cd90) 
thrown [s\src\hotspot\share\prims\jni.cpp, line 517]
Event: 51.728 Thread 0x0000016a59921420 Exception <a 'sun/nio/fs/WindowsException'{0x000000008d30dc20}> (0x000000008d30dc20) 
thrown [s\src\hotspot\share\prims\jni.cpp, line 517]
Event: 51.728 Thread 0x0000016a59921420 Exception <a 'sun/nio/fs/WindowsException'{0x000000008d30dc90}> (0x000000008d30dc90) 
thrown [s\src\hotspot\share\prims\jni.cpp, line 517]
Event: 51.728 Thread 0x0000016a59921420 Exception <a 'sun/nio/fs/WindowsException'{0x000000008d30e048}> (0x000000008d30e048) 
thrown [s\src\hotspot\share\prims\jni.cpp, line 517]
Event: 51.729 Thread 0x0000016a59921420 Exception <a 'sun/nio/fs/WindowsException'{0x000000008d30fe40}> (0x000000008d30fe40) 
thrown [s\src\hotspot\share\prims\jni.cpp, line 517]
Event: 51.750 Thread 0x0000016a59921420 Exception <a 'java/lang/NoSuchMethodError'{0x000000008d2cf440}: static Lcom/android/builder/internal/aapt/AaptOptions;.<clinit>()V> (0x000000008d2cf440) 
thrown [s\src\hotspot\share\prims\jni.cpp, line 1108]
Event: 51.759 Thread 0x0000016a59921420 Exception <a 'java/lang/NoSuchMethodError'{0x000000008d156a28}: static Ljava/lang/Object;.<clinit>()V> (0x000000008d156a28) 
thrown [s\src\hotspot\share\prims\jni.cpp, line 1108]
Event: 51.765 Thread 0x0000016a59921420 Exception <a 'java/lang/NoSuchMethodError'{0x000000008d18dbd0}: static Lcom/android/build/api/variant/impl/SerializableApplicationMultiOutputHandler;.<clinit>()V> (0x000000008d18dbd0) 
thrown [s\src\hotspot\share\prims\jni.cpp, line 1108]
Event: 51.774 Thread 0x0000016a59921420 Exception <a 'java/lang/NoSuchMethodError'{0x000000008d1c2340}: static Lcom/android/build/api/variant/impl/VariantOutputImpl$SerializedForm;.<clinit>()V> (0x000000008d1c2340) 
thrown [s\src\hotspot\share\prims\jni.cpp, line 1108]
Event: 51.783 Thread 0x0000016a59921420 Exception <a 'java/lang/NoSuchMethodError'{0x000000008d011de8}: static Lcom/android/build/api/variant/impl/VariantOutputConfigurationImpl;.<clinit>()V> (0x000000008d011de8) 
thrown [s\src\hotspot\share\prims\jni.cpp, line 1108]
Event: 51.784 Thread 0x0000016a5c787df0 Exception <a 'java/lang/NoSuchMethodError'{0x000000008d1fe598}: 'java.lang.Object java.lang.invoke.DirectMethodHandle$Holder.invokeStaticInit(java.lang.Object, java.lang.Object, java.lang.Object, java.lang.Object, java.lang.Object, java.lang.Object, java.lang.Object, java.lang.Object, java.lang.Object, java.lang.Object, java.lang.Object, java.lang.Object, java.lang.Object, java.lang.Object, java.lang.Object, java.lang.Object, java.lang.Object, java.lang.Object, java.lang.Object, java.lang.Object, int, java

VM Operations (20 events):
Event: 51.141 Executing VM operation: G1CollectForAllocation
Event: 51.150 Executing VM operation: G1CollectForAllocation done
Event: 51.194 Executing VM operation: HandshakeAllThreads
Event: 51.194 Executing VM operation: HandshakeAllThreads done
Event: 51.261 Executing VM operation: HandshakeAllThreads
Event: 51.267 Executing VM operation: HandshakeAllThreads done
Event: 51.297 Executing VM operation: HandshakeAllThreads
Event: 51.297 Executing VM operation: HandshakeAllThreads done
Event: 51.299 Executing VM operation: HandshakeAllThreads
Event: 51.300 Executing VM operation: HandshakeAllThreads done
Event: 51.610 Executing VM operation: ICBufferFull
Event: 51.614 Executing VM operation: ICBufferFull done
Event: 51.639 Executing VM operation: G1CollectForAllocation
Event: 51.650 Executing VM operation: G1CollectForAllocation done
Event: 51.740 Executing VM operation: HandshakeAllThreads
Event: 51.751 Executing VM operation: HandshakeAllThreads done
Event: 51.859 Executing VM operation: HandshakeAllThreads
Event: 51.860 Executing VM operation: HandshakeAllThreads done
Event: 51.886 Executing VM operation: HandshakeAllThreads
Event: 51.886 Executing VM operation: HandshakeAllThreads done

Events (20 events):
Event: 51.309 loading class java/util/zip/Deflater$DeflaterZStreamRef done
Event: 51.335 loading class java/util/TreeMap$AscendingSubMap
Event: 51.336 loading class java/util/TreeMap$AscendingSubMap done
Event: 51.336 loading class java/util/TreeMap$NavigableSubMap$SubMapKeyIterator
Event: 51.337 loading class java/util/TreeMap$NavigableSubMap$SubMapKeyIterator done
Event: 51.731 loading class java/nio/BufferUnderflowException
Event: 51.731 loading class java/nio/BufferUnderflowException done
Event: 51.765 Thread 0x0000016a538a31f0 flushing nmethod 0x0000016a3cc46f10
Event: 51.771 Thread 0x0000016a538a31f0 flushing nmethod 0x0000016a3cf7bf10
Event: 51.771 Thread 0x0000016a538a31f0 flushing nmethod 0x0000016a3cfccb10
Event: 51.771 Thread 0x0000016a538a31f0 flushing nmethod 0x0000016a3cfdd990
Event: 51.772 Thread 0x0000016a538a31f0 flushing nmethod 0x0000016a3d027c10
Event: 51.772 Thread 0x0000016a538a31f0 flushing nmethod 0x0000016a3d02ab90
Event: 51.910 loading class java/util/concurrent/Executors$DelegatedScheduledExecutorService
Event: 51.911 loading class java/util/concurrent/Executors$DelegatedExecutorService
Event: 51.911 loading class java/util/concurrent/Executors$DelegatedExecutorService done
Event: 51.911 loading class java/util/concurrent/Executors$DelegatedScheduledExecutorService done
Event: 51.913 Thread 0x0000016a5c7852a0 Thread added: 0x0000016a5c7852a0
Event: 51.920 loading class java/lang/ProcessImpl
Event: 51.922 loading class java/lang/ProcessImpl done


Dynamic libraries:
0x00007ff7d97e0000 - 0x00007ff7d97ea000 	C:\Program Files\Android\Android Studio\jbr\bin\java.exe
0x00007ff8478d0000 - 0x00007ff847ae7000 	C:\Windows\SYSTEM32\ntdll.dll
0x00007ff846cd0000 - 0x00007ff846d94000 	C:\Windows\System32\KERNEL32.DLL
0x00007ff8451e0000 - 0x00007ff845587000 	C:\Windows\System32\KERNELBASE.dll
0x00007ff844ea0000 - 0x00007ff844fb1000 	C:\Windows\System32\ucrtbase.dll
0x00007ff822b90000 - 0x00007ff822ba7000 	C:\Program Files\Android\Android Studio\jbr\bin\jli.dll
0x00007ff81e390000 - 0x00007ff81e3ab000 	C:\Program Files\Android\Android Studio\jbr\bin\VCRUNTIME140.dll
0x00007ff846e40000 - 0x00007ff846fee000 	C:\Windows\System32\USER32.dll
0x00007ff8451b0000 - 0x00007ff8451d6000 	C:\Windows\System32\win32u.dll
0x00007ff846e10000 - 0x00007ff846e39000 	C:\Windows\System32\GDI32.dll
0x00007ff844c50000 - 0x00007ff844d69000 	C:\Windows\System32\gdi32full.dll
0x00007ff845590000 - 0x00007ff84562a000 	C:\Windows\System32\msvcp_win.dll
0x00007ff827920000 - 0x00007ff827bb3000 	C:\Windows\WinSxS\amd64_microsoft.windows.common-controls_6595b64144ccf1df_6.0.22621.2506_none_270c5ae97388e100\COMCTL32.dll
0x00007ff847300000 - 0x00007ff8473a7000 	C:\Windows\System32\msvcrt.dll
0x00007ff8472c0000 - 0x00007ff8472f1000 	C:\Windows\System32\IMM32.DLL
0x00007ff841020000 - 0x00007ff84102c000 	C:\Program Files\Android\Android Studio\jbr\bin\vcruntime140_1.dll
0x00007ff81b960000 - 0x00007ff81b9ed000 	C:\Program Files\Android\Android Studio\jbr\bin\msvcp140.dll
0x00007fffca860000 - 0x00007fffcb4ce000 	C:\Program Files\Android\Android Studio\jbr\bin\server\jvm.dll
0x00007ff8459e0000 - 0x00007ff845a90000 	C:\Windows\System32\ADVAPI32.dll
0x00007ff845930000 - 0x00007ff8459d6000 	C:\Windows\System32\sechost.dll
0x00007ff845ab0000 - 0x00007ff845bc7000 	C:\Windows\System32\RPCRT4.dll
0x00007ff81fa40000 - 0x00007ff81fa49000 	C:\Windows\SYSTEM32\WSOCK32.dll
0x00007ff846530000 - 0x00007ff8465a1000 	C:\Windows\System32\WS2_32.dll
0x00007ff83c7a0000 - 0x00007ff83c7d4000 	C:\Windows\SYSTEM32\WINMM.dll
0x00007ff83d6f0000 - 0x00007ff83d6fa000 	C:\Windows\SYSTEM32\VERSION.dll
0x00007ff843bb0000 - 0x00007ff843bc8000 	C:\Windows\SYSTEM32\kernel.appcore.dll
0x00007ff83fa90000 - 0x00007ff83fa9a000 	C:\Program Files\Android\Android Studio\jbr\bin\jimage.dll
0x00007ff842480000 - 0x00007ff8426b3000 	C:\Windows\SYSTEM32\DBGHELP.DLL
0x00007ff846750000 - 0x00007ff846ad9000 	C:\Windows\System32\combase.dll
0x00007ff846ff0000 - 0x00007ff8470c7000 	C:\Windows\System32\OLEAUT32.dll
0x00007ff81e170000 - 0x00007ff81e1a2000 	C:\Windows\SYSTEM32\dbgcore.DLL
0x00007ff844fc0000 - 0x00007ff84503a000 	C:\Windows\System32\bcryptPrimitives.dll
0x00007ff8242a0000 - 0x00007ff8242c5000 	C:\Program Files\Android\Android Studio\jbr\bin\java.dll
0x00007ff82ce70000 - 0x00007ff82ce88000 	C:\Program Files\Android\Android Studio\jbr\bin\zip.dll
0x00007ff845bd0000 - 0x00007ff846429000 	C:\Windows\System32\SHELL32.dll
0x00007ff842b20000 - 0x00007ff843414000 	C:\Windows\SYSTEM32\windows.storage.dll
0x00007ff8429e0000 - 0x00007ff842b1e000 	C:\Windows\SYSTEM32\wintypes.dll
0x00007ff846ae0000 - 0x00007ff846bd3000 	C:\Windows\System32\SHCORE.dll
0x00007ff847220000 - 0x00007ff84727e000 	C:\Windows\System32\shlwapi.dll
0x00007ff844b80000 - 0x00007ff844ba6000 	C:\Windows\SYSTEM32\profapi.dll
0x00007ff824280000 - 0x00007ff824299000 	C:\Program Files\Android\Android Studio\jbr\bin\net.dll
0x00007ff83f910000 - 0x00007ff83fa47000 	C:\Windows\SYSTEM32\WINHTTP.dll
0x00007ff844090000 - 0x00007ff8440f9000 	C:\Windows\system32\mswsock.dll
0x00007ff824260000 - 0x00007ff824276000 	C:\Program Files\Android\Android Studio\jbr\bin\nio.dll
0x00007ff83e5a0000 - 0x00007ff83e5b0000 	C:\Program Files\Android\Android Studio\jbr\bin\verify.dll
0x00007ff81e720000 - 0x00007ff81e747000 	C:\Users\vuyom\.gradle\native\68d5fa5c4cc2d200863cafc0d521ce42e7d3e7ee720ec0a83991735586a16f82\windows-amd64\native-platform.dll
0x00007fffe5f50000 - 0x00007fffe6094000 	C:\Users\vuyom\.gradle\native\e376f236ea51e6404a007f0833ffe2c6e607c4080706a723a18a27aeea778392\windows-amd64\native-platform-file-events.dll
0x00007ff83bc00000 - 0x00007ff83bc09000 	C:\Program Files\Android\Android Studio\jbr\bin\management.dll
0x00007ff82cd00000 - 0x00007ff82cd0b000 	C:\Program Files\Android\Android Studio\jbr\bin\management_ext.dll
0x00007ff845870000 - 0x00007ff845878000 	C:\Windows\System32\PSAPI.DLL
0x00007ff8442b0000 - 0x00007ff8442cb000 	C:\Windows\SYSTEM32\CRYPTSP.dll
0x00007ff843b70000 - 0x00007ff843ba5000 	C:\Windows\system32\rsaenh.dll
0x00007ff844150000 - 0x00007ff84417c000 	C:\Windows\SYSTEM32\USERENV.dll
0x00007ff844510000 - 0x00007ff844538000 	C:\Windows\SYSTEM32\bcrypt.dll
0x00007ff8442d0000 - 0x00007ff8442dc000 	C:\Windows\SYSTEM32\CRYPTBASE.dll
0x00007ff843670000 - 0x00007ff84369d000 	C:\Windows\SYSTEM32\IPHLPAPI.DLL
0x00007ff8472a0000 - 0x00007ff8472a9000 	C:\Windows\System32\NSI.dll
0x00007ff83d700000 - 0x00007ff83d719000 	C:\Windows\SYSTEM32\dhcpcsvc6.DLL
0x00007ff83d1b0000 - 0x00007ff83d1cf000 	C:\Windows\SYSTEM32\dhcpcsvc.DLL
0x00007ff8436a0000 - 0x00007ff843799000 	C:\Windows\SYSTEM32\DNSAPI.dll
0x00007ff82b930000 - 0x00007ff82b938000 	C:\Windows\system32\wshunix.dll

dbghelp: loaded successfully - version: 4.0.5 - missing functions: none
symbol engine: initialized successfully - sym options: 0x614 - pdb path: .;C:\Program Files\Android\Android Studio\jbr\bin;C:\Windows\SYSTEM32;C:\Windows\WinSxS\amd64_microsoft.windows.common-controls_6595b64144ccf1df_6.0.22621.2506_none_270c5ae97388e100;C:\Program Files\Android\Android Studio\jbr\bin\server;C:\Users\vuyom\.gradle\native\68d5fa5c4cc2d200863cafc0d521ce42e7d3e7ee720ec0a83991735586a16f82\windows-amd64;C:\Users\vuyom\.gradle\native\e376f236ea51e6404a007f0833ffe2c6e607c4080706a723a18a27aeea778392\windows-amd64

VM Arguments:
jvm_args: --add-opens=java.base/java.util=ALL-UNNAMED --add-opens=java.base/java.lang=ALL-UNNAMED --add-opens=java.base/java.lang.invoke=ALL-UNNAMED --add-opens=java.prefs/java.util.prefs=ALL-UNNAMED --add-opens=java.base/java.nio.charset=ALL-UNNAMED --add-opens=java.base/java.net=ALL-UNNAMED --add-opens=java.base/java.util.concurrent.atomic=ALL-UNNAMED -Xmx2048m -Dfile.encoding=UTF-8 -Duser.country=US -Duser.language=en -Duser.variant 
java_command: org.gradle.launcher.daemon.bootstrap.GradleDaemon 8.0
java_class_path (initial): C:\Users\vuyom\.gradle\wrapper\dists\gradle-8.0-bin\ca5e32bp14vu59qr306oxotwh\gradle-8.0\lib\gradle-launcher-8.0.jar
Launcher Type: SUN_STANDARD

[Global flags]
     intx CICompilerCount                          = 4                                         {product} {ergonomic}
     uint ConcGCThreads                            = 2                                         {product} {ergonomic}
     uint G1ConcRefinementThreads                  = 8                                         {product} {ergonomic}
   size_t G1HeapRegionSize                         = 1048576                                   {product} {ergonomic}
    uintx GCDrainStackTargetSize                   = 64                                        {product} {ergonomic}
   size_t InitialHeapSize                          = 130023424                                 {product} {ergonomic}
   size_t MarkStackSize                            = 4194304                                   {product} {ergonomic}
   size_t MaxHeapSize                              = 2147483648                                {product} {command line}
   size_t MaxNewSize                               = 1287651328                                {product} {ergonomic}
   size_t MinHeapDeltaBytes                        = 1048576                                   {product} {ergonomic}
   size_t MinHeapSize                              = 8388608                                   {product} {ergonomic}
    uintx NonNMethodCodeHeapSize                   = 5839372                                {pd product} {ergonomic}
    uintx NonProfiledCodeHeapSize                  = 122909434                              {pd product} {ergonomic}
    uintx ProfiledCodeHeapSize                     = 122909434                              {pd product} {ergonomic}
    uintx ReservedCodeCacheSize                    = 251658240                              {pd product} {ergonomic}
     bool SegmentedCodeCache                       = true                                      {product} {ergonomic}
   size_t SoftMaxHeapSize                          = 2147483648                             {manageable} {ergonomic}
     bool UseCompressedClassPointers               = true                           {product lp64_product} {ergonomic}
     bool UseCompressedOops                        = true                           {product lp64_product} {ergonomic}
     bool UseG1GC                                  = true                                      {product} {ergonomic}
     bool UseLargePagesIndividualAllocation        = false                                  {pd product} {ergonomic}

Logging:
Log output configuration:
 #0: stdout all=warning uptime,level,tags
 #1: stderr all=off uptime,level,tags

Environment Variables:
PATH=C:\Windows\system32;C:\Windows;C:\Windows\System32\Wbem;C:\Windows\System32\WindowsPowerShell\v1.0\;C:\Windows\System32\OpenSSH\;C:\Program Files\Git\cmd;C:\Users\vuyom\AppData\Local\Microsoft\WindowsApps;;C:\Users\vuyom\AppData\Local\Programs\Microsoft VS Code\bin
USERNAME=vuyom
OS=Windows_NT
PROCESSOR_IDENTIFIER=Intel64 Family 6 Model 140 Stepping 1, GenuineIntel
TMP=C:\Users\vuyom\AppData\Local\Temp
TEMP=C:\Users\vuyom\AppData\Local\Temp


JNI global refs:
JNI global refs: 26, weak refs: 1

JNI global refs memory usage: 843, weak refs: 841


---------------  S Y S T E M  ---------------

OS:
 Windows 11 , 64 bit Build 22621 (10.0.22621.2506)
OS uptime: 0 days 6:27 hours
Hyper-V role detected

CPU: total 8 (initial active 8) (4 cores per cpu, 2 threads per core) family 6 model 140 stepping 1 microcode 0xac, cx8, cmov, fxsr, ht, mmx, 3dnowpref, sse, sse2, sse3, ssse3, sse4.1, sse4.2, popcnt, lzcnt, tsc, tscinvbit, avx, avx2, aes, erms, clmul, bmi1, bmi2, adx, avx512f, avx512dq, avx512cd, avx512bw, avx512vl, sha, fma, vzeroupper, avx512_vpopcntdq, avx512_vpclmulqdq, avx512_vaes, avx512_vnni, clflush, clflushopt, clwb, avx512_vbmi2, avx512_vbmi, hv

Memory: 4k page, system-wide physical 7932M (490M free)
TotalPageFile size 11891M (AvailPageFile size 4M)
current process WorkingSet (physical memory assigned to process): 465M, peak: 465M
current process commit charge ("private bytes"): 548M, peak: 551M

vm_info: OpenJDK 64-Bit Server VM (17.0.6+0-b2043.56-10027231) for windows-amd64 JRE (17.0.6+0-b2043.56-10027231), built on Apr 28 2023 00:43:19 by "androidbuild" with MS VC++ 16.10 / 16.11 (VS2019)

END.
