#
# There is insufficient memory for the Java Runtime Environment to continue.
# Native memory allocation (malloc) failed to allocate 1770096 bytes for Chunk::new
# Possible reasons:
#   The system is out of physical RAM or swap space
#   The process is running with CompressedOops enabled, and the Java Heap may be blocking the growth of the native heap
# Possible solutions:
#   Reduce memory load on the system
#   Increase physical memory or swap space
#   Check if swap backing store is full
#   Decrease Java heap size (-Xmx/-Xms)
#   Decrease number of Java threads
#   Decrease Java thread stack sizes (-Xss)
#   Set larger code cache with -XX:ReservedCodeCacheSize=
#   JVM is running with Unscaled Compressed Oops mode in which the Java heap is
#     placed in the first 4GB address space. The Java Heap base address is the
#     maximum limit for the native heap growth. Please use -XX:HeapBaseMinAddress
#     to set the Java Heap base and to place the Java Heap above 4GB virtual address.
# This output file may be truncated or incomplete.
#
#  Out of Memory Error (arena.cpp:189), pid=9904, tid=11496
#
# JRE version: OpenJDK Runtime Environment (17.0.6) (build 17.0.6+0-b2043.56-10027231)
# Java VM: OpenJDK 64-Bit Server VM (17.0.6+0-b2043.56-10027231, mixed mode, tiered, compressed oops, compressed class ptrs, g1 gc, windows-amd64)
# No core dump will be written. Minidumps are not enabled by default on client versions of Windows
#

---------------  S U M M A R Y ------------

Command Line: --add-opens=java.base/java.util=ALL-UNNAMED --add-opens=java.base/java.lang=ALL-UNNAMED --add-opens=java.base/java.lang.invoke=ALL-UNNAMED --add-opens=java.prefs/java.util.prefs=ALL-UNNAMED --add-opens=java.base/java.nio.charset=ALL-UNNAMED --add-opens=java.base/java.net=ALL-UNNAMED --add-opens=java.base/java.util.concurrent.atomic=ALL-UNNAMED -Xmx2048m -Dfile.encoding=UTF-8 -Duser.country=US -Duser.language=en -Duser.variant org.gradle.launcher.daemon.bootstrap.GradleDaemon 8.0

Host: 11th Gen Intel(R) Core(TM) i5-1135G7 @ 2.40GHz, 8 cores, 7G,  Windows 11 , 64 bit Build 22621 (10.0.22621.2506)
Time: Mon Oct 30 17:01:18 2023 South Africa Standard Time elapsed time: 6.717357 seconds (0d 0h 0m 6s)

---------------  T H R E A D  ---------------

Current thread (0x000001c84b0357c0):  JavaThread "C2 CompilerThread0" daemon [_thread_in_native, id=11496, stack(0x000000bbbe500000,0x000000bbbe600000)]


Current CompileTask:
C2:   6717 3845       4       org.objectweb.asm.Frame::execute (2318 bytes)

Stack: [0x000000bbbe500000,0x000000bbbe600000]
Native frames: (J=compiled Java code, j=interpreted, Vv=VM code, C=native code)
V  [jvm.dll+0x683c9a]
V  [jvm.dll+0x8427a4]
V  [jvm.dll+0x843f9e]
V  [jvm.dll+0x844603]
V  [jvm.dll+0x249b75]
V  [jvm.dll+0xabcac]
V  [jvm.dll+0xac27c]
V  [jvm.dll+0x368802]
V  [jvm.dll+0x332f31]
V  [jvm.dll+0x3323da]
V  [jvm.dll+0x21c201]
V  [jvm.dll+0x21b621]
V  [jvm.dll+0x1a4fdd]
V  [jvm.dll+0x22b098]
V  [jvm.dll+0x229159]
V  [jvm.dll+0x7f81ec]
V  [jvm.dll+0x7f274a]
V  [jvm.dll+0x682ad5]
C  [ucrtbase.dll+0x29363]
C  [KERNEL32.DLL+0x1257d]
C  [ntdll.dll+0x5aa58]


---------------  P R O C E S S  ---------------

Threads class SMR info:
_java_thread_list=0x000001c84e2363d0, length=39, elements={
0x000001c8308165b0, 0x000001c84b013260, 0x000001c84b013e10, 0x000001c84a67bf40,
0x000001c84a67eb00, 0x000001c84a681bd0, 0x000001c84a682980, 0x000001c84b0357c0,
0x000001c84b036170, 0x000001c84b042b70, 0x000001c84b1afe70, 0x000001c84b1b4360,
0x000001c84be4d230, 0x000001c84be4dbd0, 0x000001c84be4f3e0, 0x000001c84d4e2f80,
0x000001c84be4ef10, 0x000001c84be4e0a0, 0x000001c84be4ea40, 0x000001c84be4c890,
0x000001c84be4e570, 0x000001c84be4f8b0, 0x000001c84be4bef0, 0x000001c84be4cd60,
0x000001c84d77a890, 0x000001c84d77ca40, 0x000001c84d77bbd0, 0x000001c84d7808d0,
0x000001c84d77fa60, 0x000001c84d77ff30, 0x000001c84d77e250, 0x000001c84d77b700,
0x000001c84d77ad60, 0x000001c84d780400, 0x000001c84d779ef0, 0x000001c84d77c570,
0x000001c84d77dd80, 0x000001c84d77e720, 0x000001c84d779080
}

Java Threads: ( => current thread )
  0x000001c8308165b0 JavaThread "main" [_thread_blocked, id=4656, stack(0x000000bbbd800000,0x000000bbbd900000)]
  0x000001c84b013260 JavaThread "Reference Handler" daemon [_thread_blocked, id=2508, stack(0x000000bbbdf00000,0x000000bbbe000000)]
  0x000001c84b013e10 JavaThread "Finalizer" daemon [_thread_blocked, id=14980, stack(0x000000bbbe000000,0x000000bbbe100000)]
  0x000001c84a67bf40 JavaThread "Signal Dispatcher" daemon [_thread_blocked, id=14168, stack(0x000000bbbe100000,0x000000bbbe200000)]
  0x000001c84a67eb00 JavaThread "Attach Listener" daemon [_thread_blocked, id=300, stack(0x000000bbbe200000,0x000000bbbe300000)]
  0x000001c84a681bd0 JavaThread "Service Thread" daemon [_thread_blocked, id=14780, stack(0x000000bbbe300000,0x000000bbbe400000)]
  0x000001c84a682980 JavaThread "Monitor Deflation Thread" daemon [_thread_blocked, id=13972, stack(0x000000bbbe400000,0x000000bbbe500000)]
=>0x000001c84b0357c0 JavaThread "C2 CompilerThread0" daemon [_thread_in_native, id=11496, stack(0x000000bbbe500000,0x000000bbbe600000)]
  0x000001c84b036170 JavaThread "C1 CompilerThread0" daemon [_thread_blocked, id=11564, stack(0x000000bbbe600000,0x000000bbbe700000)]
  0x000001c84b042b70 JavaThread "Sweeper thread" daemon [_thread_blocked, id=2592, stack(0x000000bbbe700000,0x000000bbbe800000)]
  0x000001c84b1afe70 JavaThread "Common-Cleaner" daemon [_thread_blocked, id=12820, stack(0x000000bbbe800000,0x000000bbbe900000)]
  0x000001c84b1b4360 JavaThread "Notification Thread" daemon [_thread_blocked, id=6448, stack(0x000000bbbe900000,0x000000bbbea00000)]
  0x000001c84be4d230 JavaThread "Daemon health stats" [_thread_blocked, id=3772, stack(0x000000bbbf000000,0x000000bbbf100000)]
  0x000001c84be4dbd0 JavaThread "Incoming local TCP Connector on port 54687" [_thread_in_native, id=7440, stack(0x000000bbbec00000,0x000000bbbed00000)]
  0x000001c84be4f3e0 JavaThread "Daemon periodic checks" [_thread_blocked, id=12236, stack(0x000000bbbf100000,0x000000bbbf200000)]
  0x000001c84d4e2f80 JavaThread "C2 CompilerThread1" daemon [_thread_in_native, id=9012, stack(0x000000bbbf200000,0x000000bbbf300000)]
  0x000001c84be4ef10 JavaThread "Daemon" [_thread_blocked, id=13372, stack(0x000000bbbf300000,0x000000bbbf400000)]
  0x000001c84be4e0a0 JavaThread "Handler for socket connection from /127.0.0.1:54687 to /127.0.0.1:54688" [_thread_in_native, id=15248, stack(0x000000bbbf400000,0x000000bbbf500000)]
  0x000001c84be4ea40 JavaThread "Cancel handler" [_thread_blocked, id=10276, stack(0x000000bbbf500000,0x000000bbbf600000)]
  0x000001c84be4c890 JavaThread "Daemon worker" [_thread_in_vm, id=2696, stack(0x000000bbbf600000,0x000000bbbf700000)]
  0x000001c84be4e570 JavaThread "Asynchronous log dispatcher for DefaultDaemonConnection: socket connection from /127.0.0.1:54687 to /127.0.0.1:54688" [_thread_blocked, id=15332, stack(0x000000bbbf700000,0x000000bbbf800000)]
  0x000001c84be4f8b0 JavaThread "Stdin handler" [_thread_blocked, id=7568, stack(0x000000bbbf800000,0x000000bbbf900000)]
  0x000001c84be4bef0 JavaThread "Daemon client event forwarder" [_thread_blocked, id=3056, stack(0x000000bbbf900000,0x000000bbbfa00000)]
  0x000001c84be4cd60 JavaThread "Cache worker for journal cache (C:\Users\vuyom\.gradle\caches\journal-1)" [_thread_blocked, id=15108, stack(0x000000bbbfe00000,0x000000bbbff00000)]
  0x000001c84d77a890 JavaThread "File lock request listener" [_thread_in_native, id=5972, stack(0x000000bbbff00000,0x000000bbc0000000)]
  0x000001c84d77ca40 JavaThread "Cache worker for file hash cache (C:\Users\vuyom\.gradle\caches\8.0\fileHashes)" [_thread_blocked, id=6752, stack(0x000000bbc0000000,0x000000bbc0100000)]
  0x000001c84d77bbd0 JavaThread "File watcher server" daemon [_thread_in_native, id=15200, stack(0x000000bbc0100000,0x000000bbc0200000)]
  0x000001c84d7808d0 JavaThread "File watcher consumer" daemon [_thread_blocked, id=6220, stack(0x000000bbc0200000,0x000000bbc0300000)]
  0x000001c84d77fa60 JavaThread "Cache worker for checksums cache (C:\Users\vuyom\AndroidStudioProjects\ufs-clinic-app\.gradle\8.0\checksums)" [_thread_blocked, id=1288, stack(0x000000bbc0300000,0x000000bbc0400000)]
  0x000001c84d77ff30 JavaThread "Cache worker for cache directory md-rule (C:\Users\vuyom\.gradle\caches\8.0\md-rule)" [_thread_blocked, id=11884, stack(0x000000bbc0400000,0x000000bbc0500000)]
  0x000001c84d77e250 JavaThread "Cache worker for file content cache (C:\Users\vuyom\.gradle\caches\8.0\fileContent)" [_thread_blocked, id=3116, stack(0x000000bbc0500000,0x000000bbc0600000)]
  0x000001c84d77b700 JavaThread "Cache worker for file hash cache (C:\Users\vuyom\AndroidStudioProjects\ufs-clinic-app\.gradle\8.0\fileHashes)" [_thread_blocked, id=11616, stack(0x000000bbc0600000,0x000000bbc0700000)]
  0x000001c84d77ad60 JavaThread "Cache worker for cache directory md-supplier (C:\Users\vuyom\.gradle\caches\8.0\md-supplier)" [_thread_blocked, id=6704, stack(0x000000bbc0700000,0x000000bbc0800000)]
  0x000001c84d780400 JavaThread "Cache worker for execution history cache (C:\Users\vuyom\.gradle\caches\8.0\executionHistory)" [_thread_blocked, id=3572, stack(0x000000bbc0800000,0x000000bbc0900000)]
  0x000001c84d779ef0 JavaThread "jar transforms" [_thread_blocked, id=11104, stack(0x000000bbc0900000,0x000000bbc0a00000)]
  0x000001c84d77c570 JavaThread "jar transforms Thread 2" [_thread_blocked, id=7660, stack(0x000000bbc0a00000,0x000000bbc0b00000)]
  0x000001c84d77dd80 JavaThread "jar transforms Thread 3" [_thread_blocked, id=14376, stack(0x000000bbc0b00000,0x000000bbc0c00000)]
  0x000001c84d77e720 JavaThread "jar transforms Thread 4" [_thread_blocked, id=4568, stack(0x000000bbc0c00000,0x000000bbc0d00000)]
  0x000001c84d779080 JavaThread "Cache worker for dependencies-accessors (C:\Users\vuyom\AndroidStudioProjects\ufs-clinic-app\.gradle\8.0\dependencies-accessors)" [_thread_blocked, id=4688, stack(0x000000bbc0d00000,0x000000bbc0e00000)]

Other Threads:
  0x000001c84a668930 VMThread "VM Thread" [stack: 0x000000bbbde00000,0x000000bbbdf00000] [id=5568]
  0x000001c83089e760 WatcherThread [stack: 0x000000bbbea00000,0x000000bbbeb00000] [id=14128]
  0x000001c8308747e0 GCTaskThread "GC Thread#0" [stack: 0x000000bbbd900000,0x000000bbbda00000] [id=4964]
  0x000001c84b8f7800 GCTaskThread "GC Thread#1" [stack: 0x000000bbbed00000,0x000000bbbee00000] [id=14240]
  0x000001c84b8f72a0 GCTaskThread "GC Thread#2" [stack: 0x000000bbbee00000,0x000000bbbef00000] [id=12280]
  0x000001c84b8f6ff0 GCTaskThread "GC Thread#3" [stack: 0x000000bbbef00000,0x000000bbbf000000] [id=6840]
  0x000001c84b8f7550 GCTaskThread "GC Thread#4" [stack: 0x000000bbbeb00000,0x000000bbbec00000] [id=5072]
  0x000001c84b8f7ab0 GCTaskThread "GC Thread#5" [stack: 0x000000bbbfa00000,0x000000bbbfb00000] [id=14736]
  0x000001c84b8f7d60 GCTaskThread "GC Thread#6" [stack: 0x000000bbbfb00000,0x000000bbbfc00000] [id=7512]
  0x000001c84b8f67e0 GCTaskThread "GC Thread#7" [stack: 0x000000bbbfc00000,0x000000bbbfd00000] [id=11428]
  0x000001c830886730 ConcurrentGCThread "G1 Main Marker" [stack: 0x000000bbbda00000,0x000000bbbdb00000] [id=7884]
  0x000001c830887140 ConcurrentGCThread "G1 Conc#0" [stack: 0x000000bbbdb00000,0x000000bbbdc00000] [id=5416]
  0x000001c84b8f6530 ConcurrentGCThread "G1 Conc#1" [stack: 0x000000bbbfd00000,0x000000bbbfe00000] [id=6300]
  0x000001c8308dd9c0 ConcurrentGCThread "G1 Refine#0" [stack: 0x000000bbbdc00000,0x000000bbbdd00000] [id=13596]
  0x000001c8308de3e0 ConcurrentGCThread "G1 Service" [stack: 0x000000bbbdd00000,0x000000bbbde00000] [id=11468]

Threads with active compile tasks:
C2 CompilerThread0     6749 3845       4       org.objectweb.asm.Frame::execute (2318 bytes)
C2 CompilerThread1     6749 3711       4       org.codehaus.groovy.runtime.metaclass.MetaMethodIndex::addMethodToList (131 bytes)

VM state: not at safepoint (normal execution)

VM Mutex/Monitor currently owned by a thread: None

Heap address: 0x0000000080000000, size: 2048 MB, Compressed Oops mode: 32-bit

CDS archive(s) not mapped
Compressed class space mapped at: 0x0000000100000000-0x0000000140000000, reserved size: 1073741824
Narrow klass base: 0x0000000000000000, Narrow klass shift: 3, Narrow klass range: 0x140000000

GC Precious Log:
 CPUs: 8 total, 8 available
 Memory: 7932M
 Large Page Support: Disabled
 NUMA Support: Disabled
 Compressed Oops: Enabled (32-bit)
 Heap Region Size: 1M
 Heap Min Capacity: 8M
 Heap Initial Capacity: 124M
 Heap Max Capacity: 2G
 Pre-touch: Disabled
 Parallel Workers: 8
 Concurrent Workers: 2
 Concurrent Refinement Workers: 8
 Periodic GC: Disabled

Heap:
 garbage-first heap   total 86016K, used 52307K [0x0000000080000000, 0x0000000100000000)
  region size 1024K, 24 young (24576K), 1 survivors (1024K)
 Metaspace       used 44543K, committed 44928K, reserved 1089536K
  class space    used 5888K, committed 6080K, reserved 1048576K

Heap Regions: E=young(eden), S=young(survivor), O=old, HS=humongous(starts), HC=humongous(continues), CS=collection set, F=free, OA=open archive, CA=closed archive, TAMS=top-at-mark-start (previous, next)
|   0|0x0000000080000000, 0x0000000080100000, 0x0000000080100000|100%|HS|  |TAMS 0x0000000080100000, 0x0000000080000000| Complete 
|   1|0x0000000080100000, 0x0000000080200000, 0x0000000080200000|100%|HC|  |TAMS 0x0000000080200000, 0x0000000080100000| Complete 
|   2|0x0000000080200000, 0x0000000080300000, 0x0000000080300000|100%|HC|  |TAMS 0x0000000080300000, 0x0000000080200000| Complete 
|   3|0x0000000080300000, 0x0000000080400000, 0x0000000080400000|100%|HC|  |TAMS 0x0000000080400000, 0x0000000080300000| Complete 
|   4|0x0000000080400000, 0x0000000080500000, 0x0000000080500000|100%| O|  |TAMS 0x0000000080500000, 0x0000000080400000| Untracked 
|   5|0x0000000080500000, 0x0000000080600000, 0x0000000080600000|100%| O|  |TAMS 0x0000000080600000, 0x0000000080500000| Untracked 
|   6|0x0000000080600000, 0x0000000080700000, 0x0000000080700000|100%| O|  |TAMS 0x0000000080700000, 0x0000000080600000| Untracked 
|   7|0x0000000080700000, 0x0000000080800000, 0x0000000080800000|100%| O|  |TAMS 0x0000000080800000, 0x0000000080700000| Untracked 
|   8|0x0000000080800000, 0x0000000080900000, 0x0000000080900000|100%| O|  |TAMS 0x0000000080900000, 0x0000000080800000| Untracked 
|   9|0x0000000080900000, 0x0000000080a00000, 0x0000000080a00000|100%| O|  |TAMS 0x0000000080a00000, 0x0000000080900000| Untracked 
|  10|0x0000000080a00000, 0x0000000080b00000, 0x0000000080b00000|100%| O|  |TAMS 0x0000000080a00000, 0x0000000080a00000| Untracked 
|  11|0x0000000080b00000, 0x0000000080c00000, 0x0000000080c00000|100%| O|  |TAMS 0x0000000080c00000, 0x0000000080b00000| Untracked 
|  12|0x0000000080c00000, 0x0000000080d00000, 0x0000000080d00000|100%| O|  |TAMS 0x0000000080d00000, 0x0000000080c00000| Untracked 
|  13|0x0000000080d00000, 0x0000000080e00000, 0x0000000080e00000|100%| O|  |TAMS 0x0000000080e00000, 0x0000000080d00000| Untracked 
|  14|0x0000000080e00000, 0x0000000080f00000, 0x0000000080f00000|100%| O|  |TAMS 0x0000000080f00000, 0x0000000080e00000| Untracked 
|  15|0x0000000080f00000, 0x0000000081000000, 0x0000000081000000|100%| O|  |TAMS 0x0000000081000000, 0x0000000080f00000| Untracked 
|  16|0x0000000081000000, 0x0000000081100000, 0x0000000081100000|100%| O|  |TAMS 0x0000000081100000, 0x0000000081000000| Untracked 
|  17|0x0000000081100000, 0x0000000081200000, 0x0000000081200000|100%| O|  |TAMS 0x0000000081200000, 0x0000000081100000| Untracked 
|  18|0x0000000081200000, 0x0000000081300000, 0x0000000081300000|100%| O|  |TAMS 0x0000000081300000, 0x0000000081200000| Untracked 
|  19|0x0000000081300000, 0x0000000081400000, 0x0000000081400000|100%| O|  |TAMS 0x0000000081400000, 0x0000000081300000| Untracked 
|  20|0x0000000081400000, 0x0000000081400000, 0x0000000081500000|  0%| F|  |TAMS 0x0000000081400000, 0x0000000081400000| Untracked 
|  21|0x0000000081500000, 0x0000000081600000, 0x0000000081600000|100%| O|  |TAMS 0x0000000081500000, 0x0000000081500000| Untracked 
|  22|0x0000000081600000, 0x0000000081700000, 0x0000000081700000|100%| O|  |TAMS 0x0000000081600000, 0x0000000081600000| Untracked 
|  23|0x0000000081700000, 0x0000000081800000, 0x0000000081800000|100%| O|  |TAMS 0x0000000081700000, 0x0000000081700000| Untracked 
|  24|0x0000000081800000, 0x0000000081900000, 0x0000000081900000|100%| O|  |TAMS 0x0000000081800000, 0x0000000081800000| Untracked 
|  25|0x0000000081900000, 0x0000000081a00000, 0x0000000081a00000|100%| O|  |TAMS 0x0000000081900000, 0x0000000081900000| Untracked 
|  26|0x0000000081a00000, 0x0000000081b00000, 0x0000000081b00000|100%| O|  |TAMS 0x0000000081a00000, 0x0000000081a00000| Untracked 
|  27|0x0000000081b00000, 0x0000000081b00000, 0x0000000081c00000|  0%| F|  |TAMS 0x0000000081b00000, 0x0000000081b00000| Untracked 
|  28|0x0000000081c00000, 0x0000000081c00000, 0x0000000081d00000|  0%| F|  |TAMS 0x0000000081c00000, 0x0000000081c00000| Untracked 
|  29|0x0000000081d00000, 0x0000000081d00000, 0x0000000081e00000|  0%| F|  |TAMS 0x0000000081d00000, 0x0000000081d00000| Untracked 
|  30|0x0000000081e00000, 0x0000000081e00000, 0x0000000081f00000|  0%| F|  |TAMS 0x0000000081e00000, 0x0000000081e00000| Untracked 
|  31|0x0000000081f00000, 0x0000000081f00000, 0x0000000082000000|  0%| F|  |TAMS 0x0000000081f00000, 0x0000000081f00000| Untracked 
|  32|0x0000000082000000, 0x0000000082000000, 0x0000000082100000|  0%| F|  |TAMS 0x0000000082000000, 0x0000000082000000| Untracked 
|  33|0x0000000082100000, 0x0000000082100000, 0x0000000082200000|  0%| F|  |TAMS 0x0000000082100000, 0x0000000082100000| Untracked 
|  34|0x0000000082200000, 0x0000000082300000, 0x0000000082300000|100%| O|  |TAMS 0x0000000082200000, 0x0000000082200000| Untracked 
|  35|0x0000000082300000, 0x0000000082400000, 0x0000000082400000|100%| O|  |TAMS 0x0000000082300000, 0x0000000082300000| Untracked 
|  36|0x0000000082400000, 0x0000000082414c00, 0x0000000082500000|  8%| O|  |TAMS 0x0000000082400000, 0x0000000082400000| Untracked 
|  37|0x0000000082500000, 0x0000000082500000, 0x0000000082600000|  0%| F|  |TAMS 0x0000000082500000, 0x0000000082500000| Untracked 
|  38|0x0000000082600000, 0x0000000082600000, 0x0000000082700000|  0%| F|  |TAMS 0x0000000082600000, 0x0000000082600000| Untracked 
|  39|0x0000000082700000, 0x0000000082700000, 0x0000000082800000|  0%| F|  |TAMS 0x0000000082700000, 0x0000000082700000| Untracked 
|  40|0x0000000082800000, 0x0000000082800000, 0x0000000082900000|  0%| F|  |TAMS 0x0000000082800000, 0x0000000082800000| Untracked 
|  41|0x0000000082900000, 0x0000000082900000, 0x0000000082a00000|  0%| F|  |TAMS 0x0000000082900000, 0x0000000082900000| Untracked 
|  42|0x0000000082a00000, 0x0000000082a00000, 0x0000000082b00000|  0%| F|  |TAMS 0x0000000082a00000, 0x0000000082a00000| Untracked 
|  43|0x0000000082b00000, 0x0000000082b00000, 0x0000000082c00000|  0%| F|  |TAMS 0x0000000082b00000, 0x0000000082b00000| Untracked 
|  44|0x0000000082c00000, 0x0000000082c00000, 0x0000000082d00000|  0%| F|  |TAMS 0x0000000082c00000, 0x0000000082c00000| Untracked 
|  45|0x0000000082d00000, 0x0000000082d00000, 0x0000000082e00000|  0%| F|  |TAMS 0x0000000082d00000, 0x0000000082d00000| Untracked 
|  46|0x0000000082e00000, 0x0000000082e00000, 0x0000000082f00000|  0%| F|  |TAMS 0x0000000082e00000, 0x0000000082e00000| Untracked 
|  47|0x0000000082f00000, 0x0000000082f00000, 0x0000000083000000|  0%| F|  |TAMS 0x0000000082f00000, 0x0000000082f00000| Untracked 
|  48|0x0000000083000000, 0x0000000083000000, 0x0000000083100000|  0%| F|  |TAMS 0x0000000083000000, 0x0000000083000000| Untracked 
|  49|0x0000000083100000, 0x0000000083100000, 0x0000000083200000|  0%| F|  |TAMS 0x0000000083100000, 0x0000000083100000| Untracked 
|  50|0x0000000083200000, 0x0000000083200000, 0x0000000083300000|  0%| F|  |TAMS 0x0000000083200000, 0x0000000083200000| Untracked 
|  51|0x0000000083300000, 0x0000000083300000, 0x0000000083400000|  0%| F|  |TAMS 0x0000000083300000, 0x0000000083300000| Untracked 
|  52|0x0000000083400000, 0x0000000083400000, 0x0000000083500000|  0%| F|  |TAMS 0x0000000083400000, 0x0000000083400000| Untracked 
|  53|0x0000000083500000, 0x0000000083500000, 0x0000000083600000|  0%| F|  |TAMS 0x0000000083500000, 0x0000000083500000| Untracked 
|  54|0x0000000083600000, 0x0000000083600000, 0x0000000083700000|  0%| F|  |TAMS 0x0000000083600000, 0x0000000083600000| Untracked 
|  55|0x0000000083700000, 0x0000000083700000, 0x0000000083800000|  0%| F|  |TAMS 0x0000000083700000, 0x0000000083700000| Untracked 
|  56|0x0000000083800000, 0x0000000083800000, 0x0000000083900000|  0%| F|  |TAMS 0x0000000083800000, 0x0000000083800000| Untracked 
|  57|0x0000000083900000, 0x0000000083900000, 0x0000000083a00000|  0%| F|  |TAMS 0x0000000083900000, 0x0000000083900000| Untracked 
|  58|0x0000000083a00000, 0x0000000083a00000, 0x0000000083b00000|  0%| F|  |TAMS 0x0000000083a00000, 0x0000000083a00000| Untracked 
|  59|0x0000000083b00000, 0x0000000083b00000, 0x0000000083c00000|  0%| F|  |TAMS 0x0000000083b00000, 0x0000000083b00000| Untracked 
|  60|0x0000000083c00000, 0x0000000083d00000, 0x0000000083d00000|100%| E|  |TAMS 0x0000000083c00000, 0x0000000083c00000| Complete 
|  61|0x0000000083d00000, 0x0000000083e00000, 0x0000000083e00000|100%| E|CS|TAMS 0x0000000083d00000, 0x0000000083d00000| Complete 
|  62|0x0000000083e00000, 0x0000000083f00000, 0x0000000083f00000|100%| E|CS|TAMS 0x0000000083e00000, 0x0000000083e00000| Complete 
|  63|0x0000000083f00000, 0x0000000084000000, 0x0000000084000000|100%| E|CS|TAMS 0x0000000083f00000, 0x0000000083f00000| Complete 
|  64|0x0000000084000000, 0x0000000084100000, 0x0000000084100000|100%| E|CS|TAMS 0x0000000084000000, 0x0000000084000000| Complete 
|  65|0x0000000084100000, 0x0000000084200000, 0x0000000084200000|100%| E|CS|TAMS 0x0000000084100000, 0x0000000084100000| Complete 
|  66|0x0000000084200000, 0x0000000084300000, 0x0000000084300000|100%| E|CS|TAMS 0x0000000084200000, 0x0000000084200000| Complete 
|  67|0x0000000084300000, 0x0000000084400000, 0x0000000084400000|100%| E|CS|TAMS 0x0000000084300000, 0x0000000084300000| Complete 
|  68|0x0000000084400000, 0x0000000084500000, 0x0000000084500000|100%| E|CS|TAMS 0x0000000084400000, 0x0000000084400000| Complete 
|  69|0x0000000084500000, 0x0000000084600000, 0x0000000084600000|100%| E|CS|TAMS 0x0000000084500000, 0x0000000084500000| Complete 
|  70|0x0000000084600000, 0x0000000084700000, 0x0000000084700000|100%| E|CS|TAMS 0x0000000084600000, 0x0000000084600000| Complete 
|  71|0x0000000084700000, 0x0000000084800000, 0x0000000084800000|100%| E|CS|TAMS 0x0000000084700000, 0x0000000084700000| Complete 
|  72|0x0000000084800000, 0x0000000084900000, 0x0000000084900000|100%| E|CS|TAMS 0x0000000084800000, 0x0000000084800000| Complete 
|  73|0x0000000084900000, 0x0000000084a00000, 0x0000000084a00000|100%| E|CS|TAMS 0x0000000084900000, 0x0000000084900000| Complete 
|  74|0x0000000084a00000, 0x0000000084b00000, 0x0000000084b00000|100%| E|CS|TAMS 0x0000000084a00000, 0x0000000084a00000| Complete 
|  75|0x0000000084b00000, 0x0000000084c00000, 0x0000000084c00000|100%| E|CS|TAMS 0x0000000084b00000, 0x0000000084b00000| Complete 
|  76|0x0000000084c00000, 0x0000000084d00000, 0x0000000084d00000|100%| E|CS|TAMS 0x0000000084c00000, 0x0000000084c00000| Complete 
|  77|0x0000000084d00000, 0x0000000084e00000, 0x0000000084e00000|100%| E|CS|TAMS 0x0000000084d00000, 0x0000000084d00000| Complete 
|  78|0x0000000084e00000, 0x0000000084f00000, 0x0000000084f00000|100%| E|CS|TAMS 0x0000000084e00000, 0x0000000084e00000| Complete 
|  79|0x0000000084f00000, 0x0000000085000000, 0x0000000085000000|100%| E|CS|TAMS 0x0000000084f00000, 0x0000000084f00000| Complete 
|  80|0x0000000085000000, 0x0000000085100000, 0x0000000085100000|100%| E|CS|TAMS 0x0000000085000000, 0x0000000085000000| Complete 
|  81|0x0000000085100000, 0x0000000085200000, 0x0000000085200000|100%| E|CS|TAMS 0x0000000085100000, 0x0000000085100000| Complete 
|  82|0x0000000085200000, 0x0000000085300000, 0x0000000085300000|100%| S|CS|TAMS 0x0000000085200000, 0x0000000085200000| Complete 
| 123|0x0000000087b00000, 0x0000000087c00000, 0x0000000087c00000|100%| E|CS|TAMS 0x0000000087b00000, 0x0000000087b00000| Complete 

Card table byte_map: [0x000001c843410000,0x000001c843810000] _byte_map_base: 0x000001c843010000

Marking Bits (Prev, Next): (CMBitMap*) 0x000001c830874df0, (CMBitMap*) 0x000001c830874e30
 Prev Bits: [0x000001c843c10000, 0x000001c845c10000)
 Next Bits: [0x000001c845c10000, 0x000001c847c10000)

Polling page: 0x000001c82ffe0000

Metaspace:

Usage:
  Non-class:     37.78 MB used.
      Class:      5.75 MB used.
       Both:     43.54 MB used.

Virtual space:
  Non-class space:       40.00 MB reserved,      38.00 MB ( 95%) committed,  5 nodes.
      Class space:        1.00 GB reserved,       5.94 MB ( <1%) committed,  1 nodes.
             Both:        1.04 GB reserved,      43.94 MB (  4%) committed. 

Chunk freelists:
   Non-Class:  1.53 MB
       Class:  2.02 MB
        Both:  3.55 MB

MaxMetaspaceSize: unlimited
CompressedClassSpaceSize: 1.00 GB
Initial GC threshold: 21.00 MB
Current GC threshold: 58.88 MB
CDS: off
MetaspaceReclaimPolicy: balanced
 - commit_granule_bytes: 65536.
 - commit_granule_words: 8192.
 - virtual_space_node_default_size: 1048576.
 - enlarge_chunks_in_place: 1.
 - new_chunks_are_fully_committed: 0.
 - uncommit_free_chunks: 1.
 - use_allocation_guard: 0.
 - handle_deallocations: 1.


Internal statistics:

num_allocs_failed_limit: 6.
num_arena_births: 356.
num_arena_deaths: 0.
num_vsnodes_births: 6.
num_vsnodes_deaths: 0.
num_space_committed: 703.
num_space_uncommitted: 0.
num_chunks_returned_to_freelist: 6.
num_chunks_taken_from_freelist: 1649.
num_chunk_merges: 6.
num_chunk_splits: 1097.
num_chunks_enlarged: 777.
num_purges: 0.
num_inconsistent_stats: 0.

CodeHeap 'non-profiled nmethods': size=120000Kb used=2075Kb max_used=2075Kb free=117924Kb
 bounds [0x000001c83b7b0000, 0x000001c83ba20000, 0x000001c842ce0000]
CodeHeap 'profiled nmethods': size=120000Kb used=8197Kb max_used=8197Kb free=111802Kb
 bounds [0x000001c833ce0000, 0x000001c8344f0000, 0x000001c83b210000]
CodeHeap 'non-nmethods': size=5760Kb used=2297Kb max_used=2325Kb free=3462Kb
 bounds [0x000001c83b210000, 0x000001c83b480000, 0x000001c83b7b0000]
 total_blobs=4703 nmethods=3910 adapters=705
 compilation: enabled
              stopped_count=0, restarted_count=0
 full_count=0

Compilation events (20 events):
Event: 6.697 Thread 0x000001c84b036170 nmethod 3906 0x000001c8344d6d10 code [0x000001c8344d6ec0, 0x000001c8344d7218]
Event: 6.697 Thread 0x000001c84b036170 3905       3       java.lang.invoke.LambdaFormEditor$TransformKey::bval (26 bytes)
Event: 6.697 Thread 0x000001c84b036170 nmethod 3905 0x000001c8344d7390 code [0x000001c8344d7520, 0x000001c8344d7618]
Event: 6.702 Thread 0x000001c84b036170 3909       3       org.gradle.internal.time.TimeSource$1::nanoTime (4 bytes)
Event: 6.702 Thread 0x000001c84b036170 nmethod 3909 0x000001c8344d7690 code [0x000001c8344d7820, 0x000001c8344d7958]
Event: 6.706 Thread 0x000001c84b036170 3910       3       java.util.Arrays::fill (28 bytes)
Event: 6.706 Thread 0x000001c84b036170 nmethod 3910 0x000001c8344d7a10 code [0x000001c8344d7bc0, 0x000001c8344d7f48]
Event: 6.709 Thread 0x000001c84b036170 3911       3       org.gradle.internal.event.AbstractBroadcastDispatch::dispatch (65 bytes)
Event: 6.710 Thread 0x000001c84b036170 nmethod 3911 0x000001c8344d8090 code [0x000001c8344d82a0, 0x000001c8344d88c8]
Event: 6.710 Thread 0x000001c84b036170 3913       3       jdk.internal.reflect.ClassFileAssembler::setStack (25 bytes)
Event: 6.710 Thread 0x000001c84b036170 nmethod 3913 0x000001c8344d8a10 code [0x000001c8344d8ba0, 0x000001c8344d8cf8]
Event: 6.710 Thread 0x000001c84b036170 3912       3       jdk.internal.reflect.AccessorGenerator::sub (5 bytes)
Event: 6.710 Thread 0x000001c84b036170 nmethod 3912 0x000001c8344d8d90 code [0x000001c8344d8f20, 0x000001c8344d9018]
Event: 6.713 Thread 0x000001c84b036170 3914       3       jdk.internal.reflect.ClassFileAssembler::emitConstantPoolMethodref (28 bytes)
Event: 6.713 Thread 0x000001c84b036170 nmethod 3914 0x000001c8344d9090 code [0x000001c8344d92c0, 0x000001c8344d9948]
Event: 6.713 Thread 0x000001c84b036170 3915       1       java.lang.reflect.Constructor::getSharedParameterTypes (5 bytes)
Event: 6.713 Thread 0x000001c84b036170 nmethod 3915 0x000001c83b9b6c90 code [0x000001c83b9b6e20, 0x000001c83b9b6ef8]
Event: 6.714 Thread 0x000001c84b036170 3916       3       jdk.internal.reflect.ClassFileAssembler::emitConstantPoolNameAndType (28 bytes)
Event: 6.714 Thread 0x000001c84b036170 nmethod 3916 0x000001c8344d9d10 code [0x000001c8344d9f40, 0x000001c8344da5c8]
Event: 6.714 Thread 0x000001c84b036170 3917  s    3       java.io.DataOutputStream::write (16 bytes)

GC Heap History (18 events):
Event: 1.179 GC heap before
{Heap before GC invocations=0 (full 0):
 garbage-first heap   total 126976K, used 26624K [0x0000000080000000, 0x0000000100000000)
  region size 1024K, 23 young (23552K), 0 survivors (0K)
 Metaspace       used 10251K, committed 10432K, reserved 1064960K
  class space    used 1058K, committed 1152K, reserved 1048576K
}
Event: 1.190 GC heap after
{Heap after GC invocations=1 (full 0):
 garbage-first heap   total 126976K, used 10092K [0x0000000080000000, 0x0000000100000000)
  region size 1024K, 3 young (3072K), 3 survivors (3072K)
 Metaspace       used 10251K, committed 10432K, reserved 1064960K
  class space    used 1058K, committed 1152K, reserved 1048576K
}
Event: 1.890 GC heap before
{Heap before GC invocations=1 (full 0):
 garbage-first heap   total 126976K, used 39788K [0x0000000080000000, 0x0000000100000000)
  region size 1024K, 31 young (31744K), 3 survivors (3072K)
 Metaspace       used 11192K, committed 11456K, reserved 1064960K
  class space    used 1162K, committed 1280K, reserved 1048576K
}
Event: 1.900 GC heap after
{Heap after GC invocations=2 (full 0):
 garbage-first heap   total 126976K, used 14062K [0x0000000080000000, 0x0000000100000000)
  region size 1024K, 4 young (4096K), 4 survivors (4096K)
 Metaspace       used 11192K, committed 11456K, reserved 1064960K
  class space    used 1162K, committed 1280K, reserved 1048576K
}
Event: 3.724 GC heap before
{Heap before GC invocations=2 (full 0):
 garbage-first heap   total 126976K, used 50926K [0x0000000080000000, 0x0000000100000000)
  region size 1024K, 41 young (41984K), 4 survivors (4096K)
 Metaspace       used 21179K, committed 21504K, reserved 1073152K
  class space    used 2570K, committed 2752K, reserved 1048576K
}
Event: 3.731 GC heap after
{Heap after GC invocations=3 (full 0):
 garbage-first heap   total 126976K, used 18478K [0x0000000080000000, 0x0000000100000000)
  region size 1024K, 9 young (9216K), 9 survivors (9216K)
 Metaspace       used 21179K, committed 21504K, reserved 1073152K
  class space    used 2570K, committed 2752K, reserved 1048576K
}
Event: 4.501 GC heap before
{Heap before GC invocations=4 (full 0):
 garbage-first heap   total 68608K, used 50222K [0x0000000080000000, 0x0000000100000000)
  region size 1024K, 40 young (40960K), 9 survivors (9216K)
 Metaspace       used 26061K, committed 26304K, reserved 1073152K
  class space    used 3417K, committed 3520K, reserved 1048576K
}
Event: 4.509 GC heap after
{Heap after GC invocations=5 (full 0):
 garbage-first heap   total 68608K, used 20112K [0x0000000080000000, 0x0000000100000000)
  region size 1024K, 3 young (3072K), 3 survivors (3072K)
 Metaspace       used 26061K, committed 26304K, reserved 1073152K
  class space    used 3417K, committed 3520K, reserved 1048576K
}
Event: 4.528 GC heap before
{Heap before GC invocations=5 (full 0):
 garbage-first heap   total 68608K, used 21136K [0x0000000080000000, 0x0000000100000000)
  region size 1024K, 4 young (4096K), 3 survivors (3072K)
 Metaspace       used 26196K, committed 26496K, reserved 1073152K
  class space    used 3442K, committed 3584K, reserved 1048576K
}
Event: 4.531 GC heap after
{Heap after GC invocations=6 (full 0):
 garbage-first heap   total 68608K, used 20497K [0x0000000080000000, 0x0000000100000000)
  region size 1024K, 1 young (1024K), 1 survivors (1024K)
 Metaspace       used 26196K, committed 26496K, reserved 1073152K
  class space    used 3442K, committed 3584K, reserved 1048576K
}
Event: 5.040 GC heap before
{Heap before GC invocations=6 (full 0):
 garbage-first heap   total 68608K, used 47121K [0x0000000080000000, 0x0000000100000000)
  region size 1024K, 27 young (27648K), 1 survivors (1024K)
 Metaspace       used 30371K, committed 30656K, reserved 1081344K
  class space    used 4121K, committed 4224K, reserved 1048576K
}
Event: 5.043 GC heap after
{Heap after GC invocations=7 (full 0):
 garbage-first heap   total 97280K, used 21575K [0x0000000080000000, 0x0000000100000000)
  region size 1024K, 2 young (2048K), 2 survivors (2048K)
 Metaspace       used 30371K, committed 30656K, reserved 1081344K
  class space    used 4121K, committed 4224K, reserved 1048576K
}
Event: 5.604 GC heap before
{Heap before GC invocations=7 (full 0):
 garbage-first heap   total 97280K, used 51271K [0x0000000080000000, 0x0000000100000000)
  region size 1024K, 32 young (32768K), 2 survivors (2048K)
 Metaspace       used 35636K, committed 35968K, reserved 1081344K
  class space    used 4871K, committed 5056K, reserved 1048576K
}
Event: 5.609 GC heap after
{Heap after GC invocations=8 (full 0):
 garbage-first heap   total 97280K, used 23764K [0x0000000080000000, 0x0000000100000000)
  region size 1024K, 4 young (4096K), 4 survivors (4096K)
 Metaspace       used 35636K, committed 35968K, reserved 1081344K
  class space    used 4871K, committed 5056K, reserved 1048576K
}
Event: 6.390 GC heap before
{Heap before GC invocations=9 (full 0):
 garbage-first heap   total 86016K, used 71892K [0x0000000080000000, 0x0000000100000000)
  region size 1024K, 50 young (51200K), 4 survivors (4096K)
 Metaspace       used 42501K, committed 42880K, reserved 1089536K
  class space    used 5558K, committed 5696K, reserved 1048576K
}
Event: 6.399 GC heap after
{Heap after GC invocations=10 (full 0):
 garbage-first heap   total 86016K, used 29151K [0x0000000080000000, 0x0000000100000000)
  region size 1024K, 7 young (7168K), 7 survivors (7168K)
 Metaspace       used 42501K, committed 42880K, reserved 1089536K
  class space    used 5558K, committed 5696K, reserved 1048576K
}
Event: 6.413 GC heap before
{Heap before GC invocations=10 (full 0):
 garbage-first heap   total 86016K, used 30175K [0x0000000080000000, 0x0000000100000000)
  region size 1024K, 8 young (8192K), 7 survivors (7168K)
 Metaspace       used 42524K, committed 42880K, reserved 1089536K
  class space    used 5558K, committed 5696K, reserved 1048576K
}
Event: 6.420 GC heap after
{Heap after GC invocations=11 (full 0):
 garbage-first heap   total 86016K, used 29779K [0x0000000080000000, 0x0000000100000000)
  region size 1024K, 1 young (1024K), 1 survivors (1024K)
 Metaspace       used 42524K, committed 42880K, reserved 1089536K
  class space    used 5558K, committed 5696K, reserved 1048576K
}

Dll operation events (2 events):
Event: 0.011 Loaded shared library C:\Program Files\Android\Android Studio\jbr\bin\java.dll
Event: 0.577 Loaded shared library C:\Program Files\Android\Android Studio\jbr\bin\verify.dll

Deoptimization events (20 events):
Event: 6.243 Thread 0x000001c84be4c890 DEOPT PACKING pc=0x000001c83b98670c sp=0x000000bbbf6f9240
Event: 6.243 Thread 0x000001c84be4c890 DEOPT UNPACKING pc=0x000001c83b26a1a3 sp=0x000000bbbf6f91f8 mode 2
Event: 6.243 Thread 0x000001c84be4c890 Uncommon trap: trap_request=0xffffffbe fr.pc=0x000001c83b98670c relative=0x000000000000074c
Event: 6.243 Thread 0x000001c84be4c890 Uncommon trap: reason=profile_predicate action=maybe_recompile pc=0x000001c83b98670c method=java.lang.PublicMethods$MethodList.filter([Ljava/lang/reflect/Method;Ljava/lang/String;[Ljava/lang/Class;Z)Ljava/lang/PublicMethods$MethodList; @ 21 c2
Event: 6.243 Thread 0x000001c84be4c890 DEOPT PACKING pc=0x000001c83b98670c sp=0x000000bbbf6f9200
Event: 6.243 Thread 0x000001c84be4c890 DEOPT UNPACKING pc=0x000001c83b26a1a3 sp=0x000000bbbf6f91b8 mode 2
Event: 6.444 Thread 0x000001c84be4c890 Uncommon trap: trap_request=0xffffffde fr.pc=0x000001c83b928878 relative=0x00000000000016f8
Event: 6.444 Thread 0x000001c84be4c890 Uncommon trap: reason=class_check action=maybe_recompile pc=0x000001c83b928878 method=java.util.WeakHashMap.matchesKey(Ljava/util/WeakHashMap$Entry;Ljava/lang/Object;)Z @ 21 c2
Event: 6.444 Thread 0x000001c84be4c890 DEOPT PACKING pc=0x000001c83b928878 sp=0x000000bbbf6f4550
Event: 6.444 Thread 0x000001c84be4c890 DEOPT UNPACKING pc=0x000001c83b26a1a3 sp=0x000000bbbf6f44d0 mode 2
Event: 6.447 Thread 0x000001c84be4c890 Uncommon trap: trap_request=0xffffffde fr.pc=0x000001c83b928878 relative=0x00000000000016f8
Event: 6.447 Thread 0x000001c84be4c890 Uncommon trap: reason=class_check action=maybe_recompile pc=0x000001c83b928878 method=java.util.WeakHashMap.matchesKey(Ljava/util/WeakHashMap$Entry;Ljava/lang/Object;)Z @ 21 c2
Event: 6.447 Thread 0x000001c84be4c890 DEOPT PACKING pc=0x000001c83b928878 sp=0x000000bbbf6f4950
Event: 6.448 Thread 0x000001c84be4c890 DEOPT UNPACKING pc=0x000001c83b26a1a3 sp=0x000000bbbf6f48d0 mode 2
Event: 6.556 Thread 0x000001c84be4c890 Uncommon trap: trap_request=0xffffff45 fr.pc=0x000001c83b955730 relative=0x0000000000000110
Event: 6.556 Thread 0x000001c84be4c890 Uncommon trap: reason=unstable_if action=reinterpret pc=0x000001c83b955730 method=java.util.Arrays.hashCode([Ljava/lang/Object;)I @ 34 c2
Event: 6.556 Thread 0x000001c84be4c890 DEOPT PACKING pc=0x000001c83b955730 sp=0x000000bbbf6f8aa0
Event: 6.556 Thread 0x000001c84be4c890 DEOPT UNPACKING pc=0x000001c83b26a1a3 sp=0x000000bbbf6f8a18 mode 2
Event: 6.696 Thread 0x000001c84be4c890 DEOPT PACKING pc=0x000001c833d91c43 sp=0x000000bbbf6f97b0
Event: 6.696 Thread 0x000001c84be4c890 DEOPT UNPACKING pc=0x000001c83b26ace3 sp=0x000000bbbf6f8cd0 mode 0

Classes unloaded (0 events):
No events

Classes redefined (0 events):
No events

Internal exceptions (20 events):
Event: 6.526 Thread 0x000001c84be4c890 Exception <a 'java/lang/ClassNotFoundException'{0x00000000849d8488}: org/gradle/internal/management/DefaultDependencyResolutionManagement_DecoratedBeanInfo> (0x00000000849d8488) 
thrown [s\src\hotspot\share\classfile\systemDictionary.cpp, line 256]
Event: 6.526 Thread 0x000001c84be4c890 Exception <a 'java/lang/ClassNotFoundException'{0x00000000849ec9d8}: org/gradle/internal/management/DefaultDependencyResolutionManagementBeanInfo> (0x00000000849ec9d8) 
thrown [s\src\hotspot\share\classfile\systemDictionary.cpp, line 256]
Event: 6.527 Thread 0x000001c84be4c890 Exception <a 'java/lang/ClassNotFoundException'{0x0000000084800f18}: org/gradle/internal/management/DefaultDependencyResolutionManagementCustomizer> (0x0000000084800f18) 
thrown [s\src\hotspot\share\classfile\systemDictionary.cpp, line 256]
Event: 6.528 Thread 0x000001c84be4c890 Exception <a 'java/lang/ClassNotFoundException'{0x00000000848275a0}: org/gradle/internal/management/DefaultDependencyResolutionManagement_DecoratedCustomizer> (0x00000000848275a0) 
thrown [s\src\hotspot\share\classfile\systemDictionary.cpp, line 256]
Event: 6.533 Thread 0x000001c84be4c890 Exception <a 'java/lang/ClassNotFoundException'{0x0000000084873f50}: org/gradle/api/initialization/resolve/RepositoriesModeBeanInfo> (0x0000000084873f50) 
thrown [s\src\hotspot\share\classfile\systemDictionary.cpp, line 256]
Event: 6.534 Thread 0x000001c84be4c890 Exception <a 'java/lang/ClassNotFoundException'{0x0000000084878d98}: java/lang/EnumBeanInfo> (0x0000000084878d98) 
thrown [s\src\hotspot\share\classfile\systemDictionary.cpp, line 256]
Event: 6.534 Thread 0x000001c84be4c890 Exception <a 'java/lang/ClassNotFoundException'{0x000000008487dc00}: java/lang/EnumCustomizer> (0x000000008487dc00) 
thrown [s\src\hotspot\share\classfile\systemDictionary.cpp, line 256]
Event: 6.535 Thread 0x000001c84be4c890 Exception <a 'java/lang/ClassNotFoundException'{0x0000000084896970}: org/gradle/api/initialization/resolve/RepositoriesModeCustomizer> (0x0000000084896970) 
thrown [s\src\hotspot\share\classfile\systemDictionary.cpp, line 256]
Event: 6.540 Thread 0x000001c84be4c890 Exception <a 'java/lang/ClassNotFoundException'{0x0000000084704948}: org/gradle/api/internal/provider/DefaultPropertyBeanInfo> (0x0000000084704948) 
thrown [s\src\hotspot\share\classfile\systemDictionary.cpp, line 256]
Event: 6.540 Thread 0x000001c84be4c890 Exception <a 'java/lang/ClassNotFoundException'{0x0000000084715b60}: org/gradle/api/internal/provider/AbstractPropertyBeanInfo> (0x0000000084715b60) 
thrown [s\src\hotspot\share\classfile\systemDictionary.cpp, line 256]
Event: 6.541 Thread 0x000001c84be4c890 Exception <a 'java/lang/ClassNotFoundException'{0x0000000084727650}: org/gradle/api/internal/provider/AbstractMinimalProviderBeanInfo> (0x0000000084727650) 
thrown [s\src\hotspot\share\classfile\systemDictionary.cpp, line 256]
Event: 6.542 Thread 0x000001c84be4c890 Exception <a 'java/lang/ClassNotFoundException'{0x0000000084738978}: org/gradle/api/internal/provider/AbstractMinimalProviderCustomizer> (0x0000000084738978) 
thrown [s\src\hotspot\share\classfile\systemDictionary.cpp, line 256]
Event: 6.543 Thread 0x000001c84be4c890 Exception <a 'java/lang/ClassNotFoundException'{0x0000000084762ae8}: org/gradle/api/internal/provider/AbstractPropertyCustomizer> (0x0000000084762ae8) 
thrown [s\src\hotspot\share\classfile\systemDictionary.cpp, line 256]
Event: 6.544 Thread 0x000001c84be4c890 Exception <a 'java/lang/ClassNotFoundException'{0x000000008477f8c0}: org/gradle/api/internal/provider/DefaultPropertyCustomizer> (0x000000008477f8c0) 
thrown [s\src\hotspot\share\classfile\systemDictionary.cpp, line 256]
Event: 6.553 Thread 0x000001c84be4c890 Exception <a 'java/lang/ClassNotFoundException'{0x00000000847e8980}: org/gradle/initialization/DefaultProjectDescriptorBeanInfo> (0x00000000847e8980) 
thrown [s\src\hotspot\share\classfile\systemDictionary.cpp, line 256]
Event: 6.553 Thread 0x000001c84be4c890 Exception <a 'java/lang/ClassNotFoundException'{0x00000000847f6e70}: org/gradle/initialization/DefaultProjectDescriptorCustomizer> (0x00000000847f6e70) 
thrown [s\src\hotspot\share\classfile\systemDictionary.cpp, line 256]
Event: 6.556 Thread 0x000001c84be4c890 Implicit null exception at 0x000001c83b95566c to 0x000001c83b955714
Event: 6.711 Thread 0x000001c84be4bef0 Exception <a 'java/lang/NoSuchMethodError'{0x0000000083e8e5c0}: static Lorg/gradle/internal/build/event/types/DefaultOperationStartedProgressEvent;.<clinit>()V> (0x0000000083e8e5c0) 
thrown [s\src\hotspot\share\prims\jni.cpp, line 1108]
Event: 6.712 Thread 0x000001c84be4bef0 Exception <a 'java/lang/NoSuchMethodError'{0x0000000083e8fe90}: static Lorg/gradle/internal/build/event/types/AbstractProgressEvent;.<clinit>()V> (0x0000000083e8fe90) 
thrown [s\src\hotspot\share\prims\jni.cpp, line 1108]
Event: 6.714 Thread 0x000001c84be4bef0 Exception <a 'java/lang/NoSuchMethodError'{0x0000000083ea0b30}: static Lorg/gradle/internal/build/event/types/DefaultProjectConfigurationDescriptor;.<clinit>()V> (0x0000000083ea0b30) 
thrown [s\src\hotspot\share\prims\jni.cpp, line 1108]

VM Operations (20 events):
Event: 5.919 Executing VM operation: HandshakeAllThreads
Event: 5.920 Executing VM operation: HandshakeAllThreads done
Event: 5.923 Executing VM operation: HandshakeAllThreads
Event: 5.923 Executing VM operation: HandshakeAllThreads done
Event: 5.928 Executing VM operation: HandshakeAllThreads
Event: 5.928 Executing VM operation: HandshakeAllThreads done
Event: 5.936 Executing VM operation: HandshakeAllThreads
Event: 5.936 Executing VM operation: HandshakeAllThreads done
Event: 6.010 Executing VM operation: HandshakeAllThreads
Event: 6.010 Executing VM operation: HandshakeAllThreads done
Event: 6.129 Executing VM operation: ICBufferFull
Event: 6.129 Executing VM operation: ICBufferFull done
Event: 6.390 Executing VM operation: G1CollectForAllocation
Event: 6.399 Executing VM operation: G1CollectForAllocation done
Event: 6.413 Executing VM operation: G1CollectForAllocation
Event: 6.420 Executing VM operation: G1CollectForAllocation done
Event: 6.655 Executing VM operation: HandshakeAllThreads
Event: 6.655 Executing VM operation: HandshakeAllThreads done
Event: 6.693 Executing VM operation: HandshakeAllThreads
Event: 6.693 Executing VM operation: HandshakeAllThreads done

Events (20 events):
Event: 6.710 loading class jdk/internal/reflect/SerializationConstructorAccessorImpl
Event: 6.710 loading class jdk/internal/reflect/SerializationConstructorAccessorImpl done
Event: 6.710 loading class java/io/ClassCache$CacheRef
Event: 6.710 loading class java/io/ClassCache$CacheRef done
Event: 6.710 loading class java/io/ObjectStreamClass$FieldReflectorKey
Event: 6.710 loading class java/io/ObjectStreamClass$FieldReflectorKey done
Event: 6.710 loading class java/io/ObjectStreamClass$FieldReflector
Event: 6.710 loading class java/io/ObjectStreamClass$FieldReflector done
Event: 6.711 loading class java/io/ObjectStreamClass$1
Event: 6.711 loading class java/io/ObjectStreamClass$1 done
Event: 6.711 loading class java/io/ObjectStreamClass$MemberSignature
Event: 6.711 loading class java/io/ObjectStreamClass$MemberSignature done
Event: 6.711 loading class java/io/ObjectStreamClass$3
Event: 6.711 loading class java/io/ObjectStreamClass$3 done
Event: 6.712 loading class java/io/ObjectStreamClass$4
Event: 6.712 loading class java/io/ObjectStreamClass$4 done
Event: 6.712 loading class java/io/ObjectStreamClass$5
Event: 6.712 loading class java/io/ObjectStreamClass$5 done
Event: 6.712 loading class java/io/ObjectStreamClass$ClassDataSlot
Event: 6.712 loading class java/io/ObjectStreamClass$ClassDataSlot done


Dynamic libraries:
0x00007ff7431e0000 - 0x00007ff7431ea000 	C:\Program Files\Android\Android Studio\jbr\bin\java.exe
0x00007ff8478d0000 - 0x00007ff847ae7000 	C:\Windows\SYSTEM32\ntdll.dll
0x00007ff846cd0000 - 0x00007ff846d94000 	C:\Windows\System32\KERNEL32.DLL
0x00007ff8451e0000 - 0x00007ff845587000 	C:\Windows\System32\KERNELBASE.dll
0x00007ff844ea0000 - 0x00007ff844fb1000 	C:\Windows\System32\ucrtbase.dll
0x00007ff81e390000 - 0x00007ff81e3ab000 	C:\Program Files\Android\Android Studio\jbr\bin\VCRUNTIME140.dll
0x00007ff822b90000 - 0x00007ff822ba7000 	C:\Program Files\Android\Android Studio\jbr\bin\jli.dll
0x00007ff846e40000 - 0x00007ff846fee000 	C:\Windows\System32\USER32.dll
0x00007ff8451b0000 - 0x00007ff8451d6000 	C:\Windows\System32\win32u.dll
0x00007ff846e10000 - 0x00007ff846e39000 	C:\Windows\System32\GDI32.dll
0x00007ff844c50000 - 0x00007ff844d69000 	C:\Windows\System32\gdi32full.dll
0x00007ff845590000 - 0x00007ff84562a000 	C:\Windows\System32\msvcp_win.dll
0x00007ff827920000 - 0x00007ff827bb3000 	C:\Windows\WinSxS\amd64_microsoft.windows.common-controls_6595b64144ccf1df_6.0.22621.2506_none_270c5ae97388e100\COMCTL32.dll
0x00007ff847300000 - 0x00007ff8473a7000 	C:\Windows\System32\msvcrt.dll
0x00007ff8472c0000 - 0x00007ff8472f1000 	C:\Windows\System32\IMM32.DLL
0x00007ff841020000 - 0x00007ff84102c000 	C:\Program Files\Android\Android Studio\jbr\bin\vcruntime140_1.dll
0x00007fffe6010000 - 0x00007fffe609d000 	C:\Program Files\Android\Android Studio\jbr\bin\msvcp140.dll
0x00007fffca860000 - 0x00007fffcb4ce000 	C:\Program Files\Android\Android Studio\jbr\bin\server\jvm.dll
0x00007ff8459e0000 - 0x00007ff845a90000 	C:\Windows\System32\ADVAPI32.dll
0x00007ff845930000 - 0x00007ff8459d6000 	C:\Windows\System32\sechost.dll
0x00007ff845ab0000 - 0x00007ff845bc7000 	C:\Windows\System32\RPCRT4.dll
0x00007ff81fa40000 - 0x00007ff81fa49000 	C:\Windows\SYSTEM32\WSOCK32.dll
0x00007ff83c7a0000 - 0x00007ff83c7d4000 	C:\Windows\SYSTEM32\WINMM.dll
0x00007ff83d6f0000 - 0x00007ff83d6fa000 	C:\Windows\SYSTEM32\VERSION.dll
0x00007ff846530000 - 0x00007ff8465a1000 	C:\Windows\System32\WS2_32.dll
0x00007ff843bb0000 - 0x00007ff843bc8000 	C:\Windows\SYSTEM32\kernel.appcore.dll
0x00007ff83fa90000 - 0x00007ff83fa9a000 	C:\Program Files\Android\Android Studio\jbr\bin\jimage.dll
0x00007ff842480000 - 0x00007ff8426b3000 	C:\Windows\SYSTEM32\DBGHELP.DLL
0x00007ff846750000 - 0x00007ff846ad9000 	C:\Windows\System32\combase.dll
0x00007ff846ff0000 - 0x00007ff8470c7000 	C:\Windows\System32\OLEAUT32.dll
0x00007ff81e170000 - 0x00007ff81e1a2000 	C:\Windows\SYSTEM32\dbgcore.DLL
0x00007ff844fc0000 - 0x00007ff84503a000 	C:\Windows\System32\bcryptPrimitives.dll
0x00007ff8242a0000 - 0x00007ff8242c5000 	C:\Program Files\Android\Android Studio\jbr\bin\java.dll
0x00007ff82ce70000 - 0x00007ff82ce88000 	C:\Program Files\Android\Android Studio\jbr\bin\zip.dll
0x00007ff845bd0000 - 0x00007ff846429000 	C:\Windows\System32\SHELL32.dll
0x00007ff842b20000 - 0x00007ff843414000 	C:\Windows\SYSTEM32\windows.storage.dll
0x00007ff8429e0000 - 0x00007ff842b1e000 	C:\Windows\SYSTEM32\wintypes.dll
0x00007ff846ae0000 - 0x00007ff846bd3000 	C:\Windows\System32\SHCORE.dll
0x00007ff847220000 - 0x00007ff84727e000 	C:\Windows\System32\shlwapi.dll
0x00007ff844b80000 - 0x00007ff844ba6000 	C:\Windows\SYSTEM32\profapi.dll
0x00007ff824280000 - 0x00007ff824299000 	C:\Program Files\Android\Android Studio\jbr\bin\net.dll
0x00007ff83f910000 - 0x00007ff83fa47000 	C:\Windows\SYSTEM32\WINHTTP.dll
0x00007ff844090000 - 0x00007ff8440f9000 	C:\Windows\system32\mswsock.dll
0x00007ff824260000 - 0x00007ff824276000 	C:\Program Files\Android\Android Studio\jbr\bin\nio.dll
0x00007ff83e5a0000 - 0x00007ff83e5b0000 	C:\Program Files\Android\Android Studio\jbr\bin\verify.dll
0x00007ff81e720000 - 0x00007ff81e747000 	C:\Users\vuyom\.gradle\native\68d5fa5c4cc2d200863cafc0d521ce42e7d3e7ee720ec0a83991735586a16f82\windows-amd64\native-platform.dll
0x00007fffe56a0000 - 0x00007fffe57e4000 	C:\Users\vuyom\.gradle\native\e376f236ea51e6404a007f0833ffe2c6e607c4080706a723a18a27aeea778392\windows-amd64\native-platform-file-events.dll
0x00007ff83bc00000 - 0x00007ff83bc09000 	C:\Program Files\Android\Android Studio\jbr\bin\management.dll
0x00007ff82cd00000 - 0x00007ff82cd0b000 	C:\Program Files\Android\Android Studio\jbr\bin\management_ext.dll
0x00007ff845870000 - 0x00007ff845878000 	C:\Windows\System32\PSAPI.DLL
0x00007ff8442b0000 - 0x00007ff8442cb000 	C:\Windows\SYSTEM32\CRYPTSP.dll
0x00007ff843b70000 - 0x00007ff843ba5000 	C:\Windows\system32\rsaenh.dll
0x00007ff844150000 - 0x00007ff84417c000 	C:\Windows\SYSTEM32\USERENV.dll
0x00007ff844510000 - 0x00007ff844538000 	C:\Windows\SYSTEM32\bcrypt.dll
0x00007ff8442d0000 - 0x00007ff8442dc000 	C:\Windows\SYSTEM32\CRYPTBASE.dll
0x00007ff843670000 - 0x00007ff84369d000 	C:\Windows\SYSTEM32\IPHLPAPI.DLL
0x00007ff8472a0000 - 0x00007ff8472a9000 	C:\Windows\System32\NSI.dll
0x00007ff83d700000 - 0x00007ff83d719000 	C:\Windows\SYSTEM32\dhcpcsvc6.DLL
0x00007ff83d1b0000 - 0x00007ff83d1cf000 	C:\Windows\SYSTEM32\dhcpcsvc.DLL
0x00007ff8436a0000 - 0x00007ff843799000 	C:\Windows\SYSTEM32\DNSAPI.dll
0x00007ff82b930000 - 0x00007ff82b938000 	C:\Windows\system32\wshunix.dll

dbghelp: loaded successfully - version: 4.0.5 - missing functions: none
symbol engine: initialized successfully - sym options: 0x614 - pdb path: .;C:\Program Files\Android\Android Studio\jbr\bin;C:\Windows\SYSTEM32;C:\Windows\WinSxS\amd64_microsoft.windows.common-controls_6595b64144ccf1df_6.0.22621.2506_none_270c5ae97388e100;C:\Program Files\Android\Android Studio\jbr\bin\server;C:\Users\vuyom\.gradle\native\68d5fa5c4cc2d200863cafc0d521ce42e7d3e7ee720ec0a83991735586a16f82\windows-amd64;C:\Users\vuyom\.gradle\native\e376f236ea51e6404a007f0833ffe2c6e607c4080706a723a18a27aeea778392\windows-amd64

VM Arguments:
jvm_args: --add-opens=java.base/java.util=ALL-UNNAMED --add-opens=java.base/java.lang=ALL-UNNAMED --add-opens=java.base/java.lang.invoke=ALL-UNNAMED --add-opens=java.prefs/java.util.prefs=ALL-UNNAMED --add-opens=java.base/java.nio.charset=ALL-UNNAMED --add-opens=java.base/java.net=ALL-UNNAMED --add-opens=java.base/java.util.concurrent.atomic=ALL-UNNAMED -Xmx2048m -Dfile.encoding=UTF-8 -Duser.country=US -Duser.language=en -Duser.variant 
java_command: org.gradle.launcher.daemon.bootstrap.GradleDaemon 8.0
java_class_path (initial): C:\Users\vuyom\.gradle\wrapper\dists\gradle-8.0-bin\ca5e32bp14vu59qr306oxotwh\gradle-8.0\lib\gradle-launcher-8.0.jar
Launcher Type: SUN_STANDARD

[Global flags]
     intx CICompilerCount                          = 4                                         {product} {ergonomic}
     uint ConcGCThreads                            = 2                                         {product} {ergonomic}
     uint G1ConcRefinementThreads                  = 8                                         {product} {ergonomic}
   size_t G1HeapRegionSize                         = 1048576                                   {product} {ergonomic}
    uintx GCDrainStackTargetSize                   = 64                                        {product} {ergonomic}
   size_t InitialHeapSize                          = 130023424                                 {product} {ergonomic}
   size_t MarkStackSize                            = 4194304                                   {product} {ergonomic}
   size_t MaxHeapSize                              = 2147483648                                {product} {command line}
   size_t MaxNewSize                               = 1287651328                                {product} {ergonomic}
   size_t MinHeapDeltaBytes                        = 1048576                                   {product} {ergonomic}
   size_t MinHeapSize                              = 8388608                                   {product} {ergonomic}
    uintx NonNMethodCodeHeapSize                   = 5839372                                {pd product} {ergonomic}
    uintx NonProfiledCodeHeapSize                  = 122909434                              {pd product} {ergonomic}
    uintx ProfiledCodeHeapSize                     = 122909434                              {pd product} {ergonomic}
    uintx ReservedCodeCacheSize                    = 251658240                              {pd product} {ergonomic}
     bool SegmentedCodeCache                       = true                                      {product} {ergonomic}
   size_t SoftMaxHeapSize                          = 2147483648                             {manageable} {ergonomic}
     bool UseCompressedClassPointers               = true                           {product lp64_product} {ergonomic}
     bool UseCompressedOops                        = true                           {product lp64_product} {ergonomic}
     bool UseG1GC                                  = true                                      {product} {ergonomic}
     bool UseLargePagesIndividualAllocation        = false                                  {pd product} {ergonomic}

Logging:
Log output configuration:
 #0: stdout all=warning uptime,level,tags
 #1: stderr all=off uptime,level,tags

Environment Variables:
PATH=C:\Windows\system32;C:\Windows;C:\Windows\System32\Wbem;C:\Windows\System32\WindowsPowerShell\v1.0\;C:\Windows\System32\OpenSSH\;C:\Program Files\Git\cmd;C:\Users\vuyom\AppData\Local\Microsoft\WindowsApps;;C:\Users\vuyom\AppData\Local\Programs\Microsoft VS Code\bin
USERNAME=vuyom
OS=Windows_NT
PROCESSOR_IDENTIFIER=Intel64 Family 6 Model 140 Stepping 1, GenuineIntel
TMP=C:\Users\vuyom\AppData\Local\Temp
TEMP=C:\Users\vuyom\AppData\Local\Temp


JNI global refs:
JNI global refs: 26, weak refs: 0

JNI global refs memory usage: 843, weak refs: 841


---------------  S Y S T E M  ---------------

OS:
 Windows 11 , 64 bit Build 22621 (10.0.22621.2506)
OS uptime: 0 days 6:34 hours
Hyper-V role detected

CPU: total 8 (initial active 8) (4 cores per cpu, 2 threads per core) family 6 model 140 stepping 1 microcode 0xac, cx8, cmov, fxsr, ht, mmx, 3dnowpref, sse, sse2, sse3, ssse3, sse4.1, sse4.2, popcnt, lzcnt, tsc, tscinvbit, avx, avx2, aes, erms, clmul, bmi1, bmi2, adx, avx512f, avx512dq, avx512cd, avx512bw, avx512vl, sha, fma, vzeroupper, avx512_vpopcntdq, avx512_vpclmulqdq, avx512_vaes, avx512_vnni, clflush, clflushopt, clwb, avx512_vbmi2, avx512_vbmi, hv

Memory: 4k page, system-wide physical 7932M (491M free)
TotalPageFile size 11891M (AvailPageFile size 9M)
current process WorkingSet (physical memory assigned to process): 233M, peak: 236M
current process commit charge ("private bytes"): 268M, peak: 272M

vm_info: OpenJDK 64-Bit Server VM (17.0.6+0-b2043.56-10027231) for windows-amd64 JRE (17.0.6+0-b2043.56-10027231), built on Apr 28 2023 00:43:19 by "androidbuild" with MS VC++ 16.10 / 16.11 (VS2019)

END.
